WARNING: string truncated
Batch  1:  2000 points

Sites
C1            2.646232    0.000000    0.000000
*** Warning: type C was not defined

C2            1.323116    2.291705    0.000000
C3           -1.323116    2.291705    0.000000
C4           -2.646232    0.000000    0.000000
C5           -1.323116   -2.291705    0.000000
C6            1.323116   -2.291705    0.000000
H1            4.708300    0.000000    0.000000
*** Warning: type H was not defined

H2            2.354150    4.077507    0.000000
H3           -2.354150    4.077507    0.000000
H4           -4.708300    0.000000    0.000000
H5           -2.354150   -4.077507    0.000000
H6            2.354150   -4.077507    0.000000

Polarizability parameters
                  Sites       Components  Coefficient
  1  C1_10_10_A
                C6      C6      10   10      1.000
                C5      C5      10   10      1.000
                C4      C4      10   10      1.000
                C3      C3      10   10      1.000
                C2      C2      10   10      1.000
                C1      C1      10   10      1.000
  2  C1_10_20_A
                C6      C6      10   20      1.000
                C5      C5      10   20      1.000
                C4      C4      10   20      1.000
                C3      C3      10   20      1.000
                C2      C2      10   20      1.000
                C1      C1      10   20      1.000
  3  C1_10_22c_A
                C6      C6      10   22c     1.000
                C5      C5      10   22c     1.000
                C4      C4      10   22c     1.000
                C3      C3      10   22c     1.000
                C2      C2      10   22c     1.000
                C1      C1      10   22c     1.000
  4  C1_11c_11c_A
                C6      C6      11c  11c     1.000
                C5      C5      11c  11c     1.000
                C4      C4      11c  11c     1.000
                C3      C3      11c  11c     1.000
                C2      C2      11c  11c     1.000
                C1      C1      11c  11c     1.000
  5  C1_11c_21c_A
                C6      C6      11c  21c     1.000
                C5      C5      11c  21c     1.000
                C4      C4      11c  21c     1.000
                C3      C3      11c  21c     1.000
                C2      C2      11c  21c     1.000
                C1      C1      11c  21c     1.000
  6  C1_11s_11s_A
                C6      C6      11s  11s     1.000
                C5      C5      11s  11s     1.000
                C4      C4      11s  11s     1.000
                C3      C3      11s  11s     1.000
                C2      C2      11s  11s     1.000
                C1      C1      11s  11s     1.000
  7  C1_11s_21s_A
                C6      C6      11s  21s     1.000
                C5      C5      11s  21s     1.000
                C4      C4      11s  21s     1.000
                C3      C3      11s  21s     1.000
                C2      C2      11s  21s     1.000
                C1      C1      11s  21s     1.000
  8  C1_20_20_A
                C6      C6      20   20      1.000
                C5      C5      20   20      1.000
                C4      C4      20   20      1.000
                C3      C3      20   20      1.000
                C2      C2      20   20      1.000
                C1      C1      20   20      1.000
  9  C1_20_22c_A
                C6      C6      20   22c     1.000
                C5      C5      20   22c     1.000
                C4      C4      20   22c     1.000
                C3      C3      20   22c     1.000
                C2      C2      20   22c     1.000
                C1      C1      20   22c     1.000
 10  C1_21c_21c_A
                C6      C6      21c  21c     1.000
                C5      C5      21c  21c     1.000
                C4      C4      21c  21c     1.000
                C3      C3      21c  21c     1.000
                C2      C2      21c  21c     1.000
                C1      C1      21c  21c     1.000
 11  C1_21s_21s_A
                C6      C6      21s  21s     1.000
                C5      C5      21s  21s     1.000
                C4      C4      21s  21s     1.000
                C3      C3      21s  21s     1.000
                C2      C2      21s  21s     1.000
                C1      C1      21s  21s     1.000
 12  C1_22c_22c_A
                C6      C6      22c  22c     1.000
                C5      C5      22c  22c     1.000
                C4      C4      22c  22c     1.000
                C3      C3      22c  22c     1.000
                C2      C2      22c  22c     1.000
                C1      C1      22c  22c     1.000
 13  C1_22s_22s_A
                C6      C6      22s  22s     1.000
                C5      C5      22s  22s     1.000
                C4      C4      22s  22s     1.000
                C3      C3      22s  22s     1.000
                C2      C2      22s  22s     1.000
                C1      C1      22s  22s     1.000
 14  H1_10_10_A
                H6      H6      10   10      1.000
                H5      H5      10   10      1.000
                H4      H4      10   10      1.000
                H3      H3      10   10      1.000
                H2      H2      10   10      1.000
                H1      H1      10   10      1.000
 15  H1_11c_11c_A
                H6      H6      11c  11c     1.000
                H5      H5      11c  11c     1.000
                H4      H4      11c  11c     1.000
                H3      H3      11c  11c     1.000
                H2      H2      11c  11c     1.000
                H1      H1      11c  11c     1.000
 16  H1_11s_11s_A
                H6      H6      11s  11s     1.000
                H5      H5      11s  11s     1.000
                H4      H4      11s  11s     1.000
                H3      H3      11s  11s     1.000
                H2      H2      11s  11s     1.000
                H1      H1      11s  11s     1.000
Reading penalties
Parameter C1_10_21c_A undefined -- penalty ignored
Parameter C1_11c_20_A undefined -- penalty ignored
Parameter C1_11c_22c_A undefined -- penalty ignored
Parameter C1_20_21c_A undefined -- penalty ignored
Parameter C1_21c_22c_A undefined -- penalty ignored


Static polarizabilities

Response values:
Maximum          0.0189506778
Minimum         -0.0095859709
Range            0.0285366487
Min. magnitude   0.0000000005

Parameter values: 
  1            7.21207781     C1_10_10_A
  2           10.64224290     C1_10_20_A
  3           -3.20511300     C1_10_22c_A
  4           10.33387780     C1_11c_11c_A
  5          -21.68773158     C1_11c_21c_A
  6            5.21767131     C1_11s_11s_A
  7            0.30186176     C1_11s_21s_A
  8           39.41579768     C1_20_20_A
  9           -6.57524722     C1_20_22c_A
 10           58.72321136     C1_21c_21c_A
 11           56.86011450     C1_21s_21s_A
 12           10.63882142     C1_22c_22c_A
 13           64.66217879     C1_22s_22s_A
 14            1.86402247     H1_10_10_A
 15            2.28701853     H1_11c_11c_A
 16            1.04633704     H1_11s_11s_A
Residuals               per cent of range
Maximum      0.00043186       1.513
Minimum     -0.00048337      -1.694
R.m.s.       0.00001135       0.040
Sum of squared residuals =         0.00026

Parameter                Fitted      Anchor    Difference   Penalty
C1_10_10_A               7.21208     7.09394     0.11814    1.34313E-07
C1_10_20_A              10.64224    -3.25350    13.89574    0.00000E+00
C1_10_22c_A             -3.20511    12.33933   -15.54444    0.00000E+00
C1_11c_11c_A            10.33388    10.39381    -0.05994    3.45729E-08
C1_11c_21c_A           -21.68773   -22.53131     0.84358    0.00000E+00
C1_11s_11s_A             5.21767     4.44088     0.77679    5.80725E-06
C1_11s_21s_A             0.30186    -1.18099     1.48285    0.00000E+00
C1_20_20_A              39.41580   164.25920  -124.84340    0.00000E+00
C1_20_22c_A             -6.57525   -43.67276    37.09752    0.00000E+00
C1_21c_21c_A            58.72321   133.95759   -75.23438    0.00000E+00
C1_21s_21s_A            56.86011    47.70839     9.15173    0.00000E+00
C1_22c_22c_A            10.63882   -37.68612    48.32494    0.00000E+00
C1_22s_22s_A            64.66218    54.61982    10.04235    0.00000E+00
H1_10_10_A               1.86402     1.74523     0.11880    1.35821E-07
H1_11c_11c_A             2.28702     2.47675    -0.18973    3.46441E-07
H1_11s_11s_A             1.04634     1.83508    -0.78874    5.98725E-06

Sum of penalties =     1.24457E-05
WARNING: string truncated

Total molecular polarizability
      00          z           x           y           20          21c         21s         22c         22s
     0.00000     0.00000     0.00000     0.00000     0.00000     0.00000     0.00000     0.00000     0.00000
     0.00000    37.58405     0.00000     0.00000     0.00000     0.00000     0.00000     0.00000     0.00000
     0.00000     0.00000    65.09099     0.00000     0.00000     0.00000     0.00000     0.00000     0.00000
     0.00000     0.00000     0.00000    65.09099     0.00000     0.00000     0.00000     0.00000     0.00000
     0.00000     0.00000     0.00000     0.00000   704.60972     0.00000     0.00000     0.00000     0.00000
     0.00000     0.00000     0.00000     0.00000     0.00000   910.45866     0.00000     0.00000     0.00000
     0.00000     0.00000     0.00000     0.00000     0.00000     0.00000   910.45866     0.00000     0.00000
     0.00000     0.00000     0.00000     0.00000     0.00000     0.00000     0.00000  1925.00541     0.00000
     0.00000     0.00000     0.00000     0.00000     0.00000     0.00000     0.00000     0.00000  1925.00540
Mean polarizability       =  55.92201
Polarizability anisotropy =  27.50694
Finished
