WARNING: string truncated
Batch  1:  2000 points

Sites
C1            2.646232    0.000000    0.000000
*** Warning: type C was not defined

C2            1.323116    2.291705    0.000000
C3           -1.323116    2.291705    0.000000
C4           -2.646232    0.000000    0.000000
C5           -1.323116   -2.291705    0.000000
C6            1.323116   -2.291705    0.000000
H1            4.708300    0.000000    0.000000
*** Warning: type H was not defined

H2            2.354150    4.077507    0.000000
H3           -2.354150    4.077507    0.000000
H4           -4.708300    0.000000    0.000000
H5           -2.354150   -4.077507    0.000000
H6            2.354150   -4.077507    0.000000

Polarizability parameters
                  Sites       Components  Coefficient
  1  C1_10_10_A
                C6      C6      10   10      1.000
                C5      C5      10   10      1.000
                C4      C4      10   10      1.000
                C3      C3      10   10      1.000
                C2      C2      10   10      1.000
                C1      C1      10   10      1.000
  2  C1_10_20_A
                C6      C6      10   20      1.000
                C5      C5      10   20      1.000
                C4      C4      10   20      1.000
                C3      C3      10   20      1.000
                C2      C2      10   20      1.000
                C1      C1      10   20      1.000
  3  C1_10_22c_A
                C6      C6      10   22c     1.000
                C5      C5      10   22c     1.000
                C4      C4      10   22c     1.000
                C3      C3      10   22c     1.000
                C2      C2      10   22c     1.000
                C1      C1      10   22c     1.000
  4  C1_11c_11c_A
                C6      C6      11c  11c     1.000
                C5      C5      11c  11c     1.000
                C4      C4      11c  11c     1.000
                C3      C3      11c  11c     1.000
                C2      C2      11c  11c     1.000
                C1      C1      11c  11c     1.000
  5  C1_11c_21c_A
                C6      C6      11c  21c     1.000
                C5      C5      11c  21c     1.000
                C4      C4      11c  21c     1.000
                C3      C3      11c  21c     1.000
                C2      C2      11c  21c     1.000
                C1      C1      11c  21c     1.000
  6  C1_11s_11s_A
                C6      C6      11s  11s     1.000
                C5      C5      11s  11s     1.000
                C4      C4      11s  11s     1.000
                C3      C3      11s  11s     1.000
                C2      C2      11s  11s     1.000
                C1      C1      11s  11s     1.000
  7  C1_11s_21s_A
                C6      C6      11s  21s     1.000
                C5      C5      11s  21s     1.000
                C4      C4      11s  21s     1.000
                C3      C3      11s  21s     1.000
                C2      C2      11s  21s     1.000
                C1      C1      11s  21s     1.000
  8  C1_20_20_A
                C6      C6      20   20      1.000
                C5      C5      20   20      1.000
                C4      C4      20   20      1.000
                C3      C3      20   20      1.000
                C2      C2      20   20      1.000
                C1      C1      20   20      1.000
  9  C1_20_22c_A
                C6      C6      20   22c     1.000
                C5      C5      20   22c     1.000
                C4      C4      20   22c     1.000
                C3      C3      20   22c     1.000
                C2      C2      20   22c     1.000
                C1      C1      20   22c     1.000
 10  C1_21c_21c_A
                C6      C6      21c  21c     1.000
                C5      C5      21c  21c     1.000
                C4      C4      21c  21c     1.000
                C3      C3      21c  21c     1.000
                C2      C2      21c  21c     1.000
                C1      C1      21c  21c     1.000
 11  C1_21s_21s_A
                C6      C6      21s  21s     1.000
                C5      C5      21s  21s     1.000
                C4      C4      21s  21s     1.000
                C3      C3      21s  21s     1.000
                C2      C2      21s  21s     1.000
                C1      C1      21s  21s     1.000
 12  C1_22c_22c_A
                C6      C6      22c  22c     1.000
                C5      C5      22c  22c     1.000
                C4      C4      22c  22c     1.000
                C3      C3      22c  22c     1.000
                C2      C2      22c  22c     1.000
                C1      C1      22c  22c     1.000
 13  C1_22s_22s_A
                C6      C6      22s  22s     1.000
                C5      C5      22s  22s     1.000
                C4      C4      22s  22s     1.000
                C3      C3      22s  22s     1.000
                C2      C2      22s  22s     1.000
                C1      C1      22s  22s     1.000
 14  H1_10_10_A
                H6      H6      10   10      1.000
                H5      H5      10   10      1.000
                H4      H4      10   10      1.000
                H3      H3      10   10      1.000
                H2      H2      10   10      1.000
                H1      H1      10   10      1.000
 15  H1_11c_11c_A
                H6      H6      11c  11c     1.000
                H5      H5      11c  11c     1.000
                H4      H4      11c  11c     1.000
                H3      H3      11c  11c     1.000
                H2      H2      11c  11c     1.000
                H1      H1      11c  11c     1.000
 16  H1_11s_11s_A
                H6      H6      11s  11s     1.000
                H5      H5      11s  11s     1.000
                H4      H4      11s  11s     1.000
                H3      H3      11s  11s     1.000
                H2      H2      11s  11s     1.000
                H1      H1      11s  11s     1.000
Reading penalties
Parameter C1_10_21c_A undefined -- penalty ignored
Parameter C1_11c_20_A undefined -- penalty ignored
Parameter C1_11c_22c_A undefined -- penalty ignored
Parameter C1_20_21c_A undefined -- penalty ignored
Parameter C1_21c_22c_A undefined -- penalty ignored


Static polarizabilities

Response values:
Maximum          0.0222340876
Minimum         -0.0117740361
Range            0.0340081237
Min. magnitude   0.0000000030

Parameter values: 
  1            9.20125188     C1_10_10_A
  2           10.70829437     C1_10_20_A
  3           -4.91092361     C1_10_22c_A
  4           12.74201615     C1_11c_11c_A
  5          -30.61102247     C1_11c_21c_A
  6            6.13301919     C1_11s_11s_A
  7            1.02707778     C1_11s_21s_A
  8           54.04321714     C1_20_20_A
  9           -7.99239219     C1_20_22c_A
 10           82.72865668     C1_21c_21c_A
 11           67.74166033     C1_21s_21s_A
 12            9.73426377     C1_22c_22c_A
 13           82.10832372     C1_22s_22s_A
 14            2.07836033     H1_10_10_A
 15            2.62143469     H1_11c_11c_A
 16            1.01218929     H1_11s_11s_A
Residuals               per cent of range
Maximum      0.00061236       1.801
Minimum     -0.00054383      -1.599
R.m.s.       0.00001408       0.041
Sum of squared residuals =         0.00040

Parameter                Fitted      Anchor    Difference   Penalty
C1_10_10_A               9.20125     8.99344     0.20782    4.31312E-07
C1_10_20_A              10.70829    -5.50112    16.20942    0.00000E+00
C1_10_22c_A             -4.91092    12.82865   -17.73957    0.00000E+00
C1_11c_11c_A            12.74202    12.76931    -0.02729    7.43980E-09
C1_11c_21c_A           -30.61102   -28.91905    -1.69197    0.00000E+00
C1_11s_11s_A             6.13302     5.18352     0.94950    9.00379E-06
C1_11s_21s_A             1.02708    -0.69264     1.71971    0.00000E+00
C1_20_20_A              54.04322   194.09775  -140.05453    0.00000E+00
C1_20_22c_A             -7.99239   -44.50053    36.50814    0.00000E+00
C1_21c_21c_A            82.72866   150.81728   -68.08862    0.00000E+00
C1_21s_21s_A            67.74166    52.12686    15.61480    0.00000E+00
C1_22c_22c_A             9.73426   -50.25226    59.98653    0.00000E+00
C1_22s_22s_A            82.10832    71.21821    10.89012    0.00000E+00
H1_10_10_A               2.07836     2.02014     0.05822    3.38494E-08
H1_11c_11c_A             2.62143     2.88259    -0.26116    6.81136E-07
H1_11s_11s_A             1.01219     1.97756    -0.96537    9.30726E-06

Sum of penalties =     1.94648E-05
WARNING: string truncated

Total molecular polarizability
      00          z           x           y           20          21c         21s         22c         22s
     0.00000     0.00000     0.00000     0.00000     0.00000     0.00000     0.00000     0.00000     0.00000
     0.00000    42.87125     0.00000     0.00000     0.00000     0.00000     0.00000     0.00000     0.00000
     0.00000     0.00000    79.92919     0.00000     0.00000     0.00000     0.00000     0.00000     0.00000
     0.00000     0.00000     0.00000    79.92919     0.00000     0.00000     0.00000     0.00000     0.00000
     0.00000     0.00000     0.00000     0.00000   781.33926     0.00000     0.00000     0.00000     0.00000
     0.00000     0.00000     0.00000     0.00000     0.00000  1066.26048     0.00000     0.00000     0.00000
     0.00000     0.00000     0.00000     0.00000     0.00000     0.00000  1066.26048     0.00000     0.00000
     0.00000     0.00000     0.00000     0.00000     0.00000     0.00000     0.00000  2199.18556     0.00000
     0.00000     0.00000     0.00000     0.00000     0.00000     0.00000     0.00000     0.00000  2199.18556
Mean polarizability       =  67.57654
Polarizability anisotropy =  37.05794
Finished
