WARNING: string truncated
Batch  1:  2000 points

Sites
C1            2.646232    0.000000    0.000000
*** Warning: type C was not defined

C2            1.323116    2.291705    0.000000
C3           -1.323116    2.291705    0.000000
C4           -2.646232    0.000000    0.000000
C5           -1.323116   -2.291705    0.000000
C6            1.323116   -2.291705    0.000000
H1            4.708300    0.000000    0.000000
*** Warning: type H was not defined

H2            2.354150    4.077507    0.000000
H3           -2.354150    4.077507    0.000000
H4           -4.708300    0.000000    0.000000
H5           -2.354150   -4.077507    0.000000
H6            2.354150   -4.077507    0.000000

Polarizability parameters
                  Sites       Components  Coefficient
  1  C1_10_10_A
                C6      C6      10   10      1.000
                C5      C5      10   10      1.000
                C4      C4      10   10      1.000
                C3      C3      10   10      1.000
                C2      C2      10   10      1.000
                C1      C1      10   10      1.000
  2  C1_10_20_A
                C6      C6      10   20      1.000
                C5      C5      10   20      1.000
                C4      C4      10   20      1.000
                C3      C3      10   20      1.000
                C2      C2      10   20      1.000
                C1      C1      10   20      1.000
  3  C1_10_22c_A
                C6      C6      10   22c     1.000
                C5      C5      10   22c     1.000
                C4      C4      10   22c     1.000
                C3      C3      10   22c     1.000
                C2      C2      10   22c     1.000
                C1      C1      10   22c     1.000
  4  C1_11c_11c_A
                C6      C6      11c  11c     1.000
                C5      C5      11c  11c     1.000
                C4      C4      11c  11c     1.000
                C3      C3      11c  11c     1.000
                C2      C2      11c  11c     1.000
                C1      C1      11c  11c     1.000
  5  C1_11c_21c_A
                C6      C6      11c  21c     1.000
                C5      C5      11c  21c     1.000
                C4      C4      11c  21c     1.000
                C3      C3      11c  21c     1.000
                C2      C2      11c  21c     1.000
                C1      C1      11c  21c     1.000
  6  C1_11s_11s_A
                C6      C6      11s  11s     1.000
                C5      C5      11s  11s     1.000
                C4      C4      11s  11s     1.000
                C3      C3      11s  11s     1.000
                C2      C2      11s  11s     1.000
                C1      C1      11s  11s     1.000
  7  C1_11s_21s_A
                C6      C6      11s  21s     1.000
                C5      C5      11s  21s     1.000
                C4      C4      11s  21s     1.000
                C3      C3      11s  21s     1.000
                C2      C2      11s  21s     1.000
                C1      C1      11s  21s     1.000
  8  C1_20_20_A
                C6      C6      20   20      1.000
                C5      C5      20   20      1.000
                C4      C4      20   20      1.000
                C3      C3      20   20      1.000
                C2      C2      20   20      1.000
                C1      C1      20   20      1.000
  9  C1_20_22c_A
                C6      C6      20   22c     1.000
                C5      C5      20   22c     1.000
                C4      C4      20   22c     1.000
                C3      C3      20   22c     1.000
                C2      C2      20   22c     1.000
                C1      C1      20   22c     1.000
 10  C1_21c_21c_A
                C6      C6      21c  21c     1.000
                C5      C5      21c  21c     1.000
                C4      C4      21c  21c     1.000
                C3      C3      21c  21c     1.000
                C2      C2      21c  21c     1.000
                C1      C1      21c  21c     1.000
 11  C1_21s_21s_A
                C6      C6      21s  21s     1.000
                C5      C5      21s  21s     1.000
                C4      C4      21s  21s     1.000
                C3      C3      21s  21s     1.000
                C2      C2      21s  21s     1.000
                C1      C1      21s  21s     1.000
 12  C1_22c_22c_A
                C6      C6      22c  22c     1.000
                C5      C5      22c  22c     1.000
                C4      C4      22c  22c     1.000
                C3      C3      22c  22c     1.000
                C2      C2      22c  22c     1.000
                C1      C1      22c  22c     1.000
 13  C1_22s_22s_A
                C6      C6      22s  22s     1.000
                C5      C5      22s  22s     1.000
                C4      C4      22s  22s     1.000
                C3      C3      22s  22s     1.000
                C2      C2      22s  22s     1.000
                C1      C1      22s  22s     1.000
 14  H1_10_10_A
                H6      H6      10   10      1.000
                H5      H5      10   10      1.000
                H4      H4      10   10      1.000
                H3      H3      10   10      1.000
                H2      H2      10   10      1.000
                H1      H1      10   10      1.000
 15  H1_11c_11c_A
                H6      H6      11c  11c     1.000
                H5      H5      11c  11c     1.000
                H4      H4      11c  11c     1.000
                H3      H3      11c  11c     1.000
                H2      H2      11c  11c     1.000
                H1      H1      11c  11c     1.000
 16  H1_11s_11s_A
                H6      H6      11s  11s     1.000
                H5      H5      11s  11s     1.000
                H4      H4      11s  11s     1.000
                H3      H3      11s  11s     1.000
                H2      H2      11s  11s     1.000
                H1      H1      11s  11s     1.000
Reading penalties
Parameter C1_10_21c_A undefined -- penalty ignored
Parameter C1_11c_20_A undefined -- penalty ignored
Parameter C1_11c_22c_A undefined -- penalty ignored
Parameter C1_20_21c_A undefined -- penalty ignored
Parameter C1_21c_22c_A undefined -- penalty ignored


Static polarizabilities

Response values:
Maximum          0.0014500656
Minimum         -0.0007615307
Range            0.0022115963
Min. magnitude   0.0000000000

Parameter values: 
  1            0.39732941     C1_10_10_A
  2            0.30138622     C1_10_20_A
  3            0.11058419     C1_10_22c_A
  4            0.59986855     C1_11c_11c_A
  5           -0.62487139     C1_11c_21c_A
  6            0.44957265     C1_11s_11s_A
  7           -0.09659914     C1_11s_21s_A
  8            4.23242965     C1_20_20_A
  9           -0.54384825     C1_20_22c_A
 10            4.46615586     C1_21c_21c_A
 11            4.02521058     C1_21s_21s_A
 12            2.93609205     C1_22c_22c_A
 13            2.91428024     C1_22s_22s_A
 14            0.11479417     H1_10_10_A
 15            0.15424285     H1_11c_11c_A
 16            0.12288295     H1_11s_11s_A
Residuals               per cent of range
Maximum      0.00001221       0.552
Minimum     -0.00003703      -1.674
R.m.s.       0.00000064       0.029
Sum of squared residuals =         0.00000

Parameter                Fitted      Anchor    Difference   Penalty
C1_10_10_A               0.39733     0.38308     0.01424    2.58140E-10
C1_10_20_A               0.30139    -0.26252     0.56391    0.00000E+00
C1_10_22c_A              0.11058     1.19867    -1.08809    0.00000E+00
C1_11c_11c_A             0.59987     0.64248    -0.04261    2.30990E-09
C1_11c_21c_A            -0.62487    -1.63651     1.01163    0.00000E+00
C1_11s_11s_A             0.44957     0.40589     0.04368    2.42762E-09
C1_11s_21s_A            -0.09660    -0.34568     0.24908    0.00000E+00
C1_20_20_A               4.23243    10.56641    -6.33399    0.00000E+00
C1_20_22c_A             -0.54385    -5.60718     5.06333    0.00000E+00
C1_21c_21c_A             4.46616    14.78440   -10.31825    0.00000E+00
C1_21s_21s_A             4.02521     4.34526    -0.32005    0.00000E+00
C1_22c_22c_A             2.93609     2.44303     0.49306    0.00000E+00
C1_22s_22s_A             2.91428     3.95684    -1.04256    0.00000E+00
H1_10_10_A               0.11479     0.06270     0.05210    3.45282E-09
H1_11c_11c_A             0.15424     0.17714    -0.02290    6.67188E-10
H1_11s_11s_A             0.12288     0.16705    -0.04417    2.48150E-09

Sum of penalties =     1.15972E-08
WARNING: string truncated

Total molecular polarizability
      00          z           x           y           20          21c         21s         22c         22s
     0.00000     0.00000     0.00000     0.00000     0.00000     0.00000     0.00000     0.00000     0.00000
     0.00000     3.43473     0.00000     0.00000     0.00000     0.00000     0.00000     0.00000     0.00000
     0.00000     0.00000     3.79870     0.00000     0.00000     0.00000     0.00000     0.00000     0.00000
     0.00000     0.00000     0.00000     3.79870     0.00000     0.00000     0.00000     0.00000     0.00000
     0.00000     0.00000     0.00000     0.00000    56.52399     0.00000     0.00000     0.00000     0.00000
     0.00000     0.00000     0.00000     0.00000     0.00000    71.01205     0.00000     0.00000     0.00000
     0.00000     0.00000     0.00000     0.00000     0.00000     0.00000    71.01205     0.00000     0.00000
     0.00000     0.00000     0.00000     0.00000     0.00000     0.00000     0.00000   131.53214     0.00000
     0.00000     0.00000     0.00000     0.00000     0.00000     0.00000     0.00000     0.00000   131.53214
Mean polarizability       =   3.67738
Polarizability anisotropy =   0.36397
Finished
