WARNING: string truncated
Batch  1:  2000 points

Sites
C1            2.646232    0.000000    0.000000
*** Warning: type C was not defined

C2            1.323116    2.291705    0.000000
C3           -1.323116    2.291705    0.000000
C4           -2.646232    0.000000    0.000000
C5           -1.323116   -2.291705    0.000000
C6            1.323116   -2.291705    0.000000
H1            4.708300    0.000000    0.000000
*** Warning: type H was not defined

H2            2.354150    4.077507    0.000000
H3           -2.354150    4.077507    0.000000
H4           -4.708300    0.000000    0.000000
H5           -2.354150   -4.077507    0.000000
H6            2.354150   -4.077507    0.000000

Polarizability parameters
                  Sites       Components  Coefficient
  1  C1_10_10_A
                C6      C6      10   10      1.000
                C5      C5      10   10      1.000
                C4      C4      10   10      1.000
                C3      C3      10   10      1.000
                C2      C2      10   10      1.000
                C1      C1      10   10      1.000
  2  C1_10_20_A
                C6      C6      10   20      1.000
                C5      C5      10   20      1.000
                C4      C4      10   20      1.000
                C3      C3      10   20      1.000
                C2      C2      10   20      1.000
                C1      C1      10   20      1.000
  3  C1_10_22c_A
                C6      C6      10   22c     1.000
                C5      C5      10   22c     1.000
                C4      C4      10   22c     1.000
                C3      C3      10   22c     1.000
                C2      C2      10   22c     1.000
                C1      C1      10   22c     1.000
  4  C1_11c_11c_A
                C6      C6      11c  11c     1.000
                C5      C5      11c  11c     1.000
                C4      C4      11c  11c     1.000
                C3      C3      11c  11c     1.000
                C2      C2      11c  11c     1.000
                C1      C1      11c  11c     1.000
  5  C1_11c_21c_A
                C6      C6      11c  21c     1.000
                C5      C5      11c  21c     1.000
                C4      C4      11c  21c     1.000
                C3      C3      11c  21c     1.000
                C2      C2      11c  21c     1.000
                C1      C1      11c  21c     1.000
  6  C1_11s_11s_A
                C6      C6      11s  11s     1.000
                C5      C5      11s  11s     1.000
                C4      C4      11s  11s     1.000
                C3      C3      11s  11s     1.000
                C2      C2      11s  11s     1.000
                C1      C1      11s  11s     1.000
  7  C1_11s_21s_A
                C6      C6      11s  21s     1.000
                C5      C5      11s  21s     1.000
                C4      C4      11s  21s     1.000
                C3      C3      11s  21s     1.000
                C2      C2      11s  21s     1.000
                C1      C1      11s  21s     1.000
  8  C1_20_20_A
                C6      C6      20   20      1.000
                C5      C5      20   20      1.000
                C4      C4      20   20      1.000
                C3      C3      20   20      1.000
                C2      C2      20   20      1.000
                C1      C1      20   20      1.000
  9  C1_20_22c_A
                C6      C6      20   22c     1.000
                C5      C5      20   22c     1.000
                C4      C4      20   22c     1.000
                C3      C3      20   22c     1.000
                C2      C2      20   22c     1.000
                C1      C1      20   22c     1.000
 10  C1_21c_21c_A
                C6      C6      21c  21c     1.000
                C5      C5      21c  21c     1.000
                C4      C4      21c  21c     1.000
                C3      C3      21c  21c     1.000
                C2      C2      21c  21c     1.000
                C1      C1      21c  21c     1.000
 11  C1_21s_21s_A
                C6      C6      21s  21s     1.000
                C5      C5      21s  21s     1.000
                C4      C4      21s  21s     1.000
                C3      C3      21s  21s     1.000
                C2      C2      21s  21s     1.000
                C1      C1      21s  21s     1.000
 12  C1_22c_22c_A
                C6      C6      22c  22c     1.000
                C5      C5      22c  22c     1.000
                C4      C4      22c  22c     1.000
                C3      C3      22c  22c     1.000
                C2      C2      22c  22c     1.000
                C1      C1      22c  22c     1.000
 13  C1_22s_22s_A
                C6      C6      22s  22s     1.000
                C5      C5      22s  22s     1.000
                C4      C4      22s  22s     1.000
                C3      C3      22s  22s     1.000
                C2      C2      22s  22s     1.000
                C1      C1      22s  22s     1.000
 14  H1_10_10_A
                H6      H6      10   10      1.000
                H5      H5      10   10      1.000
                H4      H4      10   10      1.000
                H3      H3      10   10      1.000
                H2      H2      10   10      1.000
                H1      H1      10   10      1.000
 15  H1_11c_11c_A
                H6      H6      11c  11c     1.000
                H5      H5      11c  11c     1.000
                H4      H4      11c  11c     1.000
                H3      H3      11c  11c     1.000
                H2      H2      11c  11c     1.000
                H1      H1      11c  11c     1.000
 16  H1_11s_11s_A
                H6      H6      11s  11s     1.000
                H5      H5      11s  11s     1.000
                H4      H4      11s  11s     1.000
                H3      H3      11s  11s     1.000
                H2      H2      11s  11s     1.000
                H1      H1      11s  11s     1.000
Reading penalties
Parameter C1_10_21c_A undefined -- penalty ignored
Parameter C1_11c_20_A undefined -- penalty ignored
Parameter C1_11c_22c_A undefined -- penalty ignored
Parameter C1_20_21c_A undefined -- penalty ignored
Parameter C1_21c_22c_A undefined -- penalty ignored


Static polarizabilities

Response values:
Maximum          0.0090620793
Minimum         -0.0041196842
Range            0.0131817635
Min. magnitude   0.0000000006

Parameter values: 
  1            2.88239122     C1_10_10_A
  2            4.75703598     C1_10_20_A
  3           -0.02588712     C1_10_22c_A
  4            4.49285824     C1_11c_11c_A
  5           -6.86918602     C1_11c_21c_A
  6            2.50570093     C1_11s_11s_A
  7           -0.42205101     C1_11s_21s_A
  8           21.21188063     C1_20_20_A
  9           -3.77485137     C1_20_22c_A
 10           25.56220959     C1_21c_21c_A
 11           24.59606556     C1_21s_21s_A
 12           10.81368380     C1_22c_22c_A
 13           24.93123103     C1_22s_22s_A
 14            0.88832100     H1_10_10_A
 15            1.12891285     H1_11c_11c_A
 16            0.75897157     H1_11s_11s_A
Residuals               per cent of range
Maximum      0.00009683       0.735
Minimum     -0.00025073      -1.902
R.m.s.       0.00000459       0.035
Sum of squared residuals =         0.00004

Parameter                Fitted      Anchor    Difference   Penalty
C1_10_10_A               2.88239     2.89564    -0.01325    1.20530E-09
C1_10_20_A               4.75704    -1.27438     6.03142    0.00000E+00
C1_10_22c_A             -0.02589     7.44537    -7.47125    0.00000E+00
C1_11c_11c_A             4.49286     4.57664    -0.08379    4.82301E-08
C1_11c_21c_A            -6.86919    -9.96001     3.09082    0.00000E+00
C1_11s_11s_A             2.50570     2.19510     0.31060    6.62798E-07
C1_11s_21s_A            -0.42205    -1.38049     0.95844    0.00000E+00
C1_20_20_A              21.21188    78.00715   -56.79527    0.00000E+00
C1_20_22c_A             -3.77485   -28.01609    24.24124    0.00000E+00
C1_21c_21c_A            25.56221    80.08848   -54.52627    0.00000E+00
C1_21s_21s_A            24.59607    24.58652     0.00955    0.00000E+00
C1_22c_22c_A            10.81368    -5.12564    15.93932    0.00000E+00
C1_22s_22s_A            24.93123    23.21318     1.71805    0.00000E+00
H1_10_10_A               0.88832     0.70918     0.17914    2.20477E-07
H1_11c_11c_A             1.12891     1.21013    -0.08122    4.53168E-08
H1_11s_11s_A             0.75897     1.07333    -0.31436    6.78936E-07

Sum of penalties =     1.65696E-06
WARNING: string truncated

Total molecular polarizability
      00          z           x           y           20          21c         21s         22c         22s
     0.00000     0.00000     0.00000     0.00000     0.00000     0.00000     0.00000     0.00000     0.00000
     0.00000    19.58804     0.00000     0.00000     0.00000     0.00000     0.00000     0.00000     0.00000
     0.00000     0.00000    28.17745     0.00000     0.00000     0.00000     0.00000     0.00000     0.00000
     0.00000     0.00000     0.00000    28.17745     0.00000     0.00000     0.00000     0.00000     0.00000
     0.00000     0.00000     0.00000     0.00000   374.94084     0.00000     0.00000     0.00000     0.00000
     0.00000     0.00000     0.00000     0.00000     0.00000   446.31639     0.00000     0.00000     0.00000
     0.00000     0.00000     0.00000     0.00000     0.00000     0.00000   446.31639     0.00000     0.00000
     0.00000     0.00000     0.00000     0.00000     0.00000     0.00000     0.00000   934.34881     0.00000
     0.00000     0.00000     0.00000     0.00000     0.00000     0.00000     0.00000     0.00000   934.34881
Mean polarizability       =  25.31431
Polarizability anisotropy =   8.58941
Finished
