WARNING: string truncated
Batch  1:  2000 points

Sites
C1            2.646232    0.000000    0.000000
*** Warning: type C was not defined

C2            1.323116    2.291705    0.000000
C3           -1.323116    2.291705    0.000000
C4           -2.646232    0.000000    0.000000
C5           -1.323116   -2.291705    0.000000
C6            1.323116   -2.291705    0.000000
H1            4.708300    0.000000    0.000000
*** Warning: type H was not defined

H2            2.354150    4.077507    0.000000
H3           -2.354150    4.077507    0.000000
H4           -4.708300    0.000000    0.000000
H5           -2.354150   -4.077507    0.000000
H6            2.354150   -4.077507    0.000000

Polarizability parameters
                  Sites       Components  Coefficient
  1  C1_10_10_A
                C6      C6      10   10      1.000
                C5      C5      10   10      1.000
                C4      C4      10   10      1.000
                C3      C3      10   10      1.000
                C2      C2      10   10      1.000
                C1      C1      10   10      1.000
  2  C1_10_20_A
                C6      C6      10   20      1.000
                C5      C5      10   20      1.000
                C4      C4      10   20      1.000
                C3      C3      10   20      1.000
                C2      C2      10   20      1.000
                C1      C1      10   20      1.000
  3  C1_10_22c_A
                C6      C6      10   22c     1.000
                C5      C5      10   22c     1.000
                C4      C4      10   22c     1.000
                C3      C3      10   22c     1.000
                C2      C2      10   22c     1.000
                C1      C1      10   22c     1.000
  4  C1_11c_11c_A
                C6      C6      11c  11c     1.000
                C5      C5      11c  11c     1.000
                C4      C4      11c  11c     1.000
                C3      C3      11c  11c     1.000
                C2      C2      11c  11c     1.000
                C1      C1      11c  11c     1.000
  5  C1_11c_21c_A
                C6      C6      11c  21c     1.000
                C5      C5      11c  21c     1.000
                C4      C4      11c  21c     1.000
                C3      C3      11c  21c     1.000
                C2      C2      11c  21c     1.000
                C1      C1      11c  21c     1.000
  6  C1_11s_11s_A
                C6      C6      11s  11s     1.000
                C5      C5      11s  11s     1.000
                C4      C4      11s  11s     1.000
                C3      C3      11s  11s     1.000
                C2      C2      11s  11s     1.000
                C1      C1      11s  11s     1.000
  7  C1_11s_21s_A
                C6      C6      11s  21s     1.000
                C5      C5      11s  21s     1.000
                C4      C4      11s  21s     1.000
                C3      C3      11s  21s     1.000
                C2      C2      11s  21s     1.000
                C1      C1      11s  21s     1.000
  8  C1_20_20_A
                C6      C6      20   20      1.000
                C5      C5      20   20      1.000
                C4      C4      20   20      1.000
                C3      C3      20   20      1.000
                C2      C2      20   20      1.000
                C1      C1      20   20      1.000
  9  C1_20_22c_A
                C6      C6      20   22c     1.000
                C5      C5      20   22c     1.000
                C4      C4      20   22c     1.000
                C3      C3      20   22c     1.000
                C2      C2      20   22c     1.000
                C1      C1      20   22c     1.000
 10  C1_21c_21c_A
                C6      C6      21c  21c     1.000
                C5      C5      21c  21c     1.000
                C4      C4      21c  21c     1.000
                C3      C3      21c  21c     1.000
                C2      C2      21c  21c     1.000
                C1      C1      21c  21c     1.000
 11  C1_21s_21s_A
                C6      C6      21s  21s     1.000
                C5      C5      21s  21s     1.000
                C4      C4      21s  21s     1.000
                C3      C3      21s  21s     1.000
                C2      C2      21s  21s     1.000
                C1      C1      21s  21s     1.000
 12  C1_22c_22c_A
                C6      C6      22c  22c     1.000
                C5      C5      22c  22c     1.000
                C4      C4      22c  22c     1.000
                C3      C3      22c  22c     1.000
                C2      C2      22c  22c     1.000
                C1      C1      22c  22c     1.000
 13  C1_22s_22s_A
                C6      C6      22s  22s     1.000
                C5      C5      22s  22s     1.000
                C4      C4      22s  22s     1.000
                C3      C3      22s  22s     1.000
                C2      C2      22s  22s     1.000
                C1      C1      22s  22s     1.000
 14  H1_10_10_A
                H6      H6      10   10      1.000
                H5      H5      10   10      1.000
                H4      H4      10   10      1.000
                H3      H3      10   10      1.000
                H2      H2      10   10      1.000
                H1      H1      10   10      1.000
 15  H1_11c_11c_A
                H6      H6      11c  11c     1.000
                H5      H5      11c  11c     1.000
                H4      H4      11c  11c     1.000
                H3      H3      11c  11c     1.000
                H2      H2      11c  11c     1.000
                H1      H1      11c  11c     1.000
 16  H1_11s_11s_A
                H6      H6      11s  11s     1.000
                H5      H5      11s  11s     1.000
                H4      H4      11s  11s     1.000
                H3      H3      11s  11s     1.000
                H2      H2      11s  11s     1.000
                H1      H1      11s  11s     1.000
Reading penalties
Parameter C1_10_21c_A undefined -- penalty ignored
Parameter C1_11c_20_A undefined -- penalty ignored
Parameter C1_11c_22c_A undefined -- penalty ignored
Parameter C1_20_21c_A undefined -- penalty ignored
Parameter C1_21c_22c_A undefined -- penalty ignored


Static polarizabilities

Response values:
Maximum          0.0213903914
Minimum         -0.0111891775
Range            0.0325795690
Min. magnitude   0.0000000032

Parameter values: 
  1            8.65920463     C1_10_10_A
  2           10.86119044     C1_10_20_A
  3           -4.48925056     C1_10_22c_A
  4           12.09516135     C1_11c_11c_A
  5          -28.02617689     C1_11c_21c_A
  6            5.90341996     C1_11s_11s_A
  7            0.81396192     C1_11s_21s_A
  8           49.49184386     C1_20_20_A
  9           -7.42797620     C1_20_22c_A
 10           75.42666656     C1_21c_21c_A
 11           65.04588620     C1_21s_21s_A
 12           10.00763832     C1_22c_22c_A
 13           77.37002288     C1_22s_22s_A
 14            2.03062402     H1_10_10_A
 15            2.53696487     H1_11c_11c_A
 16            1.02509321     H1_11s_11s_A
Residuals               per cent of range
Maximum      0.00056225       1.726
Minimum     -0.00052854      -1.622
R.m.s.       0.00001335       0.041
Sum of squared residuals =         0.00036

Parameter                Fitted      Anchor    Difference   Penalty
C1_10_10_A               8.65920     8.47554     0.18367    3.34296E-07
C1_10_20_A              10.86119    -4.80894    15.67013    0.00000E+00
C1_10_22c_A             -4.48925    12.76619   -17.25544    0.00000E+00
C1_11c_11c_A            12.09516    12.13158    -0.03642    1.31442E-08
C1_11c_21c_A           -28.02618   -27.13043    -0.89575    0.00000E+00
C1_11s_11s_A             5.90342     4.99834     0.90508    8.11774E-06
C1_11s_21s_A             0.81396    -0.83651     1.65047    0.00000E+00
C1_20_20_A              49.49184   186.51004  -137.01820    0.00000E+00
C1_20_22c_A             -7.42798   -44.62875    37.20078    0.00000E+00
C1_21c_21c_A            75.42667   146.44228   -71.01561    0.00000E+00
C1_21s_21s_A            65.04589    51.21292    13.83297    0.00000E+00
C1_22c_22c_A            10.00764   -46.98727    56.99491    0.00000E+00
C1_22s_22s_A            77.37002    66.54667    10.82335    0.00000E+00
H1_10_10_A               2.03062     1.95600     0.07462    5.51804E-08
H1_11c_11c_A             2.53696     2.77849    -0.24152    5.78058E-07
H1_11s_11s_A             1.02509     1.94501    -0.91992    8.38613E-06

Sum of penalties =     1.74846E-05
WARNING: string truncated

Total molecular polarizability
      00          z           x           y           20          21c         21s         22c         22s
     0.00000     0.00000     0.00000     0.00000     0.00000     0.00000     0.00000     0.00000     0.00000
     0.00000    41.57108     0.00000     0.00000     0.00000     0.00000     0.00000     0.00000     0.00000
     0.00000     0.00000    75.96586     0.00000     0.00000     0.00000     0.00000     0.00000     0.00000
     0.00000     0.00000     0.00000    75.96586     0.00000     0.00000     0.00000     0.00000     0.00000
     0.00000     0.00000     0.00000     0.00000   763.57537     0.00000     0.00000     0.00000     0.00000
     0.00000     0.00000     0.00000     0.00000     0.00000  1026.20196     0.00000     0.00000     0.00000
     0.00000     0.00000     0.00000     0.00000     0.00000     0.00000  1026.20196     0.00000     0.00000
     0.00000     0.00000     0.00000     0.00000     0.00000     0.00000     0.00000  2133.40047     0.00000
     0.00000     0.00000     0.00000     0.00000     0.00000     0.00000     0.00000     0.00000  2133.40047
Mean polarizability       =  64.50094
Polarizability anisotropy =  34.39479
Finished
