

     ************************************************************************
     *************** Dalton - An Electronic Structure Program ***************
     ************************************************************************

    This is output from DALTON (Release Dalton2013 patch 0)
   ----------------------------------------------------------------------------
    NOTE:
     
    Dalton is an experimental code for the evaluation of molecular
    properties using (MC)SCF, DFT, CI, and CC wave functions.
    The authors accept no responsibility for the performance of
    the code or for the correctness of the results.
     
    The code (in whole or part) is provided under a licence and
    is not to be reproduced for further distribution without
    the written permission of the authors or their representatives.
     
    See the home page "http://daltonprogram.org" for further information.
     
    If results obtained with this code are published,
    the appropriate citations would be both of:
     
       K. Aidas, C. Angeli, K. L. Bak, V. Bakken, R. Bast,
       L. Boman, O. Christiansen, R. Cimiraglia, S. Coriani,
       P. Dahle, E. K. Dalskov, U. Ekstroem, T. Enevoldsen,
       J. J. Eriksen, P. Ettenhuber, B. Fernandez, L. Ferrighi,
       H. Fliegl, L. Frediani, K. Hald, A. Halkier, C. Haettig,
       H. Heiberg, T. Helgaker, A. C. Hennum, H. Hettema,
       E. Hjertenaes, S. Hoest, I.-M. Hoeyvik, M. F. Iozzi,
       B. Jansik, H. J. Aa. Jensen, D. Jonsson, P. Joergensen,
       J. Kauczor, S. Kirpekar, T. Kjaergaard, W. Klopper,
       S. Knecht, R. Kobayashi, H. Koch, J. Kongsted, A. Krapp,
       K. Kristensen, A. Ligabue, O. B. Lutnaes, J. I. Melo,
       K. V. Mikkelsen, R. H. Myhre, C. Neiss, C. B. Nielsen,
       P. Norman, J. Olsen, J. M. H. Olsen, A. Osted,
       M. J. Packer, F. Pawlowski, T. B. Pedersen, P. F. Provasi,
       S. Reine, Z. Rinkevicius, T. A. Ruden, K. Ruud, V. Rybkin,
       P. Salek, C. C. M. Samson, A. Sanchez de Meras, T. Saue,
       S. P. A. Sauer, B. Schimmelpfennig, K. Sneskov,
       A. H. Steindal, K. O. Sylvester-Hvid, P. R. Taylor,
       A. M. Teale, E. I. Tellgren, D. P. Tew, A. J. Thorvaldsen,
       L. Thoegersen, O. Vahtras, M. A. Watson, D. J. D. Wilson,
       M. Ziolkowski and H. Aagren,
       "The Dalton quantum chemistry program system",
       WIREs Comput. Mol. Sci. 2013. (doi: 10.1002/wcms.1172)
    
    and
    
       Dalton, a Molecular Electronic Structure Program,
       Release DALTON2013.0 (2013), see http://daltonprogram.org
   ----------------------------------------------------------------------------

    Authors in alphabetical order (major contribution(s) in parenthesis):

  Kestutis Aidas,           Vilnius University,           Lithuania   (QM/MM)
  Celestino Angeli,         University of Ferrara,        Italy       (NEVPT2)
  Keld L. Bak,              UNI-C,                        Denmark     (AOSOPPA, non-adiabatic coupling, magnetic properties)
  Vebjoern Bakken,          University of Oslo,           Norway      (DALTON; geometry optimizer, symmetry detection)
  Radovan Bast,             KTH Stockholm,                Sweden      (DALTON installation and execution frameworks)
  Linus Boman,              NTNU,                         Norway      (Cholesky decomposition and subsystems)
  Ove Christiansen,         Aarhus University,            Denmark     (CC module)
  Renzo Cimiraglia,         University of Ferrara,        Italy       (NEVPT2)
  Sonia Coriani,            University of Trieste,        Italy       (CC module, MCD in RESPONS)
  Paal Dahle,               University of Oslo,           Norway      (Parallelization)
  Erik K. Dalskov,          UNI-C,                        Denmark     (SOPPA)
  Thomas Enevoldsen,        Univ. of Southern Denmark,    Denmark     (SOPPA)
  Janus J. Eriksen,         Aarhus University,            Denmark     (PE-MP2/SOPPA, TDA)
  Berta Fernandez,          U. of Santiago de Compostela, Spain       (doublet spin, ESR in RESPONS)
  Lara Ferrighi,            Aarhus University,            Denmark     (PCM Cubic response)
  Heike Fliegl,             University of Oslo,           Norway      (CCSD(R12))
  Luca Frediani,            UiT The Arctic U. of Norway,  Norway      (PCM)
  Bin Gao,                  UiT The Arctic U. of Norway,  Norway      (Gen1Int library)
  Christof Haettig,         Ruhr-University Bochum,       Germany     (CC module)
  Kasper Hald,              Aarhus University,            Denmark     (CC module)
  Asger Halkier,            Aarhus University,            Denmark     (CC module)
  Hanne Heiberg,            University of Oslo,           Norway      (geometry analysis, selected one-electron integrals)
  Trygve Helgaker,          University of Oslo,           Norway      (DALTON; ABACUS, ERI, DFT modules, London, and much more)
  Alf Christian Hennum,     University of Oslo,           Norway      (Parity violation)
  Hinne Hettema,            University of Auckland,       New Zealand (quadratic response in RESPONS; SIRIUS supersymmetry)
  Eirik Hjertenaes,         NTNU,                         Norway      (Cholesky decomposition)
  Maria Francesca Iozzi,    University of Oslo,           Norway      (RPA)
  Brano Jansik              Technical Univ. of Ostrava    Czech Rep.  (DFT cubic response)
  Hans Joergen Aa. Jensen,  Univ. of Southern Denmark,    Denmark     (DALTON; SIRIUS, RESPONS, ABACUS modules, London, and much more)
  Dan Jonsson,              UiT The Arctic U. of Norway,  Norway      (cubic response in RESPONS module)
  Poul Joergensen,          Aarhus University,            Denmark     (RESPONS, ABACUS, and CC modules)
  Joanna Kauczor,           Linkoeping University,        Sweden      (Complex polarization propagator (CPP) module)
  Sheela Kirpekar,          Univ. of Southern Denmark,    Denmark     (Mass-velocity & Darwin integrals)
  Wim Klopper,              KIT Karlsruhe,                Germany     (R12 code in CC, SIRIUS, and ABACUS modules)
  Stefan Knecht,            ETH Zurich,                   Switzerland (Parallel CI and MCSCF)
  Rika Kobayashi,           Australian National Univ.,    Australia   (DIIS in CC, London in MCSCF)
  Henrik Koch,              NTNU,                         Norway      (CC module, Cholesky decomposition)
  Jacob Kongsted,           Univ. of Southern Denmark,    Denmark     (Polarizable embedding, QM/MM)
  Andrea Ligabue,           University of Modena,         Italy       (CTOCD, AOSOPPA)
  Ola B. Lutnaes,           University of Oslo,           Norway      (DFT Hessian)
  Juan I. Melo,             University of Buenos Aires,   Argentina   (LRESC, Relativistic Effects on NMR Shieldings)
  Kurt V. Mikkelsen,        University of Copenhagen,     Denmark     (MC-SCRF and QM/MM)
  Rolf H. Myhre,            NTNU,                         Norway      (Cholesky, subsystems and ECC2)
  Christian Neiss,          Univ. Erlangen-Nuernberg,     Germany     (CCSD(R12))
  Christian B. Nielsen,     University of Copenhagen,     Denmark     (QM/MM)
  Patrick Norman,           Linkoeping University,        Sweden      (Cubic response and complex response in RESPONS)
  Jeppe Olsen,              Aarhus University,            Denmark     (SIRIUS CI/density modules)
  Jogvan Magnus H. Olsen,   Univ. of Southern Denmark,    Denmark     (Polarizable embedding, PE library, QM/MM)
  Anders Osted,             Copenhagen University,        Denmark     (QM/MM)
  Martin J. Packer,         University of Sheffield,      UK          (SOPPA)
  Filip Pawlowski,          Kazimierz Wielki University,  Poland      (CC3)
  Thomas B. Pedersen,       University of Oslo,           Norway      (Cholesky decomposition)
  Patricio F. Provasi,      University of Northeastern,   Argentina   (Analysis of coupling constants in localized orbitals)
  Zilvinas Rinkevicius,     KTH Stockholm,                Sweden      (open-shell DFT, ESR)
  Elias Rudberg,            KTH Stockholm,                Sweden      (DFT grid and basis info)
  Torgeir A. Ruden,         University of Oslo,           Norway      (Numerical derivatives in ABACUS)
  Kenneth Ruud,             UiT The Arctic U. of Norway,  Norway      (DALTON; ABACUS magnetic properties and  much more)
  Pawel Salek,              KTH Stockholm,                Sweden      (DALTON; DFT code)
  Claire C. M. Samson       University of Karlsruhe       Germany     (Boys localization, r12 integrals in ERI)
  Alfredo Sanchez de Meras, University of Valencia,       Spain       (CC module, Cholesky decomposition)
  Trond Saue,               Paul Sabatier University,     France      (direct Fock matrix construction)
  Stephan P. A. Sauer,      University of Copenhagen,     Denmark     (SOPPA(CCSD), SOPPA prop., AOSOPPA, vibrational g-factors)
  Bernd Schimmelpfennig,    Forschungszentrum Karlsruhe,  Germany     (AMFI module)
  Kristian Sneskov,         Aarhus University,            Denmark     (QM/MM, PE-CC)
  Arnfinn H. Steindal,      UiT The Arctic U. of Norway,  Norway      (parallel QM/MM)
  K. O. Sylvester-Hvid,     University of Copenhagen,     Denmark     (MC-SCRF)
  Peter R. Taylor,          VLSCI/Univ. of Melbourne,     Australia   (Symmetry handling ABACUS, integral transformation)
  Andrew M. Teale,          University of Nottingham,     England     (DFT-AC, DFT-D)
  David P. Tew,             University of Bristol,        England     (CCSD(R12))
  Olav Vahtras,             KTH Stockholm,                Sweden      (triplet response, spin-orbit, ESR, TDDFT, open-shell DFT)
  David J. Wilson,          La Trobe University,          Australia   (DFT Hessian and DFT magnetizabilities)
  Hans Agren,               KTH Stockholm,                Sweden      (SIRIUS module, RESPONS, MC-SCRF solvation model)
 --------------------------------------------------------------------------------

     Date and time (Linux)  : Tue Mar 11 12:27:27 2014
     Host name              : whirligig                               

 * Work memory size             :   320000000 =  2.384 gigabytes.

 * Directories for basis set searches:
   1) /scratch/fastscratch/ajs1/benzene_sadlej_12-27-27
   2) /usr/local/dalton_gfortran_64/basis


Compilation information
-----------------------

 Who compiled             | ajs1
 Host                     | whirligig
 System                   | Linux-3.2.0-56-generic
 CMake generator          | Unix Makefiles
 Processor                | x86_64
 64-bit integers          | ON
 MPI                      | OFF
 Fortran compiler         | /usr/bin/gfortran
 Fortran compiler version | GNU Fortran (Ubuntu/Linaro 4.6.3-1ubuntu5) 4.6.3
 C compiler               | /usr/bin/gcc
 C compiler version       | gcc (Ubuntu/Linaro 4.6.3-1ubuntu5) 4.6.3
 C++ compiler             | /usr/bin/g++
 C++ compiler version     | g++ (Ubuntu/Linaro 4.6.3-1ubuntu5) 4.6.3
 Explicit libs            | -L/usr/local/shared/atlas/Linux_core2duo_sse3_sse4
                          | _1/lib -llapack -lf77blas -lcblas -latlas
 Static linking           | OFF
 Last Git revision        | 575a5cf6d2c5c3776735f11fa026dbfca0382455
 Configuration time       | 2013-12-02 17:16:29.544027


   Content of the .dal input file
 ----------------------------------

**DALTON INPUT                                    
.RUN WAVE FUNCTION                                
! .DIRECT                                         
**INTEGRALS                                       
.NOSUP                                            
.PRINT                                            
    1                                             
**WAVE FUNCTIONS                                  
.DFT                                              
PBE0                                              
.INTERFACE                                        
*AUXILIARY INPUT                                  
.NOSUPMAT                                         
*ORBITALS                                         
.NOSUPSYM                                         
.AO DELETE                                        
 1.0E-6                                           
.CMOMAX                                           
 1000.0                                           
*DFT INPUT                                        
! .CKS                                            
.DFTELS                                           
0.01                                              
.DFTAC                                            
MULTPOLE                                          
TANH                                              
0.3397 0.3397 3.0 4.0                             
.RADINT                                           
1.0E-13                                           
.ANGINT                                           
35                                                
*SCF INPUT                                        
.THRESH                                           
1.0D-6                                            
*ORBITAL INPUT                                    
*END OF INPUT                                     


   Content of the .mol file
 ----------------------------

INTGRL                                                                         
  benzene                                                                      
  Basis is sadlej                                                              
Spherical  Atomtypes= 12 Charge=   0 Integrals=1.0D-16 Nosymmetry              
!                                                                              
!                                                                              
! benzene                                                                      
!                                                                              
Charge=  6.0  Atoms=1 Blocks=3 1 1 1                                           
C1               2.64623243         0.00000000         0.00000000              
!                                                                              
! BASIS="Sadlej pVTZ"                                                          
! A. J. Sadlej, Collec. Czech. Chem. Commun.  53, 1995 (1988)                  
! A. J. Sadlej and M. Urban, J. Mol. Struct. (THEOCHEM) 234, 147 (1991)        
! A. J. Sadlej, Theor. Chim. Acta 79, 123 (1992)                               
! A. J. Sadlej, Theor. Chim. Acta 81, 45 (1992)                                
! A. J. Sadlej, Theor. Chim. Acta 81, 339 (1992)                               
!                                                                              
! (10S,6P,4D) -> [5S,3P,2D]                                                    
!                                                                              
! NOTE: Basis from DALTON/CADPAC library (different from online basis)         
! Online basis has:                                                            
!  D   2                                                                       
!   1        1.206700000         0.2628500000                                  
!   2       0.3855000000         0.8043000000                                  
!  D   2                                                                       
!   1       0.1219000000         0.6535000000                                  
!   2       0.3860000000E-01     0.8636000000                                  
!                                                                              
!                                                                              
!  S functions                                                                 
F  10    5                                                                     
  5240.63530   0.000937   0.000000   0.000000   0.000000   0.000000            
   782.20480   0.007228   0.000000   0.000000   0.000000   0.000000            
   178.35083   0.036344   0.000000   0.000000   0.000000   0.000000            
    50.81594   0.130600   0.000000   0.000000   0.000000   0.000000            
    16.82356   0.318931   0.000000   0.000000   0.000000   0.000000            
     6.17578   0.000000   0.438742   0.000000   0.000000   0.000000            
     2.41805   0.000000   0.214974   0.000000   0.000000   0.000000            
     0.51190   0.000000   0.000000   1.000000   0.000000   0.000000            
     0.15659   0.000000   0.000000   0.000000   1.000000   0.000000            
     0.04790   0.000000   0.000000   0.000000   0.000000   1.000000            
!                                                                              
!  P functions                                                                 
F   6    3                                                                     
    18.84180   0.013887   0.000000   0.000000                                  
     4.15924   0.086279   0.000000   0.000000                                  
     1.20671   0.288744   0.000000   0.000000                                  
     0.38554   0.499411   0.000000   0.000000                                  
     0.12194   0.000000   1.000000   0.000000                                  
     0.03857   0.000000   0.000000   1.000000                                  
!                                                                              
!  D functions                                                                 
F   4    2                                                                     
     1.20671   0.262852   0.000000                                             
     0.38554   0.804300   0.000000                                             
     0.12194   0.000000   0.653500                                             
     0.03866   0.000000   0.863600                                             
!                                                                              
Charge=  6.0  Atoms=1 Blocks=3 1 1 1                                           
C2               1.32311622         2.29170451         0.00000000              
!                                                                              
! BASIS="Sadlej pVTZ"                                                          
! A. J. Sadlej, Collec. Czech. Chem. Commun.  53, 1995 (1988)                  
! A. J. Sadlej and M. Urban, J. Mol. Struct. (THEOCHEM) 234, 147 (1991)        
! A. J. Sadlej, Theor. Chim. Acta 79, 123 (1992)                               
! A. J. Sadlej, Theor. Chim. Acta 81, 45 (1992)                                
! A. J. Sadlej, Theor. Chim. Acta 81, 339 (1992)                               
!                                                                              
! (10S,6P,4D) -> [5S,3P,2D]                                                    
!                                                                              
! NOTE: Basis from DALTON/CADPAC library (different from online basis)         
! Online basis has:                                                            
!  D   2                                                                       
!   1        1.206700000         0.2628500000                                  
!   2       0.3855000000         0.8043000000                                  
!  D   2                                                                       
!   1       0.1219000000         0.6535000000                                  
!   2       0.3860000000E-01     0.8636000000                                  
!                                                                              
!                                                                              
!  S functions                                                                 
F  10    5                                                                     
  5240.63530   0.000937   0.000000   0.000000   0.000000   0.000000            
   782.20480   0.007228   0.000000   0.000000   0.000000   0.000000            
   178.35083   0.036344   0.000000   0.000000   0.000000   0.000000            
    50.81594   0.130600   0.000000   0.000000   0.000000   0.000000            
    16.82356   0.318931   0.000000   0.000000   0.000000   0.000000            
     6.17578   0.000000   0.438742   0.000000   0.000000   0.000000            
     2.41805   0.000000   0.214974   0.000000   0.000000   0.000000            
     0.51190   0.000000   0.000000   1.000000   0.000000   0.000000            
     0.15659   0.000000   0.000000   0.000000   1.000000   0.000000            
     0.04790   0.000000   0.000000   0.000000   0.000000   1.000000            
!                                                                              
!  P functions                                                                 
F   6    3                                                                     
    18.84180   0.013887   0.000000   0.000000                                  
     4.15924   0.086279   0.000000   0.000000                                  
     1.20671   0.288744   0.000000   0.000000                                  
     0.38554   0.499411   0.000000   0.000000                                  
     0.12194   0.000000   1.000000   0.000000                                  
     0.03857   0.000000   0.000000   1.000000                                  
!                                                                              
!  D functions                                                                 
F   4    2                                                                     
     1.20671   0.262852   0.000000                                             
     0.38554   0.804300   0.000000                                             
     0.12194   0.000000   0.653500                                             
     0.03866   0.000000   0.863600                                             
!                                                                              
Charge=  6.0  Atoms=1 Blocks=3 1 1 1                                           
C3              -1.32311622         2.29170451         0.00000000              
!                                                                              
! BASIS="Sadlej pVTZ"                                                          
! A. J. Sadlej, Collec. Czech. Chem. Commun.  53, 1995 (1988)                  
! A. J. Sadlej and M. Urban, J. Mol. Struct. (THEOCHEM) 234, 147 (1991)        
! A. J. Sadlej, Theor. Chim. Acta 79, 123 (1992)                               
! A. J. Sadlej, Theor. Chim. Acta 81, 45 (1992)                                
! A. J. Sadlej, Theor. Chim. Acta 81, 339 (1992)                               
!                                                                              
! (10S,6P,4D) -> [5S,3P,2D]                                                    
!                                                                              
! NOTE: Basis from DALTON/CADPAC library (different from online basis)         
! Online basis has:                                                            
!  D   2                                                                       
!   1        1.206700000         0.2628500000                                  
!   2       0.3855000000         0.8043000000                                  
!  D   2                                                                       
!   1       0.1219000000         0.6535000000                                  
!   2       0.3860000000E-01     0.8636000000                                  
!                                                                              
!                                                                              
!  S functions                                                                 
F  10    5                                                                     
  5240.63530   0.000937   0.000000   0.000000   0.000000   0.000000            
   782.20480   0.007228   0.000000   0.000000   0.000000   0.000000            
   178.35083   0.036344   0.000000   0.000000   0.000000   0.000000            
    50.81594   0.130600   0.000000   0.000000   0.000000   0.000000            
    16.82356   0.318931   0.000000   0.000000   0.000000   0.000000            
     6.17578   0.000000   0.438742   0.000000   0.000000   0.000000            
     2.41805   0.000000   0.214974   0.000000   0.000000   0.000000            
     0.51190   0.000000   0.000000   1.000000   0.000000   0.000000            
     0.15659   0.000000   0.000000   0.000000   1.000000   0.000000            
     0.04790   0.000000   0.000000   0.000000   0.000000   1.000000            
!                                                                              
!  P functions                                                                 
F   6    3                                                                     
    18.84180   0.013887   0.000000   0.000000                                  
     4.15924   0.086279   0.000000   0.000000                                  
     1.20671   0.288744   0.000000   0.000000                                  
     0.38554   0.499411   0.000000   0.000000                                  
     0.12194   0.000000   1.000000   0.000000                                  
     0.03857   0.000000   0.000000   1.000000                                  
!                                                                              
!  D functions                                                                 
F   4    2                                                                     
     1.20671   0.262852   0.000000                                             
     0.38554   0.804300   0.000000                                             
     0.12194   0.000000   0.653500                                             
     0.03866   0.000000   0.863600                                             
!                                                                              
Charge=  6.0  Atoms=1 Blocks=3 1 1 1                                           
C4              -2.64623243         0.00000000         0.00000000              
!                                                                              
! BASIS="Sadlej pVTZ"                                                          
! A. J. Sadlej, Collec. Czech. Chem. Commun.  53, 1995 (1988)                  
! A. J. Sadlej and M. Urban, J. Mol. Struct. (THEOCHEM) 234, 147 (1991)        
! A. J. Sadlej, Theor. Chim. Acta 79, 123 (1992)                               
! A. J. Sadlej, Theor. Chim. Acta 81, 45 (1992)                                
! A. J. Sadlej, Theor. Chim. Acta 81, 339 (1992)                               
!                                                                              
! (10S,6P,4D) -> [5S,3P,2D]                                                    
!                                                                              
! NOTE: Basis from DALTON/CADPAC library (different from online basis)         
! Online basis has:                                                            
!  D   2                                                                       
!   1        1.206700000         0.2628500000                                  
!   2       0.3855000000         0.8043000000                                  
!  D   2                                                                       
!   1       0.1219000000         0.6535000000                                  
!   2       0.3860000000E-01     0.8636000000                                  
!                                                                              
!                                                                              
!  S functions                                                                 
F  10    5                                                                     
  5240.63530   0.000937   0.000000   0.000000   0.000000   0.000000            
   782.20480   0.007228   0.000000   0.000000   0.000000   0.000000            
   178.35083   0.036344   0.000000   0.000000   0.000000   0.000000            
    50.81594   0.130600   0.000000   0.000000   0.000000   0.000000            
    16.82356   0.318931   0.000000   0.000000   0.000000   0.000000            
     6.17578   0.000000   0.438742   0.000000   0.000000   0.000000            
     2.41805   0.000000   0.214974   0.000000   0.000000   0.000000            
     0.51190   0.000000   0.000000   1.000000   0.000000   0.000000            
     0.15659   0.000000   0.000000   0.000000   1.000000   0.000000            
     0.04790   0.000000   0.000000   0.000000   0.000000   1.000000            
!                                                                              
!  P functions                                                                 
F   6    3                                                                     
    18.84180   0.013887   0.000000   0.000000                                  
     4.15924   0.086279   0.000000   0.000000                                  
     1.20671   0.288744   0.000000   0.000000                                  
     0.38554   0.499411   0.000000   0.000000                                  
     0.12194   0.000000   1.000000   0.000000                                  
     0.03857   0.000000   0.000000   1.000000                                  
!                                                                              
!  D functions                                                                 
F   4    2                                                                     
     1.20671   0.262852   0.000000                                             
     0.38554   0.804300   0.000000                                             
     0.12194   0.000000   0.653500                                             
     0.03866   0.000000   0.863600                                             
!                                                                              
Charge=  6.0  Atoms=1 Blocks=3 1 1 1                                           
C5              -1.32311622        -2.29170451         0.00000000              
!                                                                              
! BASIS="Sadlej pVTZ"                                                          
! A. J. Sadlej, Collec. Czech. Chem. Commun.  53, 1995 (1988)                  
! A. J. Sadlej and M. Urban, J. Mol. Struct. (THEOCHEM) 234, 147 (1991)        
! A. J. Sadlej, Theor. Chim. Acta 79, 123 (1992)                               
! A. J. Sadlej, Theor. Chim. Acta 81, 45 (1992)                                
! A. J. Sadlej, Theor. Chim. Acta 81, 339 (1992)                               
!                                                                              
! (10S,6P,4D) -> [5S,3P,2D]                                                    
!                                                                              
! NOTE: Basis from DALTON/CADPAC library (different from online basis)         
! Online basis has:                                                            
!  D   2                                                                       
!   1        1.206700000         0.2628500000                                  
!   2       0.3855000000         0.8043000000                                  
!  D   2                                                                       
!   1       0.1219000000         0.6535000000                                  
!   2       0.3860000000E-01     0.8636000000                                  
!                                                                              
!                                                                              
!  S functions                                                                 
F  10    5                                                                     
  5240.63530   0.000937   0.000000   0.000000   0.000000   0.000000            
   782.20480   0.007228   0.000000   0.000000   0.000000   0.000000            
   178.35083   0.036344   0.000000   0.000000   0.000000   0.000000            
    50.81594   0.130600   0.000000   0.000000   0.000000   0.000000            
    16.82356   0.318931   0.000000   0.000000   0.000000   0.000000            
     6.17578   0.000000   0.438742   0.000000   0.000000   0.000000            
     2.41805   0.000000   0.214974   0.000000   0.000000   0.000000            
     0.51190   0.000000   0.000000   1.000000   0.000000   0.000000            
     0.15659   0.000000   0.000000   0.000000   1.000000   0.000000            
     0.04790   0.000000   0.000000   0.000000   0.000000   1.000000            
!                                                                              
!  P functions                                                                 
F   6    3                                                                     
    18.84180   0.013887   0.000000   0.000000                                  
     4.15924   0.086279   0.000000   0.000000                                  
     1.20671   0.288744   0.000000   0.000000                                  
     0.38554   0.499411   0.000000   0.000000                                  
     0.12194   0.000000   1.000000   0.000000                                  
     0.03857   0.000000   0.000000   1.000000                                  
!                                                                              
!  D functions                                                                 
F   4    2                                                                     
     1.20671   0.262852   0.000000                                             
     0.38554   0.804300   0.000000                                             
     0.12194   0.000000   0.653500                                             
     0.03866   0.000000   0.863600                                             
!                                                                              
Charge=  6.0  Atoms=1 Blocks=3 1 1 1                                           
C6               1.32311622        -2.29170451         0.00000000              
!                                                                              
! BASIS="Sadlej pVTZ"                                                          
! A. J. Sadlej, Collec. Czech. Chem. Commun.  53, 1995 (1988)                  
! A. J. Sadlej and M. Urban, J. Mol. Struct. (THEOCHEM) 234, 147 (1991)        
! A. J. Sadlej, Theor. Chim. Acta 79, 123 (1992)                               
! A. J. Sadlej, Theor. Chim. Acta 81, 45 (1992)                                
! A. J. Sadlej, Theor. Chim. Acta 81, 339 (1992)                               
!                                                                              
! (10S,6P,4D) -> [5S,3P,2D]                                                    
!                                                                              
! NOTE: Basis from DALTON/CADPAC library (different from online basis)         
! Online basis has:                                                            
!  D   2                                                                       
!   1        1.206700000         0.2628500000                                  
!   2       0.3855000000         0.8043000000                                  
!  D   2                                                                       
!   1       0.1219000000         0.6535000000                                  
!   2       0.3860000000E-01     0.8636000000                                  
!                                                                              
!                                                                              
!  S functions                                                                 
F  10    5                                                                     
  5240.63530   0.000937   0.000000   0.000000   0.000000   0.000000            
   782.20480   0.007228   0.000000   0.000000   0.000000   0.000000            
   178.35083   0.036344   0.000000   0.000000   0.000000   0.000000            
    50.81594   0.130600   0.000000   0.000000   0.000000   0.000000            
    16.82356   0.318931   0.000000   0.000000   0.000000   0.000000            
     6.17578   0.000000   0.438742   0.000000   0.000000   0.000000            
     2.41805   0.000000   0.214974   0.000000   0.000000   0.000000            
     0.51190   0.000000   0.000000   1.000000   0.000000   0.000000            
     0.15659   0.000000   0.000000   0.000000   1.000000   0.000000            
     0.04790   0.000000   0.000000   0.000000   0.000000   1.000000            
!                                                                              
!  P functions                                                                 
F   6    3                                                                     
    18.84180   0.013887   0.000000   0.000000                                  
     4.15924   0.086279   0.000000   0.000000                                  
     1.20671   0.288744   0.000000   0.000000                                  
     0.38554   0.499411   0.000000   0.000000                                  
     0.12194   0.000000   1.000000   0.000000                                  
     0.03857   0.000000   0.000000   1.000000                                  
!                                                                              
!  D functions                                                                 
F   4    2                                                                     
     1.20671   0.262852   0.000000                                             
     0.38554   0.804300   0.000000                                             
     0.12194   0.000000   0.653500                                             
     0.03866   0.000000   0.863600                                             
!                                                                              
Charge=  1.0  Atoms=1 Blocks=2 1 1                                             
H1               4.70829954         0.00000000         0.00000000              
!                                                                              
! BASIS="Sadlej pVTZ"                                                          
! A. J. Sadlej, Collec. Czech. Chem. Commun.  53, 1995 (1988)                  
! A. J. Sadlej and M. Urban, J. Mol. Struct. (THEOCHEM) 234, 147 (1991)        
! A. J. Sadlej, Theor. Chim. Acta 79, 123 (1992)                               
! A. J. Sadlej, Theor. Chim. Acta 81, 45 (1992)                                
! A. J. Sadlej, Theor. Chim. Acta 81, 339 (1992)                               
!                                                                              
! (6S,4P) -> [3S,2P]                                                           
!                                                                              
!  S functions                                                                 
F   6    3                                                                     
    33.86501   0.006068   0.000000   0.000000                                  
     5.09479   0.045316   0.000000   0.000000                                  
     1.15879   0.202846   0.000000   0.000000                                  
     0.32584   0.503709   0.000000   0.000000                                  
     0.10274   0.000000   1.000000   0.000000                                  
     0.03240   0.000000   0.000000   1.000000                                  
!                                                                              
!  P functions                                                                 
F   4    2                                                                     
     1.15880   0.188440   0.000000                                             
     0.32580   0.882420   0.000000                                             
     0.10270   0.000000   0.117800                                             
     0.03240   0.000000   0.004200                                             
!                                                                              
Charge=  1.0  Atoms=1 Blocks=2 1 1                                             
H2               2.35414977         4.07750701         0.00000000              
!                                                                              
! BASIS="Sadlej pVTZ"                                                          
! A. J. Sadlej, Collec. Czech. Chem. Commun.  53, 1995 (1988)                  
! A. J. Sadlej and M. Urban, J. Mol. Struct. (THEOCHEM) 234, 147 (1991)        
! A. J. Sadlej, Theor. Chim. Acta 79, 123 (1992)                               
! A. J. Sadlej, Theor. Chim. Acta 81, 45 (1992)                                
! A. J. Sadlej, Theor. Chim. Acta 81, 339 (1992)                               
!                                                                              
! (6S,4P) -> [3S,2P]                                                           
!                                                                              
!  S functions                                                                 
F   6    3                                                                     
    33.86501   0.006068   0.000000   0.000000                                  
     5.09479   0.045316   0.000000   0.000000                                  
     1.15879   0.202846   0.000000   0.000000                                  
     0.32584   0.503709   0.000000   0.000000                                  
     0.10274   0.000000   1.000000   0.000000                                  
     0.03240   0.000000   0.000000   1.000000                                  
!                                                                              
!  P functions                                                                 
F   4    2                                                                     
     1.15880   0.188440   0.000000                                             
     0.32580   0.882420   0.000000                                             
     0.10270   0.000000   0.117800                                             
     0.03240   0.000000   0.004200                                             
!                                                                              
Charge=  1.0  Atoms=1 Blocks=2 1 1                                             
H3              -2.35414977         4.07750701         0.00000000              
!                                                                              
! BASIS="Sadlej pVTZ"                                                          
! A. J. Sadlej, Collec. Czech. Chem. Commun.  53, 1995 (1988)                  
! A. J. Sadlej and M. Urban, J. Mol. Struct. (THEOCHEM) 234, 147 (1991)        
! A. J. Sadlej, Theor. Chim. Acta 79, 123 (1992)                               
! A. J. Sadlej, Theor. Chim. Acta 81, 45 (1992)                                
! A. J. Sadlej, Theor. Chim. Acta 81, 339 (1992)                               
!                                                                              
! (6S,4P) -> [3S,2P]                                                           
!                                                                              
!  S functions                                                                 
F   6    3                                                                     
    33.86501   0.006068   0.000000   0.000000                                  
     5.09479   0.045316   0.000000   0.000000                                  
     1.15879   0.202846   0.000000   0.000000                                  
     0.32584   0.503709   0.000000   0.000000                                  
     0.10274   0.000000   1.000000   0.000000                                  
     0.03240   0.000000   0.000000   1.000000                                  
!                                                                              
!  P functions                                                                 
F   4    2                                                                     
     1.15880   0.188440   0.000000                                             
     0.32580   0.882420   0.000000                                             
     0.10270   0.000000   0.117800                                             
     0.03240   0.000000   0.004200                                             
!                                                                              
Charge=  1.0  Atoms=1 Blocks=2 1 1                                             
H4              -4.70829954         0.00000000         0.00000000              
!                                                                              
! BASIS="Sadlej pVTZ"                                                          
! A. J. Sadlej, Collec. Czech. Chem. Commun.  53, 1995 (1988)                  
! A. J. Sadlej and M. Urban, J. Mol. Struct. (THEOCHEM) 234, 147 (1991)        
! A. J. Sadlej, Theor. Chim. Acta 79, 123 (1992)                               
! A. J. Sadlej, Theor. Chim. Acta 81, 45 (1992)                                
! A. J. Sadlej, Theor. Chim. Acta 81, 339 (1992)                               
!                                                                              
! (6S,4P) -> [3S,2P]                                                           
!                                                                              
!  S functions                                                                 
F   6    3                                                                     
    33.86501   0.006068   0.000000   0.000000                                  
     5.09479   0.045316   0.000000   0.000000                                  
     1.15879   0.202846   0.000000   0.000000                                  
     0.32584   0.503709   0.000000   0.000000                                  
     0.10274   0.000000   1.000000   0.000000                                  
     0.03240   0.000000   0.000000   1.000000                                  
!                                                                              
!  P functions                                                                 
F   4    2                                                                     
     1.15880   0.188440   0.000000                                             
     0.32580   0.882420   0.000000                                             
     0.10270   0.000000   0.117800                                             
     0.03240   0.000000   0.004200                                             
!                                                                              
Charge=  1.0  Atoms=1 Blocks=2 1 1                                             
H5              -2.35414977        -4.07750701         0.00000000              
!                                                                              
! BASIS="Sadlej pVTZ"                                                          
! A. J. Sadlej, Collec. Czech. Chem. Commun.  53, 1995 (1988)                  
! A. J. Sadlej and M. Urban, J. Mol. Struct. (THEOCHEM) 234, 147 (1991)        
! A. J. Sadlej, Theor. Chim. Acta 79, 123 (1992)                               
! A. J. Sadlej, Theor. Chim. Acta 81, 45 (1992)                                
! A. J. Sadlej, Theor. Chim. Acta 81, 339 (1992)                               
!                                                                              
! (6S,4P) -> [3S,2P]                                                           
!                                                                              
!  S functions                                                                 
F   6    3                                                                     
    33.86501   0.006068   0.000000   0.000000                                  
     5.09479   0.045316   0.000000   0.000000                                  
     1.15879   0.202846   0.000000   0.000000                                  
     0.32584   0.503709   0.000000   0.000000                                  
     0.10274   0.000000   1.000000   0.000000                                  
     0.03240   0.000000   0.000000   1.000000                                  
!                                                                              
!  P functions                                                                 
F   4    2                                                                     
     1.15880   0.188440   0.000000                                             
     0.32580   0.882420   0.000000                                             
     0.10270   0.000000   0.117800                                             
     0.03240   0.000000   0.004200                                             
!                                                                              
Charge=  1.0  Atoms=1 Blocks=2 1 1                                             
H6               2.35414977        -4.07750701         0.00000000              
!                                                                              
! BASIS="Sadlej pVTZ"                                                          
! A. J. Sadlej, Collec. Czech. Chem. Commun.  53, 1995 (1988)                  
! A. J. Sadlej and M. Urban, J. Mol. Struct. (THEOCHEM) 234, 147 (1991)        
! A. J. Sadlej, Theor. Chim. Acta 79, 123 (1992)                               
! A. J. Sadlej, Theor. Chim. Acta 81, 45 (1992)                                
! A. J. Sadlej, Theor. Chim. Acta 81, 339 (1992)                               
!                                                                              
! (6S,4P) -> [3S,2P]                                                           
!                                                                              
!  S functions                                                                 
F   6    3                                                                     
    33.86501   0.006068   0.000000   0.000000                                  
     5.09479   0.045316   0.000000   0.000000                                  
     1.15879   0.202846   0.000000   0.000000                                  
     0.32584   0.503709   0.000000   0.000000                                  
     0.10274   0.000000   1.000000   0.000000                                  
     0.03240   0.000000   0.000000   1.000000                                  
!                                                                              
!  P functions                                                                 
F   4    2                                                                     
     1.15880   0.188440   0.000000                                             
     0.32580   0.882420   0.000000                                             
     0.10270   0.000000   0.117800                                             
     0.03240   0.000000   0.004200                                             
!                                                                              


       *******************************************************************
       *********** Output from DALTON general input processing ***********
       *******************************************************************

 --------------------------------------------------------------------------------
   Overall default print level:    0
   Print level for DALTON.STAT:    1

    HERMIT 1- and 2-electron integral sections will be executed
    "Old" integral transformation used (limited to max 255 basis functions)
    Wave function sections will be executed (SIRIUS module)
 --------------------------------------------------------------------------------


   ****************************************************************************
   *************** Output of molecule and basis set information ***************
   ****************************************************************************


    The two title cards from your ".mol" input:
    ------------------------------------------------------------------------
 1:   benzene                                                               
 2:   Basis is sadlej                                                       
    ------------------------------------------------------------------------

  INFO from READIN: Threshold for discarding integrals was    1.00D-16
  INFO from READIN: Threshold is reset to minimum value       1.00D-15

  Atomic type no.    1
  --------------------
  Nuclear charge:   6.00000
  Number of symmetry independent centers:    1
  Number of basis sets to read;    2

  Atomic type no.    2
  --------------------
  Nuclear charge:   6.00000
  Number of symmetry independent centers:    1
  Number of basis sets to read;    2

  Atomic type no.    3
  --------------------
  Nuclear charge:   6.00000
  Number of symmetry independent centers:    1
  Number of basis sets to read;    2

  Atomic type no.    4
  --------------------
  Nuclear charge:   6.00000
  Number of symmetry independent centers:    1
  Number of basis sets to read;    2

  Atomic type no.    5
  --------------------
  Nuclear charge:   6.00000
  Number of symmetry independent centers:    1
  Number of basis sets to read;    2

  Atomic type no.    6
  --------------------
  Nuclear charge:   6.00000
  Number of symmetry independent centers:    1
  Number of basis sets to read;    2

  Atomic type no.    7
  --------------------
  Nuclear charge:   1.00000
  Number of symmetry independent centers:    1
  Number of basis sets to read;    2

  Atomic type no.    8
  --------------------
  Nuclear charge:   1.00000
  Number of symmetry independent centers:    1
  Number of basis sets to read;    2

  Atomic type no.    9
  --------------------
  Nuclear charge:   1.00000
  Number of symmetry independent centers:    1
  Number of basis sets to read;    2

  Atomic type no.   10
  --------------------
  Nuclear charge:   1.00000
  Number of symmetry independent centers:    1
  Number of basis sets to read;    2

  Atomic type no.   11
  --------------------
  Nuclear charge:   1.00000
  Number of symmetry independent centers:    1
  Number of basis sets to read;    2

  Atomic type no.   12
  --------------------
  Nuclear charge:   1.00000
  Number of symmetry independent centers:    1
  Number of basis sets to read;    2


                         SYMGRP: Point group information
                         -------------------------------

Point group: C1 


                                 Isotopic Masses
                                 ---------------

                           C1         12.000000
                           C2         12.000000
                           C3         12.000000
                           C4         12.000000
                           C5         12.000000
                           C6         12.000000
                           H1          1.007825
                           H2          1.007825
                           H3          1.007825
                           H4          1.007825
                           H5          1.007825
                           H6          1.007825

                       Total mass:    78.046950 amu
                       Natural abundance:  93.495 %

 Center-of-mass coordinates (a.u.):    0.000000    0.000000    0.000000


  Atoms and basis sets
  --------------------

  Number of atom types :   12
  Total number of atoms:   12

  label    atoms   charge   prim   cont     basis
  ----------------------------------------------------------------------
  C1          1    6.0000    48    24      [10s6p4d|5s3p2d]                                   
  C2          1    6.0000    48    24      [10s6p4d|5s3p2d]                                   
  C3          1    6.0000    48    24      [10s6p4d|5s3p2d]                                   
  C4          1    6.0000    48    24      [10s6p4d|5s3p2d]                                   
  C5          1    6.0000    48    24      [10s6p4d|5s3p2d]                                   
  C6          1    6.0000    48    24      [10s6p4d|5s3p2d]                                   
  H1          1    1.0000    18     9      [6s4p|3s2p]                                        
  H2          1    1.0000    18     9      [6s4p|3s2p]                                        
  H3          1    1.0000    18     9      [6s4p|3s2p]                                        
  H4          1    1.0000    18     9      [6s4p|3s2p]                                        
  H5          1    1.0000    18     9      [6s4p|3s2p]                                        
  H6          1    1.0000    18     9      [6s4p|3s2p]                                        
  ----------------------------------------------------------------------
  total:     12   42.0000   396   198
  ----------------------------------------------------------------------
  Spherical harmonic basis used.

  Threshold for neglecting AO integrals:  1.00D-15


  Cartesian Coordinates (a.u.)
  ----------------------------

  Total number of coordinates:   36
  C1      :     1  x   2.6462324300    2  y   0.0000000000    3  z   0.0000000000
  C2      :     4  x   1.3231162200    5  y   2.2917045100    6  z   0.0000000000
  C3      :     7  x  -1.3231162200    8  y   2.2917045100    9  z   0.0000000000
  C4      :    10  x  -2.6462324300   11  y   0.0000000000   12  z   0.0000000000
  C5      :    13  x  -1.3231162200   14  y  -2.2917045100   15  z   0.0000000000
  C6      :    16  x   1.3231162200   17  y  -2.2917045100   18  z   0.0000000000
  H1      :    19  x   4.7082995400   20  y   0.0000000000   21  z   0.0000000000
  H2      :    22  x   2.3541497700   23  y   4.0775070100   24  z   0.0000000000
  H3      :    25  x  -2.3541497700   26  y   4.0775070100   27  z   0.0000000000
  H4      :    28  x  -4.7082995400   29  y   0.0000000000   30  z   0.0000000000
  H5      :    31  x  -2.3541497700   32  y  -4.0775070100   33  z   0.0000000000
  H6      :    34  x   2.3541497700   35  y  -4.0775070100   36  z   0.0000000000


   Interatomic separations (in Angstrom):
   --------------------------------------

            C1          C2          C3          C4          C5          C6    
            ------      ------      ------      ------      ------      ------
 C1    :    0.000000
 C2    :    1.400326    0.000000
 C3    :    2.425436    1.400326    0.000000
 C4    :    2.800652    2.425436    1.400326    0.000000
 C5    :    2.425436    2.800652    2.425436    1.400326    0.000000
 C6    :    1.400326    2.425436    2.800652    2.425436    1.400326    0.000000
 H1    :    1.091199    2.163253    3.414316    3.891851    3.414316    2.163253
 H2    :    2.163253    1.091199    2.163253    3.414316    3.891851    3.414316
 H3    :    3.414316    2.163253    1.091199    2.163253    3.414316    3.891851
 H4    :    3.891851    3.414316    2.163253    1.091199    2.163253    3.414316
 H5    :    3.414316    3.891851    3.414316    2.163253    1.091199    2.163253
 H6    :    2.163253    3.414316    3.891851    3.414316    2.163253    1.091199

            H1          H2          H3          H4          H5          H6    
            ------      ------      ------      ------      ------      ------
 H1    :    0.000000
 H2    :    2.491525    0.000000
 H3    :    4.315448    2.491525    0.000000
 H4    :    4.983050    4.315448    2.491525    0.000000
 H5    :    4.315448    4.983050    4.315448    2.491525    0.000000
 H6    :    2.491525    4.315448    4.983050    4.315448    2.491525    0.000000


  Max    interatomic separation is    4.9830 Angstrom (    9.4166 Bohr)
  between atoms   10 and    7, "H4    " and "H1    ".

  Min HX interatomic separation is    1.0912 Angstrom (    2.0621 Bohr)

  Min YX interatomic separation is    1.4003 Angstrom (    2.6462 Bohr)


  Bond distances (Angstrom):
  --------------------------

                  atom 1     atom 2       distance
                  ------     ------       --------
  bond distance:  C2         C1           1.400326
  bond distance:  C3         C2           1.400326
  bond distance:  C4         C3           1.400326
  bond distance:  C5         C4           1.400326
  bond distance:  C6         C1           1.400326
  bond distance:  C6         C5           1.400326
  bond distance:  H1         C1           1.091199
  bond distance:  H2         C2           1.091199
  bond distance:  H3         C3           1.091199
  bond distance:  H4         C4           1.091199
  bond distance:  H5         C5           1.091199
  bond distance:  H6         C6           1.091199


  Bond angles (degrees):
  ----------------------

                  atom 1     atom 2     atom 3         angle
                  ------     ------     ------         -----
  bond angle:     C2         C1         C6           120.000
  bond angle:     C2         C1         H1           120.000
  bond angle:     C6         C1         H1           120.000
  bond angle:     C1         C2         C3           120.000
  bond angle:     C1         C2         H2           120.000
  bond angle:     C3         C2         H2           120.000
  bond angle:     C2         C3         C4           120.000
  bond angle:     C2         C3         H3           120.000
  bond angle:     C4         C3         H3           120.000
  bond angle:     C3         C4         C5           120.000
  bond angle:     C3         C4         H4           120.000
  bond angle:     C5         C4         H4           120.000
  bond angle:     C4         C5         C6           120.000
  bond angle:     C4         C5         H5           120.000
  bond angle:     C6         C5         H5           120.000
  bond angle:     C1         C6         C5           120.000
  bond angle:     C1         C6         H6           120.000
  bond angle:     C5         C6         H6           120.000




 Principal moments of inertia (u*A**2) and principal axes
 --------------------------------------------------------

   IA      89.361668          1.000000    0.000000    0.000000
   IB      89.361668          0.000000    1.000000    0.000000
   IC     178.723335          0.000000    0.000000    1.000000


 Rotational constants
 --------------------

 The molecule is planar.

               A                   B                   C

           5655.4339           5655.4339           2827.7170 MHz
            0.188645            0.188645            0.094322 cm-1


@  Nuclear repulsion energy :  202.612011200423 Hartree


                     .---------------------------------------.
                     | Starting in Integral Section (HERMIT) |
                     `---------------------------------------'



    *************************************************************************
    ****************** Output from HERMIT input processing ******************
    *************************************************************************


 Default print level:        1

 * Nuclear model: Point charge

 Calculation of one- and two-electron Hamiltonian integrals.

 Center of mass  (bohr):      0.000000000000      0.000000000000      0.000000000000
 Operator center (bohr):      0.000000000000      0.000000000000      0.000000000000
 Gauge origin    (bohr):      0.000000000000      0.000000000000      0.000000000000
 Dipole origin   (bohr):      0.000000000000      0.000000000000      0.000000000000


     ************************************************************************
     ************************** Output from HERINT **************************
     ************************************************************************

 >>>  Time used in ONEDRV     is   0.16 seconds

 Threshold for neglecting two-electron integrals:  1.00D-15
 Number of two-electron integrals written:    99536685 ( 51.3% )
 Megabytes written:                           1520.080

 >>>  Time used in TWOINT     is  57.76 seconds
 >>>> Total CPU  time used in HERMIT:  58.29 seconds
 >>>> Total wall time used in HERMIT:  1 minute   0 seconds


                        .----------------------------------.
                        | End of Integral Section (HERMIT) |
                        `----------------------------------'



                   .--------------------------------------------.
                   | Starting in Wave Function Section (SIRIUS) |
                   `--------------------------------------------'



                     +---------------------------------------+
                     ! Asymptotically Corrected XC Potential !
                     +---------------------------------------+



 Interpolation Scheme
 --------------------

      tanh Interpolation               
                                       


 Asymptotic Potential
 --------------------

      Asymp. Pot. From Multipole Exp.  


 Input Ionization Potentials
 ---------------------------

      Alpha IP          0.340
      Beta IP           0.340


 Interpolation Region Definition
 -------------------------------

      Bragg Radius 1    3.000
      Bragg Radius 2    4.000


 Settings for DFT calculation:
 -----------------------------

     Redefined thresholds:                                     1.00D-09    1.00D-10    2.00D-12
     Redefined threshold for number of electrons:              1.00D-02
     DFT radial quadrature accuracy and ang. expansion order:              1.00D-13  35


@ Primary orbitals are deleted during canonical orthonormalization
@   because of detected numerical linear dependence or too large coefficients.
@ Eigenvalue threshold for num. lin. dep. =  1.00D-06

@   2 MO components are deleted in symmetry    1
 Overlap eigenvalues of the deleted orbitals:
  6.52D-07  1.15D-07

 Max MO coeff. of last deleted MO & limit:  3.80D+02  1.00D+03

 *** Output from Huckel module :

     Using EWMO model:          T
     Using EHT  model:          F
     Number of Huckel orbitals each symmetry:   36

 EWMO - Energy Weighted Maximum Overlap - is a Huckel type method,
        which normally is better than Extended Huckel Theory.
 Reference: Linderberg and Ohrn, Propagators in Quantum Chemistry (Wiley, 1973)

 Huckel EWMO eigenvalues for symmetry :  1
          -11.363915     -11.353898     -11.353898     -11.347526     -11.347526
          -11.344088      -1.905415      -1.433451      -1.433451      -0.993223
           -0.993223      -0.904267      -0.802102      -0.658379      -0.553470
           -0.553470      -0.521486      -0.477057      -0.477057      -0.407162
           -0.407162      -0.250793      -0.250793      -0.183597      -0.140688
           -0.123527      -0.122824      -0.122824      -0.122265      -0.122265
           -0.102214      -0.102214      -0.096282      -0.096282      -0.084324
           -0.075083

 **********************************************************************
 *SIRIUS* a direct, restricted step, second order MCSCF program       *
 **********************************************************************

 
     Date and time (Linux)  : Tue Mar 11 12:28:28 2014
     Host name              : whirligig                               

 Title lines from ".mol" input file:
       benzene                                                               
       Basis is sadlej                                                       

 Print level on unit LUPRI =   2 is   0
 Print level on unit LUW4  =   2 is   5

@    Restricted, closed shell Kohn-Sham DFT calculation.

 Initial molecular orbitals are obtained according to
 ".MOSTART EWMO  " input option

     Wave function specification
     ============================
@    For the wave function of type :      >>> KS-DFT <<<
@    Number of closed shell electrons          42
@    Number of electrons in active shells       0
@    Total charge of the molecule               0

@    Spin multiplicity and 2 M_S                1         0
     Total number of symmetries                 1
@    Reference state symmetry                   1
 
     This is a DFT calculation of type: PBE0
 Weighted mixed functional:
               HF exchange:    0.25000
                      pbex:    0.75000
                      PBEC:    1.00000

     Orbital specifications
     ======================
     Abelian symmetry species          All |    1
                                       --- |  ---
@    Occupied SCF orbitals              21 |   21
     Secondary orbitals                175 |  175
     Total number of orbitals          196 |  196
     Number of basis functions         198 |  198

     Optimization information
     ========================
@    Number of configurations                 1
@    Number of orbital rotations           3675
     ------------------------------------------
@    Total number of variables             3676

     Maximum number of Fock   iterations      0
     Maximum number of DIIS   iterations     60
     Maximum number of QC-SCF iterations     60
     Threshold for SCF convergence     1.00D-06
 
     This is a DFT calculation of type: PBE0
 Weighted mixed functional:
               HF exchange:    0.25000
                      pbex:    0.75000
                      PBEC:    1.00000


 >>>>> DIIS optimization of Hartree-Fock <<<<<

 C1-DIIS algorithm; max error vectors =    5

 Iter      Total energy        Error norm    Delta(E)  DIIS dim.
 -----------------------------------------------------------------------------
      K-S energy, electrons, error :    -25.381576367568  42.0000216259    2.16D-05
@  1    -231.236876550        3.38118D+00   -2.31D+02    1
      Virial theorem: -V/T =      2.024116
@      MULPOP C1      0.36; C2      0.36; C3      0.36; C4      0.36; C5      0.36; C6      0.36; H1     -0.36; H2     -0.36; H3     -0.36; H4     -0.36; 
@             H5     -0.36; H6     -0.36; 
      E_HOMO Alpha      -0.529065739840  E_HOMO Beta      -0.529065739840     v_xc(inf)     -0.189365739840
      E_LUMO Alpha      -0.260394146865  E_LUMO Beta      -0.260394146865
 -----------------------------------------------------------------------------
      K-S energy, electrons, error :    -26.773267623475  41.9999822091   -1.78D-05
@  2    -231.550582854        2.45897D+00   -3.14D-01    2
      Virial theorem: -V/T =      1.984145
@      MULPOP C1      0.65; C2      0.65; C3      0.65; C4      0.65; C5      0.65; C6      0.65; H1     -0.65; H2     -0.65; H3     -0.65; H4     -0.65; 
@             H5     -0.65; H6     -0.65; 
      E_HOMO Alpha      -0.241337111399  E_HOMO Beta      -0.241337111399     v_xc(inf)      0.098362888601
      E_LUMO Alpha      -0.025720513026  E_LUMO Beta      -0.025720513026
 -----------------------------------------------------------------------------
      K-S energy, electrons, error :    -26.082879425419  41.9999995194   -4.81D-07
@  3    -231.978272789        6.20693D-01   -4.28D-01    3
      Virial theorem: -V/T =      2.010046
@      MULPOP C1      1.12; C2      1.12; C3      1.12; C4      1.12; C5      1.12; C6      1.12; H1     -1.12; H2     -1.12; H3     -1.12; H4     -1.12; 
@             H5     -1.12; H6     -1.12; 
      E_HOMO Alpha      -0.265128301589  E_HOMO Beta      -0.265128301589     v_xc(inf)      0.074571698411
      E_LUMO Alpha      -0.009700318088  E_LUMO Beta      -0.009700318088
 -----------------------------------------------------------------------------
      K-S energy, electrons, error :    -26.154584825740  41.9999968491   -3.15D-06
@  4    -232.002440478        9.40898D-02   -2.42D-02    4
      Virial theorem: -V/T =      2.007587
@      MULPOP C1      1.05; C2      1.05; C3      1.05; C4      1.05; C5      1.05; C6      1.05; H1     -1.05; H2     -1.05; H3     -1.05; H4     -1.05; 
@             H5     -1.05; H6     -1.05; 
      E_HOMO Alpha      -0.266961432637  E_HOMO Beta      -0.266961432637     v_xc(inf)      0.072738567363
      E_LUMO Alpha      -0.011513679884  E_LUMO Beta      -0.011513679884
 -----------------------------------------------------------------------------
      K-S energy, electrons, error :    -26.169864839048  41.9999972073   -2.79D-06
@  5    -232.002895780        6.79984D-03   -4.55D-04    5
      Virial theorem: -V/T =      2.007030
@      MULPOP C1      1.03; C2      1.03; C3      1.03; C4      1.03; C5      1.03; C6      1.03; H1     -1.03; H2     -1.03; H3     -1.03; H4     -1.03; 
@             H5     -1.03; H6     -1.03; 
      E_HOMO Alpha      -0.266283571332  E_HOMO Beta      -0.266283571332     v_xc(inf)      0.073416428668
      E_LUMO Alpha      -0.010601740348  E_LUMO Beta      -0.010601740348
 -----------------------------------------------------------------------------
      K-S energy, electrons, error :    -26.170643682564  41.9999972428   -2.76D-06
@  6    -232.002868251        1.09290D-03    2.75D-05    5

!!! Info: DIIS restarted because it was stalled ...
 - energy changed by    2.753E-05
 - gradient changed by -5.707E-03
 - or strange C vector coeff. for current index (=  1) :
    1.009360   -0.000639   -0.001246   -0.004436   -0.003040

! Backstep to previous Fock matrix because energy increased.
      Virial theorem: -V/T =      2.007030
@      MULPOP C1      1.03; C2      1.03; C3      1.03; C4      1.03; C5      1.03; C6      1.03; H1     -1.03; H2     -1.03; H3     -1.03; H4     -1.03; 
@             H5     -1.03; H6     -1.03; 
   6  Level shift: occupied orbital energies shifted by -2.75D-04
      E_HOMO Alpha      -0.266589176117  E_HOMO Beta      -0.266589176117     v_xc(inf)      0.073110823883
      E_LUMO Alpha      -0.010633253644  E_LUMO Beta      -0.010633253644
 -----------------------------------------------------------------------------
      K-S energy, electrons, error :    -26.170439215536  41.9999972329   -2.77D-06
@  7    -232.002871489        2.28842D-03   -3.24D-06    2
      Virial theorem: -V/T =      2.007037
@      MULPOP C1      1.03; C2      1.03; C3      1.03; C4      1.03; C5      1.03; C6      1.03; H1     -1.03; H2     -1.03; H3     -1.03; H4     -1.03; 
@             H5     -1.03; H6     -1.03; 
      E_HOMO Alpha      -0.266035334346  E_HOMO Beta      -0.266035334346     v_xc(inf)      0.073664665654
      E_LUMO Alpha      -0.010391361966  E_LUMO Beta      -0.010391361966
 -----------------------------------------------------------------------------
      K-S energy, electrons, error :    -26.170162068347  41.9999972606   -2.74D-06
@  8    -232.002870256        1.52539D-03    1.23D-06    3
      Virial theorem: -V/T =      2.007046
@      MULPOP C1      1.02; C2      1.02; C3      1.02; C4      1.02; C5      1.02; C6      1.02; H1     -1.02; H2     -1.02; H3     -1.02; H4     -1.02; 
@             H5     -1.02; H6     -1.02; 
      E_HOMO Alpha      -0.266104026172  E_HOMO Beta      -0.266104026172     v_xc(inf)      0.073595973828
      E_LUMO Alpha      -0.010426316255  E_LUMO Beta      -0.010426316255
 -----------------------------------------------------------------------------
      K-S energy, electrons, error :    -26.170516108768  41.9999972538   -2.75D-06
@  9    -232.002866651        4.30757D-04    3.60D-06    4
      Virial theorem: -V/T =      2.007035
@      MULPOP C1      1.02; C2      1.02; C3      1.02; C4      1.02; C5      1.02; C6      1.02; H1     -1.02; H2     -1.02; H3     -1.02; H4     -1.02; 
@             H5     -1.02; H6     -1.02; 
      E_HOMO Alpha      -0.266050917045  E_HOMO Beta      -0.266050917045     v_xc(inf)      0.073649082955
      E_LUMO Alpha      -0.010373238453  E_LUMO Beta      -0.010373238453
 -----------------------------------------------------------------------------
      K-S energy, electrons, error :    -26.170423298263  41.9999972568   -2.74D-06
@ 10    -232.002866374        2.46258D-05    2.77D-07    5
      Virial theorem: -V/T =      2.007039
@      MULPOP C1      1.02; C2      1.02; C3      1.02; C4      1.02; C5      1.02; C6      1.02; H1     -1.02; H2     -1.02; H3     -1.02; H4     -1.02; 
@             H5     -1.02; H6     -1.02; 
      E_HOMO Alpha      -0.266049954023  E_HOMO Beta      -0.266049954023     v_xc(inf)      0.073650045977
      E_LUMO Alpha      -0.010371553218  E_LUMO Beta      -0.010371553218
 -----------------------------------------------------------------------------
      K-S energy, electrons, error :    -26.170432058901  41.9999972568   -2.74D-06
@ 11    -232.002866203        3.84215D-06    1.72D-07    5
      Virial theorem: -V/T =      2.007039
@      MULPOP C1      1.02; C2      1.02; C3      1.02; C4      1.02; C5      1.02; C6      1.02; H1     -1.02; H2     -1.02; H3     -1.02; H4     -1.02; 
@             H5     -1.02; H6     -1.02; 
      E_HOMO Alpha      -0.266049603185  E_HOMO Beta      -0.266049603185     v_xc(inf)      0.073650396815
      E_LUMO Alpha      -0.010371247802  E_LUMO Beta      -0.010371247802
 -----------------------------------------------------------------------------
      K-S energy, electrons, error :    -26.170430793283  41.9999972568   -2.74D-06
@ 12    -232.002866220        5.76003D-07   -1.77D-08    5

@ *** DIIS converged in  12 iterations !
@     Converged SCF energy, gradient:   -232.002866220356    5.76D-07
    - total time used in SIRFCK :              0.00 seconds


 *** SCF orbital energy analysis ***

 Only the five lowest virtual orbital energies printed in each symmetry.

 Number of electrons :   42
 Orbital occupations :   21

 Sym       Kohn-Sham orbital energies

  1    -10.24287698   -10.24263381   -10.24263318   -10.24205168   -10.24205105
       -10.24178344    -0.87874875    -0.76869326    -0.76869253    -0.62109197
        -0.62109167    -0.53703595    -0.47532730    -0.45981902    -0.43271587
        -0.43271467    -0.38169604    -0.35479760    -0.35479719    -0.26604988
        -0.26604962    -0.01037128    -0.01037089     0.01126822     0.02929407
         0.02929474

    E(LUMO) :    -0.01037128 au (symmetry 1)
  - E(HOMO) :    -0.26604962 au (symmetry 1)
  ------------------------------------------
    gap     :     0.25567834 au

 >>> Writing SIRIFC interface file <<<

 >>>> CPU and wall time for SCF :     705.072     705.268


                       .-----------------------------------.
                       | >>> Final results from SIRIUS <<< |
                       `-----------------------------------'


@    Spin multiplicity:           1
@    Spatial symmetry:            1
@    Total charge of molecule:    0

@    Final DFT energy:           -232.002866220356                 
@    Nuclear repulsion:           202.612011200423
@    Electronic energy:          -434.614877420779

@    Final gradient norm:           0.000000576003

 
     Date and time (Linux)  : Tue Mar 11 12:40:14 2014
     Host name              : whirligig                               

 (Only coefficients >0.0100 are printed.)

 Molecular orbitals for symmetry species  1
 ------------------------------------------

    Orbital        17       18       19       20       21       22       23
   3 C1  :1s     0.0000  -0.0111  -0.0000  -0.0000  -0.0000   0.0000   0.0000
   4 C1  :1s    -0.0000  -0.1193  -0.0000   0.0000   0.0000  -0.0000  -0.0000
   5 C1  :1s    -0.0000  -1.0020  -0.0000   0.0000   0.0000   0.0000  -0.0000
   6 C1  :2px    0.0000   0.2552   0.0000  -0.0000  -0.0000  -0.0000   0.0000
   7 C1  :2py    0.0000   0.0000  -0.2990  -0.0000   0.0000   0.0000  -0.0000
   8 C1  :2pz    0.2565   0.0000   0.0000  -0.3921  -0.0000   0.4102   0.0000
   9 C1  :2px    0.0000  -0.5192  -0.0000  -0.0000   0.0000   0.0000  -0.0000
  10 C1  :2py   -0.0000   0.0000  -0.0842  -0.0000  -0.0000  -0.0000   0.0000
  11 C1  :2pz    0.0761  -0.0000  -0.0000  -0.1398  -0.0000   0.2733   0.0000
  12 C1  :2px    0.0000   0.4800   0.0000  -0.0000   0.0000  -0.0000  -0.0000
  13 C1  :2py   -0.0000  -0.0000   0.0979  -0.0000  -0.0000   0.0000   0.0000
  14 C1  :2pz    0.0042  -0.0000  -0.0000   0.0220   0.0000   0.1738   0.0000
  15 C1  :3d2-  -0.0000  -0.0000   0.0212   0.0000  -0.0000   0.0000   0.0000
  16 C1  :3d1-  -0.0000  -0.0000  -0.0000   0.0000  -0.0307   0.0000  -0.0453
  18 C1  :3d1+  -0.0153  -0.0000  -0.0000   0.0086   0.0000   0.0165   0.0000
  19 C1  :3d2+  -0.0000   0.0342   0.0000  -0.0000  -0.0000  -0.0000  -0.0000
  20 C1  :3d2-  -0.0000   0.0000  -0.1202   0.0000  -0.0000   0.0000   0.0000
  21 C1  :3d1-   0.0000   0.0000   0.0000   0.0000  -0.0358   0.0000  -0.0614
  22 C1  :3d0   -0.0000  -0.0925  -0.0000   0.0000  -0.0000  -0.0000   0.0000
  23 C1  :3d1+  -0.0006   0.0000   0.0000  -0.0012  -0.0000   0.0291   0.0000
  24 C1  :3d2+  -0.0000  -0.1209  -0.0000   0.0000  -0.0000   0.0000   0.0000
  28 C2  :1s     0.0000   0.0597  -0.1033   0.0000   0.0000  -0.0000  -0.0000
  29 C2  :1s    -0.0000   0.5010  -0.8678   0.0000  -0.0000  -0.0000   0.0000
  30 C2  :2px    0.0000  -0.2881  -0.0190   0.0000   0.0000   0.0000  -0.0000
  31 C2  :2py    0.0000   0.0190   0.2662   0.0000  -0.0000   0.0000  -0.0000
  32 C2  :2pz    0.2565  -0.0000   0.0000  -0.1961  -0.3396  -0.2051  -0.3552
  33 C2  :2px   -0.0000   0.0666  -0.2613   0.0000  -0.0000   0.0000   0.0000
  34 C2  :2py   -0.0000   0.2613  -0.3683   0.0000  -0.0000  -0.0000  -0.0000
  35 C2  :2pz    0.0761   0.0000  -0.0000  -0.0699  -0.1211  -0.1367  -0.2367
  36 C2  :2px    0.0000  -0.0465   0.2503   0.0000   0.0000   0.0000   0.0000
  37 C2  :2py    0.0000  -0.2503   0.3355   0.0000   0.0000  -0.0000  -0.0000
  38 C2  :2pz    0.0041   0.0000   0.0000   0.0110   0.0190  -0.0869  -0.1506
  39 C2  :3d2-   0.0000  -0.0057   0.0310   0.0000   0.0000   0.0000  -0.0000
  40 C2  :3d1-  -0.0132   0.0000   0.0000   0.0170  -0.0012  -0.0268  -0.0011
  42 C2  :3d1+  -0.0076   0.0000   0.0000  -0.0209   0.0170   0.0298  -0.0268
  43 C2  :3d2+  -0.0000   0.0245  -0.0057  -0.0000  -0.0000   0.0000   0.0000
  44 C2  :3d2-  -0.0000   0.0003  -0.1207  -0.0000  -0.0000   0.0000   0.0000
  45 C2  :3d1-  -0.0005  -0.0000   0.0000   0.0150  -0.0098  -0.0392  -0.0064
  46 C2  :3d0    0.0000   0.0463  -0.0801  -0.0000   0.0000  -0.0000  -0.0000
  47 C2  :3d1+  -0.0003  -0.0000  -0.0000  -0.0271   0.0150   0.0388  -0.0392
  48 C2  :3d2+  -0.0000  -0.1203   0.0003   0.0000   0.0000  -0.0000  -0.0000
  52 C3  :1s     0.0000   0.0597   0.1033  -0.0000  -0.0000   0.0000   0.0000
  53 C3  :1s     0.0000   0.5010   0.8678  -0.0000   0.0000   0.0000  -0.0000
  54 C3  :2px    0.0000   0.2881  -0.0190  -0.0000   0.0000  -0.0000   0.0000
  55 C3  :2py    0.0000   0.0190  -0.2662  -0.0000  -0.0000   0.0000   0.0000
  56 C3  :2pz    0.2565   0.0000  -0.0000   0.1961  -0.3396  -0.2051   0.3552
  57 C3  :2px   -0.0000  -0.0666  -0.2613   0.0000  -0.0000  -0.0000   0.0000
  58 C3  :2py    0.0000   0.2613   0.3683  -0.0000   0.0000   0.0000   0.0000
  59 C3  :2pz    0.0761  -0.0000   0.0000   0.0699  -0.1211  -0.1367   0.2367
  60 C3  :2px    0.0000   0.0465   0.2503   0.0000  -0.0000  -0.0000  -0.0000
  61 C3  :2py   -0.0000  -0.2503  -0.3355  -0.0000  -0.0000   0.0000   0.0000
  62 C3  :2pz    0.0041  -0.0000   0.0000  -0.0110   0.0190  -0.0869   0.1506
  63 C3  :3d2-   0.0000   0.0057   0.0310   0.0000   0.0000  -0.0000  -0.0000
  64 C3  :3d1-  -0.0132  -0.0000  -0.0000  -0.0170  -0.0012  -0.0268   0.0011
  66 C3  :3d1+   0.0076   0.0000  -0.0000  -0.0209  -0.0170  -0.0298  -0.0268
  67 C3  :3d2+   0.0000   0.0245   0.0057   0.0000   0.0000   0.0000  -0.0000
  68 C3  :3d2-  -0.0000  -0.0003  -0.1207  -0.0000   0.0000   0.0000   0.0000
  69 C3  :3d1-  -0.0005   0.0000  -0.0000  -0.0150  -0.0098  -0.0392   0.0064
  70 C3  :3d0    0.0000   0.0463   0.0801   0.0000  -0.0000  -0.0000   0.0000
  71 C3  :3d1+   0.0003  -0.0000   0.0000  -0.0271  -0.0150  -0.0388  -0.0392
  72 C3  :3d2+  -0.0000  -0.1203  -0.0003  -0.0000   0.0000   0.0000   0.0000
  75 C4  :1s    -0.0000  -0.0111  -0.0000  -0.0000   0.0000  -0.0000  -0.0000
  76 C4  :1s    -0.0000  -0.1193  -0.0000   0.0000  -0.0000  -0.0000   0.0000
  77 C4  :1s    -0.0000  -1.0020  -0.0000   0.0000  -0.0000  -0.0000   0.0000
  78 C4  :2px    0.0000  -0.2552  -0.0000   0.0000  -0.0000  -0.0000   0.0000
  79 C4  :2py    0.0000  -0.0000   0.2990   0.0000   0.0000  -0.0000   0.0000
  80 C4  :2pz    0.2565   0.0000  -0.0000   0.3921   0.0000   0.4102   0.0000
  81 C4  :2px    0.0000   0.5192   0.0000  -0.0000   0.0000   0.0000  -0.0000
  82 C4  :2py    0.0000  -0.0000   0.0842   0.0000   0.0000   0.0000  -0.0000
  83 C4  :2pz    0.0761   0.0000  -0.0000   0.1398   0.0000   0.2733   0.0000
  84 C4  :2px    0.0000  -0.4800  -0.0000   0.0000   0.0000   0.0000   0.0000
  85 C4  :2py    0.0000   0.0000  -0.0979   0.0000   0.0000  -0.0000  -0.0000
  86 C4  :2pz    0.0042   0.0000  -0.0000  -0.0220  -0.0000   0.1738   0.0000
  87 C4  :3d2-  -0.0000  -0.0000   0.0212  -0.0000  -0.0000  -0.0000   0.0000
  88 C4  :3d1-  -0.0000  -0.0000  -0.0000   0.0000  -0.0307  -0.0000   0.0453
  90 C4  :3d1+   0.0153   0.0000  -0.0000   0.0086   0.0000  -0.0165  -0.0000
  91 C4  :3d2+   0.0000   0.0342   0.0000  -0.0000  -0.0000  -0.0000  -0.0000
  92 C4  :3d2-  -0.0000   0.0000  -0.1202   0.0000  -0.0000   0.0000   0.0000
  93 C4  :3d1-   0.0000  -0.0000  -0.0000   0.0000  -0.0358  -0.0000   0.0614
  94 C4  :3d0   -0.0000  -0.0925  -0.0000  -0.0000   0.0000   0.0000  -0.0000
  95 C4  :3d1+   0.0006   0.0000  -0.0000  -0.0012  -0.0000  -0.0291  -0.0000
  96 C4  :3d2+   0.0000  -0.1209  -0.0000  -0.0000   0.0000   0.0000  -0.0000
 100 C5  :1s     0.0000   0.0597  -0.1033   0.0000   0.0000   0.0000   0.0000
 101 C5  :1s     0.0000   0.5010  -0.8678  -0.0000   0.0000   0.0000   0.0000
 102 C5  :2px   -0.0000   0.2881   0.0190  -0.0000   0.0000   0.0000   0.0000
 103 C5  :2py    0.0000  -0.0190  -0.2662  -0.0000   0.0000   0.0000   0.0000
 104 C5  :2pz    0.2565   0.0000  -0.0000   0.1961   0.3396  -0.2051  -0.3552
 105 C5  :2px   -0.0000  -0.0666   0.2613   0.0000  -0.0000  -0.0000  -0.0000
 106 C5  :2py   -0.0000  -0.2613   0.3683   0.0000  -0.0000  -0.0000   0.0000
 107 C5  :2pz    0.0761  -0.0000   0.0000   0.0699   0.1211  -0.1367  -0.2367
 108 C5  :2px   -0.0000   0.0465  -0.2503  -0.0000  -0.0000  -0.0000   0.0000
 109 C5  :2py   -0.0000   0.2503  -0.3355  -0.0000  -0.0000  -0.0000   0.0000
 110 C5  :2pz    0.0041  -0.0000   0.0000  -0.0110  -0.0190  -0.0869  -0.1506
 111 C5  :3d2-   0.0000  -0.0057   0.0310   0.0000   0.0000   0.0000  -0.0000
 112 C5  :3d1-   0.0132  -0.0000  -0.0000   0.0170  -0.0012   0.0268   0.0011
 114 C5  :3d1+   0.0076  -0.0000  -0.0000  -0.0209   0.0170  -0.0298   0.0268
 115 C5  :3d2+  -0.0000   0.0245  -0.0057   0.0000  -0.0000  -0.0000   0.0000
 116 C5  :3d2-  -0.0000   0.0003  -0.1207   0.0000  -0.0000  -0.0000   0.0000
 117 C5  :3d1-   0.0005  -0.0000  -0.0000   0.0150  -0.0098   0.0392   0.0064
 118 C5  :3d0    0.0000   0.0463  -0.0801   0.0000  -0.0000  -0.0000   0.0000
 119 C5  :3d1+   0.0003   0.0000   0.0000  -0.0271   0.0150  -0.0388   0.0392
 120 C5  :3d2+   0.0000  -0.1203   0.0003  -0.0000   0.0000   0.0000  -0.0000
 124 C6  :1s    -0.0000   0.0597   0.1033  -0.0000  -0.0000   0.0000   0.0000
 125 C6  :1s    -0.0000   0.5010   0.8678   0.0000  -0.0000  -0.0000  -0.0000
 126 C6  :2px    0.0000  -0.2881   0.0190   0.0000   0.0000   0.0000  -0.0000
 127 C6  :2py    0.0000  -0.0190   0.2662   0.0000   0.0000   0.0000   0.0000
 128 C6  :2pz    0.2565  -0.0000   0.0000  -0.1961   0.3396  -0.2051   0.3552
 129 C6  :2px   -0.0000   0.0666   0.2613   0.0000  -0.0000  -0.0000   0.0000
 130 C6  :2py    0.0000  -0.2613  -0.3683  -0.0000   0.0000   0.0000  -0.0000
 131 C6  :2pz    0.0761   0.0000  -0.0000  -0.0699   0.1211  -0.1367   0.2367
 132 C6  :2px   -0.0000  -0.0465  -0.2503   0.0000  -0.0000   0.0000   0.0000
 133 C6  :2py    0.0000   0.2503   0.3355  -0.0000   0.0000   0.0000  -0.0000
 134 C6  :2pz    0.0041   0.0000   0.0000   0.0110  -0.0190  -0.0869   0.1506
 135 C6  :3d2-   0.0000   0.0057   0.0310  -0.0000   0.0000  -0.0000  -0.0000
 136 C6  :3d1-   0.0132   0.0000   0.0000  -0.0170  -0.0012   0.0268  -0.0011
 138 C6  :3d1+  -0.0076  -0.0000  -0.0000  -0.0209  -0.0170   0.0298   0.0268
 139 C6  :3d2+   0.0000   0.0245   0.0057   0.0000   0.0000   0.0000  -0.0000
 140 C6  :3d2-  -0.0000  -0.0003  -0.1207   0.0000  -0.0000  -0.0000   0.0000
 141 C6  :3d1-   0.0005   0.0000   0.0000  -0.0150  -0.0098   0.0392  -0.0064
 142 C6  :3d0   -0.0000   0.0463   0.0801  -0.0000   0.0000   0.0000  -0.0000
 143 C6  :3d1+  -0.0003   0.0000   0.0000  -0.0271  -0.0150   0.0388   0.0392
 144 C6  :3d2+  -0.0000  -0.1203  -0.0003   0.0000  -0.0000   0.0000   0.0000
 145 H1  :1s     0.0000   0.2681   0.0000  -0.0000  -0.0000  -0.0000  -0.0000
 146 H1  :1s    -0.0000   0.9350   0.0000  -0.0000  -0.0000  -0.0000  -0.0000
 147 H1  :1s     0.0000  -0.0713  -0.0000  -0.0000   0.0000   0.0000  -0.0000
 148 H1  :2px   -0.0000  -0.0116  -0.0000  -0.0000   0.0000  -0.0000  -0.0000
 150 H1  :2pz    0.0121  -0.0000   0.0000  -0.0211  -0.0000   0.0343   0.0000
 151 H1  :2px    0.0000  -0.2704  -0.0000   0.0000   0.0000   0.0000   0.0000
 152 H1  :2py    0.0000  -0.0000   0.0119  -0.0000   0.0000  -0.0000  -0.0000
 153 H1  :2pz   -0.0020  -0.0000  -0.0000  -0.0015  -0.0000   0.0200   0.0000
 154 H2  :1s     0.0000  -0.1341   0.2322   0.0000   0.0000   0.0000  -0.0000
 155 H2  :1s     0.0000  -0.4675   0.8098   0.0000   0.0000   0.0000  -0.0000
 156 H2  :1s    -0.0000   0.0357  -0.0618   0.0000  -0.0000  -0.0000   0.0000
 159 H2  :2pz    0.0121   0.0000   0.0000  -0.0106  -0.0183  -0.0172  -0.0297
 160 H2  :2px   -0.0000   0.0765  -0.1119  -0.0000  -0.0000  -0.0000   0.0000
 161 H2  :2py   -0.0000   0.1119  -0.2058  -0.0000  -0.0000  -0.0000   0.0000
 162 H2  :2pz   -0.0020   0.0000  -0.0000  -0.0008  -0.0013  -0.0100  -0.0173
 163 H3  :1s    -0.0000  -0.1341  -0.2322   0.0000  -0.0000   0.0000   0.0000
 164 H3  :1s    -0.0000  -0.4675  -0.8098   0.0000  -0.0000   0.0000   0.0000
 165 H3  :1s     0.0000   0.0357   0.0618  -0.0000   0.0000   0.0000  -0.0000
 168 H3  :2pz    0.0121  -0.0000   0.0000   0.0106  -0.0183  -0.0172   0.0297
 169 H3  :2px   -0.0000  -0.0765  -0.1119   0.0000  -0.0000   0.0000   0.0000
 170 H3  :2py    0.0000   0.1119   0.2058  -0.0000   0.0000   0.0000  -0.0000
 171 H3  :2pz   -0.0020  -0.0000   0.0000   0.0008  -0.0013  -0.0100   0.0173
 172 H4  :1s    -0.0000   0.2681   0.0000  -0.0000   0.0000  -0.0000  -0.0000
 173 H4  :1s     0.0000   0.9350   0.0000  -0.0000  -0.0000  -0.0000  -0.0000
 174 H4  :1s    -0.0000  -0.0713  -0.0000   0.0000  -0.0000  -0.0000   0.0000
 175 H4  :2px    0.0000   0.0116   0.0000  -0.0000   0.0000   0.0000   0.0000
 177 H4  :2pz    0.0121   0.0000  -0.0000   0.0211   0.0000   0.0343   0.0000
 178 H4  :2px    0.0000   0.2704   0.0000  -0.0000   0.0000  -0.0000  -0.0000
 179 H4  :2py   -0.0000   0.0000  -0.0119   0.0000  -0.0000   0.0000   0.0000
 180 H4  :2pz   -0.0020   0.0000  -0.0000   0.0015   0.0000   0.0200   0.0000
 181 H5  :1s     0.0000  -0.1341   0.2322   0.0000   0.0000   0.0000  -0.0000
 182 H5  :1s     0.0000  -0.4675   0.8098   0.0000   0.0000   0.0000  -0.0000
 183 H5  :1s     0.0000   0.0357  -0.0618  -0.0000   0.0000   0.0000  -0.0000
 186 H5  :2pz    0.0121   0.0000   0.0000   0.0106   0.0183  -0.0172  -0.0297
 187 H5  :2px   -0.0000  -0.0765   0.1119   0.0000   0.0000   0.0000   0.0000
 188 H5  :2py    0.0000  -0.1119   0.2058   0.0000   0.0000  -0.0000  -0.0000
 189 H5  :2pz   -0.0020  -0.0000   0.0000   0.0008   0.0013  -0.0100  -0.0173
 190 H6  :1s    -0.0000  -0.1341  -0.2322  -0.0000  -0.0000   0.0000   0.0000
 191 H6  :1s    -0.0000  -0.4675  -0.8098  -0.0000  -0.0000   0.0000   0.0000
 192 H6  :1s    -0.0000   0.0357   0.0618   0.0000  -0.0000  -0.0000   0.0000
 195 H6  :2pz    0.0121   0.0000   0.0000  -0.0106   0.0183  -0.0172   0.0297
 196 H6  :2px   -0.0000   0.0765   0.1119  -0.0000  -0.0000  -0.0000  -0.0000
 197 H6  :2py    0.0000  -0.1119  -0.2058  -0.0000  -0.0000   0.0000   0.0000
 198 H6  :2pz   -0.0020   0.0000  -0.0000  -0.0008   0.0013  -0.0100   0.0173



 >>>> Total CPU  time used in SIRIUS :    705.76 seconds
 >>>> Total wall time used in SIRIUS :    706.83 seconds

 
     Date and time (Linux)  : Tue Mar 11 12:40:14 2014
     Host name              : whirligig                               


                     .---------------------------------------.
                     | End of Wave Function Section (SIRIUS) |
                     `---------------------------------------'

 >>>> Total CPU  time used in DALTON: 12 minutes 44 seconds
 >>>> Total wall time used in DALTON: 12 minutes 47 seconds

 
     Date and time (Linux)  : Tue Mar 11 12:40:14 2014
     Host name              : whirligig                               

Dalton interface to CamCASP

 ********11Mar14 

    202.6120112004229270   -434.6148774207790666      0.0000000000000000   -232.0028662203561396
     1     0     1     0
    21     0    21   196   198     1  3675  3675
     1 38808     0     0 19306 38416     1     1
     2     3     4     5     6     7     8     2
     1     4     3     6     5     8
Summary:
 Number of occupied orbitals :     21
 Number of virtual  orbitals :    175
 Number of molecular orbitals:    196
 Number of basis functions   :    198
 SCF energy                 :  -0.232003E+03 Hartree
 Nuclear potential energy   :   0.202612E+03 Hartree
