Batch  1:   500 points

Sites
O             0.000000    0.000000    0.000000
*** Warning: type O was not defined

H1           -1.453652    0.000000   -1.121687
*** Warning: type H was not defined

H2            1.453652    0.000000   -1.121687

Polarizability parameters
                  Sites       Components  Coefficient
  1  O_10_10_A
                O       O       10   10      1.000
  2  O_10_20_A
                O       O       10   20      1.000
  3  O_10_22c_A
                O       O       10   22c     1.000
  4  O_11c_11c_A
                O       O       11c  11c     1.000
  5  O_11c_21c_A
                O       O       11c  21c     1.000
  6  O_11s_11s_A
                O       O       11s  11s     1.000
  7  O_11s_21s_A
                O       O       11s  21s     1.000
  8  O_20_20_A
                O       O       20   20      1.000
  9  O_20_22c_A
                O       O       20   22c     1.000
 10  O_21c_21c_A
                O       O       21c  21c     1.000
 11  O_21s_21s_A
                O       O       21s  21s     1.000
 12  O_22c_22c_A
                O       O       22c  22c     1.000
 13  O_22s_22s_A
                O       O       22s  22s     1.000
 14  H1_10_10_A
                H2      H2      10   10      1.000
                H1      H1      10   10      1.000
 15  H1_10_11c_A
                H2      H2      10   11c     1.000
                H1      H1      10   11c     1.000
 16  H1_11c_11c_A
                H2      H2      11c  11c     1.000
                H1      H1      11c  11c     1.000
 17  H1_11s_11s_A
                H2      H2      11s  11s     1.000
                H1      H1      11s  11s     1.000
Reading penalties


Static polarizabilities

Response values:
Maximum          0.0056329692
Minimum         -0.0030979681
Range            0.0087309373
Min. magnitude   0.0000000055

Parameter values: 
  1            2.93260157     O_10_10_A
  2            1.45875634     O_10_20_A
  3           -0.86522914     O_10_22c_A
  4            3.68116799     O_11c_11c_A
  5           -1.22563148     O_11c_21c_A
  6            2.92759455     O_11s_11s_A
  7            0.69579281     O_11s_21s_A
  8           11.00307430     O_20_20_A
  9            2.66771321     O_20_22c_A
 10           11.65807590     O_21c_21c_A
 11           15.92473293     O_21s_21s_A
 12           12.99583275     O_22c_22c_A
 13           13.31389361     O_22s_22s_A
 14            0.77172729     H1_10_10_A
 15           -0.08933822     H1_10_11c_A
 16            0.74546294     H1_11c_11c_A
 17            0.63629791     H1_11s_11s_A
Residuals               per cent of range
Maximum      0.00021802       2.497
Minimum     -0.00028626      -3.279
R.m.s.       0.00001076       0.123
Sum of squared residuals =         0.00001

Parameter                Fitted      Anchor    Difference   Penalty
O_10_10_A                2.93260     2.55526     0.37734    9.78264E-07
O_10_20_A                1.45876     1.56313    -0.10437    0.00000E+00
O_10_22c_A              -0.86523    -1.02434     0.15911    0.00000E+00
O_11c_11c_A              3.68117     3.25982     0.42135    1.21975E-06
O_11c_21c_A             -1.22563    -1.09507    -0.13056    0.00000E+00
O_11s_11s_A              2.92759     2.38285     0.54475    2.03881E-06
O_11s_21s_A              0.69579     0.97195    -0.27616    0.00000E+00
O_20_20_A               11.00307     9.42344     1.57963    0.00000E+00
O_20_22c_A               2.66771     1.90715     0.76057    0.00000E+00
O_21c_21c_A             11.65808    13.54156    -1.88349    0.00000E+00
O_21s_21s_A             15.92473    12.49599     3.42875    0.00000E+00
O_22c_22c_A             12.99583    13.03603    -0.04020    0.00000E+00
O_22s_22s_A             13.31389    13.19795     0.11595    0.00000E+00
H1_10_10_A               0.77173     0.90122    -0.12950    1.15215E-07
H1_10_11c_A             -0.08934    -0.06865    -0.02069    2.94180E-09
H1_11c_11c_A             0.74546     0.99678    -0.25132    4.33941E-07
H1_11s_11s_A             0.63630     0.90630    -0.27001    5.00879E-07

Sum of penalties =     5.28980E-06
WARNING: string truncated

Total molecular polarizability
      00          z           x           y           20          21c         21s         22c         22s
     0.00000     0.00000     0.00000     0.00000     0.00000     0.00000     0.00000     0.00000     0.00000
     0.00000     4.61597     0.00000     0.00000    -2.21487     0.00000     0.00000    -1.04328     0.00000
     0.00000     0.00000     5.03218     0.00000     0.00000    -4.02846     0.00000     0.00000     0.00000
     0.00000     0.00000     0.00000     4.20019     0.00000     0.00000    -1.77663     0.00000     0.00000
     0.00000    -2.21487     0.00000     0.00000    21.86861     0.00000     0.00000    -1.87757     0.00000
     0.00000     0.00000    -4.02846     0.00000     0.00000    28.12076     0.00000     0.00000     0.00000
     0.00000     0.00000     0.00000    -1.77663     0.00000     0.00000    20.72821     0.00000     0.00000
     0.00000    -1.04328     0.00000     0.00000    -1.87757     0.00000     0.00000    21.56034     0.00000
     0.00000     0.00000     0.00000     0.00000     0.00000     0.00000     0.00000     0.00000    21.38128
Mean polarizability       =   4.61611
Polarizability anisotropy =   0.72053
Finished
