Batch  1:   500 points

Sites
O             0.000000    0.000000    0.000000
*** Warning: type O was not defined

H1           -1.453652    0.000000   -1.121687
*** Warning: type H was not defined

H2            1.453652    0.000000   -1.121687

Polarizability parameters
                  Sites       Components  Coefficient
  1  O_10_10_A
                O       O       10   10      1.000
  2  O_10_20_A
                O       O       10   20      1.000
  3  O_10_22c_A
                O       O       10   22c     1.000
  4  O_11c_11c_A
                O       O       11c  11c     1.000
  5  O_11c_21c_A
                O       O       11c  21c     1.000
  6  O_11s_11s_A
                O       O       11s  11s     1.000
  7  O_11s_21s_A
                O       O       11s  21s     1.000
  8  O_20_20_A
                O       O       20   20      1.000
  9  O_20_22c_A
                O       O       20   22c     1.000
 10  O_21c_21c_A
                O       O       21c  21c     1.000
 11  O_21s_21s_A
                O       O       21s  21s     1.000
 12  O_22c_22c_A
                O       O       22c  22c     1.000
 13  O_22s_22s_A
                O       O       22s  22s     1.000
 14  H1_10_10_A
                H2      H2      10   10      1.000
                H1      H1      10   10      1.000
 15  H1_10_11c_A
                H2      H2      10   11c     1.000
                H1      H1      10   11c     1.000
 16  H1_11c_11c_A
                H2      H2      11c  11c     1.000
                H1      H1      11c  11c     1.000
 17  H1_11s_11s_A
                H2      H2      11s  11s     1.000
                H1      H1      11s  11s     1.000
Reading penalties


Static polarizabilities

Response values:
Maximum          0.0082596236
Minimum         -0.0045719217
Range            0.0128315452
Min. magnitude   0.0000000062

Parameter values: 
  1            4.31267953     O_10_10_A
  2            1.82711033     O_10_20_A
  3           -1.43490798     O_10_22c_A
  4            5.50454008     O_11c_11c_A
  5           -2.54050303     O_11c_21c_A
  6            4.36353675     O_11s_11s_A
  7            0.62404165     O_11s_21s_A
  8           15.00002835     O_20_20_A
  9            4.39083119     O_20_22c_A
 10           15.41017228     O_21c_21c_A
 11           22.61987164     O_21s_21s_A
 12           17.65401282     O_22c_22c_A
 13           18.45441938     O_22s_22s_A
 14            1.19204951     H1_10_10_A
 15           -0.15023732     H1_10_11c_A
 16            1.03849621     H1_11c_11c_A
 17            0.88549499     H1_11s_11s_A
Residuals               per cent of range
Maximum      0.00032036       2.497
Minimum     -0.00041015      -3.196
R.m.s.       0.00001687       0.131
Sum of squared residuals =         0.00004

Parameter                Fitted      Anchor    Difference   Penalty
O_10_10_A                4.31268     3.85677     0.45591    1.82776E-06
O_10_20_A                1.82711     2.04762    -0.22051    0.00000E+00
O_10_22c_A              -1.43491    -1.93342     0.49852    0.00000E+00
O_11c_11c_A              5.50454     4.96823     0.53631    2.52927E-06
O_11c_21c_A             -2.54050    -2.57432     0.03382    0.00000E+00
O_11s_11s_A              4.36354     3.71780     0.64573    3.66662E-06
O_11s_21s_A              0.62404     0.87076    -0.24672    0.00000E+00
O_20_20_A               15.00003    12.83839     2.16164    0.00000E+00
O_20_22c_A               4.39083     3.53689     0.85394    0.00000E+00
O_21c_21c_A             15.41017    19.37808    -3.96791    0.00000E+00
O_21s_21s_A             22.61987    18.48124     4.13864    0.00000E+00
O_22c_22c_A             17.65401    18.28944    -0.63543    0.00000E+00
O_22s_22s_A             18.45442    18.70566    -0.25124    0.00000E+00
H1_10_10_A               1.19205     1.30065    -0.10860    1.03713E-07
H1_10_11c_A             -0.15024    -0.10770    -0.04254    1.59113E-08
H1_11c_11c_A             1.03850     1.39830    -0.35981    1.13841E-06
H1_11s_11s_A             0.88549     1.20625    -0.32076    9.04705E-07

Sum of penalties =     1.01864E-05
WARNING: string truncated

Total molecular polarizability
      00          z           x           y           20          21c         21s         22c         22s
     0.00000     0.00000     0.00000     0.00000     0.00000     0.00000     0.00000     0.00000     0.00000
     0.00000     6.79494     0.00000     0.00000    -3.41485     0.00000     0.00000    -2.00074     0.00000
     0.00000     0.00000     7.48337     0.00000     0.00000    -6.95084     0.00000     0.00000     0.00000
     0.00000     0.00000     0.00000     6.13453     0.00000     0.00000    -2.81667     0.00000     0.00000
     0.00000    -3.41485     0.00000     0.00000    30.20831     0.00000     0.00000    -1.58234     0.00000
     0.00000     0.00000    -6.95084     0.00000     0.00000    40.81379     0.00000     0.00000     0.00000
     0.00000     0.00000     0.00000    -2.81667     0.00000     0.00000    29.30456     0.00000     0.00000
     0.00000    -2.00074     0.00000     0.00000    -1.58234     0.00000     0.00000    30.19845     0.00000
     0.00000     0.00000     0.00000     0.00000     0.00000     0.00000     0.00000     0.00000    29.68128
Mean polarizability       =   6.80428
Polarizability anisotropy =   1.16822
Finished
