Batch  1:   500 points

Sites
O             0.000000    0.000000    0.000000
*** Warning: type O was not defined

H1           -1.453652    0.000000   -1.121687
*** Warning: type H was not defined

H2            1.453652    0.000000   -1.121687

Polarizability parameters
                  Sites       Components  Coefficient
  1  O_10_10_A
                O       O       10   10      1.000
  2  O_10_20_A
                O       O       10   20      1.000
  3  O_10_22c_A
                O       O       10   22c     1.000
  4  O_11c_11c_A
                O       O       11c  11c     1.000
  5  O_11c_21c_A
                O       O       11c  21c     1.000
  6  O_11s_11s_A
                O       O       11s  11s     1.000
  7  O_11s_21s_A
                O       O       11s  21s     1.000
  8  O_20_20_A
                O       O       20   20      1.000
  9  O_20_22c_A
                O       O       20   22c     1.000
 10  O_21c_21c_A
                O       O       21c  21c     1.000
 11  O_21s_21s_A
                O       O       21s  21s     1.000
 12  O_22c_22c_A
                O       O       22c  22c     1.000
 13  O_22s_22s_A
                O       O       22s  22s     1.000
 14  H1_10_10_A
                H2      H2      10   10      1.000
                H1      H1      10   10      1.000
 15  H1_10_11c_A
                H2      H2      10   11c     1.000
                H1      H1      10   11c     1.000
 16  H1_11c_11c_A
                H2      H2      11c  11c     1.000
                H1      H1      11c  11c     1.000
 17  H1_11s_11s_A
                H2      H2      11s  11s     1.000
                H1      H1      11s  11s     1.000
Reading penalties


Static polarizabilities

Response values:
Maximum          0.0112285961
Minimum         -0.0062888881
Range            0.0175174842
Min. magnitude   0.0000000115

Parameter values: 
  1            5.87251325     O_10_10_A
  2            1.92453527     O_10_20_A
  3           -2.24656234     O_10_22c_A
  4            7.38553727     O_11c_11c_A
  5           -4.29474545     O_11c_21c_A
  6            6.18641037     O_11s_11s_A
  7            0.13746355     O_11s_21s_A
  8           19.62132464     O_20_20_A
  9            6.86033433     O_20_22c_A
 10           18.68146785     O_21c_21c_A
 11           30.54128962     O_21s_21s_A
 12           23.62608568     O_22c_22c_A
 13           23.59992910     O_22s_22s_A
 14            1.63317822     H1_10_10_A
 15           -0.26587064     H1_10_11c_A
 16            1.29311105     H1_11c_11c_A
 17            1.19961541     H1_11s_11s_A
Residuals               per cent of range
Maximum      0.00040317       2.302
Minimum     -0.00053064      -3.029
R.m.s.       0.00002282       0.130
Sum of squared residuals =         0.00007

Parameter                Fitted      Anchor    Difference   Penalty
O_10_10_A                5.87251     5.33832     0.53419    2.84991E-06
O_10_20_A                1.92454     2.37412    -0.44959    0.00000E+00
O_10_22c_A              -2.24656    -3.22120     0.97464    0.00000E+00
O_11c_11c_A              7.38554     6.73221     0.65333    4.26279E-06
O_11c_21c_A             -4.29475    -4.58567     0.29092    0.00000E+00
O_11s_11s_A              6.18641     5.46319     0.72322    5.22357E-06
O_11s_21s_A              0.13746     0.40327    -0.26581    0.00000E+00
O_20_20_A               19.62132    16.65519     2.96613    0.00000E+00
O_20_22c_A               6.86033     6.32532     0.53501    0.00000E+00
O_21c_21c_A             18.68147    25.16096    -6.47949    0.00000E+00
O_21s_21s_A             30.54129    25.99295     4.54834    0.00000E+00
O_22c_22c_A             23.62609    24.82822    -1.20214    0.00000E+00
O_22s_22s_A             23.59993    24.43589    -0.83597    0.00000E+00
H1_10_10_A               1.63318     1.69989    -0.06671    4.44426E-08
H1_10_11c_A             -0.26587    -0.19560    -0.07027    4.93096E-08
H1_11c_11c_A             1.29311     1.78334    -0.49023    2.40009E-06
H1_11s_11s_A             1.19962     1.56176    -0.36214    1.30976E-06

Sum of penalties =     1.61399E-05
WARNING: string truncated

Total molecular polarizability
      00          z           x           y           20          21c         21s         22c         22s
     0.00000     0.00000     0.00000     0.00000     0.00000     0.00000     0.00000     0.00000     0.00000
     0.00000     9.22692     0.00000     0.00000    -4.92647     0.00000     0.00000    -3.41430     0.00000
     0.00000     0.00000     9.88370     0.00000     0.00000   -10.31597     0.00000     0.00000     0.00000
     0.00000     0.00000     0.00000     8.58564     0.00000     0.00000    -4.52381     0.00000     0.00000
     0.00000    -4.92647     0.00000     0.00000    38.75711     0.00000     0.00000     0.33672     0.00000
     0.00000     0.00000   -10.31597     0.00000     0.00000    53.91300     0.00000     0.00000     0.00000
     0.00000     0.00000     0.00000    -4.52381     0.00000     0.00000    39.59730     0.00000     0.00000
     0.00000    -3.41430     0.00000     0.00000     0.33672     0.00000     0.00000    39.46275     0.00000
     0.00000     0.00000     0.00000     0.00000     0.00000     0.00000     0.00000     0.00000    38.80940
Mean polarizability       =   9.23209
Polarizability anisotropy =   1.12418
Finished
