Batch  1:   500 points

Sites
O             0.000000    0.000000    0.000000
*** Warning: type O was not defined

H1           -1.453652    0.000000   -1.121687
*** Warning: type H was not defined

H2            1.453652    0.000000   -1.121687

Polarizability parameters
                  Sites       Components  Coefficient
  1  O_10_10_A
                O       O       10   10      1.000
  2  O_10_20_A
                O       O       10   20      1.000
  3  O_10_22c_A
                O       O       10   22c     1.000
  4  O_11c_11c_A
                O       O       11c  11c     1.000
  5  O_11c_21c_A
                O       O       11c  21c     1.000
  6  O_11s_11s_A
                O       O       11s  11s     1.000
  7  O_11s_21s_A
                O       O       11s  21s     1.000
  8  O_20_20_A
                O       O       20   20      1.000
  9  O_20_22c_A
                O       O       20   22c     1.000
 10  O_21c_21c_A
                O       O       21c  21c     1.000
 11  O_21s_21s_A
                O       O       21s  21s     1.000
 12  O_22c_22c_A
                O       O       22c  22c     1.000
 13  O_22s_22s_A
                O       O       22s  22s     1.000
 14  H1_10_10_A
                H2      H2      10   10      1.000
                H1      H1      10   10      1.000
 15  H1_10_11c_A
                H2      H2      10   11c     1.000
                H1      H1      10   11c     1.000
 16  H1_11c_11c_A
                H2      H2      11c  11c     1.000
                H1      H1      11c  11c     1.000
 17  H1_11s_11s_A
                H2      H2      11s  11s     1.000
                H1      H1      11s  11s     1.000
Reading penalties


Static polarizabilities

Response values:
Maximum          0.0100827178
Minimum         -0.0056133060
Range            0.0156960238
Min. magnitude   0.0000000044

Parameter values: 
  1            5.28017969     O_10_10_A
  2            1.91652863     O_10_20_A
  3           -1.90880083     O_10_22c_A
  4            6.71066917     O_11c_11c_A
  5           -3.63156050     O_11c_21c_A
  6            5.44688251     O_11s_11s_A
  7            0.37581351     O_11s_21s_A
  8           17.89000983     O_20_20_A
  9            5.84591929     O_20_22c_A
 10           17.64079960     O_21c_21c_A
 11           27.51682314     O_21s_21s_A
 12           21.25611197     O_22c_22c_A
 13           21.86671701     O_22s_22s_A
 14            1.46872799     H1_10_10_A
 15           -0.21446839     H1_10_11c_A
 16            1.20223693     H1_11c_11c_A
 17            1.05899022     H1_11s_11s_A
Residuals               per cent of range
Maximum      0.00037787       2.407
Minimum     -0.00048875      -3.114
R.m.s.       0.00002077       0.132
Sum of squared residuals =         0.00005

Parameter                Fitted      Anchor    Difference   Penalty
O_10_10_A                5.28018     4.77365     0.50652    2.46922E-06
O_10_20_A                1.91653     2.27509    -0.35856    0.00000E+00
O_10_22c_A              -1.90880    -2.70567     0.79687    0.00000E+00
O_11c_11c_A              6.71067     6.09913     0.61154    3.59917E-06
O_11c_21c_A             -3.63156    -3.82056     0.18900    0.00000E+00
O_11s_11s_A              5.44688     4.74611     0.70078    4.72627E-06
O_11s_21s_A              0.37581     0.62322    -0.24740    0.00000E+00
O_20_20_A               17.89001    15.22488     2.66513    0.00000E+00
O_20_22c_A               5.84592     5.15061     0.69531    0.00000E+00
O_21c_21c_A             17.64080    23.14943    -5.50863    0.00000E+00
O_21s_21s_A             27.51682    23.07083     4.44600    0.00000E+00
O_22c_22c_A             21.25611    22.25944    -1.00333    0.00000E+00
O_22s_22s_A             21.86672    22.39279    -0.52608    0.00000E+00
H1_10_10_A               1.46873     1.55181    -0.08308    6.64341E-08
H1_10_11c_A             -0.21447    -0.15454    -0.05993    3.45603E-08
H1_11c_11c_A             1.20224     1.64465    -0.44241    1.88369E-06
H1_11s_11s_A             1.05899     1.40843    -0.34944    1.17517E-06

Sum of penalties =     1.39545E-05
WARNING: string truncated

Total molecular polarizability
      00          z           x           y           20          21c         21s         22c         22s
     0.00000     0.00000     0.00000     0.00000     0.00000     0.00000     0.00000     0.00000     0.00000
     0.00000     8.29848     0.00000     0.00000    -4.32181     0.00000     0.00000    -2.83171     0.00000
     0.00000     0.00000     9.03430     0.00000     0.00000    -9.06886     0.00000     0.00000     0.00000
     0.00000     0.00000     0.00000     7.56486     0.00000     0.00000    -3.73904     0.00000     0.00000
     0.00000    -4.32181     0.00000     0.00000    35.59965     0.00000     0.00000    -0.58814     0.00000
     0.00000     0.00000    -9.06886     0.00000     0.00000    49.13149     0.00000     0.00000     0.00000
     0.00000     0.00000     0.00000    -3.73904     0.00000     0.00000    35.51124     0.00000     0.00000
     0.00000    -2.83171     0.00000     0.00000    -0.58814     0.00000     0.00000    35.98632     0.00000
     0.00000     0.00000     0.00000     0.00000     0.00000     0.00000     0.00000     0.00000    35.29326
Mean polarizability       =   8.29921
Polarizability anisotropy =   1.27257
Finished
