Batch  1:   500 points

Sites
O             0.000000    0.000000    0.000000
*** Warning: type O was not defined

H1           -1.453652    0.000000   -1.121687
*** Warning: type H was not defined

H2            1.453652    0.000000   -1.121687

Polarizability parameters
                  Sites       Components  Coefficient
  1  O_10_10_A
                O       O       10   10      1.000
  2  O_10_20_A
                O       O       10   20      1.000
  3  O_10_22c_A
                O       O       10   22c     1.000
  4  O_11c_11c_A
                O       O       11c  11c     1.000
  5  O_11c_21c_A
                O       O       11c  21c     1.000
  6  O_11s_11s_A
                O       O       11s  11s     1.000
  7  O_11s_21s_A
                O       O       11s  21s     1.000
  8  O_20_20_A
                O       O       20   20      1.000
  9  O_20_22c_A
                O       O       20   22c     1.000
 10  O_21c_21c_A
                O       O       21c  21c     1.000
 11  O_21s_21s_A
                O       O       21s  21s     1.000
 12  O_22c_22c_A
                O       O       22c  22c     1.000
 13  O_22s_22s_A
                O       O       22s  22s     1.000
 14  H1_10_10_A
                H2      H2      10   10      1.000
                H1      H1      10   10      1.000
 15  H1_10_11c_A
                H2      H2      10   11c     1.000
                H1      H1      10   11c     1.000
 16  H1_11c_11c_A
                H2      H2      11c  11c     1.000
                H1      H1      11c  11c     1.000
 17  H1_11s_11s_A
                H2      H2      11s  11s     1.000
                H1      H1      11s  11s     1.000
Reading penalties


Static polarizabilities

Response values:
Maximum          0.0000072871
Minimum         -0.0000042281
Range            0.0000115152
Min. magnitude   0.0000000000

Parameter values: 
  1            0.00532824     O_10_10_A
  2           -0.00029653     O_10_20_A
  3           -0.00012517     O_10_22c_A
  4            0.00545500     O_11c_11c_A
  5           -0.00059742     O_11c_21c_A
  6            0.00535796     O_11s_11s_A
  7           -0.00034754     O_11s_21s_A
  8            0.02349256     O_20_20_A
  9            0.00067446     O_20_22c_A
 10            0.02287435     O_21c_21c_A
 11            0.02498254     O_21s_21s_A
 12            0.02342388     O_22c_22c_A
 13            0.02367842     O_22s_22s_A
 14            0.00034546     H1_10_10_A
 15           -0.00002339     H1_10_11c_A
 16            0.00039396     H1_11c_11c_A
 17            0.00036538     H1_11s_11s_A
Residuals               per cent of range
Maximum      0.00000012       1.022
Minimum     -0.00000036      -3.161
R.m.s.       0.00000001       0.056
Sum of squared residuals =         0.00000

Parameter                Fitted      Anchor    Difference   Penalty
O_10_10_A                0.00533     0.00277     0.00256    4.58365E-14
O_10_20_A               -0.00030     0.00249    -0.00279    0.00000E+00
O_10_22c_A              -0.00013    -0.00010    -0.00003    0.00000E+00
O_11c_11c_A              0.00545     0.00329     0.00217    3.27491E-14
O_11c_21c_A             -0.00060     0.00133    -0.00193    0.00000E+00
O_11s_11s_A              0.00536     0.00208     0.00328    7.49944E-14
O_11s_21s_A             -0.00035     0.00325    -0.00360    0.00000E+00
O_20_20_A                0.02349     0.01776     0.00573    0.00000E+00
O_20_22c_A               0.00067     0.00273    -0.00205    0.00000E+00
O_21c_21c_A              0.02287     0.01683     0.00605    0.00000E+00
O_21s_21s_A              0.02498     0.01763     0.00735    0.00000E+00
O_22c_22c_A              0.02342     0.01932     0.00410    0.00000E+00
O_22s_22s_A              0.02368     0.01609     0.00759    0.00000E+00
H1_10_10_A               0.00035     0.00148    -0.00113    8.93905E-15
H1_10_11c_A             -0.00002    -0.00012     0.00009    6.29433E-17
H1_11c_11c_A             0.00039     0.00163    -0.00124    1.07390E-14
H1_11s_11s_A             0.00037     0.00199    -0.00163    1.85241E-14

Sum of penalties =     1.91845E-13
WARNING: string truncated

Total molecular polarizability
      00          z           x           y           20          21c         21s         22c         22s
     0.00000     0.00000     0.00000     0.00000     0.00000     0.00000     0.00000     0.00000     0.00000
     0.00000     0.00613     0.00000     0.00000    -0.00214     0.00000     0.00000    -0.00004     0.00000
     0.00000     0.00000     0.00614     0.00000     0.00000    -0.00183     0.00000     0.00000     0.00000
     0.00000     0.00000     0.00000     0.00609     0.00000     0.00000    -0.00177     0.00000     0.00000
     0.00000    -0.00214     0.00000     0.00000     0.02917     0.00000     0.00000    -0.00202     0.00000
     0.00000     0.00000    -0.00183     0.00000     0.00000     0.03016     0.00000     0.00000     0.00000
     0.00000     0.00000     0.00000    -0.00177     0.00000     0.00000     0.02774     0.00000     0.00000
     0.00000    -0.00004     0.00000     0.00000    -0.00202     0.00000     0.00000     0.02775     0.00000
     0.00000     0.00000     0.00000     0.00000     0.00000     0.00000     0.00000     0.00000     0.02831
Mean polarizability       =   0.00612
Polarizability anisotropy =   0.00004
Finished
