Batch  1:   500 points

Sites
O             0.000000    0.000000    0.000000
*** Warning: type O was not defined

H1           -1.453652    0.000000   -1.121687
*** Warning: type H was not defined

H2            1.453652    0.000000   -1.121687

Polarizability parameters
                  Sites       Components  Coefficient
  1  O_10_10_A
                O       O       10   10      1.000
  2  O_10_20_A
                O       O       10   20      1.000
  3  O_10_22c_A
                O       O       10   22c     1.000
  4  O_11c_11c_A
                O       O       11c  11c     1.000
  5  O_11c_21c_A
                O       O       11c  21c     1.000
  6  O_11s_11s_A
                O       O       11s  11s     1.000
  7  O_11s_21s_A
                O       O       11s  21s     1.000
  8  O_20_20_A
                O       O       20   20      1.000
  9  O_20_22c_A
                O       O       20   22c     1.000
 10  O_21c_21c_A
                O       O       21c  21c     1.000
 11  O_21s_21s_A
                O       O       21s  21s     1.000
 12  O_22c_22c_A
                O       O       22c  22c     1.000
 13  O_22s_22s_A
                O       O       22s  22s     1.000
 14  H1_10_10_A
                H2      H2      10   10      1.000
                H1      H1      10   10      1.000
 15  H1_10_11c_A
                H2      H2      10   11c     1.000
                H1      H1      10   11c     1.000
 16  H1_11c_11c_A
                H2      H2      11c  11c     1.000
                H1      H1      11c  11c     1.000
 17  H1_11s_11s_A
                H2      H2      11s  11s     1.000
                H1      H1      11s  11s     1.000
Reading penalties


Static polarizabilities

Response values:
Maximum          0.0010347445
Minimum         -0.0005572291
Range            0.0015919736
Min. magnitude   0.0000000008

Parameter values: 
  1            0.61493938     O_10_10_A
  2            0.14434655     O_10_20_A
  3           -0.07664747     O_10_22c_A
  4            0.69306851     O_11c_11c_A
  5           -0.11663145     O_11c_21c_A
  6            0.63062543     O_11s_11s_A
  7            0.04468661     O_11s_21s_A
  8            3.02808429     O_20_20_A
  9            0.27330077     O_20_22c_A
 10            3.07807428     O_21c_21c_A
 11            3.60037925     O_21s_21s_A
 12            3.33675142     O_22c_22c_A
 13            3.29097477     O_22s_22s_A
 14            0.08993555     H1_10_10_A
 15           -0.01326302     H1_10_11c_A
 16            0.10309831     H1_11c_11c_A
 17            0.08897757     H1_11s_11s_A
Residuals               per cent of range
Maximum      0.00002812       1.766
Minimum     -0.00005683      -3.570
R.m.s.       0.00000123       0.078
Sum of squared residuals =         0.00000

Parameter                Fitted      Anchor    Difference   Penalty
O_10_10_A                0.61494     0.43321     0.18173    4.20150E-08
O_10_20_A                0.14435     0.32645    -0.18210    0.00000E+00
O_10_22c_A              -0.07665    -0.10663     0.02999    0.00000E+00
O_11c_11c_A              0.69307     0.54076     0.15231    2.95110E-08
O_11c_21c_A             -0.11663    -0.01355    -0.10308    0.00000E+00
O_11s_11s_A              0.63063     0.38942     0.24121    7.40189E-08
O_11s_21s_A              0.04469     0.27545    -0.23076    0.00000E+00
O_20_20_A                3.02808     2.34877     0.67932    0.00000E+00
O_20_22c_A               0.27330     0.34994    -0.07664    0.00000E+00
O_21c_21c_A              3.07807     2.79316     0.28491    0.00000E+00
O_21s_21s_A              3.60038     2.64351     0.95686    0.00000E+00
O_22c_22c_A              3.33675     2.99493     0.34182    0.00000E+00
O_22s_22s_A              3.29097     2.73207     0.55891    0.00000E+00
H1_10_10_A               0.08994     0.15573    -0.06579    5.50701E-09
H1_10_11c_A             -0.01326    -0.01760     0.00433    2.38984E-11
H1_11c_11c_A             0.10310     0.20188    -0.09878    1.24127E-08
H1_11s_11s_A             0.08898     0.20874    -0.11976    1.82468E-08

Sum of penalties =     1.81735E-07
WARNING: string truncated

Total molecular polarizability
      00          z           x           y           20          21c         21s         22c         22s
     0.00000     0.00000     0.00000     0.00000     0.00000     0.00000     0.00000     0.00000     0.00000
     0.00000     0.83697     0.00000     0.00000    -0.36248     0.00000     0.00000    -0.06153     0.00000
     0.00000     0.00000     0.85711     0.00000     0.00000    -0.42020     0.00000     0.00000     0.00000
     0.00000     0.00000     0.00000     0.80858     0.00000     0.00000    -0.30105     0.00000     0.00000
     0.00000    -0.36248     0.00000     0.00000     4.53130     0.00000     0.00000    -0.36100     0.00000
     0.00000     0.00000    -0.42020     0.00000     0.00000     5.04601     0.00000     0.00000     0.00000
     0.00000     0.00000     0.00000    -0.30105     0.00000     0.00000     4.27208     0.00000     0.00000
     0.00000    -0.06153     0.00000     0.00000    -0.36100     0.00000     0.00000     4.37663     0.00000
     0.00000     0.00000     0.00000     0.00000     0.00000     0.00000     0.00000     0.00000     4.41909
Mean polarizability       =   0.83422
Polarizability anisotropy =   0.04223
Finished
