Batch  1:   500 points

Sites
O             0.000000    0.000000    0.000000
*** Warning: type O was not defined

H1           -1.453652    0.000000   -1.121687
*** Warning: type H was not defined

H2            1.453652    0.000000   -1.121687

Polarizability parameters
                  Sites       Components  Coefficient
  1  O_10_10_A
                O       O       10   10      1.000
  2  O_10_20_A
                O       O       10   20      1.000
  3  O_10_22c_A
                O       O       10   22c     1.000
  4  O_11c_11c_A
                O       O       11c  11c     1.000
  5  O_11c_21c_A
                O       O       11c  21c     1.000
  6  O_11s_11s_A
                O       O       11s  11s     1.000
  7  O_11s_21s_A
                O       O       11s  21s     1.000
  8  O_20_20_A
                O       O       20   20      1.000
  9  O_20_22c_A
                O       O       20   22c     1.000
 10  O_21c_21c_A
                O       O       21c  21c     1.000
 11  O_21s_21s_A
                O       O       21s  21s     1.000
 12  O_22c_22c_A
                O       O       22c  22c     1.000
 13  O_22s_22s_A
                O       O       22s  22s     1.000
 14  H1_10_10_A
                H2      H2      10   10      1.000
                H1      H1      10   10      1.000
 15  H1_10_11c_A
                H2      H2      10   11c     1.000
                H1      H1      10   11c     1.000
 16  H1_11c_11c_A
                H2      H2      11c  11c     1.000
                H1      H1      11c  11c     1.000
 17  H1_11s_11s_A
                H2      H2      11s  11s     1.000
                H1      H1      11s  11s     1.000
Reading penalties


Static polarizabilities

Response values:
Maximum          0.0112769413
Minimum         -0.0063181949
Range            0.0175951363
Min. magnitude   0.0000000368

Parameter values: 
  1            5.89696263     O_10_10_A
  2            1.92427953     O_10_20_A
  3           -2.26143254     O_10_22c_A
  4            7.41208621     O_11c_11c_A
  5           -4.32138518     O_11c_21c_A
  6            6.21920694     O_11s_11s_A
  7            0.12570508     O_11s_21s_A
  8           19.69102009     O_20_20_A
  9            6.90414483     O_20_22c_A
 10           18.71731793     O_21c_21c_A
 11           30.66513754     O_21s_21s_A
 12           23.72607042     O_22c_22c_A
 13           23.65986114     O_22s_22s_A
 14            1.63991468     H1_10_10_A
 15           -0.26821221     H1_10_11c_A
 16            1.29678013     H1_11c_11c_A
 17            1.20655399     H1_11s_11s_A
Residuals               per cent of range
Maximum      0.00040398       2.296
Minimum     -0.00053224      -3.025
R.m.s.       0.00002290       0.130
Sum of squared residuals =         0.00007

Parameter                Fitted      Anchor    Difference   Penalty
O_10_10_A                5.89696     5.36169     0.53527    2.86515E-06
O_10_20_A                1.92428     2.37760    -0.45332    0.00000E+00
O_10_22c_A              -2.26143    -3.24309     0.98166    0.00000E+00
O_11c_11c_A              7.41209     6.75713     0.65496    4.28974E-06
O_11c_21c_A             -4.32139    -4.61656     0.29517    0.00000E+00
O_11s_11s_A              6.21921     5.49533     0.72388    5.24003E-06
O_11s_21s_A              0.12571     0.39274    -0.26703    0.00000E+00
O_20_20_A               19.69102    16.71307     2.97795    0.00000E+00
O_20_22c_A               6.90414     6.37653     0.52761    0.00000E+00
O_21c_21c_A             18.71732    25.23747    -6.52016    0.00000E+00
O_21s_21s_A             30.66514    26.11426     4.55088    0.00000E+00
O_22c_22c_A             23.72607    24.93603    -1.20996    0.00000E+00
O_22s_22s_A             23.65986    24.51355    -0.85369    0.00000E+00
H1_10_10_A               1.63991     1.70597    -0.06605    4.36270E-08
H1_10_11c_A             -0.26821    -0.19753    -0.07068    4.99530E-08
H1_11c_11c_A             1.29678     1.78889    -0.49211    2.42172E-06
H1_11s_11s_A             1.20655     1.56911    -0.36256    1.31447E-06

Sum of penalties =     1.62247E-05
WARNING: string truncated

Total molecular polarizability
      00          z           x           y           20          21c         21s         22c         22s
     0.00000     0.00000     0.00000     0.00000     0.00000     0.00000     0.00000     0.00000     0.00000
     0.00000     9.26553     0.00000     0.00000    -4.95245     0.00000     0.00000    -3.43964     0.00000
     0.00000     0.00000     9.91691     0.00000     0.00000   -10.36600     0.00000     0.00000     0.00000
     0.00000     0.00000     0.00000     8.63231     0.00000     0.00000    -4.56253     0.00000     0.00000
     0.00000    -4.95245     0.00000     0.00000    38.88502     0.00000     0.00000     0.37964     0.00000
     0.00000     0.00000   -10.36600     0.00000     0.00000    54.10436     0.00000     0.00000     0.00000
     0.00000     0.00000     0.00000    -4.56253     0.00000     0.00000    39.77353     0.00000     0.00000
     0.00000    -3.43964     0.00000     0.00000     0.37964     0.00000     0.00000    39.60491     0.00000
     0.00000     0.00000     0.00000     0.00000     0.00000     0.00000     0.00000     0.00000    38.95731
Mean polarizability       =   9.27158
Polarizability anisotropy =   1.11253
Finished
