Batch  1:   500 points

Sites
O             0.000000    0.000000    0.000000
*** Warning: type O was not defined

H1           -1.453652    0.000000   -1.121687
*** Warning: type H was not defined

H2            1.453652    0.000000   -1.121687

Polarizability parameters
                  Sites       Components  Coefficient
  1  O_10_10_A
                O       O       10   10      1.000
  2  O_10_20_A
                O       O       10   20      1.000
  3  O_10_22c_A
                O       O       10   22c     1.000
  4  O_11c_11c_A
                O       O       11c  11c     1.000
  5  O_11c_21c_A
                O       O       11c  21c     1.000
  6  O_11s_11s_A
                O       O       11s  11s     1.000
  7  O_11s_21s_A
                O       O       11s  21s     1.000
  8  O_20_20_A
                O       O       20   20      1.000
  9  O_20_22c_A
                O       O       20   22c     1.000
 10  O_21c_21c_A
                O       O       21c  21c     1.000
 11  O_21s_21s_A
                O       O       21s  21s     1.000
 12  O_22c_22c_A
                O       O       22c  22c     1.000
 13  O_22s_22s_A
                O       O       22s  22s     1.000
 14  H1_10_10_A
                H2      H2      10   10      1.000
                H1      H1      10   10      1.000
 15  H1_10_11c_A
                H2      H2      10   11c     1.000
                H1      H1      10   11c     1.000
 16  H1_11c_11c_A
                H2      H2      11c  11c     1.000
                H1      H1      11c  11c     1.000
 17  H1_11s_11s_A
                H2      H2      11s  11s     1.000
                H1      H1      11s  11s     1.000
Reading penalties


Static polarizabilities

Response values:
Maximum          0.0112753153
Minimum         -0.0063172078
Range            0.0175925230
Min. magnitude   0.0000000415

Parameter values: 
  1            5.89614114     O_10_10_A
  2            1.92428884     O_10_20_A
  3           -2.26093167     O_10_22c_A
  4            7.41119596     O_11c_11c_A
  5           -4.32049132     O_11c_21c_A
  6            6.21810122     O_11s_11s_A
  7            0.12610314     O_11s_21s_A
  8           19.68868112     O_20_20_A
  9            6.90267065     O_20_22c_A
 10           18.71612325     O_21c_21c_A
 11           30.66097863     O_21s_21s_A
 12           23.72270853     O_22c_22c_A
 13           23.65786708     O_22s_22s_A
 14            1.63968841     H1_10_10_A
 15           -0.26813324     H1_10_11c_A
 16            1.29665694     H1_11c_11c_A
 17            1.20631898     H1_11s_11s_A
Residuals               per cent of range
Maximum      0.00040396       2.296
Minimum     -0.00053219      -3.025
R.m.s.       0.00002289       0.130
Sum of squared residuals =         0.00007

Parameter                Fitted      Anchor    Difference   Penalty
O_10_10_A                5.89614     5.36091     0.53524    2.86464E-06
O_10_20_A                1.92429     2.37748    -0.45319    0.00000E+00
O_10_22c_A              -2.26093    -3.24236     0.98142    0.00000E+00
O_11c_11c_A              7.41120     6.75629     0.65491    4.28883E-06
O_11c_21c_A             -4.32049    -4.61552     0.29503    0.00000E+00
O_11s_11s_A              6.21810     5.49424     0.72386    5.23949E-06
O_11s_21s_A              0.12610     0.39309    -0.26699    0.00000E+00
O_20_20_A               19.68868    16.71113     2.97755    0.00000E+00
O_20_22c_A               6.90267     6.37481     0.52786    0.00000E+00
O_21c_21c_A             18.71612    25.23491    -6.51879    0.00000E+00
O_21s_21s_A             30.66098    26.11018     4.55080    0.00000E+00
O_22c_22c_A             23.72271    24.93240    -1.20969    0.00000E+00
O_22s_22s_A             23.65787    24.51095    -0.85308    0.00000E+00
H1_10_10_A               1.63969     1.70576    -0.06607    4.36542E-08
H1_10_11c_A             -0.26813    -0.19747    -0.07066    4.99314E-08
H1_11c_11c_A             1.29666     1.78870    -0.49205    2.42099E-06
H1_11s_11s_A             1.20632     1.56886    -0.36254    1.31431E-06

Sum of penalties =     1.62218E-05
WARNING: string truncated

Total molecular polarizability
      00          z           x           y           20          21c         21s         22c         22s
     0.00000     0.00000     0.00000     0.00000     0.00000     0.00000     0.00000     0.00000     0.00000
     0.00000     9.26423     0.00000     0.00000    -4.95157     0.00000     0.00000    -3.43878     0.00000
     0.00000     0.00000     9.91579     0.00000     0.00000   -10.36432     0.00000     0.00000     0.00000
     0.00000     0.00000     0.00000     8.63074     0.00000     0.00000    -4.56122     0.00000     0.00000
     0.00000    -4.95157     0.00000     0.00000    38.88072     0.00000     0.00000     0.37820     0.00000
     0.00000     0.00000   -10.36432     0.00000     0.00000    54.09794     0.00000     0.00000     0.00000
     0.00000     0.00000     0.00000    -4.56122     0.00000     0.00000    39.76759     0.00000     0.00000
     0.00000    -3.43878     0.00000     0.00000     0.37820     0.00000     0.00000    39.60013     0.00000
     0.00000     0.00000     0.00000     0.00000     0.00000     0.00000     0.00000     0.00000    38.95233
Mean polarizability       =   9.27026
Polarizability anisotropy =   1.11293
Finished
