Batch  1:   500 points

Sites
O             0.000000    0.000000    0.000000
*** Warning: type O was not defined

H1           -1.453652    0.000000   -1.121687
*** Warning: type H was not defined

H2            1.453652    0.000000   -1.121687

Polarizability parameters
                  Sites       Components  Coefficient
  1  O_10_10_A
                O       O       10   10      1.000
  2  O_10_20_A
                O       O       10   20      1.000
  3  O_10_22c_A
                O       O       10   22c     1.000
  4  O_11c_11c_A
                O       O       11c  11c     1.000
  5  O_11c_21c_A
                O       O       11c  21c     1.000
  6  O_11s_11s_A
                O       O       11s  11s     1.000
  7  O_11s_21s_A
                O       O       11s  21s     1.000
  8  O_20_20_A
                O       O       20   20      1.000
  9  O_20_22c_A
                O       O       20   22c     1.000
 10  O_21c_21c_A
                O       O       21c  21c     1.000
 11  O_21s_21s_A
                O       O       21s  21s     1.000
 12  O_22c_22c_A
                O       O       22c  22c     1.000
 13  O_22s_22s_A
                O       O       22s  22s     1.000
 14  H1_10_10_A
                H2      H2      10   10      1.000
                H1      H1      10   10      1.000
 15  H1_10_11c_A
                H2      H2      10   11c     1.000
                H1      H1      10   11c     1.000
 16  H1_11c_11c_A
                H2      H2      11c  11c     1.000
                H1      H1      11c  11c     1.000
 17  H1_11s_11s_A
                H2      H2      11s  11s     1.000
                H1      H1      11s  11s     1.000
Reading penalties


Static polarizabilities

Response values:
Maximum          0.0029404568
Minimum         -0.0015949611
Range            0.0045354178
Min. magnitude   0.0000000005

Parameter values: 
  1            1.57456582     O_10_10_A
  2            0.74345843     O_10_20_A
  3           -0.36848958     O_10_22c_A
  4            1.90369905     O_11c_11c_A
  5           -0.43151226     O_11c_21c_A
  6            1.58243137     O_11s_11s_A
  7            0.37818185     O_11s_21s_A
  8            6.85931803     O_20_20_A
  9            1.17583644     O_20_22c_A
 10            7.27388974     O_21c_21c_A
 11            9.14884594     O_21s_21s_A
 12            8.04465524     O_22c_22c_A
 13            7.92573170     O_22s_22s_A
 14            0.34491219     H1_10_10_A
 15           -0.04575923     H1_10_11c_A
 16            0.37409297     H1_11c_11c_A
 17            0.32231211     H1_11s_11s_A
Residuals               per cent of range
Maximum      0.00010416       2.297
Minimum     -0.00015615      -3.443
R.m.s.       0.00000477       0.105
Sum of squared residuals =         0.00000

Parameter                Fitted      Anchor    Difference   Penalty
O_10_10_A                1.57457     1.28269     0.29187    3.27657E-07
O_10_20_A                0.74346     0.88752    -0.14406    0.00000E+00
O_10_22c_A              -0.36849    -0.40101     0.03252    0.00000E+00
O_11c_11c_A              1.90370     1.61081     0.29289    3.29939E-07
O_11c_21c_A             -0.43151    -0.25828    -0.17323    0.00000E+00
O_11s_11s_A              1.58243     1.16619     0.41624    6.66391E-07
O_11s_21s_A              0.37818     0.68564    -0.30746    0.00000E+00
O_20_20_A                6.85932     5.68711     1.17220    0.00000E+00
O_20_22c_A               1.17584     0.91131     0.26453    0.00000E+00
O_21c_21c_A              7.27389     7.51118    -0.23729    0.00000E+00
O_21s_21s_A              9.14885     6.88609     2.26275    0.00000E+00
O_22c_22c_A              8.04466     7.62071     0.42394    0.00000E+00
O_22s_22s_A              7.92573     7.36027     0.56546    0.00000E+00
H1_10_10_A               0.34491     0.45905    -0.11414    5.01046E-08
H1_10_11c_A             -0.04576    -0.04126    -0.00450    7.77164E-11
H1_11c_11c_A             0.37409     0.54348    -0.16939    1.10353E-07
H1_11s_11s_A             0.32231     0.52873    -0.20642    1.63885E-07

Sum of penalties =     1.64841E-06
WARNING: string truncated

Total molecular polarizability
      00          z           x           y           20          21c         21s         22c         22s
     0.00000     0.00000     0.00000     0.00000     0.00000     0.00000     0.00000     0.00000     0.00000
     0.00000     2.38950     0.00000     0.00000    -1.09203     0.00000     0.00000    -0.35585     0.00000
     0.00000     0.00000     2.52678     0.00000     0.00000    -1.62940     0.00000     0.00000     0.00000
     0.00000     0.00000     0.00000     2.22706     0.00000     0.00000    -0.87421     0.00000     0.00000
     0.00000    -1.09203     0.00000     0.00000    12.31001     0.00000     0.00000    -1.13298     0.00000
     0.00000     0.00000    -1.62940     0.00000     0.00000    14.74274     0.00000     0.00000     0.00000
     0.00000     0.00000     0.00000    -0.87421     0.00000     0.00000    11.58201     0.00000     0.00000
     0.00000    -0.35585     0.00000     0.00000    -1.13298     0.00000     0.00000    11.99454     0.00000
     0.00000     0.00000     0.00000     0.00000     0.00000     0.00000     0.00000     0.00000    12.01221
Mean polarizability       =   2.38111
Polarizability anisotropy =   0.25987
Finished
