Batch  1:   500 points

Sites
O             0.000000    0.000000    0.000000
*** Warning: type O was not defined

H1           -1.453652    0.000000   -1.121687
*** Warning: type H was not defined

H2            1.453652    0.000000   -1.121687

Polarizability parameters
                  Sites       Components  Coefficient
  1  O_10_10_A
                O       O       10   10      1.000
  2  O_10_20_A
                O       O       10   20      1.000
  3  O_10_22c_A
                O       O       10   22c     1.000
  4  O_11c_11c_A
                O       O       11c  11c     1.000
  5  O_11c_21c_A
                O       O       11c  21c     1.000
  6  O_11s_11s_A
                O       O       11s  11s     1.000
  7  O_11s_21s_A
                O       O       11s  21s     1.000
  8  O_20_20_A
                O       O       20   20      1.000
  9  O_20_22c_A
                O       O       20   22c     1.000
 10  O_21c_21c_A
                O       O       21c  21c     1.000
 11  O_21s_21s_A
                O       O       21s  21s     1.000
 12  O_22c_22c_A
                O       O       22c  22c     1.000
 13  O_22s_22s_A
                O       O       22s  22s     1.000
 14  H1_10_10_A
                H2      H2      10   10      1.000
                H1      H1      10   10      1.000
 15  H1_10_11c_A
                H2      H2      10   11c     1.000
                H1      H1      10   11c     1.000
 16  H1_11c_11c_A
                H2      H2      11c  11c     1.000
                H1      H1      11c  11c     1.000
 17  H1_11s_11s_A
                H2      H2      11s  11s     1.000
                H1      H1      11s  11s     1.000
Reading penalties


Static polarizabilities

Response values:
Maximum          0.0001896303
Minimum         -0.0001058256
Range            0.0002954559
Min. magnitude   0.0000000001

Parameter values: 
  1            0.12863778     O_10_10_A
  2           -0.00127207     O_10_20_A
  3           -0.00478701     O_10_22c_A
  4            0.13410026     O_11c_11c_A
  5           -0.01704323     O_11c_21c_A
  6            0.13151811     O_11s_11s_A
  7           -0.00766249     O_11s_21s_A
  8            0.63642036     O_20_20_A
  9            0.02430279     O_20_22c_A
 10            0.62061944     O_21c_21c_A
 11            0.68973906     O_21s_21s_A
 12            0.64744561     O_22c_22c_A
 13            0.65255850     O_22s_22s_A
 14            0.01133008     H1_10_10_A
 15           -0.00113614     H1_10_11c_A
 16            0.01256384     H1_11c_11c_A
 17            0.01135371     H1_11s_11s_A
Residuals               per cent of range
Maximum      0.00000372       1.260
Minimum     -0.00001023      -3.463
R.m.s.       0.00000018       0.061
Sum of squared residuals =         0.00000

Parameter                Fitted      Anchor    Difference   Penalty
O_10_10_A                0.12864     0.07688     0.05176    5.49384E-10
O_10_20_A               -0.00127     0.05866    -0.05993    0.00000E+00
O_10_22c_A              -0.00479    -0.01117     0.00638    0.00000E+00
O_11c_11c_A              0.13410     0.09377     0.04033    3.33599E-10
O_11c_21c_A             -0.01704     0.01302    -0.03006    0.00000E+00
O_11s_11s_A              0.13152     0.06483     0.06669    9.12147E-10
O_11s_21s_A             -0.00766     0.06254    -0.07020    0.00000E+00
O_20_20_A                0.63642     0.48079     0.15563    0.00000E+00
O_20_22c_A               0.02430     0.06682    -0.04252    0.00000E+00
O_21c_21c_A              0.62062     0.50720     0.11342    0.00000E+00
O_21s_21s_A              0.68974     0.49789     0.19185    0.00000E+00
O_22c_22c_A              0.64745     0.56544     0.08201    0.00000E+00
O_22s_22s_A              0.65256     0.48808     0.16448    0.00000E+00
H1_10_10_A               0.01133     0.03056    -0.01923    7.58306E-11
H1_10_11c_A             -0.00114    -0.00332     0.00219    9.82083E-13
H1_11c_11c_A             0.01256     0.03918    -0.02661    1.45249E-10
H1_11s_11s_A             0.01135     0.04449    -0.03314    2.25170E-10

Sum of penalties =     2.24236E-09
WARNING: string truncated

Total molecular polarizability
      00          z           x           y           20          21c         21s         22c         22s
     0.00000     0.00000     0.00000     0.00000     0.00000     0.00000     0.00000     0.00000     0.00000
     0.00000     0.15504     0.00000     0.00000    -0.06141     0.00000     0.00000    -0.00323     0.00000
     0.00000     0.00000     0.15548     0.00000     0.00000    -0.05703     0.00000     0.00000     0.00000
     0.00000     0.00000     0.00000     0.15423     0.00000     0.00000    -0.05178     0.00000     0.00000
     0.00000    -0.06141     0.00000     0.00000     0.81852     0.00000     0.00000    -0.05745     0.00000
     0.00000     0.00000    -0.05703     0.00000     0.00000     0.86268     0.00000     0.00000     0.00000
     0.00000     0.00000     0.00000    -0.05178     0.00000     0.00000     0.77545     0.00000     0.00000
     0.00000    -0.00323     0.00000     0.00000    -0.05745     0.00000     0.00000     0.78300     0.00000
     0.00000     0.00000     0.00000     0.00000     0.00000     0.00000     0.00000     0.00000     0.79651
Mean polarizability       =   0.15492
Polarizability anisotropy =   0.00111
Finished
