H2O                                                                             

Recoupled polarizabilities for H2O

Site O type O
00(11)
  -11.2730       -11.2263       -10.9517       -10.0677       -8.18726    
  -5.50871       -2.92179       -1.11927      -0.227624      -0.931913E-02
20(11)
 -0.749958      -0.745837      -0.722370      -0.652051      -0.507337    
 -0.303557      -0.137579      -0.382999E-01  -0.340594E-02  -0.638824E-04
22c(11)
  0.843645       0.847911       0.868693       0.893632       0.806811    
  0.532857       0.227171       0.441539E-01   0.182586E-02   0.686121E-04
10(12)
   1.08033        1.05985       0.940622       0.571127      -0.105877    
 -0.632394      -0.440994      -0.518870E-01   0.143364E-01   0.705117E-03
22s(12)
 -0.307284E-01i -0.248687E-01i  0.660286E-02i  0.774743E-01i  0.120322    i
  0.779616E-01i  0.296858E-01i  0.327543E-02i -0.789104E-04i -0.190199E-06i
30(12)
   3.36634        3.34993        3.25341        2.94055        2.27234    
   1.36690       0.599731       0.143985       0.100634E-01   0.192910E-03
32c(12)
  -3.87259       -3.85599       -3.75622       -3.41571       -2.65550    
  -1.60888      -0.680225      -0.137389      -0.817976E-02  -0.216539E-03
10(21)
   1.08033        1.05985       0.940622       0.571127      -0.105877    
 -0.632394      -0.440994      -0.518870E-01   0.143364E-01   0.705117E-03
22s(21)
  0.307284E-01i  0.248687E-01i -0.660286E-02i -0.774743E-01i -0.120322    i
 -0.779616E-01i -0.296858E-01i -0.327543E-02i  0.789104E-04i  0.190199E-06i
30(21)
   3.36634        3.34993        3.25341        2.94055        2.27234    
   1.36690       0.599731       0.143985       0.100634E-01   0.192910E-03
32c(21)
  -3.87259       -3.85599       -3.75622       -3.41571       -2.65550    
  -1.60888      -0.680225      -0.137389      -0.817976E-02  -0.216539E-03
00(22)
   52.0764        51.9081        50.8998        47.4809        39.8640    
   29.0222        17.5542        7.30490        1.45201       0.529732E-01
20(22)
   1.60535        1.59999        1.56392        1.41863        1.11896    
  0.809934       0.480910       0.139198       0.449239E-02  -0.170357E-03
22c(22)
   12.9087        12.8240        12.3321        10.8213        8.03144    
   4.82698        2.12496       0.533951       0.579769E-01   0.169693E-02
40(22)
  -3.82422       -3.81721       -3.77376       -3.60572       -3.10898    
  -2.15178       -1.02367      -0.229195      -0.146903E-01  -0.402778E-03
42c(22)
  0.583709E-02   0.120939E-01   0.467107E-01   0.133313       0.211373    
  0.189198       0.864067E-01  -0.261564E-01  -0.144460E-01  -0.502443E-03
44c(22)
  0.458502E-01   0.184958E-01  -0.125762      -0.431763      -0.565973    
 -0.224903       0.840916E-01   0.323689E-01  -0.361536E-02  -0.179990E-03

Site H1 type H
00(11)
  -2.39177       -2.38209       -2.32611       -2.15349       -1.79905    
  -1.24332      -0.601205      -0.162819      -0.203502E-01  -0.637856E-03
20(11)
  0.316964       0.315833       0.308305       0.276069       0.187838    
  0.660112E-01  -0.268656E-02  -0.498258E-02  -0.513332E-03  -0.279374E-04
21c(11)
 -0.379198      -0.375998      -0.357602      -0.303304      -0.212468    
 -0.126343      -0.647133E-01  -0.187567E-01  -0.160674E-02  -0.330758E-04
22c(11)
  0.638785E-01   0.661114E-01   0.777599E-01   0.101291       0.108188    
  0.771913E-01   0.366146E-01   0.998487E-02   0.855690E-03   0.202100E-04

Site H2 type H
00(11)
  -2.39177       -2.38209       -2.32611       -2.15349       -1.79905    
  -1.24332      -0.601205      -0.162819      -0.203502E-01  -0.637856E-03
20(11)
  0.316964       0.315833       0.308305       0.276069       0.187838    
  0.660112E-01  -0.268656E-02  -0.498258E-02  -0.513332E-03  -0.279374E-04
21c(11)
 -0.379198      -0.375998      -0.357602      -0.303304      -0.212468    
 -0.126343      -0.647133E-01  -0.187567E-01  -0.160674E-02  -0.330758E-04
22c(11)
  0.638785E-01   0.661114E-01   0.777599E-01   0.101291       0.108188    
  0.771913E-01   0.366146E-01   0.998487E-02   0.855690E-03   0.202100E-04

Dispersion coefficients for H2O
  O  O               C6             C7             C8             C9             C10
    00   00   0   21.59463         0.0          422.2789         0.0          3894.995
    00   10   1     0.0         0.5428742         0.0          13.39467
    00   20   2 -0.9062559         0.0         -12.68607         0.0         -92.99611
    00   22c  2   1.312606         0.0         -28.48497         0.0         -618.8684
    00   30   3     0.0          10.23918         0.0          98.45640
    00   32c  3     0.0         -11.84525         0.0         -113.7495
    00   40   4     0.0            0.0         -7.961807         0.0         -92.88944
    00   42c  4     0.0            0.0         0.3812548         0.0          4.489105
    00   44c  4     0.0            0.0        -0.6343895         0.0         -6.981164
    10   00   1     0.0         0.5428742         0.0          13.39467
    10   10   0     0.0            0.0        -0.4926997
    10   10   2     0.0            0.0          1.576639
    10   20   1     0.0        -0.6442373E-03     0.0         0.6795171E-01
    10   20   3     0.0         0.2576949E-02     0.0        -0.2038551
    10   22c  1     0.0        -0.8982394E-02     0.0        -0.1677700
    10   22c  3     0.0         0.3592958E-01     0.0         0.5033100
    10   30   2     0.0            0.0         0.1183932E-01
    10   30   4     0.0            0.0        -0.5261921E-01
    10   32c  2     0.0            0.0        -0.1341662E-01
    10   32c  4     0.0            0.0         0.5962940E-01
    10   40   3     0.0            0.0            0.0         0.5796894E-01
    10   40   5     0.0            0.0            0.0        -0.2898447
    10   42c  3     0.0            0.0            0.0        -0.1698109E-01
    10   42c  5     0.0            0.0            0.0         0.8490547E-01
    10   44c  3     0.0            0.0            0.0        -0.8419940E-03
    10   44c  5     0.0            0.0            0.0         0.4209970E-02
    20   00   2 -0.9062559         0.0         -12.68607         0.0         -92.99611
    20   10   1     0.0        -0.6442373E-03     0.0         0.6795171E-01
    20   10   3     0.0         0.2576949E-02     0.0        -0.2038551
    20   20   0  0.7769852E-02     0.0         0.1198702         0.0         0.8856778
    20   20   2  0.1109979E-01     0.0         0.1369945         0.0         0.9037528
    20   20   4  0.1198777         0.0         0.6164754         0.0          2.928159
    20   22c  0 -0.1116026E-01     0.0         0.3290011         0.0          5.965665
    20   22c  2 -0.1594323E-01     0.0         0.3760012         0.0          6.087413
    20   22c  4 -0.1721869         0.0          1.692005         0.0          19.72322
    20   22s  1     0.0         0.1716211E-01     0.0         0.1860395
    20   22s  3     0.0        -0.3495407E-01     0.0        -0.2841800
    20   30   1     0.0        -0.5658244E-01     0.0        -0.5807812
    20   30   3     0.0        -0.8801714E-01     0.0        -0.6775780
    20   30   5     0.0         -1.571735         0.0         -4.839843
    20   32c  1     0.0         0.6557527E-01     0.0         0.6721705
    20   32c  3     0.0         0.1020060         0.0         0.7841989
    20   32c  5     0.0          1.821535         0.0          5.601421
    20   40   2     0.0            0.0         0.3855853E-01     0.0         0.5036932
    20   40   4     0.0            0.0         0.8763302E-01     0.0         0.8242252
    20   40   6     0.0            0.0          1.533578         0.0          5.609310
    20   42c  2     0.0            0.0        -0.1846352E-02     0.0        -0.2520040E-01
    20   42c  4     0.0            0.0        -0.4196254E-02     0.0        -0.4123702E-01
    20   42c  6     0.0            0.0        -0.7343444E-01     0.0        -0.2806408
    20   44c  2     0.0            0.0         0.3266186E-02     0.0         0.3859943E-01
    20   44c  4     0.0            0.0         0.7423150E-02     0.0         0.6316271E-01
    20   44c  6     0.0            0.0         0.1299051         0.0         0.4298573
    22c  00   2   1.312606         0.0         -28.48497         0.0         -618.8684
    22c  10   1     0.0        -0.8982394E-02     0.0        -0.1677700
    22c  10   3     0.0         0.3592958E-01     0.0         0.5033100
    22c  20   0 -0.1116026E-01     0.0         0.3290011         0.0          5.965665
    22c  20   2 -0.1594323E-01     0.0         0.3760012         0.0          6.087413
    22c  20   4 -0.1721869         0.0          1.692005         0.0          19.72322
    22c  22c  0  0.1640529E-01     0.0         -1.189684         0.0          41.66502
    22c  22c  2  0.2343614E-01     0.0         -1.359639         0.0          42.51532
    22c  22c  4  0.2531103         0.0         -6.118377         0.0          137.7496
    22c  22s  1     0.0        -0.2762423E-01     0.0          1.192013
    22c  22s  3     0.0         0.5626227E-01     0.0         -1.820830
    22c  30   1     0.0         0.8128181E-01     0.0         -4.042236
    22c  30   3     0.0         0.1264384         0.0         -4.715941
    22c  30   5     0.0          2.257828         0.0         -33.68530
    22c  32c  1     0.0        -0.9431797E-01     0.0          4.685395
    22c  32c  3     0.0        -0.1467168         0.0          5.466294
    22c  32c  5     0.0         -2.619944         0.0          39.04496
    22c  40   2     0.0            0.0        -0.5637830E-01     0.0          3.427600
    22c  40   4     0.0            0.0        -0.1281325         0.0          5.608800
    22c  40   6     0.0            0.0         -2.242319         0.0          38.17100
    22c  42c  2     0.0            0.0         0.2992304E-02     0.0        -0.1614811
    22c  42c  4     0.0            0.0         0.6800692E-02     0.0        -0.2642418
    22c  42c  6     0.0            0.0         0.1190121         0.0         -1.798312
    22c  44c  2     0.0            0.0        -0.5054456E-02     0.0         0.2887887
    22c  44c  4     0.0            0.0        -0.1148740E-01     0.0         0.4725634
    22c  44c  6     0.0            0.0        -0.2010295         0.0          3.216056
    22s  20   1     0.0         0.1716211E-01     0.0         0.1860395
    22s  20   3     0.0        -0.3495407E-01     0.0        -0.2841800
    22s  22c  1     0.0        -0.2762423E-01     0.0          1.192013
    22s  22c  3     0.0         0.5626227E-01     0.0         -1.820830
    22s  22s  0     0.0            0.0        -0.2328680E-02
    22s  22s  2     0.0            0.0        -0.5322697E-02
    22s  22s  4     0.0            0.0        -0.5322697E-02
    22s  30   2     0.0            0.0         0.1766106
    22s  30   4     0.0            0.0        -0.4995303
    22s  32c  2     0.0            0.0        -0.2057890
    22s  32c  4     0.0            0.0         0.5820593
    22s  40   3     0.0            0.0            0.0         0.1945509
    22s  40   5     0.0            0.0            0.0        -0.6898038
    22s  42c  3     0.0            0.0            0.0        -0.1383040E-01
    22s  42c  5     0.0            0.0            0.0         0.4903737E-01
    22s  44c  3     0.0            0.0            0.0         0.2257711E-01
    22s  44c  5     0.0            0.0            0.0        -0.8004986E-01
    30   00   3     0.0          10.23918         0.0          98.45640
    30   10   2     0.0            0.0         0.1183932E-01
    30   10   4     0.0            0.0        -0.5261921E-01
    30   20   1     0.0        -0.5658244E-01     0.0        -0.5807812
    30   20   3     0.0        -0.8801714E-01     0.0        -0.6775780
    30   20   5     0.0         -1.571735         0.0         -4.839843
    30   22c  1     0.0         0.8128181E-01     0.0         -4.042236
    30   22c  3     0.0         0.1264384         0.0         -4.715941
    30   22c  5     0.0          2.257828         0.0         -33.68530
    30   22s  2     0.0            0.0         0.1766106
    30   22s  4     0.0            0.0        -0.4995303
    30   30   0     0.0            0.0        -0.2226570
    30   30   2     0.0            0.0         0.1781256
    30   30   4     0.0            0.0         0.6882127
    30   30   6     0.0            0.0          24.28986
    30   32c  0     0.0            0.0         0.2581422
    30   32c  2     0.0            0.0        -0.2065137
    30   32c  4     0.0            0.0        -0.7978940
    30   32c  6     0.0            0.0         -28.16096
    30   40   1     0.0            0.0            0.0         0.1819004
    30   40   3     0.0            0.0            0.0        -0.5787741E-01
    30   40   5     0.0            0.0            0.0        -0.7695788
    30   40   7     0.0            0.0            0.0         -27.26917
    30   42c  1     0.0            0.0            0.0        -0.8771652E-02
    30   42c  3     0.0            0.0            0.0         0.2790980E-02
    30   42c  5     0.0            0.0            0.0         0.3711084E-01
    30   42c  7     0.0            0.0            0.0          1.314981
    30   44c  1     0.0            0.0            0.0         0.1555718E-01
    30   44c  3     0.0            0.0            0.0        -0.4950011E-02
    30   44c  5     0.0            0.0            0.0        -0.6581883E-01
    30   44c  7     0.0            0.0            0.0         -2.332217
    32c  00   3     0.0         -11.84525         0.0         -113.7495
    32c  10   2     0.0            0.0        -0.1341662E-01
    32c  10   4     0.0            0.0         0.5962940E-01
    32c  20   1     0.0         0.6557527E-01     0.0         0.6721705
    32c  20   3     0.0         0.1020060         0.0         0.7841989
    32c  20   5     0.0          1.821535         0.0          5.601421
    32c  22c  1     0.0        -0.9431797E-01     0.0          4.685395
    32c  22c  3     0.0        -0.1467168         0.0          5.466294
    32c  22c  5     0.0         -2.619944         0.0          39.04496
    32c  22s  2     0.0            0.0        -0.2057890
    32c  22s  4     0.0            0.0         0.5820593
    32c  30   0     0.0            0.0         0.2581422
    32c  30   2     0.0            0.0        -0.2065137
    32c  30   4     0.0            0.0        -0.7978940
    32c  30   6     0.0            0.0         -28.16096
    32c  32c  0     0.0            0.0        -0.2993991
    32c  32c  2     0.0            0.0         0.2395193
    32c  32c  4     0.0            0.0         0.9254153
    32c  32c  6     0.0            0.0          32.66172
    32c  40   1     0.0            0.0            0.0        -0.2108884
    32c  40   3     0.0            0.0            0.0         0.6710085E-01
    32c  40   5     0.0            0.0            0.0         0.8922201
    32c  40   7     0.0            0.0            0.0          31.61482
    32c  42c  1     0.0            0.0            0.0         0.1027805E-01
    32c  42c  3     0.0            0.0            0.0        -0.3270289E-02
    32c  42c  5     0.0            0.0            0.0        -0.4348406E-01
    32c  42c  7     0.0            0.0            0.0         -1.540809
    32c  44c  1     0.0            0.0            0.0        -0.1826490E-01
    32c  44c  3     0.0            0.0            0.0         0.5811559E-02
    32c  44c  5     0.0            0.0            0.0         0.7727458E-01
    32c  44c  7     0.0            0.0            0.0          2.738139
    40   00   4     0.0            0.0         -7.961807         0.0         -92.88944
    40   10   3     0.0            0.0            0.0         0.5796894E-01
    40   10   5     0.0            0.0            0.0        -0.2898447
    40   20   2     0.0            0.0         0.3855853E-01     0.0         0.5036932
    40   20   4     0.0            0.0         0.8763302E-01     0.0         0.8242252
    40   20   6     0.0            0.0          1.533578         0.0          5.609310
    40   22c  2     0.0            0.0        -0.5637830E-01     0.0          3.427600
    40   22c  4     0.0            0.0        -0.1281325         0.0          5.608800
    40   22c  6     0.0            0.0         -2.242319         0.0          38.17100
    40   22s  3     0.0            0.0            0.0         0.1945509
    40   22s  5     0.0            0.0            0.0        -0.6898038
    40   30   1     0.0            0.0            0.0         0.1819004
    40   30   3     0.0            0.0            0.0        -0.5787741E-01
    40   30   5     0.0            0.0            0.0        -0.7695788
    40   30   7     0.0            0.0            0.0         -27.26917
    40   32c  1     0.0            0.0            0.0        -0.2108884
    40   32c  3     0.0            0.0            0.0         0.6710085E-01
    40   32c  5     0.0            0.0            0.0         0.8922201
    40   32c  7     0.0            0.0            0.0          31.61482
    40   40   0     0.0            0.0            0.0            0.0         0.1544167
    40   40   2     0.0            0.0            0.0            0.0         0.1432437
    40   40   4     0.0            0.0            0.0            0.0         0.2891760
    40   40   6     0.0            0.0            0.0            0.0          1.403788
    40   40   8     0.0            0.0            0.0            0.0          37.03841
    40   42c  0     0.0            0.0            0.0            0.0        -0.7991655E-02
    40   42c  2     0.0            0.0            0.0            0.0        -0.7413409E-02
    40   42c  4     0.0            0.0            0.0            0.0        -0.1496596E-01
    40   42c  6     0.0            0.0            0.0            0.0        -0.7265140E-01
    40   42c  8     0.0            0.0            0.0            0.0         -1.916879
    40   44c  0     0.0            0.0            0.0            0.0         0.1306273E-01
    40   44c  2     0.0            0.0            0.0            0.0         0.1211756E-01
    40   44c  4     0.0            0.0            0.0            0.0         0.2446256E-01
    40   44c  6     0.0            0.0            0.0            0.0         0.1187521
    40   44c  8     0.0            0.0            0.0            0.0          3.133228
    42c  00   4     0.0            0.0         0.3812548         0.0          4.489105
    42c  10   3     0.0            0.0            0.0        -0.1698109E-01
    42c  10   5     0.0            0.0            0.0         0.8490547E-01
    42c  20   2     0.0            0.0        -0.1846352E-02     0.0        -0.2520040E-01
    42c  20   4     0.0            0.0        -0.4196254E-02     0.0        -0.4123702E-01
    42c  20   6     0.0            0.0        -0.7343444E-01     0.0        -0.2806408
    42c  22c  2     0.0            0.0         0.2992304E-02     0.0        -0.1614811
    42c  22c  4     0.0            0.0         0.6800692E-02     0.0        -0.2642418
    42c  22c  6     0.0            0.0         0.1190121         0.0         -1.798312
    42c  22s  3     0.0            0.0            0.0        -0.1383040E-01
    42c  22s  5     0.0            0.0            0.0         0.4903737E-01
    42c  30   1     0.0            0.0            0.0        -0.8771652E-02
    42c  30   3     0.0            0.0            0.0         0.2790980E-02
    42c  30   5     0.0            0.0            0.0         0.3711084E-01
    42c  30   7     0.0            0.0            0.0          1.314981
    42c  32c  1     0.0            0.0            0.0         0.1027805E-01
    42c  32c  3     0.0            0.0            0.0        -0.3270289E-02
    42c  32c  5     0.0            0.0            0.0        -0.4348406E-01
    42c  32c  7     0.0            0.0            0.0         -1.540809
    42c  40   0     0.0            0.0            0.0            0.0        -0.7991655E-02
    42c  40   2     0.0            0.0            0.0            0.0        -0.7413409E-02
    42c  40   4     0.0            0.0            0.0            0.0        -0.1496596E-01
    42c  40   6     0.0            0.0            0.0            0.0        -0.7265140E-01
    42c  40   8     0.0            0.0            0.0            0.0         -1.916879
    42c  42c  0     0.0            0.0            0.0            0.0         0.6466980E-03
    42c  42c  2     0.0            0.0            0.0            0.0         0.5999054E-03
    42c  42c  4     0.0            0.0            0.0            0.0         0.1211071E-02
    42c  42c  6     0.0            0.0            0.0            0.0         0.5879073E-02
    42c  42c  8     0.0            0.0            0.0            0.0         0.1551171
    42c  44c  0     0.0            0.0            0.0            0.0        -0.8382574E-03
    42c  44c  2     0.0            0.0            0.0            0.0        -0.7776043E-03
    42c  44c  4     0.0            0.0            0.0            0.0        -0.1569804E-02
    42c  44c  6     0.0            0.0            0.0            0.0        -0.7620522E-02
    42c  44c  8     0.0            0.0            0.0            0.0        -0.2010645
    44c  00   4     0.0            0.0        -0.6343895         0.0         -6.981164
    44c  10   3     0.0            0.0            0.0        -0.8419940E-03
    44c  10   5     0.0            0.0            0.0         0.4209970E-02
    44c  20   2     0.0            0.0         0.3266186E-02     0.0         0.3859943E-01
    44c  20   4     0.0            0.0         0.7423150E-02     0.0         0.6316271E-01
    44c  20   6     0.0            0.0         0.1299051         0.0         0.4298573
    44c  22c  2     0.0            0.0        -0.5054456E-02     0.0         0.2887887
    44c  22c  4     0.0            0.0        -0.1148740E-01     0.0         0.4725634
    44c  22c  6     0.0            0.0        -0.2010295         0.0          3.216056
    44c  22s  3     0.0            0.0            0.0         0.2257711E-01
    44c  22s  5     0.0            0.0            0.0        -0.8004986E-01
    44c  30   1     0.0            0.0            0.0         0.1555718E-01
    44c  30   3     0.0            0.0            0.0        -0.4950011E-02
    44c  30   5     0.0            0.0            0.0        -0.6581883E-01
    44c  30   7     0.0            0.0            0.0         -2.332217
    44c  32c  1     0.0            0.0            0.0        -0.1826490E-01
    44c  32c  3     0.0            0.0            0.0         0.5811559E-02
    44c  32c  5     0.0            0.0            0.0         0.7727458E-01
    44c  32c  7     0.0            0.0            0.0          2.738139
    44c  40   0     0.0            0.0            0.0            0.0         0.1306273E-01
    44c  40   2     0.0            0.0            0.0            0.0         0.1211756E-01
    44c  40   4     0.0            0.0            0.0            0.0         0.2446256E-01
    44c  40   6     0.0            0.0            0.0            0.0         0.1187521
    44c  40   8     0.0            0.0            0.0            0.0          3.133228
    44c  42c  0     0.0            0.0            0.0            0.0        -0.8382574E-03
    44c  42c  2     0.0            0.0            0.0            0.0        -0.7776043E-03
    44c  42c  4     0.0            0.0            0.0            0.0        -0.1569804E-02
    44c  42c  6     0.0            0.0            0.0            0.0        -0.7620522E-02
    44c  42c  8     0.0            0.0            0.0            0.0        -0.2010645
    44c  44c  0     0.0            0.0            0.0            0.0         0.2234173E-02
    44c  44c  2     0.0            0.0            0.0            0.0         0.2072517E-02
    44c  44c  4     0.0            0.0            0.0            0.0         0.4183933E-02
    44c  44c  6     0.0            0.0            0.0            0.0         0.2031066E-01
    44c  44c  8     0.0            0.0            0.0            0.0         0.5358890
  End
  H  O               C6             C7             C8             C9             C10
    00   00   0   4.590924         0.0          44.65951
    00   10   1     0.0         0.1229261
    00   20   2 -0.1942744         0.0         -1.217386
    00   22c  2  0.2826801         0.0         -8.294610
    00   30   3     0.0          2.198526
    00   32c  3     0.0         -2.547301
    00   40   4     0.0            0.0         -1.709550
    00   42c  4     0.0            0.0         0.8589381E-01
    00   44c  4     0.0            0.0        -0.1416223
    20   00   2  0.2955788         0.0          2.182229
    20   10   1     0.0         0.6425087E-02
    20   10   3     0.0        -0.2570035E-01
    20   20   0 -0.2669329E-02     0.0        -0.1932625E-01
    20   20   2 -0.3813327E-02     0.0        -0.2208714E-01
    20   20   4 -0.4118393E-01     0.0        -0.9939213E-01
    20   22c  0  0.3708615E-02     0.0        -0.1446109
    20   22c  2  0.5298022E-02     0.0        -0.1652696
    20   22c  4  0.5721863E-01     0.0        -0.7437133
    20   22s  1     0.0        -0.4976928E-02
    20   22s  3     0.0         0.1013651E-01
    20   30   1     0.0         0.1954067E-01
    20   30   3     0.0         0.3039660E-01
    20   30   5     0.0         0.5427965
    20   32c  1     0.0        -0.2271775E-01
    20   32c  3     0.0        -0.3533873E-01
    20   32c  5     0.0        -0.6310487
    20   40   2     0.0            0.0        -0.1270776E-01
    20   40   4     0.0            0.0        -0.2888126E-01
    20   40   6     0.0            0.0        -0.5054221
    20   42c  2     0.0            0.0         0.5396487E-03
    20   42c  4     0.0            0.0         0.1226474E-02
    20   42c  6     0.0            0.0         0.2146330E-01
    20   44c  2     0.0            0.0        -0.1291640E-02
    20   44c  4     0.0            0.0        -0.2935544E-02
    20   44c  6     0.0            0.0        -0.5137203E-01
    21c  00   2 -0.4138473         0.0         -3.184973
    21c  10   1     0.0        -0.1407130E-02
    21c  10   3     0.0         0.5628520E-02
    21c  20   0  0.3556275E-02     0.0         0.2738125E-01
    21c  20   2  0.5080393E-02     0.0         0.3129286E-01
    21c  20   4  0.5486825E-01     0.0         0.1408179
    21c  22c  0 -0.5054395E-02     0.0         0.1908719
    21c  22c  2 -0.7220564E-02     0.0         0.2181393
    21c  22c  4 -0.7798210E-01     0.0         0.9816269
    21c  22s  1     0.0         0.7398408E-02
    21c  22s  3     0.0        -0.1506834E-01
    21c  30   1     0.0        -0.2589443E-01
    21c  30   3     0.0        -0.4028022E-01
    21c  30   5     0.0        -0.7192896
    21c  32c  1     0.0         0.2998888E-01
    21c  32c  3     0.0         0.4664936E-01
    21c  32c  5     0.0         0.8330243
    21c  40   2     0.0            0.0         0.1752949E-01
    21c  40   4     0.0            0.0         0.3983974E-01
    21c  40   6     0.0            0.0         0.6971955
    21c  42c  2     0.0            0.0        -0.8011448E-03
    21c  42c  4     0.0            0.0        -0.1820784E-02
    21c  42c  6     0.0            0.0        -0.3186371E-01
    21c  44c  2     0.0            0.0         0.1404927E-02
    21c  44c  4     0.0            0.0         0.3193015E-02
    21c  44c  6     0.0            0.0         0.5587776E-01
    22c  00   2  0.1645244         0.0          1.299400
    22c  10   1     0.0        -0.2895055E-02
    22c  10   3     0.0         0.1158022E-01
    22c  20   0 -0.1364589E-02     0.0        -0.1093485E-01
    22c  20   2 -0.1949412E-02     0.0        -0.1249697E-01
    22c  20   4 -0.2105365E-01     0.0        -0.5623638E-01
    22c  22c  0  0.2059228E-02     0.0        -0.7212681E-01
    22c  22c  2  0.2941754E-02     0.0        -0.8243065E-01
    22c  22c  4  0.3177095E-01     0.0        -0.3709379
    22c  22s  1     0.0        -0.3825743E-02
    22c  22s  3     0.0         0.7791893E-02
    22c  30   1     0.0         0.9914502E-02
    22c  30   3     0.0         0.1542256E-01
    22c  30   5     0.0         0.2754028
    22c  32c  1     0.0        -0.1149624E-01
    22c  32c  3     0.0        -0.1788303E-01
    22c  32c  5     0.0        -0.3193399
    22c  40   2     0.0            0.0        -0.7060436E-02
    22c  40   4     0.0            0.0        -0.1604645E-01
    22c  40   6     0.0            0.0        -0.2808128
    22c  42c  2     0.0            0.0         0.4037827E-03
    22c  42c  4     0.0            0.0         0.9176879E-03
    22c  42c  6     0.0            0.0         0.1605954E-01
    22c  44c  2     0.0            0.0        -0.6372866E-03
    22c  44c  4     0.0            0.0        -0.1448379E-02
    22c  44c  6     0.0            0.0        -0.2534663E-01
  End
  H  H               C6             C7             C8             C9             C10
    00   00   0  0.9829859
    00   20   2  0.6412251E-01
    00   21c  2 -0.8852193E-01
    00   22c  2  0.3529705E-01
    20   00   2  0.6412251E-01
    20   20   0  0.1054091E-02
    20   20   2  0.1505844E-02
    20   20   4  0.1626311E-01
    20   21c  0 -0.1231304E-02
    20   21c  2 -0.1759006E-02
    20   21c  4 -0.1899727E-01
    20   22c  0  0.4203923E-03
    20   22c  2  0.6005604E-03
    20   22c  4  0.6486052E-02
    21c  00   2 -0.8852193E-01
    21c  20   0 -0.1231304E-02
    21c  20   2 -0.1759006E-02
    21c  20   4 -0.1899727E-01
    21c  21c  0  0.1636976E-02
    21c  21c  2  0.2338537E-02
    21c  21c  4  0.2525620E-01
    21c  22c  0 -0.6108945E-03
    21c  22c  2 -0.8727064E-03
    21c  22c  4 -0.9425229E-02
    22c  00   2  0.3529705E-01
    22c  20   0  0.4203923E-03
    22c  20   2  0.6005604E-03
    22c  20   4  0.6486052E-02
    22c  21c  0 -0.6108945E-03
    22c  21c  2 -0.8727064E-03
    22c  21c  4 -0.9425229E-02
    22c  22c  0  0.2694905E-03
    22c  22c  2  0.3849865E-03
    22c  22c  4  0.4157854E-02
  End
