Batch  1:   500 points

Sites
O             0.000000    0.000000    0.000000
*** Warning: type O was not defined

H1           -1.453652    0.000000   -1.121687
*** Warning: type H was not defined

H2            1.453652    0.000000   -1.121687

Polarizability parameters
                  Sites       Components  Coefficient
  1  O_10_10_A
                O       O       10   10      1.000
  2  O_10_20_A
                O       O       10   20      1.000
  3  O_10_22c_A
                O       O       10   22c     1.000
  4  O_11c_11c_A
                O       O       11c  11c     1.000
  5  O_11c_21c_A
                O       O       11c  21c     1.000
  6  O_11s_11s_A
                O       O       11s  11s     1.000
  7  O_11s_21s_A
                O       O       11s  21s     1.000
  8  O_20_20_A
                O       O       20   20      1.000
  9  O_20_22c_A
                O       O       20   22c     1.000
 10  O_21c_21c_A
                O       O       21c  21c     1.000
 11  O_21s_21s_A
                O       O       21s  21s     1.000
 12  O_22c_22c_A
                O       O       22c  22c     1.000
 13  O_22s_22s_A
                O       O       22s  22s     1.000
 14  H1_10_10_A
                H2      H2      10   10      1.000
                H1      H1      10   10      1.000
 15  H1_10_11c_A
                H2      H2      10   11c     1.000
                H1      H1      10   11c     1.000
 16  H1_11c_11c_A
                H2      H2      11c  11c     1.000
                H1      H1      11c  11c     1.000
 17  H1_11s_11s_A
                H2      H2      11s  11s     1.000
                H1      H1      11s  11s     1.000
Reading penalties


Static polarizabilities

Response values:
Maximum          0.0109549300
Minimum         -0.0061245086
Range            0.0170794386
Min. magnitude   0.0000000078

Parameter values: 
  1            5.73314201     O_10_10_A
  2            1.92517574     O_10_20_A
  3           -2.16326057     O_10_22c_A
  4            7.23212005     O_11c_11c_A
  5           -4.14151442     O_11c_21c_A
  6            6.00360200     O_11s_11s_A
  7            0.20118043     O_11s_21s_A
  8           19.22082306     O_20_20_A
  9            6.61342480     O_20_22c_A
 10           18.46559809     O_21c_21c_A
 11           29.83299784     O_21s_21s_A
 12           23.05904489     O_22c_22c_A
 13           23.23690026     O_22s_22s_A
 14            1.59471168     H1_10_10_A
 15           -0.25286313     H1_10_11c_A
 16            1.27210108     H1_11c_11c_A
 17            1.16213203     H1_11s_11s_A
Residuals               per cent of range
Maximum      0.00039813       2.331
Minimum     -0.00052131      -3.052
R.m.s.       0.00002237       0.131
Sum of squared residuals =         0.00006

Parameter                Fitted      Anchor    Difference   Penalty
O_10_10_A                5.73314     5.20519     0.52795    2.76219E-06
O_10_20_A                1.92518     2.35340    -0.42822    0.00000E+00
O_10_22c_A              -2.16326    -3.09730     0.93404    0.00000E+00
O_11c_11c_A              7.23212     6.58825     0.64387    4.10823E-06
O_11c_21c_A             -4.14151    -4.40823     0.26672    0.00000E+00
O_11s_11s_A              6.00360     5.28462     0.71898    5.12270E-06
O_11s_21s_A              0.20118     0.46084    -0.25966    0.00000E+00
O_20_20_A               19.22082    16.32316     2.89766    0.00000E+00
O_20_22c_A               6.61342     6.03732     0.57610    0.00000E+00
O_21c_21c_A             18.46560    24.71425    -6.24865    0.00000E+00
O_21s_21s_A             29.83300    25.30187     4.53113    0.00000E+00
O_22c_22c_A             23.05904    24.21607    -1.15703    0.00000E+00
O_22s_22s_A             23.23690    23.98104    -0.74414    0.00000E+00
H1_10_10_A               1.59471     1.66521    -0.07050    4.92526E-08
H1_10_11c_A             -0.25286    -0.18497    -0.06790    4.56834E-08
H1_11c_11c_A             1.27210     1.75144    -0.47934    2.27693E-06
H1_11s_11s_A             1.16213     1.52173    -0.35960    1.28144E-06

Sum of penalties =     1.56464E-05
WARNING: string truncated

Total molecular polarizability
      00          z           x           y           20          21c         21s         22c         22s
     0.00000     0.00000     0.00000     0.00000     0.00000     0.00000     0.00000     0.00000     0.00000
     0.00000     9.00734     0.00000     0.00000    -4.78002     0.00000     0.00000    -3.27188     0.00000
     0.00000     0.00000     9.69155     0.00000     0.00000   -10.02836     0.00000     0.00000     0.00000
     0.00000     0.00000     0.00000     8.32787     0.00000     0.00000    -4.31444     0.00000     0.00000
     0.00000    -4.78002     0.00000     0.00000    38.02421     0.00000     0.00000     0.09895     0.00000
     0.00000     0.00000   -10.02836     0.00000     0.00000    52.81267     0.00000     0.00000     0.00000
     0.00000     0.00000     0.00000    -4.31444     0.00000     0.00000    38.60604     0.00000     0.00000
     0.00000    -3.27188     0.00000     0.00000     0.09895     0.00000     0.00000    38.65013     0.00000
     0.00000     0.00000     0.00000     0.00000     0.00000     0.00000     0.00000     0.00000    37.97114
Mean polarizability       =   9.00892
Polarizability anisotropy =   1.18099
Finished
