Batch  1:   500 points

Sites
He            0.000000    0.000000    0.000000
*** Warning: type He was not defined


Polarizability parameters
                  Sites       Components  Coefficient
  1  He_10_10_A
                He      He      10   10      1.000
  2  He_11c_11c_A
                He      He      11c  11c     1.000
  3  He_11s_11s_A
                He      He      11s  11s     1.000
  4  He_20_20_A
                He      He      20   20      1.000
  5  He_21c_21c_A
                He      He      21c  21c     1.000
  6  He_21s_21s_A
                He      He      21s  21s     1.000
  7  He_22c_22c_A
                He      He      22c  22c     1.000
  8  He_22s_22s_A
                He      He      22s  22s     1.000
Reading penalties


Static polarizabilities

Response values:
Maximum          0.0017828746
Minimum         -0.0014840071
Range            0.0032668817
Min. magnitude   0.0000000000

Parameter values: 
  1            1.39537541     He_10_10_A
  2            1.39536746     He_11c_11c_A
  3            1.39536390     He_11s_11s_A
  4            1.35053248     He_20_20_A
  5            1.35046592     He_21c_21c_A
  6            1.35025126     He_21s_21s_A
  7            1.35014868     He_22c_22c_A
  8            1.35051457     He_22s_22s_A
Residuals               per cent of range
Maximum      0.00000076       0.023
Minimum     -0.00000058      -0.018
R.m.s.       0.00000002       0.001
Sum of squared residuals =         0.00000

Parameter                Fitted      Anchor    Difference   Penalty
He_10_10_A               1.39538     1.39549    -0.00012    1.39912E-13
He_11c_11c_A             1.39537     1.39549    -0.00013    1.59362E-13
He_11s_11s_A             1.39536     1.39549    -0.00013    1.68484E-13
He_20_20_A               1.35053     1.35072    -0.00019    0.00000E+00
He_21c_21c_A             1.35047     1.35072    -0.00026    0.00000E+00
He_21s_21s_A             1.35025     1.35072    -0.00047    0.00000E+00
He_22c_22c_A             1.35015     1.35072    -0.00057    0.00000E+00
He_22s_22s_A             1.35051     1.35072    -0.00021    0.00000E+00

Sum of penalties =     4.67757E-13
WARNING: string truncated

Total molecular polarizability
      00          z           x           y           20          21c         21s         22c         22s
     0.00000     0.00000     0.00000     0.00000     0.00000     0.00000     0.00000     0.00000     0.00000
     0.00000     1.39538     0.00000     0.00000     0.00000     0.00000     0.00000     0.00000     0.00000
     0.00000     0.00000     1.39537     0.00000     0.00000     0.00000     0.00000     0.00000     0.00000
     0.00000     0.00000     0.00000     1.39536     0.00000     0.00000     0.00000     0.00000     0.00000
     0.00000     0.00000     0.00000     0.00000     1.35053     0.00000     0.00000     0.00000     0.00000
     0.00000     0.00000     0.00000     0.00000     0.00000     1.35047     0.00000     0.00000     0.00000
     0.00000     0.00000     0.00000     0.00000     0.00000     0.00000     1.35025     0.00000     0.00000
     0.00000     0.00000     0.00000     0.00000     0.00000     0.00000     0.00000     1.35015     0.00000
     0.00000     0.00000     0.00000     0.00000     0.00000     0.00000     0.00000     0.00000     1.35051
Mean polarizability       =   1.39537
Polarizability anisotropy =   0.00001
Finished
