Batch  1:   500 points

Sites
He            0.000000    0.000000    0.000000
*** Warning: type He was not defined


Polarizability parameters
                  Sites       Components  Coefficient
  1  He_10_10_A
                He      He      10   10      1.000
  2  He_11c_11c_A
                He      He      11c  11c     1.000
  3  He_11s_11s_A
                He      He      11s  11s     1.000
  4  He_20_20_A
                He      He      20   20      1.000
  5  He_21c_21c_A
                He      He      21c  21c     1.000
  6  He_21s_21s_A
                He      He      21s  21s     1.000
  7  He_22c_22c_A
                He      He      22c  22c     1.000
  8  He_22s_22s_A
                He      He      22s  22s     1.000
Reading penalties


Static polarizabilities

Response values:
Maximum          0.0000018568
Minimum         -0.0000014005
Range            0.0000032574
Min. magnitude   0.0000000000

Parameter values: 
  1            0.00138335     He_10_10_A
  2            0.00138335     He_11c_11c_A
  3            0.00138335     He_11s_11s_A
  4            0.00337474     He_20_20_A
  5            0.00337474     He_21c_21c_A
  6            0.00337476     He_21s_21s_A
  7            0.00337477     He_22c_22c_A
  8            0.00337474     He_22s_22s_A
Residuals               per cent of range
Maximum      0.00000000       0.001
Minimum     -0.00000000      -0.002
R.m.s.       0.00000000       0.000
Sum of squared residuals =         0.00000

Parameter                Fitted      Anchor    Difference   Penalty
He_10_10_A               0.00138     0.00138     0.00000    6.94320E-25
He_11c_11c_A             0.00138     0.00138     0.00000    7.90113E-25
He_11s_11s_A             0.00138     0.00138     0.00000    8.38794E-25
He_20_20_A               0.00337     0.00337     0.00000    0.00000E+00
He_21c_21c_A             0.00337     0.00337     0.00000    0.00000E+00
He_21s_21s_A             0.00337     0.00337     0.00000    0.00000E+00
He_22c_22c_A             0.00337     0.00337     0.00000    0.00000E+00
He_22s_22s_A             0.00337     0.00337     0.00000    0.00000E+00

Sum of penalties =     2.32323E-24
WARNING: string truncated

Total molecular polarizability
      00          z           x           y           20          21c         21s         22c         22s
     0.00000     0.00000     0.00000     0.00000     0.00000     0.00000     0.00000     0.00000     0.00000
     0.00000     0.00138     0.00000     0.00000     0.00000     0.00000     0.00000     0.00000     0.00000
     0.00000     0.00000     0.00138     0.00000     0.00000     0.00000     0.00000     0.00000     0.00000
     0.00000     0.00000     0.00000     0.00138     0.00000     0.00000     0.00000     0.00000     0.00000
     0.00000     0.00000     0.00000     0.00000     0.00337     0.00000     0.00000     0.00000     0.00000
     0.00000     0.00000     0.00000     0.00000     0.00000     0.00337     0.00000     0.00000     0.00000
     0.00000     0.00000     0.00000     0.00000     0.00000     0.00000     0.00337     0.00000     0.00000
     0.00000     0.00000     0.00000     0.00000     0.00000     0.00000     0.00000     0.00337     0.00000
     0.00000     0.00000     0.00000     0.00000     0.00000     0.00000     0.00000     0.00000     0.00337
Mean polarizability       =   0.00138
Polarizability anisotropy =   0.00000
Finished
