Batch  1:   500 points

Sites
He            0.000000    0.000000    0.000000
*** Warning: type He was not defined


Polarizability parameters
                  Sites       Components  Coefficient
  1  He_10_10_A
                He      He      10   10      1.000
  2  He_11c_11c_A
                He      He      11c  11c     1.000
  3  He_11s_11s_A
                He      He      11s  11s     1.000
  4  He_20_20_A
                He      He      20   20      1.000
  5  He_21c_21c_A
                He      He      21c  21c     1.000
  6  He_21s_21s_A
                He      He      21s  21s     1.000
  7  He_22c_22c_A
                He      He      22c  22c     1.000
  8  He_22s_22s_A
                He      He      22s  22s     1.000
Reading penalties


Static polarizabilities

Response values:
Maximum          0.0000511495
Minimum         -0.0000385211
Range            0.0000896707
Min. magnitude   0.0000000000

Parameter values: 
  1            0.03807734     He_10_10_A
  2            0.03807737     He_11c_11c_A
  3            0.03807739     He_11s_11s_A
  4            0.09375014     He_20_20_A
  5            0.09375045     He_21c_21c_A
  6            0.09375137     He_21s_21s_A
  7            0.09375183     He_22c_22c_A
  8            0.09375025     He_22s_22s_A
Residuals               per cent of range
Maximum      0.00000000       0.003
Minimum     -0.00000000      -0.004
R.m.s.       0.00000000       0.000
Sum of squared residuals =         0.00000

Parameter                Fitted      Anchor    Difference   Penalty
He_10_10_A               0.03808     0.03808     0.00000    5.71391E-20
He_11c_11c_A             0.03808     0.03808     0.00000    6.50980E-20
He_11s_11s_A             0.03808     0.03808     0.00000    6.90582E-20
He_20_20_A               0.09375     0.09375     0.00000    0.00000E+00
He_21c_21c_A             0.09375     0.09375     0.00000    0.00000E+00
He_21s_21s_A             0.09375     0.09375     0.00000    0.00000E+00
He_22c_22c_A             0.09375     0.09375     0.00000    0.00000E+00
He_22s_22s_A             0.09375     0.09375     0.00000    0.00000E+00

Sum of penalties =     1.91295E-19
WARNING: string truncated

Total molecular polarizability
      00          z           x           y           20          21c         21s         22c         22s
     0.00000     0.00000     0.00000     0.00000     0.00000     0.00000     0.00000     0.00000     0.00000
     0.00000     0.03808     0.00000     0.00000     0.00000     0.00000     0.00000     0.00000     0.00000
     0.00000     0.00000     0.03808     0.00000     0.00000     0.00000     0.00000     0.00000     0.00000
     0.00000     0.00000     0.00000     0.03808     0.00000     0.00000     0.00000     0.00000     0.00000
     0.00000     0.00000     0.00000     0.00000     0.09375     0.00000     0.00000     0.00000     0.00000
     0.00000     0.00000     0.00000     0.00000     0.00000     0.09375     0.00000     0.00000     0.00000
     0.00000     0.00000     0.00000     0.00000     0.00000     0.00000     0.09375     0.00000     0.00000
     0.00000     0.00000     0.00000     0.00000     0.00000     0.00000     0.00000     0.09375     0.00000
     0.00000     0.00000     0.00000     0.00000     0.00000     0.00000     0.00000     0.00000     0.09375
Mean polarizability       =   0.03808
Polarizability anisotropy =   0.00000
Finished
