Batch  1:   500 points

Sites
He            0.000000    0.000000    0.000000
*** Warning: type He was not defined


Polarizability parameters
                  Sites       Components  Coefficient
  1  He_10_10_A
                He      He      10   10      1.000
  2  He_11c_11c_A
                He      He      11c  11c     1.000
  3  He_11s_11s_A
                He      He      11s  11s     1.000
  4  He_20_20_A
                He      He      20   20      1.000
  5  He_21c_21c_A
                He      He      21c  21c     1.000
  6  He_21s_21s_A
                He      He      21s  21s     1.000
  7  He_22c_22c_A
                He      He      22c  22c     1.000
  8  He_22s_22s_A
                He      He      22s  22s     1.000
Reading penalties


Static polarizabilities

Response values:
Maximum          0.0012281418
Minimum         -0.0010026427
Range            0.0022307846
Min. magnitude   0.0000000011

Parameter values: 
  1            0.95177238     He_10_10_A
  2            0.95176779     He_11c_11c_A
  3            0.95176571     He_11s_11s_A
  4            1.19668436     He_20_20_A
  5            1.19664625     He_21c_21c_A
  6            1.19652313     He_21s_21s_A
  7            1.19646440     He_22c_22c_A
  8            1.19667443     He_22s_22s_A
Residuals               per cent of range
Maximum      0.00000044       0.020
Minimum     -0.00000033      -0.015
R.m.s.       0.00000001       0.001
Sum of squared residuals =         0.00000

Parameter                Fitted      Anchor    Difference   Penalty
He_10_10_A               0.95177     0.95184    -0.00007    3.18439E-14
He_11c_11c_A             0.95177     0.95184    -0.00007    3.62855E-14
He_11s_11s_A             0.95177     0.95184    -0.00007    3.83913E-14
He_20_20_A               1.19668     1.19679    -0.00011    0.00000E+00
He_21c_21c_A             1.19665     1.19679    -0.00015    0.00000E+00
He_21s_21s_A             1.19652     1.19679    -0.00027    0.00000E+00
He_22c_22c_A             1.19646     1.19679    -0.00033    0.00000E+00
He_22s_22s_A             1.19667     1.19679    -0.00012    0.00000E+00

Sum of penalties =     1.06521E-13
WARNING: string truncated

Total molecular polarizability
      00          z           x           y           20          21c         21s         22c         22s
     0.00000     0.00000     0.00000     0.00000     0.00000     0.00000     0.00000     0.00000     0.00000
     0.00000     0.95177     0.00000     0.00000     0.00000     0.00000     0.00000     0.00000     0.00000
     0.00000     0.00000     0.95177     0.00000     0.00000     0.00000     0.00000     0.00000     0.00000
     0.00000     0.00000     0.00000     0.95177     0.00000     0.00000     0.00000     0.00000     0.00000
     0.00000     0.00000     0.00000     0.00000     1.19668     0.00000     0.00000     0.00000     0.00000
     0.00000     0.00000     0.00000     0.00000     0.00000     1.19665     0.00000     0.00000     0.00000
     0.00000     0.00000     0.00000     0.00000     0.00000     0.00000     1.19652     0.00000     0.00000
     0.00000     0.00000     0.00000     0.00000     0.00000     0.00000     0.00000     1.19646     0.00000
     0.00000     0.00000     0.00000     0.00000     0.00000     0.00000     0.00000     0.00000     1.19667
Mean polarizability       =   0.95177
Polarizability anisotropy =   0.00001
Finished
