Batch  1:   500 points

Sites
He            0.000000    0.000000    0.000000
*** Warning: type He was not defined


Polarizability parameters
                  Sites       Components  Coefficient
  1  He_10_10_A
                He      He      10   10      1.000
  2  He_11c_11c_A
                He      He      11c  11c     1.000
  3  He_11s_11s_A
                He      He      11s  11s     1.000
  4  He_20_20_A
                He      He      20   20      1.000
  5  He_21c_21c_A
                He      He      21c  21c     1.000
  6  He_21s_21s_A
                He      He      21s  21s     1.000
  7  He_22c_22c_A
                He      He      22c  22c     1.000
  8  He_22s_22s_A
                He      He      22s  22s     1.000
Reading penalties


Static polarizabilities

Response values:
Maximum          0.0015639837
Minimum         -0.0012933030
Range            0.0028572867
Min. magnitude   0.0000000016

Parameter values: 
  1            1.21996848     He_10_10_A
  2            1.21996187     He_11c_11c_A
  3            1.21995890     He_11s_11s_A
  4            1.30019372     He_20_20_A
  5            1.30013859     He_21c_21c_A
  6            1.29996073     He_21s_21s_A
  7            1.29987578     He_22c_22c_A
  8            1.30017905     He_22s_22s_A
Residuals               per cent of range
Maximum      0.00000063       0.022
Minimum     -0.00000048      -0.017
R.m.s.       0.00000002       0.001
Sum of squared residuals =         0.00000

Parameter                Fitted      Anchor    Difference   Penalty
He_10_10_A               1.21997     1.22007    -0.00010    8.46556E-14
He_11c_11c_A             1.21996     1.22007    -0.00010    9.64425E-14
He_11s_11s_A             1.21996     1.22007    -0.00011    1.01994E-13
He_20_20_A               1.30019     1.30035    -0.00016    0.00000E+00
He_21c_21c_A             1.30014     1.30035    -0.00021    0.00000E+00
He_21s_21s_A             1.29996     1.30035    -0.00039    0.00000E+00
He_22c_22c_A             1.29988     1.30035    -0.00048    0.00000E+00
He_22s_22s_A             1.30018     1.30035    -0.00017    0.00000E+00

Sum of penalties =     2.83093E-13
WARNING: string truncated

Total molecular polarizability
      00          z           x           y           20          21c         21s         22c         22s
     0.00000     0.00000     0.00000     0.00000     0.00000     0.00000     0.00000     0.00000     0.00000
     0.00000     1.21997     0.00000     0.00000     0.00000     0.00000     0.00000     0.00000     0.00000
     0.00000     0.00000     1.21996     0.00000     0.00000     0.00000     0.00000     0.00000     0.00000
     0.00000     0.00000     0.00000     1.21996     0.00000     0.00000     0.00000     0.00000     0.00000
     0.00000     0.00000     0.00000     0.00000     1.30019     0.00000     0.00000     0.00000     0.00000
     0.00000     0.00000     0.00000     0.00000     0.00000     1.30014     0.00000     0.00000     0.00000
     0.00000     0.00000     0.00000     0.00000     0.00000     0.00000     1.29996     0.00000     0.00000
     0.00000     0.00000     0.00000     0.00000     0.00000     0.00000     0.00000     1.29988     0.00000
     0.00000     0.00000     0.00000     0.00000     0.00000     0.00000     0.00000     0.00000     1.30018
Mean polarizability       =   1.21996
Polarizability anisotropy =   0.00001
Finished
