Batch  1:   500 points

Sites
He            0.000000    0.000000    0.000000
*** Warning: type He was not defined


Polarizability parameters
                  Sites       Components  Coefficient
  1  He_10_10_A
                He      He      10   10      1.000
  2  He_11c_11c_A
                He      He      11c  11c     1.000
  3  He_11s_11s_A
                He      He      11s  11s     1.000
  4  He_20_20_A
                He      He      20   20      1.000
  5  He_21c_21c_A
                He      He      21c  21c     1.000
  6  He_21s_21s_A
                He      He      21s  21s     1.000
  7  He_22c_22c_A
                He      He      22c  22c     1.000
  8  He_22s_22s_A
                He      He      22s  22s     1.000
Reading penalties


Static polarizabilities

Response values:
Maximum          0.0017663225
Minimum         -0.0014695599
Range            0.0032358824
Min. magnitude   0.0000000006

Parameter values: 
  1            1.38209875     He_10_10_A
  2            1.38209090     He_11c_11c_A
  3            1.38208738     He_11s_11s_A
  4            1.34708521     He_20_20_A
  5            1.34701952     He_21c_21c_A
  6            1.34680766     He_21s_21s_A
  7            1.34670643     He_22c_22c_A
  8            1.34706755     He_22s_22s_A
Residuals               per cent of range
Maximum      0.00000075       0.023
Minimum     -0.00000057      -0.018
R.m.s.       0.00000002       0.001
Sum of squared residuals =         0.00000

Parameter                Fitted      Anchor    Difference   Penalty
He_10_10_A               1.38210     1.38222    -0.00012    1.35073E-13
He_11c_11c_A             1.38209     1.38222    -0.00012    1.53853E-13
He_11s_11s_A             1.38209     1.38222    -0.00013    1.62663E-13
He_20_20_A               1.34709     1.34727    -0.00019    0.00000E+00
He_21c_21c_A             1.34702     1.34727    -0.00025    0.00000E+00
He_21s_21s_A             1.34681     1.34727    -0.00047    0.00000E+00
He_22c_22c_A             1.34671     1.34727    -0.00057    0.00000E+00
He_22s_22s_A             1.34707     1.34727    -0.00021    0.00000E+00

Sum of penalties =     4.51589E-13
WARNING: string truncated

Total molecular polarizability
      00          z           x           y           20          21c         21s         22c         22s
     0.00000     0.00000     0.00000     0.00000     0.00000     0.00000     0.00000     0.00000     0.00000
     0.00000     1.38210     0.00000     0.00000     0.00000     0.00000     0.00000     0.00000     0.00000
     0.00000     0.00000     1.38209     0.00000     0.00000     0.00000     0.00000     0.00000     0.00000
     0.00000     0.00000     0.00000     1.38209     0.00000     0.00000     0.00000     0.00000     0.00000
     0.00000     0.00000     0.00000     0.00000     1.34709     0.00000     0.00000     0.00000     0.00000
     0.00000     0.00000     0.00000     0.00000     0.00000     1.34702     0.00000     0.00000     0.00000
     0.00000     0.00000     0.00000     0.00000     0.00000     0.00000     1.34681     0.00000     0.00000
     0.00000     0.00000     0.00000     0.00000     0.00000     0.00000     0.00000     1.34671     0.00000
     0.00000     0.00000     0.00000     0.00000     0.00000     0.00000     0.00000     0.00000     1.34707
Mean polarizability       =   1.38209
Polarizability anisotropy =   0.00001
Finished
