Batch  1:   500 points

Sites
He            0.000000    0.000000    0.000000
*** Warning: type He was not defined


Polarizability parameters
                  Sites       Components  Coefficient
  1  He_10_10_A
                He      He      10   10      1.000
  2  He_11c_11c_A
                He      He      11c  11c     1.000
  3  He_11s_11s_A
                He      He      11s  11s     1.000
  4  He_20_20_A
                He      He      20   20      1.000
  5  He_21c_21c_A
                He      He      21c  21c     1.000
  6  He_21s_21s_A
                He      He      21s  21s     1.000
  7  He_22c_22c_A
                He      He      22c  22c     1.000
  8  He_22s_22s_A
                He      He      22s  22s     1.000
Reading penalties


Static polarizabilities

Response values:
Maximum          0.0017805448
Minimum         -0.0014819733
Range            0.0032625182
Min. magnitude   0.0000000016

Parameter values: 
  1            1.39350655     He_10_10_A
  2            1.39349861     He_11c_11c_A
  3            1.39349505     He_11s_11s_A
  4            1.35005047     He_20_20_A
  5            1.34998404     He_21c_21c_A
  6            1.34976976     He_21s_21s_A
  7            1.34966737     He_22c_22c_A
  8            1.35003259     He_22s_22s_A
Residuals               per cent of range
Maximum      0.00000076       0.023
Minimum     -0.00000058      -0.018
R.m.s.       0.00000002       0.001
Sum of squared residuals =         0.00000

Parameter                Fitted      Anchor    Difference   Penalty
He_10_10_A               1.39351     1.39362    -0.00012    1.39181E-13
He_11c_11c_A             1.39350     1.39362    -0.00013    1.58533E-13
He_11s_11s_A             1.39350     1.39362    -0.00013    1.67610E-13
He_20_20_A               1.35005     1.35024    -0.00019    0.00000E+00
He_21c_21c_A             1.34998     1.35024    -0.00026    0.00000E+00
He_21s_21s_A             1.34977     1.35024    -0.00047    0.00000E+00
He_22c_22c_A             1.34967     1.35024    -0.00057    0.00000E+00
He_22s_22s_A             1.35003     1.35024    -0.00021    0.00000E+00

Sum of penalties =     4.65323E-13
WARNING: string truncated

Total molecular polarizability
      00          z           x           y           20          21c         21s         22c         22s
     0.00000     0.00000     0.00000     0.00000     0.00000     0.00000     0.00000     0.00000     0.00000
     0.00000     1.39351     0.00000     0.00000     0.00000     0.00000     0.00000     0.00000     0.00000
     0.00000     0.00000     1.39350     0.00000     0.00000     0.00000     0.00000     0.00000     0.00000
     0.00000     0.00000     0.00000     1.39350     0.00000     0.00000     0.00000     0.00000     0.00000
     0.00000     0.00000     0.00000     0.00000     1.35005     0.00000     0.00000     0.00000     0.00000
     0.00000     0.00000     0.00000     0.00000     0.00000     1.34998     0.00000     0.00000     0.00000
     0.00000     0.00000     0.00000     0.00000     0.00000     0.00000     1.34977     0.00000     0.00000
     0.00000     0.00000     0.00000     0.00000     0.00000     0.00000     0.00000     1.34967     0.00000
     0.00000     0.00000     0.00000     0.00000     0.00000     0.00000     0.00000     0.00000     1.35003
Mean polarizability       =   1.39350
Polarizability anisotropy =   0.00001
Finished
