Batch  1:   500 points

Sites
He            0.000000    0.000000    0.000000
*** Warning: type He was not defined


Polarizability parameters
                  Sites       Components  Coefficient
  1  He_10_10_A
                He      He      10   10      1.000
  2  He_11c_11c_A
                He      He      11c  11c     1.000
  3  He_11s_11s_A
                He      He      11s  11s     1.000
  4  He_20_20_A
                He      He      20   20      1.000
  5  He_21c_21c_A
                He      He      21c  21c     1.000
  6  He_21s_21s_A
                He      He      21s  21s     1.000
  7  He_22c_22c_A
                He      He      22c  22c     1.000
  8  He_22s_22s_A
                He      He      22s  22s     1.000
Reading penalties


Static polarizabilities

Response values:
Maximum          0.0002736974
Minimum         -0.0002091773
Range            0.0004828747
Min. magnitude   0.0000000006

Parameter values: 
  1            0.20522941     He_10_10_A
  2            0.20522929     He_11c_11c_A
  3            0.20522923     He_11s_11s_A
  4            0.46026309     He_20_20_A
  5            0.46026212     He_21c_21c_A
  6            0.46025863     He_21s_21s_A
  7            0.46025706     He_22c_22c_A
  8            0.46026297     He_22s_22s_A
Residuals               per cent of range
Maximum      0.00000001       0.002
Minimum     -0.00000001      -0.002
R.m.s.       0.00000000       0.000
Sum of squared residuals =         0.00000

Parameter                Fitted      Anchor    Difference   Penalty
He_10_10_A               0.20523     0.20523    -0.00000    4.47711E-18
He_11c_11c_A             0.20523     0.20523    -0.00000    5.11243E-18
He_11s_11s_A             0.20523     0.20523    -0.00000    5.41179E-18
He_20_20_A               0.46026     0.46027    -0.00000    0.00000E+00
He_21c_21c_A             0.46026     0.46027    -0.00000    0.00000E+00
He_21s_21s_A             0.46026     0.46027    -0.00001    0.00000E+00
He_22c_22c_A             0.46026     0.46027    -0.00001    0.00000E+00
He_22s_22s_A             0.46026     0.46027    -0.00000    0.00000E+00

Sum of penalties =     1.50013E-17
WARNING: string truncated

Total molecular polarizability
      00          z           x           y           20          21c         21s         22c         22s
     0.00000     0.00000     0.00000     0.00000     0.00000     0.00000     0.00000     0.00000     0.00000
     0.00000     0.20523     0.00000     0.00000     0.00000     0.00000     0.00000     0.00000     0.00000
     0.00000     0.00000     0.20523     0.00000     0.00000     0.00000     0.00000     0.00000     0.00000
     0.00000     0.00000     0.00000     0.20523     0.00000     0.00000     0.00000     0.00000     0.00000
     0.00000     0.00000     0.00000     0.00000     0.46026     0.00000     0.00000     0.00000     0.00000
     0.00000     0.00000     0.00000     0.00000     0.00000     0.46026     0.00000     0.00000     0.00000
     0.00000     0.00000     0.00000     0.00000     0.00000     0.00000     0.46026     0.00000     0.00000
     0.00000     0.00000     0.00000     0.00000     0.00000     0.00000     0.00000     0.46026     0.00000
     0.00000     0.00000     0.00000     0.00000     0.00000     0.00000     0.00000     0.00000     0.46026
Mean polarizability       =   0.20523
Polarizability anisotropy =   0.00000
Finished
