He                                                                              

Recoupled polarizabilities for He

Site He type He
00(11)
  -2.41685       -2.41361       -2.39385       -2.32114       -2.11304    
  -1.64851      -0.953493      -0.355468      -0.659519E-01  -0.239604E-02
20(11)
  0.792002E-05   0.787919E-05   0.787919E-05   0.751177E-05   0.661362E-05
  0.459688E-05   0.181670E-05   0.122474E-06  -0.355176E-07  -0.653197E-09
22c(11)
  0.254558E-05   0.247487E-05   0.247487E-05   0.240416E-05   0.212132E-05
  0.147078E-05   0.586899E-06   0.424264E-07  -0.120208E-07  -0.282843E-09
00(22)
   3.01955        3.01847        3.01184        2.98667        2.90704    
   2.67568        2.08039        1.02917       0.209633       0.754617E-02
20(22)
 -0.121764E-03  -0.121550E-03  -0.120214E-03  -0.115136E-03  -0.100784E-03
 -0.696483E-04  -0.271110E-04  -0.183608E-05   0.549489E-06   0.106103E-07
22c(22)
 -0.993405E-04  -0.991553E-04  -0.980443E-04  -0.939707E-04  -0.823517E-04
 -0.570305E-04  -0.223493E-04  -0.161556E-05   0.424951E-06   0.782318E-08
40(22)
  0.118268E-03   0.118065E-03   0.116690E-03   0.111802E-03   0.979848E-04
  0.678412E-04   0.265508E-04   0.186097E-05  -0.521359E-06  -0.980087E-08
42c(22)
  0.114709E-03   0.114495E-03   0.113212E-03   0.108508E-03   0.950915E-04
  0.658532E-04   0.258067E-04   0.186548E-05  -0.490692E-06  -0.903343E-08
44c(22)
 -0.258730E-03  -0.258235E-03  -0.255336E-03  -0.244659E-03  -0.214395E-03
 -0.148492E-03  -0.582515E-04  -0.417900E-05   0.111864E-05   0.206475E-07

Dispersion coefficients for He
  He  He             C6             C7             C8             C9             C10
    00   00   0   1.489030         0.0          9.418719         0.0          30.05366
    00   20   2  0.2845324E-05     0.0         0.1199425E-03     0.0         0.5464224E-03
    00   22c  2     0.0            0.0         0.9487474E-04     0.0         0.4477323E-03
    00   40   4     0.0            0.0         0.6167314E-04     0.0         0.2142415E-03
    00   42c  4     0.0            0.0         0.5987854E-04     0.0         0.2080872E-03
    00   44c  4     0.0            0.0        -0.1350275E-03     0.0        -0.4692339E-03
    20   00   2  0.2845324E-05     0.0         0.1199425E-03     0.0         0.5464224E-03
    22c  00   2     0.0            0.0         0.9487474E-04     0.0         0.4477323E-03
    40   00   4     0.0            0.0         0.6167314E-04     0.0         0.2142415E-03
    42c  00   4     0.0            0.0         0.5987854E-04     0.0         0.2080872E-03
    44c  00   4     0.0            0.0        -0.1350275E-03     0.0        -0.4692339E-03
  End
