Batch  1:   500 points

Sites
He            0.000000    0.000000    0.000000
*** Warning: type He was not defined


Polarizability parameters
                  Sites       Components  Coefficient
  1  He_10_10_A
                He      He      10   10      1.000
  2  He_11c_11c_A
                He      He      11c  11c     1.000
  3  He_11s_11s_A
                He      He      11s  11s     1.000
  4  He_20_20_A
                He      He      20   20      1.000
  5  He_21c_21c_A
                He      He      21c  21c     1.000
  6  He_21s_21s_A
                He      He      21s  21s     1.000
  7  He_22c_22c_A
                He      He      22c  22c     1.000
  8  He_22s_22s_A
                He      He      22s  22s     1.000
Reading penalties


Static polarizabilities

Response values:
Maximum          0.0007207921
Minimum         -0.0005716419
Range            0.0012924339
Min. magnitude   0.0000000001

Parameter values: 
  1            0.55050089     He_10_10_A
  2            0.55049908     He_11c_11c_A
  3            0.55049825     He_11s_11s_A
  4            0.93041292     He_20_20_A
  5            0.93039808     He_21c_21c_A
  6            0.93034980     He_21s_21s_A
  7            0.93032688     He_22c_22c_A
  8            0.93040926     He_22s_22s_A
Residuals               per cent of range
Maximum      0.00000017       0.013
Minimum     -0.00000013      -0.010
R.m.s.       0.00000001       0.000
Sum of squared residuals =         0.00000

Parameter                Fitted      Anchor    Difference   Penalty
He_10_10_A               0.55050     0.55053    -0.00003    2.75011E-15
He_11c_11c_A             0.55050     0.55053    -0.00003    3.13510E-15
He_11s_11s_A             0.55050     0.55053    -0.00003    3.31929E-15
He_20_20_A               0.93041     0.93046    -0.00004    0.00000E+00
He_21c_21c_A             0.93040     0.93046    -0.00006    0.00000E+00
He_21s_21s_A             0.93035     0.93046    -0.00011    0.00000E+00
He_22c_22c_A             0.93033     0.93046    -0.00013    0.00000E+00
He_22s_22s_A             0.93041     0.93046    -0.00005    0.00000E+00

Sum of penalties =     9.20449E-15
WARNING: string truncated

Total molecular polarizability
      00          z           x           y           20          21c         21s         22c         22s
     0.00000     0.00000     0.00000     0.00000     0.00000     0.00000     0.00000     0.00000     0.00000
     0.00000     0.55050     0.00000     0.00000     0.00000     0.00000     0.00000     0.00000     0.00000
     0.00000     0.00000     0.55050     0.00000     0.00000     0.00000     0.00000     0.00000     0.00000
     0.00000     0.00000     0.00000     0.55050     0.00000     0.00000     0.00000     0.00000     0.00000
     0.00000     0.00000     0.00000     0.00000     0.93041     0.00000     0.00000     0.00000     0.00000
     0.00000     0.00000     0.00000     0.00000     0.00000     0.93040     0.00000     0.00000     0.00000
     0.00000     0.00000     0.00000     0.00000     0.00000     0.00000     0.93035     0.00000     0.00000
     0.00000     0.00000     0.00000     0.00000     0.00000     0.00000     0.00000     0.93033     0.00000
     0.00000     0.00000     0.00000     0.00000     0.00000     0.00000     0.00000     0.00000     0.93041
Mean polarizability       =   0.55050
Polarizability anisotropy =   0.00000
Finished
