Batch  1:   500 points

Sites
He            0.000000    0.000000    0.000000
*** Warning: type He was not defined


Polarizability parameters
                  Sites       Components  Coefficient
  1  He_10_10_A
                He      He      10   10      1.000
  2  He_11c_11c_A
                He      He      11c  11c     1.000
  3  He_11s_11s_A
                He      He      11s  11s     1.000
  4  He_20_20_A
                He      He      20   20      1.000
  5  He_21c_21c_A
                He      He      21c  21c     1.000
  6  He_21s_21s_A
                He      He      21s  21s     1.000
  7  He_22c_22c_A
                He      He      22c  22c     1.000
  8  He_22s_22s_A
                He      He      22s  22s     1.000
Reading penalties


Static polarizabilities

Response values:
Maximum          0.0017139642
Minimum         -0.0014238867
Range            0.0031378509
Min. magnitude   0.0000000035

Parameter values: 
  1            1.34011431     He_10_10_A
  2            1.34010678     He_11c_11c_A
  3            1.34010340     He_11s_11s_A
  4            1.33582043     He_20_20_A
  5            1.33575749     He_21c_21c_A
  6            1.33555448     He_21s_21s_A
  7            1.33545749     He_22c_22c_A
  8            1.33580355     He_22s_22s_A
Residuals               per cent of range
Maximum      0.00000072       0.023
Minimum     -0.00000055      -0.018
R.m.s.       0.00000002       0.001
Sum of squared residuals =         0.00000

Parameter                Fitted      Anchor    Difference   Penalty
He_10_10_A               1.34011     1.34023    -0.00011    1.20494E-13
He_11c_11c_A             1.34011     1.34023    -0.00012    1.37254E-13
He_11s_11s_A             1.34010     1.34023    -0.00012    1.45125E-13
He_20_20_A               1.33582     1.33600    -0.00018    0.00000E+00
He_21c_21c_A             1.33576     1.33600    -0.00024    0.00000E+00
He_21s_21s_A             1.33555     1.33600    -0.00045    0.00000E+00
He_22c_22c_A             1.33546     1.33600    -0.00054    0.00000E+00
He_22s_22s_A             1.33580     1.33600    -0.00020    0.00000E+00

Sum of penalties =     4.02872E-13
WARNING: string truncated

Total molecular polarizability
      00          z           x           y           20          21c         21s         22c         22s
     0.00000     0.00000     0.00000     0.00000     0.00000     0.00000     0.00000     0.00000     0.00000
     0.00000     1.34011     0.00000     0.00000     0.00000     0.00000     0.00000     0.00000     0.00000
     0.00000     0.00000     1.34011     0.00000     0.00000     0.00000     0.00000     0.00000     0.00000
     0.00000     0.00000     0.00000     1.34010     0.00000     0.00000     0.00000     0.00000     0.00000
     0.00000     0.00000     0.00000     0.00000     1.33582     0.00000     0.00000     0.00000     0.00000
     0.00000     0.00000     0.00000     0.00000     0.00000     1.33576     0.00000     0.00000     0.00000
     0.00000     0.00000     0.00000     0.00000     0.00000     0.00000     1.33555     0.00000     0.00000
     0.00000     0.00000     0.00000     0.00000     0.00000     0.00000     0.00000     1.33546     0.00000
     0.00000     0.00000     0.00000     0.00000     0.00000     0.00000     0.00000     0.00000     1.33580
Mean polarizability       =   1.34011
Polarizability anisotropy =   0.00001
Finished
