

    ******************************************************************
    ***********  DALTON - An electronic structure program  ***********
    ******************************************************************

    This is output from DALTON (Release 2.0 rev. 0, Mar. 2005)

    Celestino Angeli,         University of Ferrara,        Italy      
    Keld L. Bak,              UNI-C,                        Denmark    
    Vebjoern Bakken,          University of Oslo,           Norway     
    Ove Christiansen,         Aarhus University,            Denmark    
    Renzo Cimiraglia,         University of Ferrara,        Italy      
    Sonia Coriani,            University of Trieste,        Italy      
    Paal Dahle,               University of Oslo,           Norway     
    Erik K. Dalskov,          UNI-C,                        Denmark    
    Thomas Enevoldsen,        SDU - Odense University,      Denmark    
    Berta Fernandez,          U. of Santiago de Compostela, Spain      
    Christof Haettig,         Forschungszentrum Karlsruhe,  Germany    
    Kasper Hald,              Aarhus University,            Denmark    
    Asger Halkier,            Aarhus University,            Denmark    
    Hanne Heiberg,            University of Oslo,           Norway     
    Trygve Helgaker,          University of Oslo,           Norway     
    Hinne Hettema,            University of Auckland,       New Zealand
    Hans Joergen Aa. Jensen,  Univ. of Southern Denmark,    Denmark    
    Dan Jonsson,              KTH Stockholm,                Sweden     
    Poul Joergensen,          Aarhus University,            Denmark    
    Sheela Kirpekar,          SDU - Odense University,      Denmark    
    Wim Klopper,              University of Karlsruhe,      Germany    
    Rika Kobayashi,           ANU Supercomputer Facility,   Australia  
    Henrik Koch,              University of Trondheim,      Norway     
    Andrea Ligabue,           University of Modena,         Italy      
    Ola B. Lutnaes,           University of Oslo,           Norway     
    Kurt V. Mikkelsen,        University of Copenhagen,     Denmark    
    Patrick Norman,           University of Linkoeping,     Sweden     
    Jeppe Olsen,              Aarhus University,            Denmark    
    Martin J. Packer,         University of Sheffield,      UK         
    Thomas B. Pedersen,       University of Lund,           Sweden     
    Zilvinas Rinkevicius,     KTH Stockholm,                Sweden     
    Elias Rudberg,            KTH Stockholm,                Sweden     
    Torgeir A. Ruden,         University of Oslo,           Norway     
    Kenneth Ruud,             University of Tromsoe,        Norway     
    Pawel Salek,              KTH Stockholm,                Sweden     
    Alfredo Sanchez de Meras, University of Valencia,       Spain      
    Trond Saue,               University of Strasbourg,     France     
    Stephan P. A. Sauer,      University of Copenhagen,     Denmark    
    Bernd Schimmelpfennig,    Forschungszentrum Karlsruhe,  Sweden     
    K. O. Sylvester-Hvid,     University of Copenhagen,     Denmark    
    Peter R. Taylor,          University of Warwick,        UK         
    Olav Vahtras,             KTH Stockholm,                Sweden     
    David J. Wilson,          University of Oslo,           Norway     
    Hans Agren,               KTH Stockholm,                Sweden     

 ---------------------------------------------------------------------

     NOTE:
      
     This is an experimental code for the evaluation of molecular
     properties using (MC)SCF and CC wave functions. The authors
     accept no responsibility for the performance of the code or
     for the correctness of the results.
      
     The code (in whole or part) is provided under a licence and
     is not to be reproduced for further distribution without
     the written permission of the authors or their representatives.
      
     See the home page "http://www.kjemi.uio.no/software/dalton"
     for further information.
      
     If results obtained with this code are published,
     an appropriate citation would be:
      
     "Dalton, a molecular electronic structure program, Release 2.0
     (2005), see http://www.kjemi.uio.no/software/dalton/dalton.html"

     Date and time (Linux)  : Thu Sep 13 11:53:25 2012
     Host name              : mmp12                                   

 <<<<<<<<<< OUTPUT FROM GENERAL INPUT PROCESSING >>>>>>>>>>


 Default print level:        0

    Integral sections will be executed
    "Old" integral transformation used (limited to max 255 basis functions)
    Wave function sections will be executed

Starting in Integral Section -



 *************************************************************************
 ****************** Output from HERMIT input processing ******************
 *************************************************************************


 Default print level:        1

 * Nuclear model: Point charge

 Calculation of one- and two-electron Hamiltonian integrals.


 *************************************************************************
 ****************** Output from READIN input processing ******************
 *************************************************************************



  Title Cards
  -----------

    He with CO                                                            
    Basis is aug-cc-pVTZ and type DC+                                     

  INFO from READIN: Threshold for discarding integrals was    1.00D-16
  INFO from READIN: Threshold is reset to minimum value       1.00D-15


                      SYMGRP:Point group information
                      ------------------------------

Point group: C1 

   * Character table

        |  E 
   -----+-----
    A   |   1

   * Direct product table

        | A  
   -----+-----
    A   | A  


                             Isotopic Masses
                             ---------------

                           He          4.002603
                           Mb         12.000000
                           C          15.994915

                       Total mass:    31.997518 amu
                       Natural abundance:  98.663 %

 Center-of-mass coordinates (A):    0.000000    0.000000    5.615233


  Atoms and basis sets
  --------------------

  Number of atom types:     4
  Total number of atoms:    4

  label    atoms   charge   prim    cont     basis
  ----------------------------------------------------------------------
  He          1       2      26      23      [7s3p2d|4s3p2d]                              
  Mb          1       0      14      14      [3s2p1d|3s2p1d]                              
  C           1       6      58      46      [11s6p3d2f|5s4p3d2f]                         
  O           1       8      58      46      [11s6p3d2f|5s4p3d2f]                         
  ----------------------------------------------------------------------
  total:      4      16     156     129
  ----------------------------------------------------------------------
  Spherical harmonic basis used.

  Threshold for integrals:  1.00D-15


  Cartesian Coordinates
  ---------------------

  Total number of coordinates: 12

   1   He       x      0.0000000000
   2            y      0.0000000000
   3            z      0.0000000000

   4   Mb       x     -0.0918963000
   5            y      0.0000000000
   6            z      3.1771085100

   7   C        x      1.1507510000
   8            y      0.0000000000
   9            z      6.8179100000

  10   O        x     -0.8633380000
  11            y      0.0000000000
  12            z      6.1181060000


   Interatomic separations (in Angstroms):
   ---------------------------------------

            He          Mb          C           O     
            ------      ------      ------      ------
 He    :    0.000000
 Mb    :    1.681957    0.000000
 C     :    3.658912    2.035758    0.000000
 O     :    3.269637    1.608959    1.128312    0.000000


  Max interatomic separation is    3.6589 Angstroms
  between atoms "C     " and "He    ".


  Bond distances (angstroms):
  ---------------------------

                  atom 1     atom 2       distance
                  ------     ------       --------
  bond distance:  O          C            1.128312


  Bond angles (degrees):
  ----------------------

                  atom 1     atom 2     atom 3         angle
                  ------     ------     ------         -----
     No angles found




 Principal moments of inertia (u*A**2) and principal axes
 --------------------------------------------------------

   IA    7.571425          0.079893    0.000000    0.996803
   IB   41.551184          0.996803    0.000000   -0.079893
   IC   49.122609          0.000000    1.000000    0.000000


 Rotational constants
 --------------------

 The molecule is planar.

               A                   B                   C

          66748.2018          12162.8063          10288.1141 MHz
            2.226480            0.405708            0.343175 cm-1


  Nuclear repulsion energy :   26.837007741355


 ************************************************************************
 ************************** Output from HERINT **************************
 ************************************************************************


 >>> Time used in HUCKEL is   0.00 seconds


 >>> Time used in ONEDRV is   0.00 seconds


 Number of two-electron integrals written:    16732877 ( 47.6% )
 Megabytes written:                            191.605



 >>> Time used in TWOINT is   1.84 seconds

 >>>> Total CPU  time used in HERMIT:   1.85 seconds
 >>>> Total wall time used in HERMIT:   2.00 seconds

- End of Integral Section


Starting in Wave Function Section -


 *** Output from Huckel module :

     Using EWMO model:          T
     Using EHT  model:          F
     Number of Huckel orbitals each symmetry:   11

 EWMO - Energy Weighted Maximum Overlap - is a Huckel type method,
 which normally is better than Extended Huckel Theory.
 Reference: Linderberg and Ohrm, Propagators in Quantum Chemistry (Wiley, 1973)

 Huckel EWMO eigenvalues for symmetry :  1
          -20.679147     -11.341397      -1.563311      -0.916167      -0.797759
           -0.734371      -0.732438      -0.467402      -0.320256      -0.320196
           -0.140512
 **********************************************************************
 *SIRIUS* a direct, restricted step, second order MCSCF program       *
 **********************************************************************

 
     Date and time (Linux)  : Thu Sep 13 11:53:28 2012
     Host name              : mmp12                                   

 Title lines from integral program:
       He with CO                                                            
       Basis is aug-cc-pVTZ and type DC+                                     

 Print level on unit LUPRI =   2 is   0
 Print level on unit LUW4  =   2 is   5

     Restricted, closed shell Hartree-Fock calculation.


 Initial molecular orbitals are obtained according to
 ".MOSTART EWMO  " input option.

     Wave function specification
     ============================
     Number of closed shell electrons         16
     Number of electrons in active shells      0
     Total charge of the molecule              0

     Number of active orbitals                 0
     Total number of orbitals                129

     Spin multiplicity                         1
     Total number of symmetries                1
     Reference state symmetry                  1

     Orbital specifications
     ======================
     Abelian symmetry species           1
                                       --
     Total number of orbitals         129
     Number of basis functions        129

      ** Automatic occupation of RHF orbitals **
      -- Initial occupation of symmetries is determined from Huckel guess.                    
      -- Initial occupation of symmetries is : --

     Occupied SCF orbitals              8

     Maximum number of Fock   iterations      0
     Maximum number of DIIS   iterations     60
     Maximum number of QC-SCF iterations     15
     Threshold for SCF convergence     1.00D-06


 >>>>> DIIS optimization of Hartree-Fock <<<<<

 C1-DIIS algorithm; max error vectors =   10

 Automatic occupation of symmetries with  16 electrons.

 Iter     Total energy    Error norm  Delta(E)    HF occupation
 -----------------------------------------------------------------------------
   1   -115.351081740141   2.33D+00  -1.15D+02    8
   2   -115.626991003344   6.40D-01  -2.76D-01    8
   3   -115.641399951595   1.36D-01  -1.44D-02    8
   4   -115.642371814746   8.40D-02  -9.72D-04    8
   5   -115.642674488683   1.64D-02  -3.03D-04    8
   6   -115.642694945929   3.96D-03  -2.05D-05    8
   7   -115.642696066905   5.70D-04  -1.12D-06    8
   8   -115.642696098409   9.53D-05  -3.15D-08    8
   9   -115.642696099537   1.05D-05  -1.13D-09    8
  10   -115.642696099554   2.33D-06  -1.72D-11    8
  11   -115.642696099556   1.01D-06  -1.99D-12    8
  12   -115.642696099555   2.36D-07   4.26D-13    8
 DIIS converged in  12 iterations !


 *** RHF orbital energy analysis ***

 Only the five lowest virtual orbital energies printed in each symmetry.

 Number of electrons :   16
 Orbital occupations :    8

 Hartree-Fock orbital energies, symmetry 1

       -20.66792644   -11.36178765    -1.52285338    -0.91806959    -0.80475939
        -0.64040920    -0.64030735    -0.55481392     0.06911594     0.07024325
         0.07711503     0.08580432     0.12676398

    E(LUMO) :     0.06911594 au (symmetry 1)
  - E(HOMO) :    -0.55481392 au (symmetry 1)
  ------------------------------------------
    gap     :     0.62392986 au

 >>> Writing SIRIFC interface file <<<


                    >>> FINAL RESULTS FROM SIRIUS <<<

     Spin multiplicity:           1
     Spatial symmetry:            1
     Total charge of molecule:    0

     Final HF energy:            -115.642696099555
     Nuclear repulsion:            26.837007741355
     Electronic energy:          -142.479703840911

     Final gradient norm:           0.000000236135

 
     Date and time (Linux)  : Thu Sep 13 11:53:30 2012
     Host name              : mmp12                                   

     Molecular orbitals for symmetry species   1

 Orbital          1        2        3        4        5        6        7
   1  He  1s     0.0000   0.0000   0.0005   0.9998  -0.0107   0.0169   0.0000
   2  He  1s    -0.0001   0.0002   0.0010  -0.0003   0.0001  -0.0015   0.0000
   3  He  1s     0.0004  -0.0007  -0.0086   0.0043   0.0011   0.0157   0.0000
   4  He  1s     0.0001  -0.0001  -0.0014   0.0088  -0.0004   0.0027   0.0000
   5  He  2px    0.0000   0.0000   0.0000   0.0000   0.0000   0.0000   0.0000
   6  He  2py    0.0000   0.0000   0.0000   0.0000   0.0000   0.0000   0.0000
   7  He  2pz    0.0000   0.0000   0.0002   0.0001  -0.0001  -0.0001   0.0000
   8  He  2px    0.0000   0.0000   0.0001   0.0002   0.0001  -0.0002   0.0000
   9  He  2py    0.0000   0.0000   0.0000   0.0000   0.0000   0.0000   0.0001
  10  He  2pz    0.0000   0.0000  -0.0009  -0.0009   0.0009   0.0002   0.0000
  11  He  2px    0.0000   0.0001   0.0002   0.0001  -0.0011   0.0014   0.0000
  12  He  2py    0.0000   0.0000   0.0000   0.0000   0.0000   0.0000  -0.0008
  13  He  2pz    0.0002  -0.0004  -0.0056   0.0061   0.0018   0.0067   0.0000
  14  He  3d2-   0.0000   0.0000   0.0000   0.0000   0.0000   0.0000   0.0000
  15  He  3d1-   0.0000   0.0000   0.0000   0.0000   0.0000   0.0000   0.0000
  16  He  3d0    0.0000   0.0000   0.0001  -0.0001  -0.0001   0.0000   0.0000
  17  He  3d1+   0.0000   0.0000   0.0000   0.0000   0.0001  -0.0001   0.0000
  18  He  3d2+   0.0000   0.0000   0.0000   0.0000   0.0000   0.0000   0.0000
  19  He  3d2-   0.0000   0.0000   0.0000   0.0000   0.0000   0.0000   0.0000
  20  He  3d1-   0.0000   0.0000   0.0000   0.0000   0.0000   0.0000  -0.0003
  21  He  3d0    0.0001  -0.0001  -0.0016   0.0002   0.0011   0.0005   0.0000
  22  He  3d1+   0.0000   0.0000   0.0003   0.0000  -0.0004   0.0011   0.0000
  23  He  3d2+   0.0000   0.0000  -0.0001   0.0000   0.0001   0.0000   0.0000
  24  Mb  1s     0.0001  -0.0002  -0.0051  -0.0013   0.0037   0.0026   0.0000
  25  Mb  1s     0.0001   0.0000   0.0109   0.0004  -0.0154  -0.0055   0.0000
  26  Mb  1s     0.0000  -0.0008   0.0117   0.0136  -0.0124   0.0361   0.0000
  27  Mb  2px    0.0000   0.0000   0.0014  -0.0004   0.0012   0.0011   0.0000
  28  Mb  2py    0.0000   0.0000   0.0000   0.0000   0.0000   0.0000   0.0004
  29  Mb  2pz    0.0002  -0.0001   0.0052  -0.0004  -0.0068  -0.0054   0.0000
  30  Mb  2px   -0.0002  -0.0002   0.0017   0.0000   0.0040  -0.0020   0.0000
  31  Mb  2py    0.0000   0.0000   0.0000   0.0000   0.0000   0.0000   0.0011
  32  Mb  2pz    0.0005  -0.0014  -0.0041   0.0238  -0.0085   0.0381   0.0000
  33  Mb  3d2-   0.0000   0.0000   0.0000   0.0000   0.0000   0.0000  -0.0003
  34  Mb  3d1-   0.0000   0.0000   0.0000   0.0000   0.0000   0.0000   0.0001
  35  Mb  3d0   -0.0001   0.0002   0.0081   0.0023  -0.0065  -0.0047   0.0000
  36  Mb  3d1+   0.0000   0.0000   0.0014  -0.0006   0.0010   0.0033   0.0000
  37  Mb  3d2+   0.0000   0.0000  -0.0002   0.0003   0.0000   0.0003   0.0000
  38  C   1s    -0.0003   0.9999  -0.0182  -0.0001   0.0026  -0.0008   0.0000
  39  C   1s    -0.0012   0.0021   0.4234  -0.0049  -0.5692  -0.0028   0.0000
  40  C   1s     0.0000   0.0020  -0.0025  -0.0002   0.0003  -0.0002   0.0000
  41  C   1s     0.0007   0.0036  -0.1040  -0.0134   0.0782  -0.0328   0.0000
  42  C   1s    -0.0001   0.0007   0.0046  -0.0003  -0.0077   0.0016   0.0000
  43  C   2px    0.0011  -0.0084  -0.3160   0.0044   0.1856  -0.1461   0.0000
  44  C   2py    0.0000   0.0000   0.0000   0.0000   0.0000   0.0000  -0.4429
  45  C   2pz    0.0004  -0.0031  -0.1101  -0.0016   0.0642   0.4187   0.0000
  46  C   2px    0.0007   0.0041   0.0395   0.0008  -0.0170   0.0146   0.0000
  47  C   2py    0.0000   0.0000   0.0000   0.0000   0.0000   0.0000   0.0251
  48  C   2pz    0.0000   0.0018   0.0138   0.0000  -0.0048  -0.0247   0.0000
  49  C   2px   -0.0004   0.0020   0.1107   0.0039  -0.0679   0.0436   0.0000
  50  C   2py    0.0000   0.0000   0.0000   0.0000   0.0000   0.0000   0.0841
  51  C   2pz   -0.0003   0.0000   0.0383   0.0080  -0.0203  -0.0537   0.0000
  52  C   2px    0.0001  -0.0001   0.0029  -0.0002  -0.0012   0.0000   0.0000
  53  C   2py    0.0000   0.0000   0.0000   0.0000   0.0000   0.0000   0.0018
  54  C   2pz    0.0000  -0.0002   0.0006   0.0000   0.0011  -0.0023   0.0000
  55  C   3d2-   0.0000   0.0000   0.0000   0.0000   0.0000   0.0000   0.0262
  56  C   3d1-   0.0000   0.0000   0.0000   0.0000   0.0000   0.0000   0.0091
  57  C   3d0    0.0001  -0.0005  -0.0087   0.0003   0.0052  -0.0146   0.0000
  58  C   3d1+  -0.0001   0.0007   0.0141   0.0000  -0.0082  -0.0216   0.0000
  59  C   3d2+  -0.0002   0.0011   0.0206  -0.0003  -0.0122   0.0084   0.0000
  60  C   3d2-   0.0000   0.0000   0.0000   0.0000   0.0000   0.0000   0.0365
  61  C   3d1-   0.0000   0.0000   0.0000   0.0000   0.0000   0.0000   0.0123
  62  C   3d0    0.0004   0.0002  -0.0085  -0.0004   0.0041  -0.0197   0.0000
  63  C   3d1+  -0.0003  -0.0004   0.0088   0.0005  -0.0073  -0.0309   0.0000
  64  C   3d2+  -0.0007  -0.0003   0.0144  -0.0004  -0.0094   0.0100   0.0000
  65  C   3d2-   0.0000   0.0000   0.0000   0.0000   0.0000   0.0000  -0.0010
  66  C   3d1-   0.0000   0.0000   0.0000   0.0000   0.0000   0.0000  -0.0002
  67  C   3d0    0.0001   0.0003   0.0029  -0.0013  -0.0030  -0.0060   0.0000
  68  C   3d1+   0.0000   0.0002  -0.0052  -0.0019   0.0013  -0.0081   0.0000
  69  C   3d2+   0.0000  -0.0001  -0.0096  -0.0007   0.0033  -0.0034   0.0000
  70  C   4f3-   0.0000   0.0000   0.0000   0.0000   0.0000   0.0000  -0.0074
  71  C   4f2-   0.0000   0.0000   0.0000   0.0000   0.0000   0.0000  -0.0042
  72  C   4f1-   0.0000   0.0000   0.0000   0.0000   0.0000   0.0000   0.0010
  73  C   4f0    0.0001   0.0002   0.0029   0.0001  -0.0027  -0.0024   0.0000
  74  C   4f1+   0.0000   0.0001   0.0023  -0.0001  -0.0019   0.0064   0.0000
  75  C   4f2+  -0.0001  -0.0002  -0.0044   0.0000   0.0040   0.0042   0.0000
  76  C   4f3+  -0.0001  -0.0003  -0.0058   0.0001   0.0048  -0.0022   0.0000
  77  C   4f3-   0.0000   0.0000   0.0000   0.0000   0.0000   0.0000  -0.0044
  78  C   4f2-   0.0000   0.0000   0.0000   0.0000   0.0000   0.0000  -0.0023
  79  C   4f1-   0.0000   0.0000   0.0000   0.0000   0.0000   0.0000   0.0006
  80  C   4f0   -0.0002  -0.0003   0.0000   0.0002   0.0014  -0.0005   0.0000
  81  C   4f1+  -0.0002  -0.0001   0.0004   0.0000   0.0012   0.0029   0.0000
  82  C   4f2+   0.0002   0.0002   0.0028  -0.0005  -0.0024   0.0027   0.0000
  83  C   4f3+   0.0003   0.0003   0.0029   0.0000  -0.0028  -0.0014   0.0000
  84  O   1s    -0.9985  -0.0001  -0.0086   0.0001   0.0054  -0.0009   0.0000
  85  O   1s     0.0035   0.0021   0.8221   0.0016   0.4773  -0.0029   0.0000
  86  O   1s    -0.0015   0.0001  -0.0065   0.0000   0.0023   0.0000   0.0000
  87  O   1s    -0.0022  -0.0028  -0.1377  -0.0007   0.1783   0.0270   0.0000
  88  O   1s     0.0001  -0.0032  -0.0340  -0.0044   0.0642  -0.0220   0.0000
  89  O   2px   -0.0041   0.0016   0.2261  -0.0046  -0.6955  -0.2609   0.0000
  90  O   2py    0.0000   0.0000   0.0000   0.0000   0.0000   0.0000  -0.7936
  91  O   2pz   -0.0014   0.0005   0.0783  -0.0077  -0.2419   0.7505   0.0000
  92  O   2px    0.0034  -0.0009  -0.0085   0.0001   0.0226  -0.0001   0.0000
  93  O   2py    0.0000   0.0000   0.0000   0.0000   0.0000   0.0000  -0.0052
  94  O   2pz    0.0011  -0.0002  -0.0031  -0.0003   0.0093   0.0035   0.0000
  95  O   2px    0.0006  -0.0028  -0.1092   0.0031   0.1096   0.0132   0.0000
  96  O   2py    0.0000   0.0000   0.0000   0.0000   0.0000   0.0000   0.0120
  97  O   2pz    0.0009  -0.0016  -0.0308   0.0103   0.0176  -0.0024   0.0000
  98  O   2px    0.0000  -0.0009  -0.0171  -0.0007   0.0067  -0.0106   0.0000
  99  O   2py    0.0000   0.0000   0.0000   0.0000   0.0000   0.0000  -0.0162
 100  O   2pz    0.0001  -0.0002  -0.0028   0.0005  -0.0024   0.0177   0.0000
 101  O   3d2-   0.0000   0.0000   0.0000   0.0000   0.0000   0.0000  -0.0108
 102  O   3d1-   0.0000   0.0000   0.0000   0.0000   0.0000   0.0000  -0.0037
 103  O   3d0    0.0001  -0.0001  -0.0029   0.0001   0.0034   0.0057   0.0000
 104  O   3d1+  -0.0002   0.0001   0.0051  -0.0002  -0.0056   0.0089   0.0000
 105  O   3d2+  -0.0002   0.0002   0.0073  -0.0001  -0.0083  -0.0036   0.0000
 106  O   3d2-   0.0000   0.0000   0.0000   0.0000   0.0000   0.0000  -0.0290
 107  O   3d1-   0.0000   0.0000   0.0000   0.0000   0.0000   0.0000  -0.0102
 108  O   3d0   -0.0001   0.0003  -0.0080  -0.0002   0.0071   0.0191   0.0000
 109  O   3d1+   0.0003  -0.0006   0.0091   0.0001  -0.0101   0.0249   0.0000
 110  O   3d2+   0.0003  -0.0009   0.0137   0.0001  -0.0136  -0.0089   0.0000
 111  O   3d2-   0.0000   0.0000   0.0000   0.0000   0.0000   0.0000  -0.0099
 112  O   3d1-   0.0000   0.0000   0.0000   0.0000   0.0000   0.0000  -0.0024
 113  O   3d0   -0.0001   0.0004   0.0083  -0.0017   0.0036  -0.0004   0.0000
 114  O   3d1+   0.0000  -0.0006  -0.0072   0.0013  -0.0019   0.0084   0.0000
 115  O   3d2+  -0.0002  -0.0006  -0.0173   0.0008   0.0052  -0.0025   0.0000
 116  O   4f3-   0.0000   0.0000   0.0000   0.0000   0.0000   0.0000  -0.0052
 117  O   4f2-   0.0000   0.0000   0.0000   0.0000   0.0000   0.0000  -0.0030
 118  O   4f1-   0.0000   0.0000   0.0000   0.0000   0.0000   0.0000   0.0007
 119  O   4f0    0.0000   0.0000  -0.0016   0.0000   0.0016  -0.0015   0.0000
 120  O   4f1+   0.0000   0.0000  -0.0010   0.0000   0.0007   0.0047   0.0000
 121  O   4f2+   0.0000   0.0001   0.0022   0.0000  -0.0018   0.0031   0.0000
 122  O   4f3+   0.0000   0.0001   0.0029   0.0000  -0.0023  -0.0017   0.0000
 123  O   4f3-   0.0000   0.0000   0.0000   0.0000   0.0000   0.0000  -0.0031
 124  O   4f2-   0.0000   0.0000   0.0000   0.0000   0.0000   0.0000  -0.0016
 125  O   4f1-   0.0000   0.0000   0.0000   0.0000   0.0000   0.0000   0.0003
 126  O   4f0    0.0000   0.0003   0.0002  -0.0001  -0.0006  -0.0021   0.0000
 127  O   4f1+   0.0000   0.0002  -0.0015   0.0000   0.0020   0.0033   0.0000
 128  O   4f2+   0.0001  -0.0005   0.0008   0.0000  -0.0017   0.0020   0.0000
 129  O   4f3+   0.0001  -0.0006   0.0002   0.0002  -0.0011  -0.0010   0.0000

 Orbital          8
   1  He  1s    -0.0060
   2  He  1s     0.0001
   3  He  1s    -0.0015
   4  He  1s    -0.0008
   5  He  2px    0.0000
   6  He  2py    0.0000
   7  He  2pz    0.0000
   8  He  2px   -0.0001
   9  He  2py    0.0000
  10  He  2pz    0.0004
  11  He  2px    0.0004
  12  He  2py    0.0000
  13  He  2pz    0.0004
  14  He  3d2-   0.0000
  15  He  3d1-   0.0000
  16  He  3d0    0.0000
  17  He  3d1+   0.0000
  18  He  3d2+   0.0000
  19  He  3d2-   0.0000
  20  He  3d1-   0.0000
  21  He  3d0    0.0005
  22  He  3d1+  -0.0001
  23  He  3d2+   0.0000
  24  Mb  1s     0.0015
  25  Mb  1s    -0.0043
  26  Mb  1s    -0.0087
  27  Mb  2px   -0.0008
  28  Mb  2py    0.0000
  29  Mb  2pz   -0.0019
  30  Mb  2px   -0.0026
  31  Mb  2py    0.0000
  32  Mb  2pz   -0.0077
  33  Mb  3d2-   0.0000
  34  Mb  3d1-   0.0000
  35  Mb  3d0   -0.0027
  36  Mb  3d1+  -0.0011
  37  Mb  3d2+  -0.0001
  38  C   1s     0.0050
  39  C   1s     0.6207
  40  C   1s    -0.0045
  41  C   1s     0.1522
  42  C   1s     0.0282
  43  C   2px    0.6661
  44  C   2py    0.0000
  45  C   2pz    0.2311
  46  C   2px   -0.0463
  47  C   2py    0.0000
  48  C   2pz   -0.0144
  49  C   2px   -0.1292
  50  C   2py    0.0000
  51  C   2pz   -0.0494
  52  C   2px   -0.0004
  53  C   2py    0.0000
  54  C   2pz   -0.0012
  55  C   3d2-   0.0000
  56  C   3d1-   0.0000
  57  C   3d0    0.0070
  58  C   3d1+  -0.0114
  59  C   3d2+  -0.0165
  60  C   3d2-   0.0000
  61  C   3d1-   0.0000
  62  C   3d0    0.0059
  63  C   3d1+  -0.0076
  64  C   3d2+  -0.0105
  65  C   3d2-   0.0000
  66  C   3d1-   0.0000
  67  C   3d0   -0.0010
  68  C   3d1+   0.0058
  69  C   3d2+   0.0076
  70  C   4f3-   0.0000
  71  C   4f2-   0.0000
  72  C   4f1-   0.0000
  73  C   4f0   -0.0014
  74  C   4f1+  -0.0011
  75  C   4f2+   0.0022
  76  C   4f3+   0.0028
  77  C   4f3-   0.0000
  78  C   4f2-   0.0000
  79  C   4f1-   0.0000
  80  C   4f0    0.0011
  81  C   4f1+   0.0009
  82  C   4f2+  -0.0035
  83  C   4f3+  -0.0042
  84  O   1s    -0.0012
  85  O   1s    -0.0676
  86  O   1s    -0.0008
  87  O   1s     0.0401
  88  O   1s     0.0285
  89  O   2px   -0.3581
  90  O   2py    0.0000
  91  O   2pz   -0.1246
  92  O   2px    0.0085
  93  O   2py    0.0000
  94  O   2pz    0.0035
  95  O   2px    0.0540
  96  O   2py    0.0000
  97  O   2pz    0.0129
  98  O   2px    0.0027
  99  O   2py    0.0000
 100  O   2pz    0.0018
 101  O   3d2-   0.0000
 102  O   3d1-   0.0000
 103  O   3d0    0.0021
 104  O   3d1+  -0.0034
 105  O   3d2+  -0.0048
 106  O   3d2-   0.0000
 107  O   3d1-   0.0000
 108  O   3d0    0.0044
 109  O   3d1+  -0.0061
 110  O   3d2+  -0.0089
 111  O   3d2-   0.0000
 112  O   3d1-   0.0000
 113  O   3d0   -0.0049
 114  O   3d1+   0.0043
 115  O   3d2+   0.0103
 116  O   4f3-   0.0000
 117  O   4f2-   0.0000
 118  O   4f1-   0.0000
 119  O   4f0    0.0009
 120  O   4f1+   0.0006
 121  O   4f2+  -0.0012
 122  O   4f3+  -0.0015
 123  O   4f3-   0.0000
 124  O   4f2-   0.0000
 125  O   4f1-   0.0000
 126  O   4f0    0.0003
 127  O   4f1+   0.0006
 128  O   4f2+  -0.0009
 129  O   4f3+  -0.0006



 >>>> Total CPU  time used in SIRIUS :      2.22 seconds
 >>>> Total wall time used in SIRIUS :      3.00 seconds

 
     Date and time (Linux)  : Thu Sep 13 11:53:30 2012
     Host name              : mmp12                                   

- End of Wave Function Section

 >>>> Total CPU  time used in DALTON:   4.07 seconds
 >>>> Total wall time used in DALTON:   5.00 seconds

 
     Date and time (Linux)  : Thu Sep 13 11:53:30 2012
     Host name              : mmp12                                   
