

     ************************************************************************
     *************** Dalton - An Electronic Structure Program ***************
     ************************************************************************

    This is output from DALTON (Release Dalton2013 patch 0)
   ----------------------------------------------------------------------------
    NOTE:
     
    Dalton is an experimental code for the evaluation of molecular
    properties using (MC)SCF, DFT, CI, and CC wave functions.
    The authors accept no responsibility for the performance of
    the code or for the correctness of the results.
     
    The code (in whole or part) is provided under a licence and
    is not to be reproduced for further distribution without
    the written permission of the authors or their representatives.
     
    See the home page "http://daltonprogram.org" for further information.
     
    If results obtained with this code are published,
    the appropriate citations would be both of:
     
       K. Aidas, C. Angeli, K. L. Bak, V. Bakken, R. Bast,
       L. Boman, O. Christiansen, R. Cimiraglia, S. Coriani,
       P. Dahle, E. K. Dalskov, U. Ekstroem, T. Enevoldsen,
       J. J. Eriksen, P. Ettenhuber, B. Fernandez, L. Ferrighi,
       H. Fliegl, L. Frediani, K. Hald, A. Halkier, C. Haettig,
       H. Heiberg, T. Helgaker, A. C. Hennum, H. Hettema,
       E. Hjertenaes, S. Hoest, I.-M. Hoeyvik, M. F. Iozzi,
       B. Jansik, H. J. Aa. Jensen, D. Jonsson, P. Joergensen,
       J. Kauczor, S. Kirpekar, T. Kjaergaard, W. Klopper,
       S. Knecht, R. Kobayashi, H. Koch, J. Kongsted, A. Krapp,
       K. Kristensen, A. Ligabue, O. B. Lutnaes, J. I. Melo,
       K. V. Mikkelsen, R. H. Myhre, C. Neiss, C. B. Nielsen,
       P. Norman, J. Olsen, J. M. H. Olsen, A. Osted,
       M. J. Packer, F. Pawlowski, T. B. Pedersen, P. F. Provasi,
       S. Reine, Z. Rinkevicius, T. A. Ruden, K. Ruud, V. Rybkin,
       P. Salek, C. C. M. Samson, A. Sanchez de Meras, T. Saue,
       S. P. A. Sauer, B. Schimmelpfennig, K. Sneskov,
       A. H. Steindal, K. O. Sylvester-Hvid, P. R. Taylor,
       A. M. Teale, E. I. Tellgren, D. P. Tew, A. J. Thorvaldsen,
       L. Thoegersen, O. Vahtras, M. A. Watson, D. J. D. Wilson,
       M. Ziolkowski and H. Aagren,
       "The Dalton quantum chemistry program system",
       WIREs Comput. Mol. Sci. 2013. (doi: 10.1002/wcms.1172)
    
    and
    
       Dalton, a Molecular Electronic Structure Program,
       Release DALTON2013.0 (2013), see http://daltonprogram.org
   ----------------------------------------------------------------------------

    Authors in alphabetical order (major contribution(s) in parenthesis):

  Kestutis Aidas,           Vilnius University,           Lithuania   (QM/MM)
  Celestino Angeli,         University of Ferrara,        Italy       (NEVPT2)
  Keld L. Bak,              UNI-C,                        Denmark     (AOSOPPA, non-adiabatic coupling, magnetic properties)
  Vebjoern Bakken,          University of Oslo,           Norway      (DALTON; geometry optimizer, symmetry detection)
  Radovan Bast,             KTH Stockholm,                Sweden      (DALTON installation and execution frameworks)
  Linus Boman,              NTNU,                         Norway      (Cholesky decomposition and subsystems)
  Ove Christiansen,         Aarhus University,            Denmark     (CC module)
  Renzo Cimiraglia,         University of Ferrara,        Italy       (NEVPT2)
  Sonia Coriani,            University of Trieste,        Italy       (CC module, MCD in RESPONS)
  Paal Dahle,               University of Oslo,           Norway      (Parallelization)
  Erik K. Dalskov,          UNI-C,                        Denmark     (SOPPA)
  Thomas Enevoldsen,        Univ. of Southern Denmark,    Denmark     (SOPPA)
  Janus J. Eriksen,         Aarhus University,            Denmark     (PE-MP2/SOPPA, TDA)
  Berta Fernandez,          U. of Santiago de Compostela, Spain       (doublet spin, ESR in RESPONS)
  Lara Ferrighi,            Aarhus University,            Denmark     (PCM Cubic response)
  Heike Fliegl,             University of Oslo,           Norway      (CCSD(R12))
  Luca Frediani,            UiT The Arctic U. of Norway,  Norway      (PCM)
  Bin Gao,                  UiT The Arctic U. of Norway,  Norway      (Gen1Int library)
  Christof Haettig,         Ruhr-University Bochum,       Germany     (CC module)
  Kasper Hald,              Aarhus University,            Denmark     (CC module)
  Asger Halkier,            Aarhus University,            Denmark     (CC module)
  Hanne Heiberg,            University of Oslo,           Norway      (geometry analysis, selected one-electron integrals)
  Trygve Helgaker,          University of Oslo,           Norway      (DALTON; ABACUS, ERI, DFT modules, London, and much more)
  Alf Christian Hennum,     University of Oslo,           Norway      (Parity violation)
  Hinne Hettema,            University of Auckland,       New Zealand (quadratic response in RESPONS; SIRIUS supersymmetry)
  Eirik Hjertenaes,         NTNU,                         Norway      (Cholesky decomposition)
  Maria Francesca Iozzi,    University of Oslo,           Norway      (RPA)
  Brano Jansik              Technical Univ. of Ostrava    Czech Rep.  (DFT cubic response)
  Hans Joergen Aa. Jensen,  Univ. of Southern Denmark,    Denmark     (DALTON; SIRIUS, RESPONS, ABACUS modules, London, and much more)
  Dan Jonsson,              UiT The Arctic U. of Norway,  Norway      (cubic response in RESPONS module)
  Poul Joergensen,          Aarhus University,            Denmark     (RESPONS, ABACUS, and CC modules)
  Joanna Kauczor,           Linkoeping University,        Sweden      (Complex polarization propagator (CPP) module)
  Sheela Kirpekar,          Univ. of Southern Denmark,    Denmark     (Mass-velocity & Darwin integrals)
  Wim Klopper,              KIT Karlsruhe,                Germany     (R12 code in CC, SIRIUS, and ABACUS modules)
  Stefan Knecht,            ETH Zurich,                   Switzerland (Parallel CI and MCSCF)
  Rika Kobayashi,           Australian National Univ.,    Australia   (DIIS in CC, London in MCSCF)
  Henrik Koch,              NTNU,                         Norway      (CC module, Cholesky decomposition)
  Jacob Kongsted,           Univ. of Southern Denmark,    Denmark     (Polarizable embedding, QM/MM)
  Andrea Ligabue,           University of Modena,         Italy       (CTOCD, AOSOPPA)
  Ola B. Lutnaes,           University of Oslo,           Norway      (DFT Hessian)
  Juan I. Melo,             University of Buenos Aires,   Argentina   (LRESC, Relativistic Effects on NMR Shieldings)
  Kurt V. Mikkelsen,        University of Copenhagen,     Denmark     (MC-SCRF and QM/MM)
  Rolf H. Myhre,            NTNU,                         Norway      (Cholesky, subsystems and ECC2)
  Christian Neiss,          Univ. Erlangen-Nuernberg,     Germany     (CCSD(R12))
  Christian B. Nielsen,     University of Copenhagen,     Denmark     (QM/MM)
  Patrick Norman,           Linkoeping University,        Sweden      (Cubic response and complex response in RESPONS)
  Jeppe Olsen,              Aarhus University,            Denmark     (SIRIUS CI/density modules)
  Jogvan Magnus H. Olsen,   Univ. of Southern Denmark,    Denmark     (Polarizable embedding, PE library, QM/MM)
  Anders Osted,             Copenhagen University,        Denmark     (QM/MM)
  Martin J. Packer,         University of Sheffield,      UK          (SOPPA)
  Filip Pawlowski,          Kazimierz Wielki University,  Poland      (CC3)
  Thomas B. Pedersen,       University of Oslo,           Norway      (Cholesky decomposition)
  Patricio F. Provasi,      University of Northeastern,   Argentina   (Analysis of coupling constants in localized orbitals)
  Zilvinas Rinkevicius,     KTH Stockholm,                Sweden      (open-shell DFT, ESR)
  Elias Rudberg,            KTH Stockholm,                Sweden      (DFT grid and basis info)
  Torgeir A. Ruden,         University of Oslo,           Norway      (Numerical derivatives in ABACUS)
  Kenneth Ruud,             UiT The Arctic U. of Norway,  Norway      (DALTON; ABACUS magnetic properties and  much more)
  Pawel Salek,              KTH Stockholm,                Sweden      (DALTON; DFT code)
  Claire C. M. Samson       University of Karlsruhe       Germany     (Boys localization, r12 integrals in ERI)
  Alfredo Sanchez de Meras, University of Valencia,       Spain       (CC module, Cholesky decomposition)
  Trond Saue,               Paul Sabatier University,     France      (direct Fock matrix construction)
  Stephan P. A. Sauer,      University of Copenhagen,     Denmark     (SOPPA(CCSD), SOPPA prop., AOSOPPA, vibrational g-factors)
  Bernd Schimmelpfennig,    Forschungszentrum Karlsruhe,  Germany     (AMFI module)
  Kristian Sneskov,         Aarhus University,            Denmark     (QM/MM, PE-CC)
  Arnfinn H. Steindal,      UiT The Arctic U. of Norway,  Norway      (parallel QM/MM)
  K. O. Sylvester-Hvid,     University of Copenhagen,     Denmark     (MC-SCRF)
  Peter R. Taylor,          VLSCI/Univ. of Melbourne,     Australia   (Symmetry handling ABACUS, integral transformation)
  Andrew M. Teale,          University of Nottingham,     England     (DFT-AC, DFT-D)
  David P. Tew,             University of Bristol,        England     (CCSD(R12))
  Olav Vahtras,             KTH Stockholm,                Sweden      (triplet response, spin-orbit, ESR, TDDFT, open-shell DFT)
  David J. Wilson,          La Trobe University,          Australia   (DFT Hessian and DFT magnetizabilities)
  Hans Agren,               KTH Stockholm,                Sweden      (SIRIUS module, RESPONS, MC-SCRF solvation model)
 --------------------------------------------------------------------------------

     Date and time (Linux)  : Mon Mar 10 10:27:01 2014
     Host name              : whirligig                               

 * Work memory size             :   320000000 =  2.384 gigabytes.

 * Directories for basis set searches:
   1) /scratch/fastscratch/ajs1/HCONH2_10-27-00
   2) /usr/local/dalton_gfortran_64/basis


Compilation information
-----------------------

 Who compiled             | ajs1
 Host                     | whirligig
 System                   | Linux-3.2.0-56-generic
 CMake generator          | Unix Makefiles
 Processor                | x86_64
 64-bit integers          | ON
 MPI                      | OFF
 Fortran compiler         | /usr/bin/gfortran
 Fortran compiler version | GNU Fortran (Ubuntu/Linaro 4.6.3-1ubuntu5) 4.6.3
 C compiler               | /usr/bin/gcc
 C compiler version       | gcc (Ubuntu/Linaro 4.6.3-1ubuntu5) 4.6.3
 C++ compiler             | /usr/bin/g++
 C++ compiler version     | g++ (Ubuntu/Linaro 4.6.3-1ubuntu5) 4.6.3
 Explicit libs            | -L/usr/local/shared/atlas/Linux_core2duo_sse3_sse4
                          | _1/lib -llapack -lf77blas -lcblas -latlas
 Static linking           | OFF
 Last Git revision        | 575a5cf6d2c5c3776735f11fa026dbfca0382455
 Configuration time       | 2013-12-02 17:16:29.544027


   Content of the .dal input file
 ----------------------------------

**DALTON INPUT                                    
.RUN WAVE FUNCTION                                
! .DIRECT                                         
**INTEGRALS                                       
.NOSUP                                            
.PRINT                                            
    1                                             
**WAVE FUNCTIONS                                  
.DFT                                              
PBE0                                              
.INTERFACE                                        
*AUXILIARY INPUT                                  
.NOSUPMAT                                         
*ORBITALS                                         
.NOSUPSYM                                         
.AO DELETE                                        
 1.0E-6                                           
.CMOMAX                                           
 1000.0                                           
*DFT INPUT                                        
! .CKS                                            
.DFTELS                                           
0.01                                              
.DFTAC                                            
MULTPOLE                                          
TANH                                              
0.3745 0.3745 3.0 4.0                             
.RADINT                                           
1.0E-13                                           
.ANGINT                                           
35                                                
*SCF INPUT                                        
.THRESH                                           
1.0D-6                                            
*ORBITAL INPUT                                    
*END OF INPUT                                     


   Content of the .mol file
 ----------------------------

INTGRL                                                                         
  formamide                                                                    
  Basis is sadlej                                                              
Spherical  Atomtypes=  6 Charge=   0 Integrals=1.0D-16 Nosymmetry              
!                                                                              
!                                                                              
! formamide                                                                    
!                                                                              
Charge=  6.0  Atoms=1 Blocks=3 1 1 1                                           
C                0.00000000         0.00000000         0.00000000              
!                                                                              
! BASIS="Sadlej pVTZ"                                                          
! A. J. Sadlej, Collec. Czech. Chem. Commun.  53, 1995 (1988)                  
! A. J. Sadlej and M. Urban, J. Mol. Struct. (THEOCHEM) 234, 147 (1991)        
! A. J. Sadlej, Theor. Chim. Acta 79, 123 (1992)                               
! A. J. Sadlej, Theor. Chim. Acta 81, 45 (1992)                                
! A. J. Sadlej, Theor. Chim. Acta 81, 339 (1992)                               
!                                                                              
! (10S,6P,4D) -> [5S,3P,2D]                                                    
!                                                                              
! NOTE: Basis from DALTON/CADPAC library (different from online basis)         
! Online basis has:                                                            
!  D   2                                                                       
!   1        1.206700000         0.2628500000                                  
!   2       0.3855000000         0.8043000000                                  
!  D   2                                                                       
!   1       0.1219000000         0.6535000000                                  
!   2       0.3860000000E-01     0.8636000000                                  
!                                                                              
!                                                                              
!  S functions                                                                 
F  10    5                                                                     
  5240.63530   0.000937   0.000000   0.000000   0.000000   0.000000            
   782.20480   0.007228   0.000000   0.000000   0.000000   0.000000            
   178.35083   0.036344   0.000000   0.000000   0.000000   0.000000            
    50.81594   0.130600   0.000000   0.000000   0.000000   0.000000            
    16.82356   0.318931   0.000000   0.000000   0.000000   0.000000            
     6.17578   0.000000   0.438742   0.000000   0.000000   0.000000            
     2.41805   0.000000   0.214974   0.000000   0.000000   0.000000            
     0.51190   0.000000   0.000000   1.000000   0.000000   0.000000            
     0.15659   0.000000   0.000000   0.000000   1.000000   0.000000            
     0.04790   0.000000   0.000000   0.000000   0.000000   1.000000            
!                                                                              
!  P functions                                                                 
F   6    3                                                                     
    18.84180   0.013887   0.000000   0.000000                                  
     4.15924   0.086279   0.000000   0.000000                                  
     1.20671   0.288744   0.000000   0.000000                                  
     0.38554   0.499411   0.000000   0.000000                                  
     0.12194   0.000000   1.000000   0.000000                                  
     0.03857   0.000000   0.000000   1.000000                                  
!                                                                              
!  D functions                                                                 
F   4    2                                                                     
     1.20671   0.262852   0.000000                                             
     0.38554   0.804300   0.000000                                             
     0.12194   0.000000   0.653500                                             
     0.03866   0.000000   0.863600                                             
!                                                                              
Charge=  8.0  Atoms=1 Blocks=3 1 1 1                                           
O                2.29063151         0.00000000         0.00000000              
!                                                                              
! O: Sadlej pVTZ                                                               
! A. J. Sadlej, Collec. Czech. Chem. Commun.  53, 1995 (1988)                  
! A. J. Sadlej and M. Urban, J. Mol. Struct. (THEOCHEM) 234, 147 (1991)        
! A. J. Sadlej, Theor. Chim. Acta 79, 123 (1992)                               
! A. J. Sadlej, Theor. Chim. Acta 81, 45 (1992)                                
! A. J. Sadlej, Theor. Chim. Acta 81, 339 (1992)                               
!                                                                              
! (10S,6P,4D) -> [5S,3P,2D]                                                    
!                                                                              
!                                                                              
!  S functions                                                                 
F  10    5                                                                     
 10662.28500   0.000799   0.000000   0.000000   0.000000   0.000000            
  1599.70970   0.006153   0.000000   0.000000   0.000000   0.000000            
   364.72526   0.031157   0.000000   0.000000   0.000000   0.000000            
   103.65179   0.115596   0.000000   0.000000   0.000000   0.000000            
    33.90581   0.301552   0.000000   0.000000   0.000000   0.000000            
    12.28747   0.000000   0.444870   0.000000   0.000000   0.000000            
     4.75680   0.000000   0.243172   0.000000   0.000000   0.000000            
     1.00427   0.000000   0.000000   1.000000   0.000000   0.000000            
     0.30069   0.000000   0.000000   0.000000   1.000000   0.000000            
     0.09003   0.000000   0.000000   0.000000   0.000000   1.000000            
!                                                                              
!  P functions                                                                 
F   6    3                                                                     
    34.85646   0.015648   0.000000   0.000000                                  
     7.84313   0.098197   0.000000   0.000000                                  
     2.30625   0.307768   0.000000   0.000000                                  
     0.72316   0.492470   0.000000   0.000000                                  
     0.21488   0.000000   1.000000   0.000000                                  
     0.06385   0.000000   0.000000   1.000000                                  
!                                                                              
!  D functions                                                                 
F   4    2                                                                     
     2.30620   0.202700   0.000000                                             
     0.72320   0.579100   0.000000                                             
     0.21490   0.000000   0.785450                                             
     0.06390   0.000000   0.533870                                             
!                                                                              
Charge=  1.0  Atoms=1 Blocks=2 1 1                                             
H1              -1.13908247         1.77246836         0.00000000              
!                                                                              
! BASIS="Sadlej pVTZ"                                                          
! A. J. Sadlej, Collec. Czech. Chem. Commun.  53, 1995 (1988)                  
! A. J. Sadlej and M. Urban, J. Mol. Struct. (THEOCHEM) 234, 147 (1991)        
! A. J. Sadlej, Theor. Chim. Acta 79, 123 (1992)                               
! A. J. Sadlej, Theor. Chim. Acta 81, 45 (1992)                                
! A. J. Sadlej, Theor. Chim. Acta 81, 339 (1992)                               
!                                                                              
! (6S,4P) -> [3S,2P]                                                           
!                                                                              
!  S functions                                                                 
F   6    3                                                                     
    33.86501   0.006068   0.000000   0.000000                                  
     5.09479   0.045316   0.000000   0.000000                                  
     1.15879   0.202846   0.000000   0.000000                                  
     0.32584   0.503709   0.000000   0.000000                                  
     0.10274   0.000000   1.000000   0.000000                                  
     0.03240   0.000000   0.000000   1.000000                                  
!                                                                              
!  P functions                                                                 
F   4    2                                                                     
     1.15880   0.188440   0.000000                                             
     0.32580   0.882420   0.000000                                             
     0.10270   0.000000   0.117800                                             
     0.03240   0.000000   0.004200                                             
!                                                                              
Charge=  7.0  Atoms=1 Blocks=3 1 1 1                                           
N               -1.45985298        -2.10205057         0.00000000              
!                                                                              
! BASIS="Sadlej pVTZ"                                                          
! A. J. Sadlej, Collec. Czech. Chem. Commun.  53, 1995 (1988)                  
! A. J. Sadlej and M. Urban, J. Mol. Struct. (THEOCHEM) 234, 147 (1991)        
! A. J. Sadlej, Theor. Chim. Acta 79, 123 (1992)                               
! A. J. Sadlej, Theor. Chim. Acta 81, 45 (1992)                                
! A. J. Sadlej, Theor. Chim. Acta 81, 339 (1992)                               
!                                                                              
! (10S,6P,4D) -> [5S,3P,2D]                                                    
!                                                                              
! NOTE: This is the CADPAC/DALTON basis. It is different from the online basis.
! The online basis has the d-functions:                                        
!  D   2                                                                       
!   1        1.750800000         0.2247700000                                  
!   2       0.5605000000         0.6595600000                                  
!  D   2                                                                       
!   1       0.1795900000         0.8713600000                                  
!   2       0.5520000000E-01     0.7042200000                                  
!                                                                              
!                                                                              
!  S functions                                                                 
F  10    5                                                                     
  8104.07160   0.000802   0.000000   0.000000   0.000000   0.000000            
  1216.02150   0.006174   0.000000   0.000000   0.000000   0.000000            
   277.23428   0.031233   0.000000   0.000000   0.000000   0.000000            
    76.90402   0.115198   0.000000   0.000000   0.000000   0.000000            
    25.87442   0.296951   0.000000   0.000000   0.000000   0.000000            
     9.34677   0.000000   0.447349   0.000000   0.000000   0.000000            
     3.57979   0.000000   0.245003   0.000000   0.000000   0.000000            
     0.73961   0.000000   0.000000   1.000000   0.000000   0.000000            
     0.22262   0.000000   0.000000   0.000000   1.000000   0.000000            
     0.06701   0.000000   0.000000   0.000000   0.000000   1.000000            
!                                                                              
!  P functions                                                                 
F   6    3                                                                     
    26.86899   0.014478   0.000000   0.000000                                  
     5.99123   0.091156   0.000000   0.000000                                  
     1.75084   0.297420   0.000000   0.000000                                  
     0.56051   0.493796   0.000000   0.000000                                  
     0.17595   0.000000   1.000000   0.000000                                  
     0.05523   0.000000   0.000000   1.000000                                  
!                                                                              
!  D functions                                                                 
F   4    2                                                                     
     1.75084   0.224774   0.000000                                             
     0.56051   0.659562   0.000000                                             
     0.17595   0.000000   0.871355                                             
     0.05523   0.000000   0.704217                                             
!                                                                              
Charge=  1.0  Atoms=1 Blocks=2 1 1                                             
H2              -3.36209048        -1.98418554         0.00000000              
!                                                                              
! BASIS="Sadlej pVTZ"                                                          
! A. J. Sadlej, Collec. Czech. Chem. Commun.  53, 1995 (1988)                  
! A. J. Sadlej and M. Urban, J. Mol. Struct. (THEOCHEM) 234, 147 (1991)        
! A. J. Sadlej, Theor. Chim. Acta 79, 123 (1992)                               
! A. J. Sadlej, Theor. Chim. Acta 81, 45 (1992)                                
! A. J. Sadlej, Theor. Chim. Acta 81, 339 (1992)                               
!                                                                              
! (6S,4P) -> [3S,2P]                                                           
!                                                                              
!  S functions                                                                 
F   6    3                                                                     
    33.86501   0.006068   0.000000   0.000000                                  
     5.09479   0.045316   0.000000   0.000000                                  
     1.15879   0.202846   0.000000   0.000000                                  
     0.32584   0.503709   0.000000   0.000000                                  
     0.10274   0.000000   1.000000   0.000000                                  
     0.03240   0.000000   0.000000   1.000000                                  
!                                                                              
!  P functions                                                                 
F   4    2                                                                     
     1.15880   0.188440   0.000000                                             
     0.32580   0.882420   0.000000                                             
     0.10270   0.000000   0.117800                                             
     0.03240   0.000000   0.004200                                             
!                                                                              
Charge=  1.0  Atoms=1 Blocks=2 1 1                                             
H3              -0.62710178        -3.82189185         0.00000000              
!                                                                              
! BASIS="Sadlej pVTZ"                                                          
! A. J. Sadlej, Collec. Czech. Chem. Commun.  53, 1995 (1988)                  
! A. J. Sadlej and M. Urban, J. Mol. Struct. (THEOCHEM) 234, 147 (1991)        
! A. J. Sadlej, Theor. Chim. Acta 79, 123 (1992)                               
! A. J. Sadlej, Theor. Chim. Acta 81, 45 (1992)                                
! A. J. Sadlej, Theor. Chim. Acta 81, 339 (1992)                               
!                                                                              
! (6S,4P) -> [3S,2P]                                                           
!                                                                              
!  S functions                                                                 
F   6    3                                                                     
    33.86501   0.006068   0.000000   0.000000                                  
     5.09479   0.045316   0.000000   0.000000                                  
     1.15879   0.202846   0.000000   0.000000                                  
     0.32584   0.503709   0.000000   0.000000                                  
     0.10274   0.000000   1.000000   0.000000                                  
     0.03240   0.000000   0.000000   1.000000                                  
!                                                                              
!  P functions                                                                 
F   4    2                                                                     
     1.15880   0.188440   0.000000                                             
     0.32580   0.882420   0.000000                                             
     0.10270   0.000000   0.117800                                             
     0.03240   0.000000   0.004200                                             
!                                                                              


       *******************************************************************
       *********** Output from DALTON general input processing ***********
       *******************************************************************

 --------------------------------------------------------------------------------
   Overall default print level:    0
   Print level for DALTON.STAT:    1

    HERMIT 1- and 2-electron integral sections will be executed
    "Old" integral transformation used (limited to max 255 basis functions)
    Wave function sections will be executed (SIRIUS module)
 --------------------------------------------------------------------------------


   ****************************************************************************
   *************** Output of molecule and basis set information ***************
   ****************************************************************************


    The two title cards from your ".mol" input:
    ------------------------------------------------------------------------
 1:   formamide                                                             
 2:   Basis is sadlej                                                       
    ------------------------------------------------------------------------

  INFO from READIN: Threshold for discarding integrals was    1.00D-16
  INFO from READIN: Threshold is reset to minimum value       1.00D-15

  Atomic type no.    1
  --------------------
  Nuclear charge:   6.00000
  Number of symmetry independent centers:    1
  Number of basis sets to read;    2

  Atomic type no.    2
  --------------------
  Nuclear charge:   8.00000
  Number of symmetry independent centers:    1
  Number of basis sets to read;    2

  Atomic type no.    3
  --------------------
  Nuclear charge:   1.00000
  Number of symmetry independent centers:    1
  Number of basis sets to read;    2

  Atomic type no.    4
  --------------------
  Nuclear charge:   7.00000
  Number of symmetry independent centers:    1
  Number of basis sets to read;    2

  Atomic type no.    5
  --------------------
  Nuclear charge:   1.00000
  Number of symmetry independent centers:    1
  Number of basis sets to read;    2

  Atomic type no.    6
  --------------------
  Nuclear charge:   1.00000
  Number of symmetry independent centers:    1
  Number of basis sets to read;    2


                         SYMGRP: Point group information
                         -------------------------------

Point group: C1 


                                 Isotopic Masses
                                 ---------------

                           C          12.000000
                           O          15.994915
                           H1          1.007825
                           N          14.003074
                           H2          1.007825
                           H3          1.007825

                       Total mass:    45.021464 amu
                       Natural abundance:  98.253 %

 Center-of-mass coordinates (a.u.):    0.244941   -0.744097    0.000000


  Atoms and basis sets
  --------------------

  Number of atom types :    6
  Total number of atoms:    6

  label    atoms   charge   prim   cont     basis
  ----------------------------------------------------------------------
  C           1    6.0000    48    24      [10s6p4d|5s3p2d]                                   
  O           1    8.0000    48    24      [10s6p4d|5s3p2d]                                   
  H1          1    1.0000    18     9      [6s4p|3s2p]                                        
  N           1    7.0000    48    24      [10s6p4d|5s3p2d]                                   
  H2          1    1.0000    18     9      [6s4p|3s2p]                                        
  H3          1    1.0000    18     9      [6s4p|3s2p]                                        
  ----------------------------------------------------------------------
  total:      6   24.0000   198    99
  ----------------------------------------------------------------------
  Spherical harmonic basis used.

  Threshold for neglecting AO integrals:  1.00D-15


  Cartesian Coordinates (a.u.)
  ----------------------------

  Total number of coordinates:   18
  C       :     1  x   0.0000000000    2  y   0.0000000000    3  z   0.0000000000
  O       :     4  x   2.2906315100    5  y   0.0000000000    6  z   0.0000000000
  H1      :     7  x  -1.1390824700    8  y   1.7724683600    9  z   0.0000000000
  N       :    10  x  -1.4598529800   11  y  -2.1020505700   12  z   0.0000000000
  H2      :    13  x  -3.3620904800   14  y  -1.9841855400   15  z   0.0000000000
  H3      :    16  x  -0.6271017800   17  y  -3.8218918500   18  z   0.0000000000


   Interatomic separations (in Angstrom):
   --------------------------------------

            C           O           H1          N           H2          H3    
            ------      ------      ------      ------      ------      ------
 C     :    0.000000
 O     :    1.212150    0.000000
 H1    :    1.114939    2.042966    0.000000
 N     :    1.354300    2.275139    2.057322    0.000000
 H2    :    2.065869    3.170220    2.309918    1.008551    0.000000
 H3    :    2.049502    2.544458    2.972779    1.011176    1.743663    0.000000


  Max    interatomic separation is    3.1702 Angstrom (    5.9908 Bohr)
  between atoms    5 and    2, "H2    " and "O     ".

  Min HX interatomic separation is    1.0086 Angstrom (    1.9059 Bohr)

  Min YX interatomic separation is    1.2121 Angstrom (    2.2906 Bohr)


  Bond distances (Angstrom):
  --------------------------

                  atom 1     atom 2       distance
                  ------     ------       --------
  bond distance:  O          C            1.212150
  bond distance:  H1         C            1.114939
  bond distance:  N          C            1.354300
  bond distance:  H2         N            1.008551
  bond distance:  H3         N            1.011176


  Bond angles (degrees):
  ----------------------

                  atom 1     atom 2     atom 3         angle
                  ------     ------     ------         -----
  bond angle:     O          C          H1           122.727
  bond angle:     O          C          N            124.780
  bond angle:     H1         C          N            112.493
  bond angle:     C          N          H2           121.234
  bond angle:     C          N          H3           119.384
  bond angle:     H2         N          H3           119.382




 Principal moments of inertia (u*A**2) and principal axes
 --------------------------------------------------------

   IA       6.906768          0.862873    0.505421    0.000000
   IB      44.328653         -0.505421    0.862873    0.000000
   IC      51.235421          0.000000    0.000000    1.000000


 Rotational constants
 --------------------

 The molecule is planar.

               A                   B                   C

          73171.5645          11400.7299           9863.8597 MHz
            2.440741            0.380287            0.329023 cm-1


@  Nuclear repulsion energy :   71.243471635362 Hartree


                     .---------------------------------------.
                     | Starting in Integral Section (HERMIT) |
                     `---------------------------------------'



    *************************************************************************
    ****************** Output from HERMIT input processing ******************
    *************************************************************************


 Default print level:        1

 * Nuclear model: Point charge

 Calculation of one- and two-electron Hamiltonian integrals.

 Center of mass  (bohr):      0.244941468606     -0.744097120078      0.000000000000
 Operator center (bohr):      0.000000000000      0.000000000000      0.000000000000
 Gauge origin    (bohr):      0.000000000000      0.000000000000      0.000000000000
 Dipole origin   (bohr):      0.000000000000      0.000000000000      0.000000000000


     ************************************************************************
     ************************** Output from HERINT **************************
     ************************************************************************


 Threshold for neglecting two-electron integrals:  1.00D-15
 Number of two-electron integrals written:     6187202 ( 50.5% )
 Megabytes written:                             94.497

 >>>  Time used in TWOINT     is   3.96 seconds
 >>>> Total CPU  time used in HERMIT:   4.09 seconds
 >>>> Total wall time used in HERMIT:   4.10 seconds


                        .----------------------------------.
                        | End of Integral Section (HERMIT) |
                        `----------------------------------'



                   .--------------------------------------------.
                   | Starting in Wave Function Section (SIRIUS) |
                   `--------------------------------------------'



                     +---------------------------------------+
                     ! Asymptotically Corrected XC Potential !
                     +---------------------------------------+



 Interpolation Scheme
 --------------------

      tanh Interpolation               
                                       


 Asymptotic Potential
 --------------------

      Asymp. Pot. From Multipole Exp.  


 Input Ionization Potentials
 ---------------------------

      Alpha IP          0.374
      Beta IP           0.374


 Interpolation Region Definition
 -------------------------------

      Bragg Radius 1    3.000
      Bragg Radius 2    4.000


 Settings for DFT calculation:
 -----------------------------

     Redefined thresholds:                                     1.00D-09    1.00D-10    2.00D-12
     Redefined threshold for number of electrons:              1.00D-02
     DFT radial quadrature accuracy and ang. expansion order:              1.00D-13  35

 *** Output from Huckel module :

     Using EWMO model:          T
     Using EHT  model:          F
     Number of Huckel orbitals each symmetry:   18

 EWMO - Energy Weighted Maximum Overlap - is a Huckel type method,
        which normally is better than Extended Huckel Theory.
 Reference: Linderberg and Ohrn, Propagators in Quantum Chemistry (Wiley, 1973)

 Huckel EWMO eigenvalues for symmetry :  1
          -20.684749     -15.675076     -11.353805      -1.770914      -1.429998
           -1.005287      -0.799892      -0.743409      -0.663614      -0.569288
           -0.519399      -0.494288      -0.268992      -0.188016      -0.158911
           -0.139976      -0.129447      -0.112239

 **********************************************************************
 *SIRIUS* a direct, restricted step, second order MCSCF program       *
 **********************************************************************

 
     Date and time (Linux)  : Mon Mar 10 10:27:05 2014
     Host name              : whirligig                               

 Title lines from ".mol" input file:
       formamide                                                             
       Basis is sadlej                                                       

 Print level on unit LUPRI =   2 is   0
 Print level on unit LUW4  =   2 is   5

@    Restricted, closed shell Kohn-Sham DFT calculation.

 Initial molecular orbitals are obtained according to
 ".MOSTART EWMO  " input option

     Wave function specification
     ============================
@    For the wave function of type :      >>> KS-DFT <<<
@    Number of closed shell electrons          24
@    Number of electrons in active shells       0
@    Total charge of the molecule               0

@    Spin multiplicity and 2 M_S                1         0
     Total number of symmetries                 1
@    Reference state symmetry                   1
 
     This is a DFT calculation of type: PBE0
 Weighted mixed functional:
               HF exchange:    0.25000
                      pbex:    0.75000
                      PBEC:    1.00000

     Orbital specifications
     ======================
     Abelian symmetry species          All |    1
                                       --- |  ---
@    Occupied SCF orbitals              12 |   12
     Secondary orbitals                 87 |   87
     Total number of orbitals           99 |   99
     Number of basis functions          99 |   99

     Optimization information
     ========================
@    Number of configurations                 1
@    Number of orbital rotations           1044
     ------------------------------------------
@    Total number of variables             1045

     Maximum number of Fock   iterations      0
     Maximum number of DIIS   iterations     60
     Maximum number of QC-SCF iterations     60
     Threshold for SCF convergence     1.00D-06
 
     This is a DFT calculation of type: PBE0
 Weighted mixed functional:
               HF exchange:    0.25000
                      pbex:    0.75000
                      PBEC:    1.00000


 >>>>> DIIS optimization of Hartree-Fock <<<<<

 C1-DIIS algorithm; max error vectors =    5

 Iter      Total energy        Error norm    Delta(E)  DIIS dim.
 -----------------------------------------------------------------------------
      K-S energy, electrons, error :    -16.395706032437  24.0000001813    1.81D-07
@  1    -169.048973744        3.44504D+00   -1.69D+02    1
      Virial theorem: -V/T =      2.005632
@      MULPOP C       1.35; O      -1.16; H1     -0.20; N      -0.04; H2      0.04; H3      0.01; 
      E_HOMO Alpha      -0.229010550266  E_HOMO Beta      -0.229010550266     v_xc(inf)      0.145489449734
      E_LUMO Alpha      -0.065013594295  E_LUMO Beta      -0.065013594295
 -----------------------------------------------------------------------------
      K-S energy, electrons, error :    -16.704446320693  23.9999996576   -3.42D-07
@  2    -167.669685838        6.28362D+00    1.38D+00    2
      Virial theorem: -V/T =      1.988107
@      MULPOP C      -1.34; O       1.93; H1     -0.28; N       0.15; H2     -0.24; H3     -0.21; 
      E_HOMO Alpha      -0.340396741242  E_HOMO Beta      -0.340396741242     v_xc(inf)      0.034103258758
      E_LUMO Alpha      -0.048907673522  E_LUMO Beta      -0.048907673522
 -----------------------------------------------------------------------------
      K-S energy, electrons, error :    -16.747944674192  23.9999996093   -3.91D-07
@  3    -169.685605961        1.12412D+00   -2.02D+00    3
      Virial theorem: -V/T =      1.996868
@      MULPOP C       0.89; O      -0.58; H1     -0.32; N       0.81; H2     -0.38; H3     -0.41; 
      E_HOMO Alpha      -0.223375496748  E_HOMO Beta      -0.223375496748     v_xc(inf)      0.151124503252
      E_LUMO Alpha       0.004212766466  E_LUMO Beta       0.004212766466
 -----------------------------------------------------------------------------
      K-S energy, electrons, error :    -16.482442652934  23.9999998136   -1.86D-07
@  4    -169.734390325        6.00238D-01   -4.88D-02    4
      Virial theorem: -V/T =      2.010559
@      MULPOP C       1.08; O      -0.29; H1     -0.43; N       0.50; H2     -0.42; H3     -0.43; 
      E_HOMO Alpha      -0.280398360191  E_HOMO Beta      -0.280398360191     v_xc(inf)      0.094101639809
      E_LUMO Alpha       0.010929675679  E_LUMO Beta       0.010929675679
 -----------------------------------------------------------------------------
      K-S energy, electrons, error :    -16.586837359652  23.9999997517   -2.48D-07
@  5    -169.753626277        5.99293D-02   -1.92D-02    5
      Virial theorem: -V/T =      2.005057
@      MULPOP C       0.93; O      -0.34; H1     -0.37; N       0.59; H2     -0.40; H3     -0.42; 
      E_HOMO Alpha      -0.278618991966  E_HOMO Beta      -0.278618991966     v_xc(inf)      0.095881008034
      E_LUMO Alpha       0.006387125020  E_LUMO Beta       0.006387125020
 -----------------------------------------------------------------------------
      K-S energy, electrons, error :    -16.587164989688  23.9999997598   -2.40D-07
@  6    -169.753850656        3.05266D-02   -2.24D-04    5
      Virial theorem: -V/T =      2.005021
@      MULPOP C       0.96; O      -0.34; H1     -0.37; N       0.56; H2     -0.40; H3     -0.41; 
      E_HOMO Alpha      -0.278724453265  E_HOMO Beta      -0.278724453265     v_xc(inf)      0.095775546735
      E_LUMO Alpha       0.006098148398  E_LUMO Beta       0.006098148398
 -----------------------------------------------------------------------------
      K-S energy, electrons, error :    -16.582819636930  23.9999997601   -2.40D-07
@  7    -169.753909937        9.88463D-03   -5.93D-05    5
      Virial theorem: -V/T =      2.005249
@      MULPOP C       0.95; O      -0.33; H1     -0.37; N       0.57; H2     -0.40; H3     -0.42; 
      E_HOMO Alpha      -0.279382103849  E_HOMO Beta      -0.279382103849     v_xc(inf)      0.095117896151
      E_LUMO Alpha       0.005710107802  E_LUMO Beta       0.005710107802
 -----------------------------------------------------------------------------
      K-S energy, electrons, error :    -16.584235210668  23.9999997608   -2.39D-07
@  8    -169.753914284        1.52107D-03   -4.35D-06    5
      Virial theorem: -V/T =      2.005173
@      MULPOP C       0.96; O      -0.34; H1     -0.37; N       0.57; H2     -0.40; H3     -0.42; 
      E_HOMO Alpha      -0.279508928321  E_HOMO Beta      -0.279508928321     v_xc(inf)      0.094991071679
      E_LUMO Alpha       0.005394413815  E_LUMO Beta       0.005394413815
 -----------------------------------------------------------------------------
      K-S energy, electrons, error :    -16.584268947411  23.9999997611   -2.39D-07
@  9    -169.753915614        8.18470D-04   -1.33D-06    5
      Virial theorem: -V/T =      2.005170
@      MULPOP C       0.95; O      -0.34; H1     -0.37; N       0.57; H2     -0.40; H3     -0.42; 
      E_HOMO Alpha      -0.279601509677  E_HOMO Beta      -0.279601509677     v_xc(inf)      0.094898490323
      E_LUMO Alpha       0.005226872767  E_LUMO Beta       0.005226872767
 -----------------------------------------------------------------------------
      K-S energy, electrons, error :    -16.584322242596  23.9999997613   -2.39D-07
@ 10    -169.753916511        2.96681D-04   -8.97D-07    5
      Virial theorem: -V/T =      2.005166
@      MULPOP C       0.95; O      -0.34; H1     -0.37; N       0.57; H2     -0.40; H3     -0.42; 
      E_HOMO Alpha      -0.279567816541  E_HOMO Beta      -0.279567816541     v_xc(inf)      0.094932183459
      E_LUMO Alpha       0.005234234331  E_LUMO Beta       0.005234234331
 -----------------------------------------------------------------------------
      K-S energy, electrons, error :    -16.584267674641  23.9999997613   -2.39D-07
@ 11    -169.753916616        8.12966D-05   -1.06D-07    5
      Virial theorem: -V/T =      2.005169
@      MULPOP C       0.95; O      -0.34; H1     -0.37; N       0.57; H2     -0.40; H3     -0.42; 
      E_HOMO Alpha      -0.279581051917  E_HOMO Beta      -0.279581051917     v_xc(inf)      0.094918948083
      E_LUMO Alpha       0.005221422212  E_LUMO Beta       0.005221422212
 -----------------------------------------------------------------------------
      K-S energy, electrons, error :    -16.584279838182  23.9999997613   -2.39D-07
@ 12    -169.753916658        1.25935D-05   -4.18D-08    5
      Virial theorem: -V/T =      2.005168
@      MULPOP C       0.95; O      -0.34; H1     -0.37; N       0.57; H2     -0.40; H3     -0.42; 
      E_HOMO Alpha      -0.279580266124  E_HOMO Beta      -0.279580266124     v_xc(inf)      0.094919733876
      E_LUMO Alpha       0.005221854229  E_LUMO Beta       0.005221854229
 -----------------------------------------------------------------------------
      K-S energy, electrons, error :    -16.584281056975  23.9999997613   -2.39D-07
@ 13    -169.753916652        9.81678D-06    5.71D-09    5
      Virial theorem: -V/T =      2.005168
@      MULPOP C       0.95; O      -0.34; H1     -0.37; N       0.57; H2     -0.40; H3     -0.42; 
      E_HOMO Alpha      -0.279580215530  E_HOMO Beta      -0.279580215530     v_xc(inf)      0.094919784470
      E_LUMO Alpha       0.005221359143  E_LUMO Beta       0.005221359143
 -----------------------------------------------------------------------------
      K-S energy, electrons, error :    -16.584279700051  23.9999997613   -2.39D-07
@ 14    -169.753916659        1.57066D-06   -6.19D-09    5
      Virial theorem: -V/T =      2.005168
@      MULPOP C       0.95; O      -0.34; H1     -0.37; N       0.57; H2     -0.40; H3     -0.42; 
      E_HOMO Alpha      -0.279580344979  E_HOMO Beta      -0.279580344979     v_xc(inf)      0.094919655021
      E_LUMO Alpha       0.005221175081  E_LUMO Beta       0.005221175081
 -----------------------------------------------------------------------------
      K-S energy, electrons, error :    -16.584279838190  23.9999997613   -2.39D-07
@ 15    -169.753916660        5.60491D-07   -9.93D-10    5

@ *** DIIS converged in  15 iterations !
@     Converged SCF energy, gradient:   -169.753916659611    5.60D-07
    - total time used in SIRFCK :              0.00 seconds


 *** SCF orbital energy analysis ***

 Only the five lowest virtual orbital energies printed in each symmetry.

 Number of electrons :   24
 Orbital occupations :   12

 Sym       Kohn-Sham orbital energies

  1    -19.19149444   -14.42424913   -10.33867289    -1.07350249    -0.94519580
        -0.65194752    -0.58054047    -0.50269682    -0.43730219    -0.42929355
        -0.29811117    -0.27958038     0.00522112     0.01259072     0.03012703
         0.05010254     0.06405689

    E(LUMO) :     0.00522112 au (symmetry 1)
  - E(HOMO) :    -0.27958038 au (symmetry 1)
  ------------------------------------------
    gap     :     0.28480150 au

 >>> Writing SIRIFC interface file <<<

 >>>> CPU and wall time for SCF :     165.866     165.917


                       .-----------------------------------.
                       | >>> Final results from SIRIUS <<< |
                       `-----------------------------------'


@    Spin multiplicity:           1
@    Spatial symmetry:            1
@    Total charge of molecule:    0

@    Final DFT energy:           -169.753916659611                 
@    Nuclear repulsion:            71.243471635362
@    Electronic energy:          -240.997388294973

@    Final gradient norm:           0.000000560491

 
     Date and time (Linux)  : Mon Mar 10 10:29:51 2014
     Host name              : whirligig                               

 (Only coefficients >0.0100 are printed.)

 Molecular orbitals for symmetry species  1
 ------------------------------------------

    Orbital         8        9       10       11       12       13       14
   1 C   :1s    -0.0248   0.0158  -0.0000   0.0000   0.0047  -0.0034  -0.0000
   2 C   :1s    -0.0556   0.0353  -0.0000   0.0000   0.0107  -0.0078  -0.0000
   3 C   :1s     0.1273  -0.0975   0.0000   0.0000  -0.0197   0.0131  -0.0000
   4 C   :1s    -0.2203  -0.3566  -0.0000  -0.0000   0.1090   0.3175   0.0000
   5 C   :1s    -0.0766  -0.1083   0.0000  -0.0000   0.0569   2.0223   0.0000
   6 C   :2px    0.0952  -0.3821   0.0000   0.0000   0.0424  -0.0218   0.0000
   7 C   :2py    0.3791   0.1343  -0.0000   0.0000  -0.0777   0.1037  -0.0000
   8 C   :2pz   -0.0000  -0.0000  -0.4341  -0.0595  -0.0000   0.0000   0.5711
   9 C   :2px    0.1250  -0.0656  -0.0000  -0.0000  -0.0335  -0.0474   0.0000
  10 C   :2py    0.0560  -0.0424  -0.0000   0.0000   0.0133  -0.1105   0.0000
  11 C   :2pz   -0.0000   0.0000  -0.0875  -0.0248  -0.0000   0.0000   0.3866
  12 C   :2px   -0.0463   0.0347  -0.0000   0.0000  -0.0126  -0.2753   0.0000
  13 C   :2py   -0.0587  -0.0514  -0.0000   0.0000   0.0234  -0.2705   0.0000
  14 C   :2pz   -0.0000  -0.0000   0.0129  -0.0128  -0.0000   0.0000   0.2803
  15 C   :3d2-  -0.0180  -0.0004  -0.0000  -0.0000   0.0874  -0.0023   0.0000
  16 C   :3d1-  -0.0000   0.0000   0.0186  -0.0275   0.0000  -0.0000   0.0237
  17 C   :3d0    0.0090   0.0059  -0.0000  -0.0000  -0.0045  -0.0108  -0.0000
  18 C   :3d1+   0.0000   0.0000  -0.0167  -0.0583  -0.0000  -0.0000  -0.0367
  19 C   :3d2+  -0.0115  -0.0262  -0.0000   0.0000   0.0016   0.0028   0.0000
  20 C   :3d2-   0.0282   0.0328   0.0000  -0.0000  -0.0038   0.0823  -0.0000
  21 C   :3d1-   0.0000   0.0000  -0.0047  -0.0005   0.0000  -0.0000   0.1109
  22 C   :3d0   -0.0077  -0.0135  -0.0000   0.0000  -0.0084  -0.1024   0.0000
  23 C   :3d1+   0.0000  -0.0000  -0.0104   0.0003   0.0000   0.0000  -0.1582
  24 C   :3d2+  -0.0062   0.0540   0.0000  -0.0000   0.0054  -0.0665  -0.0000
  25 O   :1s     0.0252  -0.0323   0.0000  -0.0000  -0.0013  -0.0042  -0.0000
  26 O   :1s     0.0630  -0.0803   0.0000  -0.0000  -0.0035  -0.0108  -0.0000
  27 O   :1s    -0.1360   0.1658  -0.0000   0.0000   0.0100   0.0269   0.0000
  28 O   :1s    -0.1673   0.3096   0.0000   0.0000  -0.0036   0.0332  -0.0000
  29 O   :1s    -0.1738   0.3362  -0.0000   0.0000  -0.0101  -0.1942  -0.0000
  30 O   :2px   -0.2177   0.5366  -0.0000   0.0000  -0.0254   0.0042   0.0000
  31 O   :2py    0.1879   0.0952  -0.0000  -0.0000   0.6662  -0.0921  -0.0000
  32 O   :2pz    0.0000  -0.0000  -0.4023  -0.4670  -0.0000   0.0000  -0.3994
  33 O   :2px   -0.0639   0.0436   0.0000  -0.0000   0.0104   0.0406   0.0000
  34 O   :2py    0.0673   0.0342  -0.0000  -0.0000   0.3013  -0.0559   0.0000
  35 O   :2pz   -0.0000  -0.0000  -0.1483  -0.2098  -0.0000  -0.0000  -0.2447
  36 O   :2px    0.0423  -0.1382   0.0000  -0.0000   0.0018   0.0842   0.0000
  37 O   :2py    0.0114  -0.0201  -0.0000   0.0000   0.0670  -0.0971   0.0000
  38 O   :2pz   -0.0000  -0.0000  -0.0108  -0.0489   0.0000  -0.0000  -0.1234
  39 O   :3d2-  -0.0154  -0.0074  -0.0000   0.0000  -0.0185  -0.0014  -0.0000
  41 O   :3d0   -0.0067   0.0143  -0.0000  -0.0000  -0.0001  -0.0008   0.0000
  42 O   :3d1+  -0.0000  -0.0000   0.0262   0.0169   0.0000  -0.0000  -0.0100
  43 O   :3d2+   0.0096  -0.0231   0.0000   0.0000   0.0019   0.0005   0.0000
  46 O   :3d0    0.0030  -0.0396   0.0000  -0.0000   0.0084   0.0155  -0.0000
  47 O   :3d1+   0.0000   0.0000   0.0016   0.0059  -0.0000   0.0000  -0.0257
  48 O   :3d2+   0.0071   0.0574   0.0000   0.0000  -0.0075  -0.0071  -0.0000
  49 H1  :1s     0.2843   0.2073   0.0000   0.0000  -0.2490   0.0492  -0.0000
  50 H1  :1s     0.1847   0.1718   0.0000   0.0000  -0.1821  -0.0317  -0.0000
  51 H1  :1s     0.0703   0.1365   0.0000   0.0000  -0.0479  -0.3480  -0.0000
  52 H1  :2px    0.0163   0.0008   0.0000  -0.0000  -0.0024   0.0114  -0.0000
  53 H1  :2py   -0.0225  -0.0157  -0.0000  -0.0000   0.0047  -0.0021   0.0000
  54 H1  :2pz    0.0000  -0.0000  -0.0174  -0.0014  -0.0000   0.0000   0.0491
  55 H1  :2px    0.0073   0.0141   0.0000  -0.0000   0.0135   0.0021  -0.0000
  56 H1  :2py   -0.0405  -0.0224  -0.0000  -0.0000   0.0160  -0.0251  -0.0000
  58 N   :1s     0.0055  -0.0016   0.0000   0.0000  -0.0172  -0.0236   0.0000
  59 N   :1s     0.0144  -0.0042   0.0000   0.0000  -0.0441  -0.0611   0.0000
  60 N   :1s    -0.0372   0.0089   0.0000  -0.0000   0.0981   0.1458  -0.0000
  61 N   :1s    -0.0015   0.0249  -0.0000   0.0000   0.1257   0.2074   0.0000
  62 N   :1s    -0.0792  -0.1690  -0.0000   0.0000  -0.0078  -0.3984  -0.0000
  63 N   :2px    0.0606   0.1631  -0.0000  -0.0000   0.1132  -0.1107  -0.0000
  64 N   :2py   -0.3670  -0.0537  -0.0000  -0.0000   0.1443  -0.0845   0.0000
  65 N   :2pz    0.0000  -0.0000  -0.3469   0.5421   0.0000  -0.0000  -0.2722
  66 N   :2px    0.0181  -0.0156  -0.0000  -0.0000   0.0268  -0.1381   0.0000
  67 N   :2py    0.0999   0.0212   0.0000   0.0000   0.0071  -0.1127  -0.0000
  68 N   :2pz    0.0000   0.0000  -0.1416   0.2657   0.0000  -0.0000  -0.1913
  69 N   :2px    0.0506  -0.0460   0.0000   0.0000   0.0085  -0.4043   0.0000
  70 N   :2py    0.0964  -0.0127  -0.0000   0.0000  -0.0078  -0.4165  -0.0000
  71 N   :2pz    0.0000   0.0000  -0.0502   0.0798   0.0000  -0.0000  -0.2355
  72 N   :3d2-  -0.0130  -0.0062  -0.0000  -0.0000   0.0040   0.0007  -0.0000
  73 N   :3d1-  -0.0000  -0.0000  -0.0123  -0.0001  -0.0000  -0.0000   0.0277
  75 N   :3d1+  -0.0000  -0.0000  -0.0083  -0.0014  -0.0000   0.0000   0.0128
  76 N   :3d2+  -0.0105  -0.0176  -0.0000  -0.0000   0.0013  -0.0055   0.0000
  77 N   :3d2-   0.1207   0.0084   0.0000  -0.0000  -0.0223  -0.0203  -0.0000
  78 N   :3d1-   0.0000   0.0000  -0.0155   0.0073   0.0000   0.0000   0.0604
  79 N   :3d0   -0.0158   0.0116  -0.0000  -0.0000   0.0258   0.0233   0.0000
  80 N   :3d1+   0.0000   0.0000   0.0038  -0.0064  -0.0000  -0.0000   0.0570
  81 N   :3d2+   0.0096   0.0162   0.0000   0.0000   0.0249  -0.0085  -0.0000
  82 H2  :1s    -0.1008  -0.1687   0.0000   0.0000  -0.0616  -0.0512   0.0000
  83 H2  :1s    -0.0269  -0.1184  -0.0000  -0.0000  -0.0386  -0.3485   0.0000
  84 H2  :1s    -0.0438  -0.0843  -0.0000   0.0000  -0.0079  -1.2455   0.0000
  85 H2  :2px   -0.0128  -0.0127   0.0000  -0.0000   0.0037   0.0454   0.0000
  86 H2  :2py   -0.0148   0.0001   0.0000  -0.0000   0.0082  -0.0091  -0.0000
  87 H2  :2pz    0.0000  -0.0000  -0.0188   0.0357  -0.0000  -0.0000  -0.0212
  88 H2  :2px   -0.0080  -0.0247  -0.0000  -0.0000  -0.0046  -0.0052   0.0000
  89 H2  :2py    0.0420  -0.0016   0.0000   0.0000  -0.0041   0.0029   0.0000
  90 H2  :2pz    0.0000  -0.0000   0.0132  -0.0021  -0.0000   0.0000   0.0039
  91 H3  :1s     0.3050   0.1389   0.0000   0.0000  -0.0451  -0.0293  -0.0000
  92 H3  :1s     0.3196   0.1359   0.0000  -0.0000  -0.0441  -0.1934  -0.0000
  93 H3  :1s     0.0564   0.0478   0.0000   0.0000   0.0046  -0.7015  -0.0000
  94 H3  :2px   -0.0183   0.0012  -0.0000   0.0000   0.0007  -0.0201   0.0000
  95 H3  :2py    0.0148   0.0111   0.0000  -0.0000   0.0072   0.0242   0.0000
  96 H3  :2pz   -0.0000  -0.0000  -0.0218   0.0342  -0.0000   0.0000  -0.0337
  97 H3  :2px   -0.0096  -0.0142  -0.0000  -0.0000  -0.0163   0.0364   0.0000
  98 H3  :2py    0.0504   0.0065   0.0000  -0.0000  -0.0221   0.0121  -0.0000
  99 H3  :2pz    0.0000   0.0000  -0.0003   0.0013   0.0000   0.0000  -0.0202



 >>>> Total CPU  time used in SIRIUS :    165.98 seconds
 >>>> Total wall time used in SIRIUS :    166.03 seconds

 
     Date and time (Linux)  : Mon Mar 10 10:29:51 2014
     Host name              : whirligig                               


                     .---------------------------------------.
                     | End of Wave Function Section (SIRIUS) |
                     `---------------------------------------'

 >>>> Total CPU  time used in DALTON:  2 minutes 50 seconds
 >>>> Total wall time used in DALTON:  2 minutes 50 seconds

 
     Date and time (Linux)  : Mon Mar 10 10:29:51 2014
     Host name              : whirligig                               

Dalton interface to CamCASP

 ********10Mar14 

     71.2434716353616295   -240.9973882949726089      0.0000000000000000   -169.7539166596109794
     1     0     1     0
    12     0    12    99    99     1  1044  1044
     1  9801     0     0  4950  9801     1     1
     2     3     4     5     6     7     8     2
     1     4     3     6     5     8
Summary:
 Number of occupied orbitals :     12
 Number of virtual  orbitals :     87
 Number of molecular orbitals:     99
 Number of basis functions   :     99
 SCF energy                 :  -0.169754E+03 Hartree
 Nuclear potential energy   :   0.712435E+02 Hartree
