

     ************************************************************************
     *************** Dalton - An Electronic Structure Program ***************
     ************************************************************************

    This is output from DALTON (Release Dalton2013 patch 0)
   ----------------------------------------------------------------------------
    NOTE:
     
    Dalton is an experimental code for the evaluation of molecular
    properties using (MC)SCF, DFT, CI, and CC wave functions.
    The authors accept no responsibility for the performance of
    the code or for the correctness of the results.
     
    The code (in whole or part) is provided under a licence and
    is not to be reproduced for further distribution without
    the written permission of the authors or their representatives.
     
    See the home page "http://daltonprogram.org" for further information.
     
    If results obtained with this code are published,
    the appropriate citations would be both of:
     
       K. Aidas, C. Angeli, K. L. Bak, V. Bakken, R. Bast,
       L. Boman, O. Christiansen, R. Cimiraglia, S. Coriani,
       P. Dahle, E. K. Dalskov, U. Ekstroem, T. Enevoldsen,
       J. J. Eriksen, P. Ettenhuber, B. Fernandez, L. Ferrighi,
       H. Fliegl, L. Frediani, K. Hald, A. Halkier, C. Haettig,
       H. Heiberg, T. Helgaker, A. C. Hennum, H. Hettema,
       E. Hjertenaes, S. Hoest, I.-M. Hoeyvik, M. F. Iozzi,
       B. Jansik, H. J. Aa. Jensen, D. Jonsson, P. Joergensen,
       J. Kauczor, S. Kirpekar, T. Kjaergaard, W. Klopper,
       S. Knecht, R. Kobayashi, H. Koch, J. Kongsted, A. Krapp,
       K. Kristensen, A. Ligabue, O. B. Lutnaes, J. I. Melo,
       K. V. Mikkelsen, R. H. Myhre, C. Neiss, C. B. Nielsen,
       P. Norman, J. Olsen, J. M. H. Olsen, A. Osted,
       M. J. Packer, F. Pawlowski, T. B. Pedersen, P. F. Provasi,
       S. Reine, Z. Rinkevicius, T. A. Ruden, K. Ruud, V. Rybkin,
       P. Salek, C. C. M. Samson, A. Sanchez de Meras, T. Saue,
       S. P. A. Sauer, B. Schimmelpfennig, K. Sneskov,
       A. H. Steindal, K. O. Sylvester-Hvid, P. R. Taylor,
       A. M. Teale, E. I. Tellgren, D. P. Tew, A. J. Thorvaldsen,
       L. Thoegersen, O. Vahtras, M. A. Watson, D. J. D. Wilson,
       M. Ziolkowski and H. Aagren,
       "The Dalton quantum chemistry program system",
       WIREs Comput. Mol. Sci. 2013. (doi: 10.1002/wcms.1172)
    
    and
    
       Dalton, a Molecular Electronic Structure Program,
       Release DALTON2013.0 (2013), see http://daltonprogram.org
   ----------------------------------------------------------------------------

    Authors in alphabetical order (major contribution(s) in parenthesis):

  Kestutis Aidas,           Vilnius University,           Lithuania   (QM/MM)
  Celestino Angeli,         University of Ferrara,        Italy       (NEVPT2)
  Keld L. Bak,              UNI-C,                        Denmark     (AOSOPPA, non-adiabatic coupling, magnetic properties)
  Vebjoern Bakken,          University of Oslo,           Norway      (DALTON; geometry optimizer, symmetry detection)
  Radovan Bast,             KTH Stockholm,                Sweden      (DALTON installation and execution frameworks)
  Linus Boman,              NTNU,                         Norway      (Cholesky decomposition and subsystems)
  Ove Christiansen,         Aarhus University,            Denmark     (CC module)
  Renzo Cimiraglia,         University of Ferrara,        Italy       (NEVPT2)
  Sonia Coriani,            University of Trieste,        Italy       (CC module, MCD in RESPONS)
  Paal Dahle,               University of Oslo,           Norway      (Parallelization)
  Erik K. Dalskov,          UNI-C,                        Denmark     (SOPPA)
  Thomas Enevoldsen,        Univ. of Southern Denmark,    Denmark     (SOPPA)
  Janus J. Eriksen,         Aarhus University,            Denmark     (PE-MP2/SOPPA, TDA)
  Berta Fernandez,          U. of Santiago de Compostela, Spain       (doublet spin, ESR in RESPONS)
  Lara Ferrighi,            Aarhus University,            Denmark     (PCM Cubic response)
  Heike Fliegl,             University of Oslo,           Norway      (CCSD(R12))
  Luca Frediani,            UiT The Arctic U. of Norway,  Norway      (PCM)
  Bin Gao,                  UiT The Arctic U. of Norway,  Norway      (Gen1Int library)
  Christof Haettig,         Ruhr-University Bochum,       Germany     (CC module)
  Kasper Hald,              Aarhus University,            Denmark     (CC module)
  Asger Halkier,            Aarhus University,            Denmark     (CC module)
  Hanne Heiberg,            University of Oslo,           Norway      (geometry analysis, selected one-electron integrals)
  Trygve Helgaker,          University of Oslo,           Norway      (DALTON; ABACUS, ERI, DFT modules, London, and much more)
  Alf Christian Hennum,     University of Oslo,           Norway      (Parity violation)
  Hinne Hettema,            University of Auckland,       New Zealand (quadratic response in RESPONS; SIRIUS supersymmetry)
  Eirik Hjertenaes,         NTNU,                         Norway      (Cholesky decomposition)
  Maria Francesca Iozzi,    University of Oslo,           Norway      (RPA)
  Brano Jansik              Technical Univ. of Ostrava    Czech Rep.  (DFT cubic response)
  Hans Joergen Aa. Jensen,  Univ. of Southern Denmark,    Denmark     (DALTON; SIRIUS, RESPONS, ABACUS modules, London, and much more)
  Dan Jonsson,              UiT The Arctic U. of Norway,  Norway      (cubic response in RESPONS module)
  Poul Joergensen,          Aarhus University,            Denmark     (RESPONS, ABACUS, and CC modules)
  Joanna Kauczor,           Linkoeping University,        Sweden      (Complex polarization propagator (CPP) module)
  Sheela Kirpekar,          Univ. of Southern Denmark,    Denmark     (Mass-velocity & Darwin integrals)
  Wim Klopper,              KIT Karlsruhe,                Germany     (R12 code in CC, SIRIUS, and ABACUS modules)
  Stefan Knecht,            ETH Zurich,                   Switzerland (Parallel CI and MCSCF)
  Rika Kobayashi,           Australian National Univ.,    Australia   (DIIS in CC, London in MCSCF)
  Henrik Koch,              NTNU,                         Norway      (CC module, Cholesky decomposition)
  Jacob Kongsted,           Univ. of Southern Denmark,    Denmark     (Polarizable embedding, QM/MM)
  Andrea Ligabue,           University of Modena,         Italy       (CTOCD, AOSOPPA)
  Ola B. Lutnaes,           University of Oslo,           Norway      (DFT Hessian)
  Juan I. Melo,             University of Buenos Aires,   Argentina   (LRESC, Relativistic Effects on NMR Shieldings)
  Kurt V. Mikkelsen,        University of Copenhagen,     Denmark     (MC-SCRF and QM/MM)
  Rolf H. Myhre,            NTNU,                         Norway      (Cholesky, subsystems and ECC2)
  Christian Neiss,          Univ. Erlangen-Nuernberg,     Germany     (CCSD(R12))
  Christian B. Nielsen,     University of Copenhagen,     Denmark     (QM/MM)
  Patrick Norman,           Linkoeping University,        Sweden      (Cubic response and complex response in RESPONS)
  Jeppe Olsen,              Aarhus University,            Denmark     (SIRIUS CI/density modules)
  Jogvan Magnus H. Olsen,   Univ. of Southern Denmark,    Denmark     (Polarizable embedding, PE library, QM/MM)
  Anders Osted,             Copenhagen University,        Denmark     (QM/MM)
  Martin J. Packer,         University of Sheffield,      UK          (SOPPA)
  Filip Pawlowski,          Kazimierz Wielki University,  Poland      (CC3)
  Thomas B. Pedersen,       University of Oslo,           Norway      (Cholesky decomposition)
  Patricio F. Provasi,      University of Northeastern,   Argentina   (Analysis of coupling constants in localized orbitals)
  Zilvinas Rinkevicius,     KTH Stockholm,                Sweden      (open-shell DFT, ESR)
  Elias Rudberg,            KTH Stockholm,                Sweden      (DFT grid and basis info)
  Torgeir A. Ruden,         University of Oslo,           Norway      (Numerical derivatives in ABACUS)
  Kenneth Ruud,             UiT The Arctic U. of Norway,  Norway      (DALTON; ABACUS magnetic properties and  much more)
  Pawel Salek,              KTH Stockholm,                Sweden      (DALTON; DFT code)
  Claire C. M. Samson       University of Karlsruhe       Germany     (Boys localization, r12 integrals in ERI)
  Alfredo Sanchez de Meras, University of Valencia,       Spain       (CC module, Cholesky decomposition)
  Trond Saue,               Paul Sabatier University,     France      (direct Fock matrix construction)
  Stephan P. A. Sauer,      University of Copenhagen,     Denmark     (SOPPA(CCSD), SOPPA prop., AOSOPPA, vibrational g-factors)
  Bernd Schimmelpfennig,    Forschungszentrum Karlsruhe,  Germany     (AMFI module)
  Kristian Sneskov,         Aarhus University,            Denmark     (QM/MM, PE-CC)
  Arnfinn H. Steindal,      UiT The Arctic U. of Norway,  Norway      (parallel QM/MM)
  K. O. Sylvester-Hvid,     University of Copenhagen,     Denmark     (MC-SCRF)
  Peter R. Taylor,          VLSCI/Univ. of Melbourne,     Australia   (Symmetry handling ABACUS, integral transformation)
  Andrew M. Teale,          University of Nottingham,     England     (DFT-AC, DFT-D)
  David P. Tew,             University of Bristol,        England     (CCSD(R12))
  Olav Vahtras,             KTH Stockholm,                Sweden      (triplet response, spin-orbit, ESR, TDDFT, open-shell DFT)
  David J. Wilson,          La Trobe University,          Australia   (DFT Hessian and DFT magnetizabilities)
  Hans Agren,               KTH Stockholm,                Sweden      (SIRIUS module, RESPONS, MC-SCRF solvation model)
 --------------------------------------------------------------------------------

     Date and time (Linux)  : Thu Mar  6 15:34:25 2014
     Host name              : whirligig                               

 * Work memory size             :   320000000 =  2.384 gigabytes.

 * Directories for basis set searches:
   1) /scratch/fastscratch/ajs1/OC-ClF_15-34-25
   2) /usr/local/dalton_gfortran_64/basis


Compilation information
-----------------------

 Who compiled             | ajs1
 Host                     | whirligig
 System                   | Linux-3.2.0-56-generic
 CMake generator          | Unix Makefiles
 Processor                | x86_64
 64-bit integers          | ON
 MPI                      | OFF
 Fortran compiler         | /usr/bin/gfortran
 Fortran compiler version | GNU Fortran (Ubuntu/Linaro 4.6.3-1ubuntu5) 4.6.3
 C compiler               | /usr/bin/gcc
 C compiler version       | gcc (Ubuntu/Linaro 4.6.3-1ubuntu5) 4.6.3
 C++ compiler             | /usr/bin/g++
 C++ compiler version     | g++ (Ubuntu/Linaro 4.6.3-1ubuntu5) 4.6.3
 Explicit libs            | -L/usr/local/shared/atlas/Linux_core2duo_sse3_sse4
                          | _1/lib -llapack -lf77blas -lcblas -latlas
 Static linking           | OFF
 Last Git revision        | 575a5cf6d2c5c3776735f11fa026dbfca0382455
 Configuration time       | 2013-12-02 17:16:29.544027


   Content of the .dal input file
 ----------------------------------

**DALTON INPUT                                    
.RUN WAVE FUNCTION                                
.DIRECT                                           
**INTEGRALS                                       
.NOSUP                                            
.PRINT                                            
    1                                             
**WAVE FUNCTIONS                                  
.HF                                               
.INTERFACE                                        
*AUXILIARY INPUT                                  
.NOSUPMAT                                         
*ORBITALS                                         
.NOSUPSYM                                         
.AO DELETE                                        
 1.0E-6                                           
.CMOMAX                                           
 1000.0                                           
*SCF INPUT                                        
.THRESH                                           
1.0D-6                                            
*ORBITAL INPUT                                    
*END OF INPUT                                     


   Content of the .mol file
 ----------------------------

INTGRL                                                                         
  OC with ClF                                                                  
  Basis is sadlej and type DC                                                  
Spherical  Atomtypes=4  Charge=0 Integrals=1.0D-16 Nosymmetry                  
!                                                                              
!                                                                              
! ClF                                                                          
!                                                                              
Charge= 17.0  Atoms=1 Blocks=3 1 1 1                                           
Cl               0.00000000         0.00000000         0.00000000              
!  Sadlej pVTZ  EMSL  Basis Set Exchange Library   3/7/07 9:35 AM              
! A. J. Sadlej, Collec. Czech. Chem. Commun.  53, 1995 (1988)                  
!  A. J. Sadlej and M. Urban, J. Mol. Struct. (THEOCHEM) 234, 147 (1991)       
!  A. J. Sadlej, Theor. Chim. Acta 79, 123 (1992)                              
!  A. J. Sadlej, Theor. Chim. Acta 81, 45 (1992)                               
!  A. J. Sadlej, Theor. Chim. Acta 81, 339 (1992)                              
!                                                                              
! Basis = Sadlej pVTZ                                                          
! CHLORINE       (14s,10p,4d)->[7s,5p,2d]                                      
! s functions                                                                  
F  14    7                                                                     
 105818.8000000  0.0007430  0.0000000  0.0000  0.0000  0.0000  0.0000  0.0000  
  15872.0000000  0.0057540  0.0000000  0.0000  0.0000  0.0000  0.0000  0.0000  
   3619.7000000  0.0296740  0.0000000  0.0000  0.0000  0.0000  0.0000  0.0000  
   1030.8000000  0.1179910  0.0000000  0.0000  0.0000  0.0000  0.0000  0.0000  
    339.9100000  0.3653190  0.0000000  0.0000  0.0000  0.0000  0.0000  0.0000  
    124.5380000  0.5811460  0.0000000  0.0000  0.0000  0.0000  0.0000  0.0000  
    124.5380000  0.0000000  0.1375430  0.0000  0.0000  0.0000  0.0000  0.0000  
     49.5140000  0.0000000  0.6229200  0.0000  0.0000  0.0000  0.0000  0.0000  
     20.8060000  0.0000000  0.2901060  0.0000  0.0000  0.0000  0.0000  0.0000  
      6.4648000  0.0000000  0.0000000  1.0000  0.0000  0.0000  0.0000  0.0000  
      2.5254000  0.0000000  0.0000000  0.0000  1.0000  0.0000  0.0000  0.0000  
      0.5378000  0.0000000  0.0000000  0.0000  0.0000  1.0000  0.0000  0.0000  
      0.1935000  0.0000000  0.0000000  0.0000  0.0000  0.0000  1.0000  0.0000  
      0.0696000  0.0000000  0.0000000  0.0000  0.0000  0.0000  0.0000  1.0000  
! p functions                                                                  
F  10    5                                                                     
    589.7800000  0.0029820  0.0000000  0.0000000  0.0000000  0.0000000         
    139.8500000  0.0233750  0.0000000  0.0000000  0.0000000  0.0000000         
     44.7950000  0.1039980  0.0000000  0.0000000  0.0000000  0.0000000         
     16.6120000  0.2844300  0.0000000  0.0000000  0.0000000  0.0000000         
      6.5995000  0.4506860  0.0000000  0.0000000  0.0000000  0.0000000         
      2.7141000  0.3230640  0.0000000  0.0000000  0.0000000  0.0000000         
      0.9528000  0.0000000  1.0000000  0.0000000  0.0000000  0.0000000         
      0.3580000  0.0000000  0.0000000  1.0000000  0.0000000  0.0000000         
      0.1250000  0.0000000  0.0000000  0.0000000  1.0000000  0.0000000         
      0.0436000  0.0000000  0.0000000  0.0000000  0.0000000  1.0000000         
! d functions                                                                  
F  4    2                                                                      
      0.9528000  0.2853000  0.0000000                                          
      0.3580000  0.8169000  0.0000000                                          
      0.1250000  0.0000000  0.1013000                                          
      0.0436000  0.0000000  0.0430000                                          
!                                                                              
Charge=  9.0  Atoms=1 Blocks=3 1 1 1                                           
F                0.00000000         0.00000000         3.15938392              
! Basis = Sadlej pVTZ                                                          
! FLUORINE       (10s,6p,4d)->[5s,3p,2d]                                       
! s functions                                                                  
F  10    5                                                                     
  13521.5230000  0.0008010  0.0000000  0.0000000  0.0000000  0.0000000         
   2028.6916000  0.0061640  0.0000000  0.0000000  0.0000000  0.0000000         
    462.3739200  0.0312440  0.0000000  0.0000000  0.0000000  0.0000000         
    131.3736600  0.1160810  0.0000000  0.0000000  0.0000000  0.0000000         
     42.9745310  0.3035890  0.0000000  0.0000000  0.0000000  0.0000000         
     15.5714400  0.0000000  0.4459040  0.0000000  0.0000000  0.0000000         
      6.0322320  0.0000000  0.2391150  0.0000000  0.0000000  0.0000000         
      1.3072150  0.0000000  0.0000000  1.0000000  0.0000000  0.0000000         
      0.3888690  0.0000000  0.0000000  0.0000000  1.0000000  0.0000000         
      0.1156800  0.0000000  0.0000000  0.0000000  0.0000000  1.0000000         
! p functions                                                                  
F   6    3                                                                     
     44.1473030  0.0165090  0.0000000  0.0000000                               
      9.9934260  0.1034810  0.0000000  0.0000000                               
      2.9532460  0.3154810  0.0000000  0.0000000                               
      0.9185970  0.4893530  0.0000000  0.0000000                               
      0.2668240  0.0000000  1.0000000  0.0000000                               
      0.0775000  0.0000000  0.0000000  1.0000000                               
! d functions                                                                  
F   4    2                                                                     
      2.9532000  0.1835400  0.0000000                                          
      0.9186000  0.5105800  0.0000000                                          
      0.2668000  0.0000000  0.6992500                                          
      0.0775000  0.0000000  0.4292600                                          
!                                                                              
!                                                                              
! OC                                                                           
!                                                                              
Charge=0.0  Atoms=1 Blocks=3 1 1 1                                             
C                0.00000000         0.00000000        -5.29123277              
!                                                                              
! BASIS="Sadlej pVTZ"                                                          
! A. J. Sadlej, Collec. Czech. Chem. Commun.  53, 1995 (1988)                  
! A. J. Sadlej and M. Urban, J. Mol. Struct. (THEOCHEM) 234, 147 (1991)        
! A. J. Sadlej, Theor. Chim. Acta 79, 123 (1992)                               
! A. J. Sadlej, Theor. Chim. Acta 81, 45 (1992)                                
! A. J. Sadlej, Theor. Chim. Acta 81, 339 (1992)                               
!                                                                              
! (10S,6P,4D) -> [5S,3P,2D]                                                    
!                                                                              
! NOTE: Basis from DALTON/CADPAC library (different from online basis)         
! Online basis has:                                                            
!  D   2                                                                       
!   1        1.206700000         0.2628500000                                  
!   2       0.3855000000         0.8043000000                                  
!  D   2                                                                       
!   1       0.1219000000         0.6535000000                                  
!   2       0.3860000000E-01     0.8636000000                                  
!                                                                              
!                                                                              
!  S functions                                                                 
F  10    5                                                                     
  5240.63530   0.000937   0.000000   0.000000   0.000000   0.000000            
   782.20480   0.007228   0.000000   0.000000   0.000000   0.000000            
   178.35083   0.036344   0.000000   0.000000   0.000000   0.000000            
    50.81594   0.130600   0.000000   0.000000   0.000000   0.000000            
    16.82356   0.318931   0.000000   0.000000   0.000000   0.000000            
     6.17578   0.000000   0.438742   0.000000   0.000000   0.000000            
     2.41805   0.000000   0.214974   0.000000   0.000000   0.000000            
     0.51190   0.000000   0.000000   1.000000   0.000000   0.000000            
     0.15659   0.000000   0.000000   0.000000   1.000000   0.000000            
     0.04790   0.000000   0.000000   0.000000   0.000000   1.000000            
!                                                                              
!  P functions                                                                 
F   6    3                                                                     
    18.84180   0.013887   0.000000   0.000000                                  
     4.15924   0.086279   0.000000   0.000000                                  
     1.20671   0.288744   0.000000   0.000000                                  
     0.38554   0.499411   0.000000   0.000000                                  
     0.12194   0.000000   1.000000   0.000000                                  
     0.03857   0.000000   0.000000   1.000000                                  
!                                                                              
!  D functions                                                                 
F   4    2                                                                     
     1.20671   0.262852   0.000000                                             
     0.38554   0.804300   0.000000                                             
     0.12194   0.000000   0.653500                                             
     0.03866   0.000000   0.863600                                             
!                                                                              
Charge=0.0  Atoms=1 Blocks=3 1 1 1                                             
O                0.00000000         0.00000000        -7.41334014              
!                                                                              
! O: Sadlej pVTZ                                                               
! A. J. Sadlej, Collec. Czech. Chem. Commun.  53, 1995 (1988)                  
! A. J. Sadlej and M. Urban, J. Mol. Struct. (THEOCHEM) 234, 147 (1991)        
! A. J. Sadlej, Theor. Chim. Acta 79, 123 (1992)                               
! A. J. Sadlej, Theor. Chim. Acta 81, 45 (1992)                                
! A. J. Sadlej, Theor. Chim. Acta 81, 339 (1992)                               
!                                                                              
! (10S,6P,4D) -> [5S,3P,2D]                                                    
!                                                                              
!                                                                              
!  S functions                                                                 
F  10    5                                                                     
 10662.28500   0.000799   0.000000   0.000000   0.000000   0.000000            
  1599.70970   0.006153   0.000000   0.000000   0.000000   0.000000            
   364.72526   0.031157   0.000000   0.000000   0.000000   0.000000            
   103.65179   0.115596   0.000000   0.000000   0.000000   0.000000            
    33.90581   0.301552   0.000000   0.000000   0.000000   0.000000            
    12.28747   0.000000   0.444870   0.000000   0.000000   0.000000            
     4.75680   0.000000   0.243172   0.000000   0.000000   0.000000            
     1.00427   0.000000   0.000000   1.000000   0.000000   0.000000            
     0.30069   0.000000   0.000000   0.000000   1.000000   0.000000            
     0.09003   0.000000   0.000000   0.000000   0.000000   1.000000            
!                                                                              
!  P functions                                                                 
F   6    3                                                                     
    34.85646   0.015648   0.000000   0.000000                                  
     7.84313   0.098197   0.000000   0.000000                                  
     2.30625   0.307768   0.000000   0.000000                                  
     0.72316   0.492470   0.000000   0.000000                                  
     0.21488   0.000000   1.000000   0.000000                                  
     0.06385   0.000000   0.000000   1.000000                                  
!                                                                              
!  D functions                                                                 
F   4    2                                                                     
     2.30620   0.202700   0.000000                                             
     0.72320   0.579100   0.000000                                             
     0.21490   0.000000   0.785450                                             
     0.06390   0.000000   0.533870                                             
!                                                                              
!                                                                              


       *******************************************************************
       *********** Output from DALTON general input processing ***********
       *******************************************************************

 --------------------------------------------------------------------------------
   Overall default print level:    0
   Print level for DALTON.STAT:    1

    AO-direct calculation (in sections where implemented)
    HERMIT 1- and 2-electron integral sections will be executed
    "Old" integral transformation used (limited to max 255 basis functions)
    Wave function sections will be executed (SIRIUS module)
 --------------------------------------------------------------------------------


   ****************************************************************************
   *************** Output of molecule and basis set information ***************
   ****************************************************************************


    The two title cards from your ".mol" input:
    ------------------------------------------------------------------------
 1:   OC with ClF                                                           
 2:   Basis is sadlej and type DC                                           
    ------------------------------------------------------------------------

  INFO from READIN: Threshold for discarding integrals was    1.00D-16
  INFO from READIN: Threshold is reset to minimum value       1.00D-15

  Atomic type no.    1
  --------------------
  Nuclear charge:  17.00000
  Number of symmetry independent centers:    1
  Number of basis sets to read;    2

  Atomic type no.    2
  --------------------
  Nuclear charge:   9.00000
  Number of symmetry independent centers:    1
  Number of basis sets to read;    2

  Atomic type no.    3
  --------------------
  Nuclear charge:   0.00000
  Number of symmetry independent centers:    1
  Number of basis sets to read;    2

  Atomic type no.    4
  --------------------
  Nuclear charge:   0.00000
  Number of symmetry independent centers:    1
  Number of basis sets to read;    2


                         SYMGRP: Point group information
                         -------------------------------

Point group: C1 


                                 Isotopic Masses
                                 ---------------

                           Cl         34.968853
                           F          18.998403

                       Total mass:    53.967256 amu
                       Natural abundance:  75.770 %

 Center-of-mass coordinates (a.u.):    0.000000    0.000000    1.112216


  Atoms and basis sets
  --------------------

  Number of atom types :    4
  Total number of atoms:    4

  label    atoms   charge   prim   cont     basis
  ----------------------------------------------------------------------
  Cl          1   17.0000    64    32      [14s10p4d|7s5p2d]                                  
  F           1    9.0000    48    24      [10s6p4d|5s3p2d]                                   
  C           1    0.0000    48    24      [10s6p4d|5s3p2d]                                   
  O           1    0.0000    48    24      [10s6p4d|5s3p2d]                                   
  ----------------------------------------------------------------------
  total:      4   26.0000   208   104
  ----------------------------------------------------------------------
  Spherical harmonic basis used.

  Threshold for neglecting AO integrals:  1.00D-15


  Cartesian Coordinates (a.u.)
  ----------------------------

  Total number of coordinates:   12
  Cl      :     1  x   0.0000000000    2  y   0.0000000000    3  z   0.0000000000
  F       :     4  x   0.0000000000    5  y   0.0000000000    6  z   3.1593839200
  C       :     7  x   0.0000000000    8  y   0.0000000000    9  z  -5.2912327700
  O       :    10  x   0.0000000000   11  y   0.0000000000   12  z  -7.4133401400


   Interatomic separations (in Angstrom):
   --------------------------------------

            Cl          F           C           O     
            ------      ------      ------      ------
 Cl    :    0.000000
 F     :    1.671874    0.000000
 C     :    2.800000    4.471874    0.000000
 O     :    3.922971    5.594845    1.122971    0.000000


  Max    interatomic separation is    5.5948 Angstrom (   10.5727 Bohr)
  between atoms    4 and    2, "O     " and "F     ".

  Min YX interatomic separation is    1.1230 Angstrom (    2.1221 Bohr)


  Bond distances (Angstrom):
  --------------------------

                  atom 1     atom 2       distance
                  ------     ------       --------
  bond distance:  F          Cl           1.671874


  Bond angles (degrees):
  ----------------------

                  atom 1     atom 2     atom 3         angle
                  ------     ------     ------         -----
     No angles found




 Principal moments of inertia (u*A**2) and principal axes
 --------------------------------------------------------

   IA       0.000000          0.000000    0.000000    1.000000
   IB      34.409251          0.000000    1.000000    0.000000
   IC      34.409251          1.000000    0.000000    0.000000


 Rotational constants
 --------------------

 The molecule is linear.

               B =        14687.30 MHz     (    0.489916 cm-1)


@  Nuclear repulsion energy :   48.427162976762 Hartree

  Number of floating/multiple basis set orbitals :    2


                     .---------------------------------------.
                     | Starting in Integral Section (HERMIT) |
                     `---------------------------------------'



    *************************************************************************
    ****************** Output from HERMIT input processing ******************
    *************************************************************************


 Default print level:        1

 * Nuclear model: Point charge

 Calculation of one-electron Hamiltonian integrals.

 Center of mass  (bohr):      0.000000000000      0.000000000000      1.112216061974
 Operator center (bohr):      0.000000000000      0.000000000000      0.000000000000
 Gauge origin    (bohr):      0.000000000000      0.000000000000      0.000000000000
 Dipole origin   (bohr):      0.000000000000      0.000000000000      0.000000000000


     ************************************************************************
     ************************** Output from HERINT **************************
     ************************************************************************

 >>>> Total CPU  time used in HERMIT:   0.22 seconds
 >>>> Total wall time used in HERMIT:   0.22 seconds


                        .----------------------------------.
                        | End of Integral Section (HERMIT) |
                        `----------------------------------'



                   .--------------------------------------------.
                   | Starting in Wave Function Section (SIRIUS) |
                   `--------------------------------------------'


 *** Output from Huckel module :

     Using EWMO model:          T
     Using EHT  model:          F
     Number of Huckel orbitals each symmetry:   19

 EWMO - Energy Weighted Maximum Overlap - is a Huckel type method,
        which normally is better than Extended Huckel Theory.
 Reference: Linderberg and Ohrn, Propagators in Quantum Chemistry (Wiley, 1973)

 Huckel EWMO eigenvalues for symmetry :  1
         -104.883946     -26.383358     -10.609138      -8.072723      -8.072229
           -8.072229      -1.704303      -1.098687      -0.760921      -0.760921
           -0.712191      -0.477349      -0.477349      -0.370851      -0.055556
           -0.055556      -0.053657      -0.053657      -0.048359

 **********************************************************************
 *SIRIUS* a direct, restricted step, second order MCSCF program       *
 **********************************************************************

 
     Date and time (Linux)  : Thu Mar  6 15:34:26 2014
     Host name              : whirligig                               

 Title lines from ".mol" input file:
       OC with ClF                                                           
       Basis is sadlej and type DC                                           

 Print level on unit LUPRI =   2 is   0
 Print level on unit LUW4  =   2 is   5

@    Restricted, closed shell Hartree-Fock calculation.
 Fock matrices are calculated directly without use of integrals on disk.

 Initial molecular orbitals are obtained according to
 ".MOSTART EWMO  " input option

     Wave function specification
     ============================
@    For the wave function of type :      >>> HF <<<
@    Number of closed shell electrons          26
@    Number of electrons in active shells       0
@    Total charge of the molecule               0

@    Spin multiplicity and 2 M_S                1         0
     Total number of symmetries                 1
@    Reference state symmetry                   1

     Orbital specifications
     ======================
     Abelian symmetry species          All |    1
                                       --- |  ---
@    Occupied SCF orbitals              13 |   13
     Secondary orbitals                 91 |   91
     Total number of orbitals          104 |  104
     Number of basis functions         104 |  104

     Optimization information
     ========================
@    Number of configurations                 1
@    Number of orbital rotations           1183
     ------------------------------------------
@    Total number of variables             1184

     Maximum number of Fock   iterations      0
     Maximum number of DIIS   iterations     60
     Maximum number of QC-SCF iterations     60
     Threshold for SCF convergence     1.00D-06


 >>>>> DIIS optimization of Hartree-Fock <<<<<

 C1-DIIS algorithm; max error vectors =    5

 Iter      Total energy        Error norm    Delta(E)  DIIS dim.
 -----------------------------------------------------------------------------
   1  Screening settings (-IFTHRS, DIFDEN)   -8    T
@  1    -558.762906673        1.50618D+00   -5.59D+02    1
      Virial theorem: -V/T =      1.999347
@      MULPOP Cl      0.48; F      -0.47; 
 -----------------------------------------------------------------------------
   2  Screening settings (-IFTHRS, DIFDEN)   -8    T
@  2    -558.857481437        7.35597D-01   -9.46D-02    2
      Virial theorem: -V/T =      2.000904
@      MULPOP Cl      0.41; F      -0.50; 
 -----------------------------------------------------------------------------
   3  Screening settings (-IFTHRS, DIFDEN)   -8    T
@  3    -558.878612551        1.96551D-01   -2.11D-02    3
      Virial theorem: -V/T =      1.999950
@      MULPOP Cl      0.50; F      -0.57; 
 -----------------------------------------------------------------------------
   4  Screening settings (-IFTHRS, DIFDEN)   -8    T
@  4    -558.880777372        4.91848D-02   -2.16D-03    4
      Virial theorem: -V/T =      2.000444
@      MULPOP Cl      0.45; F      -0.54; 
 -----------------------------------------------------------------------------
   5  Screening settings (-IFTHRS, DIFDEN)  -10    F
@  5    -558.880978579        1.19725D-02   -2.01D-04    5
      Virial theorem: -V/T =      2.000318
@      MULPOP Cl      0.44; F      -0.54; 
 -----------------------------------------------------------------------------
   6  Screening settings (-IFTHRS, DIFDEN)  -10    T
@  6    -558.881000119        4.20654D-03   -2.15D-05    5
      Virial theorem: -V/T =      2.000332
@      MULPOP Cl      0.44; F      -0.53; 
 -----------------------------------------------------------------------------
   7  Screening settings (-IFTHRS, DIFDEN)  -13    F
@  7    -558.881003536        9.44618D-04   -3.42D-06    5
      Virial theorem: -V/T =      2.000325
@      MULPOP Cl      0.44; F      -0.53; 
 -----------------------------------------------------------------------------
   8  Screening settings (-IFTHRS, DIFDEN)  -13    T
@  8    -558.881003717        1.79798D-04   -1.81D-07    5
      Virial theorem: -V/T =      2.000326
@      MULPOP Cl      0.44; F      -0.53; 
 -----------------------------------------------------------------------------
   9  Screening settings (-IFTHRS, DIFDEN)  -13    T
@  9    -558.881003721        3.39503D-05   -4.86D-09    5
      Virial theorem: -V/T =      2.000325
@      MULPOP Cl      0.43; F      -0.53; 
 -----------------------------------------------------------------------------
  10  Screening settings (-IFTHRS, DIFDEN)  -13    T
@ 10    -558.881003722        8.76196D-06   -1.31D-10    5
      Virial theorem: -V/T =      2.000325
@      MULPOP Cl      0.43; F      -0.53; 
 -----------------------------------------------------------------------------
  11  Screening settings (-IFTHRS, DIFDEN)  -13    T
@ 11    -558.881003722        2.00691D-06   -7.28D-12    5
      Virial theorem: -V/T =      2.000325
@      MULPOP Cl      0.43; F      -0.53; 
 -----------------------------------------------------------------------------
  12  Screening settings (-IFTHRS, DIFDEN)  -13    T
@ 12    -558.881003722        6.94410D-07   -6.82D-13    5

@ *** DIIS converged in  12 iterations !
@     Converged SCF energy, gradient:   -558.881003721590    6.94D-07
    - total time used in SIRFCK :              0.00 seconds


 *** SCF orbital energy analysis ***

 Only the five lowest virtual orbital energies printed in each symmetry.

 Number of electrons :   26
 Orbital occupations :   13

 Sym       Hartree-Fock orbital energies

  1   -104.94771388   -26.35634160   -10.66520644    -8.13394194    -8.12872850
        -8.12872850    -1.62639730    -1.11089848    -0.71770900    -0.71770900
        -0.68878253    -0.49991197    -0.49991197     0.02129700     0.05427585
         0.07708686     0.07708686     0.07941188

    E(LUMO) :     0.02129700 au (symmetry 1)
  - E(HOMO) :    -0.49991197 au (symmetry 1)
  ------------------------------------------
    gap     :     0.52120898 au

 >>> Writing SIRIFC interface file <<<

 >>>> CPU and wall time for SCF :      29.974      31.793


                       .-----------------------------------.
                       | >>> Final results from SIRIUS <<< |
                       `-----------------------------------'


@    Spin multiplicity:           1
@    Spatial symmetry:            1
@    Total charge of molecule:    0

@    Final HF energy:            -558.881003721590                 
@    Nuclear repulsion:            48.427162976762
@    Electronic energy:          -607.308166698351

@    Final gradient norm:           0.000000694410

 
     Date and time (Linux)  : Thu Mar  6 15:34:58 2014
     Host name              : whirligig                               

 (Only coefficients >0.0100 are printed.)

 Molecular orbitals for symmetry species  1
 ------------------------------------------

    Orbital         9       10       11       12       13       14       15
   2 Cl  :1s     0.0000   0.0000  -0.0276  -0.0000   0.0000   0.0220   0.0028
   3 Cl  :1s    -0.0000  -0.0000   0.0602  -0.0000  -0.0000  -0.0476  -0.0061
   4 Cl  :1s    -0.0000  -0.0000   0.1025   0.0000  -0.0000  -0.0858  -0.0104
   5 Cl  :1s     0.0000   0.0000  -0.1842  -0.0000   0.0000   0.1515   0.0174
   6 Cl  :1s     0.0000   0.0000  -0.1418   0.0000  -0.0000   0.2389  -0.0609
   7 Cl  :1s     0.0000  -0.0000  -0.2803  -0.0000   0.0000   0.1484   0.3791
   8 Cl  :2px   -0.0863   0.0031  -0.0000   0.2726  -0.0118   0.0000   0.0000
   9 Cl  :2py    0.0031   0.0863   0.0000  -0.0118  -0.2726   0.0000   0.0000
  10 Cl  :2pz    0.0000   0.0000  -0.1642   0.0000  -0.0000  -0.1534  -0.1034
  11 Cl  :2px    0.0896  -0.0032   0.0000  -0.3037   0.0131   0.0000  -0.0000
  12 Cl  :2py   -0.0032  -0.0896  -0.0000   0.0131   0.3037  -0.0000  -0.0000
  13 Cl  :2pz   -0.0000  -0.0000   0.1625  -0.0000   0.0000   0.1701   0.1118
  14 Cl  :2px    0.1691  -0.0061   0.0000  -0.5342   0.0231   0.0000  -0.0000
  15 Cl  :2py   -0.0061  -0.1691  -0.0000   0.0231   0.5342  -0.0000  -0.0000
  16 Cl  :2pz   -0.0000  -0.0000   0.3197  -0.0000   0.0000   0.2905   0.2250
  17 Cl  :2px    0.0276  -0.0010  -0.0000  -0.3036   0.0131  -0.0000   0.0000
  18 Cl  :2py   -0.0010  -0.0276   0.0000   0.0131   0.3036  -0.0000  -0.0000
  19 Cl  :2pz    0.0000  -0.0000  -0.0007  -0.0000  -0.0000   0.4833   0.1696
  22 Cl  :2pz   -0.0000  -0.0000   0.0244   0.0000   0.0000   0.3222   0.6237
  24 Cl  :3d1-  -0.0014  -0.0393  -0.0000  -0.0007  -0.0170  -0.0000  -0.0000
  25 Cl  :3d0   -0.0000  -0.0000   0.0932  -0.0000   0.0000  -0.1098  -0.0644
  26 Cl  :3d1+   0.0393  -0.0014   0.0000   0.0170  -0.0007   0.0000   0.0000
  29 Cl  :3d1-   0.0017   0.0468   0.0000  -0.0005  -0.0119  -0.0000  -0.0000
  30 Cl  :3d0    0.0000  -0.0000  -0.1160  -0.0000  -0.0000  -0.0378   0.1409
  31 Cl  :3d1+  -0.0468   0.0017  -0.0000   0.0119  -0.0005   0.0000   0.0000
  33 F   :1s    -0.0000  -0.0000   0.0134   0.0000   0.0000   0.0174   0.0124
  34 F   :1s    -0.0000  -0.0000   0.0344   0.0000   0.0000   0.0446   0.0322
  35 F   :1s     0.0000   0.0000  -0.0864   0.0000  -0.0000  -0.1023  -0.0773
  36 F   :1s     0.0000   0.0000  -0.0791   0.0000  -0.0000  -0.1614  -0.1003
  37 F   :1s    -0.0000   0.0000   0.1630   0.0000   0.0000  -0.3873  -0.5260
  38 F   :2px    0.7185  -0.0260   0.0000   0.2904  -0.0125   0.0000  -0.0000
  39 F   :2py   -0.0260  -0.7185  -0.0000  -0.0125  -0.2904   0.0000   0.0000
  40 F   :2pz    0.0000   0.0000  -0.5657   0.0000  -0.0000   0.3248   0.1682
  41 F   :2px    0.3236  -0.0117   0.0000   0.1475  -0.0064   0.0000  -0.0000
  42 F   :2py   -0.0117  -0.3236  -0.0000  -0.0064  -0.1475   0.0000   0.0000
  43 F   :2pz    0.0000   0.0000  -0.2849  -0.0000  -0.0000   0.2292   0.1299
  44 F   :2px    0.0526  -0.0019   0.0000   0.0231  -0.0010  -0.0000  -0.0000
  45 F   :2py   -0.0019  -0.0526  -0.0000  -0.0010  -0.0231   0.0000   0.0000
  46 F   :2pz    0.0000   0.0000  -0.0348  -0.0000  -0.0000   0.1998   0.0828
  48 F   :3d1-   0.0005   0.0145   0.0000  -0.0001  -0.0029   0.0000  -0.0000
  49 F   :3d0   -0.0000  -0.0000   0.0231   0.0000   0.0000   0.0023  -0.0008
  50 F   :3d1+  -0.0145   0.0005  -0.0000   0.0029  -0.0001  -0.0000  -0.0000
  53 F   :3d1-   0.0011   0.0317   0.0000  -0.0000  -0.0005  -0.0000  -0.0000
  54 F   :3d0   -0.0000   0.0000   0.0079   0.0000   0.0000   0.0126   0.0249
  55 F   :3d1+  -0.0317   0.0011  -0.0000   0.0005  -0.0000  -0.0000   0.0000
  60 C   :1s    -0.0000  -0.0000  -0.0148   0.0000   0.0000  -0.3349   0.9816
  61 C   :1s    -0.0000  -0.0000   0.0515   0.0000   0.0000  -0.5728   2.3879
  64 C   :2pz    0.0000   0.0000   0.0007  -0.0000  -0.0000   0.0063  -0.0157
  67 C   :2pz    0.0000   0.0000   0.0595   0.0000  -0.0000   0.0932  -0.6207
  70 C   :2pz   -0.0000   0.0000  -0.0061   0.0000  -0.0000   0.0786   0.0025
  77 C   :3d1-   0.0011   0.0295  -0.0000  -0.0001  -0.0013   0.0000  -0.0000
  78 C   :3d0    0.0000  -0.0000   0.0141  -0.0000   0.0000   0.1698  -0.1486
  79 C   :3d1+  -0.0295   0.0011   0.0000   0.0013  -0.0001  -0.0000  -0.0000
  84 O   :1s     0.0000   0.0000   0.0123   0.0000  -0.0000  -0.0340  -0.0234
  85 O   :1s     0.0000   0.0000   0.0405  -0.0000  -0.0000   0.5186  -2.1359
  91 O   :2pz    0.0000   0.0000   0.0074   0.0000  -0.0000   0.0980  -0.2821
  92 O   :2px   -0.0199   0.0007   0.0000   0.0012  -0.0001  -0.0000  -0.0000
  93 O   :2py    0.0007   0.0199  -0.0000  -0.0001  -0.0012   0.0000   0.0000
  94 O   :2pz    0.0000  -0.0000   0.0367  -0.0000   0.0000   0.3459  -1.0296
 102 O   :3d0    0.0000  -0.0000   0.0067  -0.0000   0.0000   0.0640  -0.1461



 >>>> Total CPU  time used in SIRIUS :     30.05 seconds
 >>>> Total wall time used in SIRIUS :     31.87 seconds

 
     Date and time (Linux)  : Thu Mar  6 15:34:58 2014
     Host name              : whirligig                               


                     .---------------------------------------.
                     | End of Wave Function Section (SIRIUS) |
                     `---------------------------------------'

 >>>> Total CPU  time used in DALTON:  30.29 seconds
 >>>> Total wall time used in DALTON:  32.10 seconds

 
     Date and time (Linux)  : Thu Mar  6 15:34:58 2014
     Host name              : whirligig                               

Dalton interface to CamCASP

 ******** 6Mar14 

     48.4271629767616218   -607.3081666983515561      0.0000000000000000   -558.8810037215898774
     1     0     1     0
    13     0    13   104   104     1  1183  1183
     1 10816     0     0  5460 10816     1     1
     2     3     4     5     6     7     8     2
     1     4     3     6     5     8
Summary:
 Number of occupied orbitals :     13
 Number of virtual  orbitals :     91
 Number of molecular orbitals:    104
 Number of basis functions   :    104
 SCF energy                 :  -0.558881E+03 Hartree
 Nuclear potential energy   :   0.484272E+02 Hartree
