Batch  1:   500 points

Sites
C             0.000000    0.000000    0.000000
*** Warning: type C was not defined

O             2.290632    0.000000    0.000000
*** Warning: type O was not defined

H1           -1.139082    1.772468    0.000000
*** Warning: type H1 was not defined

N            -1.459853   -2.102051    0.000000
*** Warning: type N was not defined

H2           -3.362090   -1.984186    0.000000
*** Warning: type H2 was not defined

H3           -0.627102   -3.821892    0.000000
*** Warning: type H3 was not defined


Polarizability parameters
                  Sites       Components  Coefficient
  1  C_10_10_A
                C       C       10   10      1.000
  2  C_10_21c_A
                C       C       10   21c     1.000
  3  C_10_21s_A
                C       C       10   21s     1.000
  4  C_11c_11c_A
                C       C       11c  11c     1.000
  5  C_11c_11s_A
                C       C       11c  11s     1.000
  6  C_11c_20_A
                C       C       11c  20      1.000
  7  C_11c_22c_A
                C       C       11c  22c     1.000
  8  C_11c_22s_A
                C       C       11c  22s     1.000
  9  C_11s_11s_A
                C       C       11s  11s     1.000
 10  C_11s_20_A
                C       C       11s  20      1.000
 11  C_11s_22c_A
                C       C       11s  22c     1.000
 12  C_11s_22s_A
                C       C       11s  22s     1.000
 13  C_20_20_A
                C       C       20   20      1.000
 14  C_20_22c_A
                C       C       20   22c     1.000
 15  C_20_22s_A
                C       C       20   22s     1.000
 16  C_21c_21c_A
                C       C       21c  21c     1.000
 17  C_21c_21s_A
                C       C       21c  21s     1.000
 18  C_21s_21s_A
                C       C       21s  21s     1.000
 19  C_22c_22c_A
                C       C       22c  22c     1.000
 20  C_22c_22s_A
                C       C       22c  22s     1.000
 21  C_22s_22s_A
                C       C       22s  22s     1.000
 22  O_10_10_A
                O       O       10   10      1.000
 23  O_10_21c_A
                O       O       10   21c     1.000
 24  O_10_21s_A
                O       O       10   21s     1.000
 25  O_11c_11c_A
                O       O       11c  11c     1.000
 26  O_11c_11s_A
                O       O       11c  11s     1.000
 27  O_11c_20_A
                O       O       11c  20      1.000
 28  O_11c_22c_A
                O       O       11c  22c     1.000
 29  O_11c_22s_A
                O       O       11c  22s     1.000
 30  O_11s_11s_A
                O       O       11s  11s     1.000
 31  O_11s_20_A
                O       O       11s  20      1.000
 32  O_11s_22c_A
                O       O       11s  22c     1.000
 33  O_11s_22s_A
                O       O       11s  22s     1.000
 34  O_20_20_A
                O       O       20   20      1.000
 35  O_20_22c_A
                O       O       20   22c     1.000
 36  O_20_22s_A
                O       O       20   22s     1.000
 37  O_21c_21c_A
                O       O       21c  21c     1.000
 38  O_21c_21s_A
                O       O       21c  21s     1.000
 39  O_21s_21s_A
                O       O       21s  21s     1.000
 40  O_22c_22c_A
                O       O       22c  22c     1.000
 41  O_22c_22s_A
                O       O       22c  22s     1.000
 42  O_22s_22s_A
                O       O       22s  22s     1.000
 43  H1_10_10_A
                H1      H1      10   10      1.000
 44  H1_11c_11c_A
                H1      H1      11c  11c     1.000
 45  H1_11c_11s_A
                H1      H1      11c  11s     1.000
 46  H1_11s_11s_A
                H1      H1      11s  11s     1.000
 47  N_10_10_A
                N       N       10   10      1.000
 48  N_10_21c_A
                N       N       10   21c     1.000
 49  N_10_21s_A
                N       N       10   21s     1.000
 50  N_11c_11c_A
                N       N       11c  11c     1.000
 51  N_11c_11s_A
                N       N       11c  11s     1.000
 52  N_11c_20_A
                N       N       11c  20      1.000
 53  N_11c_22c_A
                N       N       11c  22c     1.000
 54  N_11c_22s_A
                N       N       11c  22s     1.000
 55  N_11s_11s_A
                N       N       11s  11s     1.000
 56  N_11s_20_A
                N       N       11s  20      1.000
 57  N_11s_22c_A
                N       N       11s  22c     1.000
 58  N_11s_22s_A
                N       N       11s  22s     1.000
 59  N_20_20_A
                N       N       20   20      1.000
 60  N_20_22c_A
                N       N       20   22c     1.000
 61  N_20_22s_A
                N       N       20   22s     1.000
 62  N_21c_21c_A
                N       N       21c  21c     1.000
 63  N_21c_21s_A
                N       N       21c  21s     1.000
 64  N_21s_21s_A
                N       N       21s  21s     1.000
 65  N_22c_22c_A
                N       N       22c  22c     1.000
 66  N_22c_22s_A
                N       N       22c  22s     1.000
 67  N_22s_22s_A
                N       N       22s  22s     1.000
 68  H2_10_10_A
                H2      H2      10   10      1.000
 69  H2_11c_11c_A
                H2      H2      11c  11c     1.000
 70  H2_11c_11s_A
                H2      H2      11c  11s     1.000
 71  H2_11s_11s_A
                H2      H2      11s  11s     1.000
 72  H3_10_10_A
                H3      H3      10   10      1.000
 73  H3_11c_11c_A
                H3      H3      11c  11c     1.000
 74  H3_11c_11s_A
                H3      H3      11c  11s     1.000
 75  H3_11s_11s_A
                H3      H3      11s  11s     1.000
Reading penalties


Static polarizabilities

Response values:
Maximum          0.0170749454
Minimum         -0.0090596566
Range            0.0261346020
Min. magnitude   0.0000000115

Parameter values: 
  1            5.08142628     C_10_10_A
  2            3.25739081     C_10_21c_A
  3           -7.32643517     C_10_21s_A
  4           11.65048319     C_11c_11c_A
  5            1.84140811     C_11c_11s_A
  6           -4.17987120     C_11c_20_A
  7           26.21731497     C_11c_22c_A
  8           -8.80605180     C_11c_22s_A
  9            9.56280318     C_11s_11s_A
 10           -0.28345161     C_11s_20_A
 11            6.96461690     C_11s_22c_A
 12          -12.15101254     C_11s_22s_A
 13            4.88857919     C_20_20_A
 14            7.45719492     C_20_22c_A
 15            6.07510697     C_20_22s_A
 16           55.07234493     C_21c_21c_A
 17            6.30104366     C_21c_21s_A
 18           51.13217917     C_21s_21s_A
 19           41.55540173     C_22c_22c_A
 20           -0.20657066     C_22c_22s_A
 21           50.49395525     C_22s_22s_A
 22            4.08161883     O_10_10_A
 23            1.82859009     O_10_21c_A
 24            2.37986816     O_10_21s_A
 25            6.31576897     O_11c_11c_A
 26            0.01289641     O_11c_11s_A
 27           -1.73703572     O_11c_20_A
 28           -0.88814343     O_11c_22c_A
 29            0.68639209     O_11c_22s_A
 30            4.43614384     O_11s_11s_A
 31           -0.06999876     O_11s_20_A
 32            0.64964544     O_11s_22c_A
 33            5.63377953     O_11s_22s_A
 34           13.18884520     O_20_20_A
 35            2.29050738     O_20_22c_A
 36            0.99300419     O_20_22s_A
 37           31.97528620     O_21c_21c_A
 38           -3.94852318     O_21c_21s_A
 39           15.67495452     O_21s_21s_A
 40           25.76096106     O_22c_22c_A
 41          -10.85083607     O_22c_22s_A
 42            8.93925935     O_22s_22s_A
 43            2.12688666     H1_10_10_A
 44            3.23745022     H1_11c_11c_A
 45            0.58472558     H1_11c_11s_A
 46            3.04316796     H1_11s_11s_A
 47            5.42704659     N_10_10_A
 48           -2.31585491     N_10_21c_A
 49            3.15190820     N_10_21s_A
 50            8.43500678     N_11c_11c_A
 51            1.36900352     N_11c_11s_A
 52            0.55996224     N_11c_20_A
 53           -7.61900628     N_11c_22c_A
 54            8.60813280     N_11c_22s_A
 55            8.73003779     N_11s_11s_A
 56           -2.93725598     N_11s_20_A
 57           -0.60595385     N_11s_22c_A
 58           10.53456818     N_11s_22s_A
 59           31.30422312     N_20_20_A
 60           -0.83649156     N_20_22c_A
 61            5.32630714     N_20_22s_A
 62           40.07308750     N_21c_21c_A
 63            8.47911011     N_21c_21s_A
 64           52.27057502     N_21s_21s_A
 65           42.56583920     N_22c_22c_A
 66          -12.58476816     N_22c_22s_A
 67           23.13441543     N_22s_22s_A
 68            1.24284109     H2_10_10_A
 69            1.41805338     H2_11c_11c_A
 70            0.46686342     H2_11c_11s_A
 71            1.91437132     H2_11s_11s_A
 72            1.46863246     H3_10_10_A
 73            1.99780398     H3_11c_11c_A
 74           -0.29287942     H3_11c_11s_A
 75            1.66387438     H3_11s_11s_A
Residuals               per cent of range
Maximum      0.00035423       1.355
Minimum     -0.00037513      -1.435
R.m.s.       0.00001532       0.059
Sum of squared residuals =         0.00003

Parameter                Fitted      Anchor    Difference   Penalty
C_10_10_A                5.08143     4.94288     0.13855    1.91953E-07
C_10_21c_A               3.25739     2.81955     0.43784    0.00000E+00
C_10_21s_A              -7.32644     0.00973    -7.33616    0.00000E+00
C_11c_11c_A             11.65048    11.59161     0.05888    3.46625E-08
C_11c_11s_A              1.84141     1.87051    -0.02910    8.47023E-09
C_11c_20_A              -4.17987    -4.19797     0.01810    0.00000E+00
C_11c_22c_A             26.21731    25.82293     0.39438    0.00000E+00
C_11c_22s_A             -8.80605    -5.65198    -3.15407    0.00000E+00
C_11s_11s_A              9.56280     9.55043     0.01237    1.52980E-09
C_11s_20_A              -0.28345    -2.25410     1.97065    0.00000E+00
C_11s_22c_A              6.96462     7.93675    -0.97213    0.00000E+00
C_11s_22s_A            -12.15101    -8.29134    -3.85967    0.00000E+00
C_20_20_A                4.88858     0.41093     4.47765    0.00000E+00
C_20_22c_A               7.45719    -2.58888    10.04607    0.00000E+00
C_20_22s_A               6.07511     9.34793    -3.27282    0.00000E+00
C_21c_21c_A             55.07234    68.32225   -13.24990    0.00000E+00
C_21c_21s_A              6.30104    10.45356    -4.15251    0.00000E+00
C_21s_21s_A             51.13218    32.09451    19.03767    0.00000E+00
C_22c_22c_A             41.55540    96.85175   -55.29635    0.00000E+00
C_22c_22s_A             -0.20657    -8.81478     8.60821    0.00000E+00
C_22s_22s_A             50.49396    72.70468   -22.21072    0.00000E+00
O_10_10_A                4.08162     3.98364     0.09797    9.59847E-08
O_10_21c_A               1.82859     1.44454     0.38405    0.00000E+00
O_10_21s_A               2.37987    -0.89942     3.27928    0.00000E+00
O_11c_11c_A              6.31577     6.25189     0.06387    4.07976E-08
O_11c_11s_A              0.01290     0.03601    -0.02311    5.34050E-09
O_11c_20_A              -1.73704    -1.39787    -0.33916    0.00000E+00
O_11c_22c_A             -0.88814    -3.70917     2.82103    0.00000E+00
O_11c_22s_A              0.68639    -1.47812     2.16451    0.00000E+00
O_11s_11s_A              4.43614     4.38449     0.05166    2.66824E-08
O_11s_20_A              -0.07000     0.79963    -0.86963    0.00000E+00
O_11s_22c_A              0.64965     0.27008     0.37956    0.00000E+00
O_11s_22s_A              5.63378     0.98553     4.64825    0.00000E+00
O_20_20_A               13.18885    13.75487    -0.56602    0.00000E+00
O_20_22c_A               2.29051     5.47667    -3.18616    0.00000E+00
O_20_22s_A               0.99300    -3.69376     4.68676    0.00000E+00
O_21c_21c_A             31.97529    26.27560     5.69969    0.00000E+00
O_21c_21s_A             -3.94852     3.24787    -7.19639    0.00000E+00
O_21s_21s_A             15.67495    24.59513    -8.92018    0.00000E+00
O_22c_22c_A             25.76096    28.11102    -2.35006    0.00000E+00
O_22c_22s_A            -10.85084     5.14678   -15.99761    0.00000E+00
O_22s_22s_A              8.93926    26.17230   -17.23304    0.00000E+00
H1_10_10_A               2.12689     2.04275     0.08414    7.07931E-08
H1_11c_11c_A             3.23745     3.02338     0.21407    4.58259E-07
H1_11c_11s_A             0.58473     0.53182     0.05290    2.79847E-08
H1_11s_11s_A             3.04317     3.07667    -0.03351    1.12255E-08
N_10_10_A                5.42705     5.30707     0.11998    1.43944E-07
N_10_21c_A              -2.31585    -0.83519    -1.48067    0.00000E+00
N_10_21s_A               3.15191     0.47356     2.67835    0.00000E+00
N_11c_11c_A              8.43501     8.37152     0.06349    4.03086E-08
N_11c_11s_A              1.36900     1.34272     0.02629    6.90883E-09
N_11c_20_A               0.55996    -0.12752     0.68749    0.00000E+00
N_11c_22c_A             -7.61901    -0.50363    -7.11538    0.00000E+00
N_11c_22s_A              8.60813     9.56193    -0.95380    0.00000E+00
N_11s_11s_A              8.73004     8.72642     0.00362    1.30820E-10
N_11s_20_A              -2.93726    -1.37644    -1.56082    0.00000E+00
N_11s_22c_A             -0.60595    -3.50397     2.89802    0.00000E+00
N_11s_22s_A             10.53457     9.71487     0.81970    0.00000E+00
N_20_20_A               31.30422    33.69407    -2.38985    0.00000E+00
N_20_22c_A              -0.83649    -6.59195     5.75546    0.00000E+00
N_20_22s_A               5.32631    -3.11595     8.44225    0.00000E+00
N_21c_21c_A             40.07309    41.71632    -1.64323    0.00000E+00
N_21c_21s_A              8.47911     7.45005     1.02906    0.00000E+00
N_21s_21s_A             52.27058    43.96265     8.30793    0.00000E+00
N_22c_22c_A             42.56584    49.07475    -6.50891    0.00000E+00
N_22c_22s_A            -12.58477     3.06734   -15.65211    0.00000E+00
N_22s_22s_A             23.13442    41.80987   -18.67545    0.00000E+00
H2_10_10_A               1.24284     1.49635    -0.25351    6.42631E-07
H2_11c_11c_A             1.41805     1.60719    -0.18914    3.57730E-07
H2_11c_11s_A             0.46686     0.50167    -0.03481    1.21141E-08
H2_11s_11s_A             1.91437     2.06535    -0.15098    2.27949E-07
H3_10_10_A               1.46863     1.75291    -0.28427    8.08080E-07
H3_11c_11c_A             1.99780     2.22079    -0.22299    4.97210E-07
H3_11c_11s_A            -0.29288    -0.41275     0.11987    1.43685E-07
H3_11s_11s_A             1.66387     1.67978    -0.01591    2.53054E-09

Sum of penalties =     3.85691E-06
Polarizability array for site C is not positive definite
Negative eigenvalues and corresponding eigenvectors:
   -8.607437
  0.0000  0.0000  0.7308  0.1799  0.4473  0.0000  0.0000 -0.4730  0.0983
Polarizability array for site O is not positive definite
Negative eigenvalues and corresponding eigenvectors:
   -1.529544
  0.0000  0.0000  0.0470  0.6696  0.0995  0.0000  0.0000 -0.2909 -0.6744
WARNING: string truncated

Total molecular polarizability
      00          z           x           y           20          21c         21s         22c         22s
     0.00000     0.00000     0.00000     0.00000     0.00000     0.00000     0.00000     0.00000     0.00000
     0.00000    19.42845     0.00000     0.00000     0.00000    -7.53468   -28.84646     0.00000     0.00000
     0.00000     0.00000    33.68235     3.07964     6.16781     0.00000     0.00000    10.18445   -41.32748
     0.00000     0.00000     3.07964    28.72262    23.14021     0.00000     0.00000    44.35351   -24.26613
     0.00000     0.00000     6.16781    23.14021   212.58248     0.00000     0.00000    -4.84856   -88.42601
     0.00000    -7.53468     0.00000     0.00000     0.00000   304.56001    92.73998     0.00000     0.00000
     0.00000   -28.84646     0.00000     0.00000     0.00000    92.73998   264.51060     0.00000     0.00000
     0.00000     0.00000    10.18445    44.35351    -4.84856     0.00000     0.00000   551.45500    12.87362
     0.00000     0.00000   -41.32748   -24.26613   -88.42601     0.00000     0.00000    12.87362   502.39556
Mean polarizability       =  27.27781
Polarizability anisotropy =  13.62092
Finished
