Batch  1:   500 points

Sites
C             0.000000    0.000000    0.000000
*** Warning: type C was not defined

O             2.290632    0.000000    0.000000
*** Warning: type O was not defined

H1           -1.139082    1.772468    0.000000
*** Warning: type H1 was not defined

N            -1.459853   -2.102051    0.000000
*** Warning: type N was not defined

H2           -3.362090   -1.984186    0.000000
*** Warning: type H2 was not defined

H3           -0.627102   -3.821892    0.000000
*** Warning: type H3 was not defined


Polarizability parameters
                  Sites       Components  Coefficient
  1  C_10_10_A
                C       C       10   10      1.000
  2  C_10_21c_A
                C       C       10   21c     1.000
  3  C_10_21s_A
                C       C       10   21s     1.000
  4  C_11c_11c_A
                C       C       11c  11c     1.000
  5  C_11c_11s_A
                C       C       11c  11s     1.000
  6  C_11c_20_A
                C       C       11c  20      1.000
  7  C_11c_22c_A
                C       C       11c  22c     1.000
  8  C_11c_22s_A
                C       C       11c  22s     1.000
  9  C_11s_11s_A
                C       C       11s  11s     1.000
 10  C_11s_20_A
                C       C       11s  20      1.000
 11  C_11s_22c_A
                C       C       11s  22c     1.000
 12  C_11s_22s_A
                C       C       11s  22s     1.000
 13  C_20_20_A
                C       C       20   20      1.000
 14  C_20_22c_A
                C       C       20   22c     1.000
 15  C_20_22s_A
                C       C       20   22s     1.000
 16  C_21c_21c_A
                C       C       21c  21c     1.000
 17  C_21c_21s_A
                C       C       21c  21s     1.000
 18  C_21s_21s_A
                C       C       21s  21s     1.000
 19  C_22c_22c_A
                C       C       22c  22c     1.000
 20  C_22c_22s_A
                C       C       22c  22s     1.000
 21  C_22s_22s_A
                C       C       22s  22s     1.000
 22  O_10_10_A
                O       O       10   10      1.000
 23  O_10_21c_A
                O       O       10   21c     1.000
 24  O_10_21s_A
                O       O       10   21s     1.000
 25  O_11c_11c_A
                O       O       11c  11c     1.000
 26  O_11c_11s_A
                O       O       11c  11s     1.000
 27  O_11c_20_A
                O       O       11c  20      1.000
 28  O_11c_22c_A
                O       O       11c  22c     1.000
 29  O_11c_22s_A
                O       O       11c  22s     1.000
 30  O_11s_11s_A
                O       O       11s  11s     1.000
 31  O_11s_20_A
                O       O       11s  20      1.000
 32  O_11s_22c_A
                O       O       11s  22c     1.000
 33  O_11s_22s_A
                O       O       11s  22s     1.000
 34  O_20_20_A
                O       O       20   20      1.000
 35  O_20_22c_A
                O       O       20   22c     1.000
 36  O_20_22s_A
                O       O       20   22s     1.000
 37  O_21c_21c_A
                O       O       21c  21c     1.000
 38  O_21c_21s_A
                O       O       21c  21s     1.000
 39  O_21s_21s_A
                O       O       21s  21s     1.000
 40  O_22c_22c_A
                O       O       22c  22c     1.000
 41  O_22c_22s_A
                O       O       22c  22s     1.000
 42  O_22s_22s_A
                O       O       22s  22s     1.000
 43  H1_10_10_A
                H1      H1      10   10      1.000
 44  H1_11c_11c_A
                H1      H1      11c  11c     1.000
 45  H1_11c_11s_A
                H1      H1      11c  11s     1.000
 46  H1_11s_11s_A
                H1      H1      11s  11s     1.000
 47  N_10_10_A
                N       N       10   10      1.000
 48  N_10_21c_A
                N       N       10   21c     1.000
 49  N_10_21s_A
                N       N       10   21s     1.000
 50  N_11c_11c_A
                N       N       11c  11c     1.000
 51  N_11c_11s_A
                N       N       11c  11s     1.000
 52  N_11c_20_A
                N       N       11c  20      1.000
 53  N_11c_22c_A
                N       N       11c  22c     1.000
 54  N_11c_22s_A
                N       N       11c  22s     1.000
 55  N_11s_11s_A
                N       N       11s  11s     1.000
 56  N_11s_20_A
                N       N       11s  20      1.000
 57  N_11s_22c_A
                N       N       11s  22c     1.000
 58  N_11s_22s_A
                N       N       11s  22s     1.000
 59  N_20_20_A
                N       N       20   20      1.000
 60  N_20_22c_A
                N       N       20   22c     1.000
 61  N_20_22s_A
                N       N       20   22s     1.000
 62  N_21c_21c_A
                N       N       21c  21c     1.000
 63  N_21c_21s_A
                N       N       21c  21s     1.000
 64  N_21s_21s_A
                N       N       21s  21s     1.000
 65  N_22c_22c_A
                N       N       22c  22c     1.000
 66  N_22c_22s_A
                N       N       22c  22s     1.000
 67  N_22s_22s_A
                N       N       22s  22s     1.000
 68  H2_10_10_A
                H2      H2      10   10      1.000
 69  H2_11c_11c_A
                H2      H2      11c  11c     1.000
 70  H2_11c_11s_A
                H2      H2      11c  11s     1.000
 71  H2_11s_11s_A
                H2      H2      11s  11s     1.000
 72  H3_10_10_A
                H3      H3      10   10      1.000
 73  H3_11c_11c_A
                H3      H3      11c  11c     1.000
 74  H3_11c_11s_A
                H3      H3      11c  11s     1.000
 75  H3_11s_11s_A
                H3      H3      11s  11s     1.000
Reading penalties


Static polarizabilities

Response values:
Maximum          0.0000077590
Minimum         -0.0000041877
Range            0.0000119467
Min. magnitude   0.0000000000

Parameter values: 
  1            0.00333097     C_10_10_A
  2            0.00354590     C_10_21c_A
  3           -0.00225990     C_10_21s_A
  4            0.00392562     C_11c_11c_A
  5           -0.00047679     C_11c_11s_A
  6           -0.00165345     C_11c_20_A
  7            0.00246000     C_11c_22c_A
  8           -0.00403100     C_11c_22s_A
  9            0.00308991     C_11s_11s_A
 10            0.00155860     C_11s_20_A
 11            0.00023992     C_11s_22c_A
 12            0.00233287     C_11s_22s_A
 13            0.01436514     C_20_20_A
 14           -0.00064038     C_20_22c_A
 15           -0.00187616     C_20_22s_A
 16            0.01443778     C_21c_21c_A
 17            0.00103937     C_21c_21s_A
 18            0.01372308     C_21s_21s_A
 19            0.01805658     C_22c_22c_A
 20           -0.00015177     C_22c_22s_A
 21            0.01534638     C_22s_22s_A
 22            0.00351906     O_10_10_A
 23            0.00131399     O_10_21c_A
 24            0.00049763     O_10_21s_A
 25            0.00365310     O_11c_11c_A
 26            0.00042054     O_11c_11s_A
 27           -0.00083574     O_11c_20_A
 28            0.00128028     O_11c_22c_A
 29           -0.00015940     O_11c_22s_A
 30            0.00413240     O_11s_11s_A
 31            0.00023064     O_11s_20_A
 32           -0.00096455     O_11s_22c_A
 33            0.00030039     O_11s_22s_A
 34            0.01088006     O_20_20_A
 35           -0.00347940     O_20_22c_A
 36            0.00034702     O_20_22s_A
 37            0.01536248     O_21c_21c_A
 38           -0.00020937     O_21c_21s_A
 39            0.00938035     O_21s_21s_A
 40            0.01553910     O_22c_22c_A
 41           -0.00006284     O_22c_22s_A
 42            0.01699587     O_22s_22s_A
 43            0.00092708     H1_10_10_A
 44            0.00093651     H1_11c_11c_A
 45            0.00006580     H1_11c_11s_A
 46            0.00090552     H1_11s_11s_A
 47            0.00380381     N_10_10_A
 48           -0.00141871     N_10_21c_A
 49            0.00141060     N_10_21s_A
 50            0.00361842     N_11c_11c_A
 51           -0.00002539     N_11c_11s_A
 52            0.00091575     N_11c_20_A
 53           -0.00227345     N_11c_22c_A
 54            0.00074245     N_11c_22s_A
 55            0.00392714     N_11s_11s_A
 56           -0.00069501     N_11s_20_A
 57           -0.00014556     N_11s_22c_A
 58           -0.00017176     N_11s_22s_A
 59            0.02303490     N_20_20_A
 60           -0.00011946     N_20_22c_A
 61            0.00069278     N_20_22s_A
 62            0.02156380     N_21c_21c_A
 63            0.00046224     N_21c_21s_A
 64            0.02265893     N_21s_21s_A
 65            0.02045401     N_22c_22c_A
 66           -0.00019251     N_22c_22s_A
 67            0.02251587     N_22s_22s_A
 68            0.00040000     H2_10_10_A
 69            0.00035610     H2_11c_11c_A
 70            0.00006401     H2_11c_11s_A
 71            0.00053810     H2_11s_11s_A
 72            0.00068641     H3_10_10_A
 73            0.00056152     H3_11c_11c_A
 74           -0.00001810     H3_11c_11s_A
 75            0.00066301     H3_11s_11s_A
Residuals               per cent of range
Maximum      0.00000006       0.507
Minimum     -0.00000013      -1.129
R.m.s.       0.00000000       0.029
Sum of squared residuals =         0.00000

Parameter                Fitted      Anchor    Difference   Penalty
C_10_10_A                0.00333     0.00384    -0.00051    1.84403E-15
C_10_21c_A               0.00355     0.00514    -0.00159    0.00000E+00
C_10_21s_A              -0.00226     0.00101    -0.00327    0.00000E+00
C_11c_11c_A              0.00393     0.00498    -0.00105    7.74129E-15
C_11c_11s_A             -0.00048     0.00052    -0.00100    6.94067E-15
C_11c_20_A              -0.00165    -0.00287     0.00122    0.00000E+00
C_11c_22c_A              0.00246     0.00651    -0.00405    0.00000E+00
C_11c_22s_A             -0.00403    -0.00221    -0.00183    0.00000E+00
C_11s_11s_A              0.00309     0.00482    -0.00173    2.09266E-14
C_11s_20_A               0.00156    -0.00284     0.00440    0.00000E+00
C_11s_22c_A              0.00024     0.00396    -0.00372    0.00000E+00
C_11s_22s_A              0.00233     0.00417    -0.00184    0.00000E+00
C_20_20_A                0.01437     0.00974     0.00462    0.00000E+00
C_20_22c_A              -0.00064    -0.01276     0.01212    0.00000E+00
C_20_22s_A              -0.00188    -0.01088     0.00901    0.00000E+00
C_21c_21c_A              0.01444     0.03442    -0.01999    0.00000E+00
C_21c_21s_A              0.00104     0.00659    -0.00555    0.00000E+00
C_21s_21s_A              0.01372     0.01161     0.00212    0.00000E+00
C_22c_22c_A              0.01806     0.05784    -0.03978    0.00000E+00
C_22c_22s_A             -0.00015     0.01627    -0.01642    0.00000E+00
C_22s_22s_A              0.01535     0.05222    -0.03687    0.00000E+00
O_10_10_A                0.00352     0.00242     0.00110    8.44643E-15
O_10_21c_A               0.00131     0.00178    -0.00047    0.00000E+00
O_10_21s_A               0.00050    -0.00062     0.00112    0.00000E+00
O_11c_11c_A              0.00365     0.00203     0.00162    1.83409E-14
O_11c_11s_A              0.00042    -0.00050     0.00092    5.91186E-15
O_11c_20_A              -0.00084    -0.00323     0.00240    0.00000E+00
O_11c_22c_A              0.00128     0.00125     0.00003    0.00000E+00
O_11c_22s_A             -0.00016     0.00023    -0.00039    0.00000E+00
O_11s_11s_A              0.00413     0.00212     0.00201    2.81718E-14
O_11s_20_A               0.00023    -0.00025     0.00048    0.00000E+00
O_11s_22c_A             -0.00096     0.00179    -0.00276    0.00000E+00
O_11s_22s_A              0.00030     0.00063    -0.00033    0.00000E+00
O_20_20_A                0.01088     0.00688     0.00400    0.00000E+00
O_20_22c_A              -0.00348     0.00143    -0.00491    0.00000E+00
O_20_22s_A               0.00035     0.00059    -0.00024    0.00000E+00
O_21c_21c_A              0.01536     0.01555    -0.00018    0.00000E+00
O_21c_21s_A             -0.00021     0.00229    -0.00250    0.00000E+00
O_21s_21s_A              0.00938     0.00990    -0.00052    0.00000E+00
O_22c_22c_A              0.01554     0.01671    -0.00117    0.00000E+00
O_22c_22s_A             -0.00006     0.00125    -0.00131    0.00000E+00
O_22s_22s_A              0.01700     0.01448     0.00252    0.00000E+00
H1_10_10_A               0.00093     0.00107    -0.00014    1.39229E-16
H1_11c_11c_A             0.00094     0.00067     0.00026    4.83096E-16
H1_11c_11s_A             0.00007     0.00013    -0.00006    2.51927E-17
H1_11s_11s_A             0.00091     0.00141    -0.00051    1.80809E-15
N_10_10_A                0.00380     0.00251     0.00130    1.17645E-14
N_10_21c_A              -0.00142     0.00339    -0.00480    0.00000E+00
N_10_21s_A               0.00141     0.00215    -0.00074    0.00000E+00
N_11c_11c_A              0.00362     0.00322     0.00040    1.13281E-15
N_11c_11s_A             -0.00003    -0.00031     0.00029    5.84718E-16
N_11c_20_A               0.00092     0.00060     0.00031    0.00000E+00
N_11c_22c_A             -0.00227     0.00512    -0.00740    0.00000E+00
N_11c_22s_A              0.00074     0.00396    -0.00322    0.00000E+00
N_11s_11s_A              0.00393     0.00358     0.00035    8.54922E-16
N_11s_20_A              -0.00070     0.00160    -0.00229    0.00000E+00
N_11s_22c_A             -0.00015    -0.00387     0.00373    0.00000E+00
N_11s_22s_A             -0.00017     0.00326    -0.00343    0.00000E+00
N_20_20_A                0.02303     0.01714     0.00590    0.00000E+00
N_20_22c_A              -0.00012    -0.00360     0.00348    0.00000E+00
N_20_22s_A               0.00069    -0.00980     0.01049    0.00000E+00
N_21c_21c_A              0.02156     0.02625    -0.00468    0.00000E+00
N_21c_21s_A              0.00046     0.00522    -0.00476    0.00000E+00
N_21s_21s_A              0.02266     0.01821     0.00445    0.00000E+00
N_22c_22c_A              0.02045     0.04879    -0.02834    0.00000E+00
N_22c_22s_A             -0.00019    -0.01053     0.01034    0.00000E+00
N_22s_22s_A              0.02252     0.03712    -0.01461    0.00000E+00
H2_10_10_A               0.00040     0.00147    -0.00107    8.00713E-15
H2_11c_11c_A             0.00036     0.00056    -0.00020    2.91866E-16
H2_11c_11s_A             0.00006     0.00018    -0.00012    9.62945E-17
H2_11s_11s_A             0.00054     0.00124    -0.00070    3.43189E-15
H3_10_10_A               0.00069     0.00136    -0.00068    3.20591E-15
H3_11c_11c_A             0.00056     0.00083    -0.00027    5.01753E-16
H3_11c_11s_A            -0.00002    -0.00036     0.00034    7.96485E-16
H3_11s_11s_A             0.00066     0.00084    -0.00017    2.08856E-16

Sum of penalties =     1.31656E-13
WARNING: string truncated

Total molecular polarizability
      00          z           x           y           20          21c         21s         22c         22s
     0.00000     0.00000     0.00000     0.00000     0.00000     0.00000     0.00000     0.00000     0.00000
     0.00000     0.01267     0.00000     0.00000     0.00000     0.00300    -0.01717     0.00000     0.00000
     0.00000     0.00000     0.01319     0.00000    -0.00164     0.00000     0.00000     0.00276    -0.01762
     0.00000     0.00000     0.00000     0.01312     0.01022     0.00000     0.00000     0.01777     0.00288
     0.00000     0.00000    -0.00164     0.01022     0.11567     0.00000     0.00000    -0.02205    -0.05495
     0.00000     0.00300     0.00000     0.00000     0.00000     0.16616     0.04660     0.00000     0.00000
     0.00000    -0.01717     0.00000     0.00000     0.00000     0.04660     0.12860     0.00000     0.00000
     0.00000     0.00000     0.00276     0.01777    -0.02205     0.00000     0.00000     0.26000     0.00082
     0.00000     0.00000    -0.01762     0.00288    -0.05495     0.00000     0.00000     0.00082     0.25693
Mean polarizability       =   0.01299
Polarizability anisotropy =   0.00049
Finished
