Batch  1:   500 points

Sites
C             0.000000    0.000000    0.000000
*** Warning: type C was not defined

O             2.290632    0.000000    0.000000
*** Warning: type O was not defined

H1           -1.139082    1.772468    0.000000
*** Warning: type H1 was not defined

N            -1.459853   -2.102051    0.000000
*** Warning: type N was not defined

H2           -3.362090   -1.984186    0.000000
*** Warning: type H2 was not defined

H3           -0.627102   -3.821892    0.000000
*** Warning: type H3 was not defined


Polarizability parameters
                  Sites       Components  Coefficient
  1  C_10_10_A
                C       C       10   10      1.000
  2  C_10_21c_A
                C       C       10   21c     1.000
  3  C_10_21s_A
                C       C       10   21s     1.000
  4  C_11c_11c_A
                C       C       11c  11c     1.000
  5  C_11c_11s_A
                C       C       11c  11s     1.000
  6  C_11c_20_A
                C       C       11c  20      1.000
  7  C_11c_22c_A
                C       C       11c  22c     1.000
  8  C_11c_22s_A
                C       C       11c  22s     1.000
  9  C_11s_11s_A
                C       C       11s  11s     1.000
 10  C_11s_20_A
                C       C       11s  20      1.000
 11  C_11s_22c_A
                C       C       11s  22c     1.000
 12  C_11s_22s_A
                C       C       11s  22s     1.000
 13  C_20_20_A
                C       C       20   20      1.000
 14  C_20_22c_A
                C       C       20   22c     1.000
 15  C_20_22s_A
                C       C       20   22s     1.000
 16  C_21c_21c_A
                C       C       21c  21c     1.000
 17  C_21c_21s_A
                C       C       21c  21s     1.000
 18  C_21s_21s_A
                C       C       21s  21s     1.000
 19  C_22c_22c_A
                C       C       22c  22c     1.000
 20  C_22c_22s_A
                C       C       22c  22s     1.000
 21  C_22s_22s_A
                C       C       22s  22s     1.000
 22  O_10_10_A
                O       O       10   10      1.000
 23  O_10_21c_A
                O       O       10   21c     1.000
 24  O_10_21s_A
                O       O       10   21s     1.000
 25  O_11c_11c_A
                O       O       11c  11c     1.000
 26  O_11c_11s_A
                O       O       11c  11s     1.000
 27  O_11c_20_A
                O       O       11c  20      1.000
 28  O_11c_22c_A
                O       O       11c  22c     1.000
 29  O_11c_22s_A
                O       O       11c  22s     1.000
 30  O_11s_11s_A
                O       O       11s  11s     1.000
 31  O_11s_20_A
                O       O       11s  20      1.000
 32  O_11s_22c_A
                O       O       11s  22c     1.000
 33  O_11s_22s_A
                O       O       11s  22s     1.000
 34  O_20_20_A
                O       O       20   20      1.000
 35  O_20_22c_A
                O       O       20   22c     1.000
 36  O_20_22s_A
                O       O       20   22s     1.000
 37  O_21c_21c_A
                O       O       21c  21c     1.000
 38  O_21c_21s_A
                O       O       21c  21s     1.000
 39  O_21s_21s_A
                O       O       21s  21s     1.000
 40  O_22c_22c_A
                O       O       22c  22c     1.000
 41  O_22c_22s_A
                O       O       22c  22s     1.000
 42  O_22s_22s_A
                O       O       22s  22s     1.000
 43  H1_10_10_A
                H1      H1      10   10      1.000
 44  H1_11c_11c_A
                H1      H1      11c  11c     1.000
 45  H1_11c_11s_A
                H1      H1      11c  11s     1.000
 46  H1_11s_11s_A
                H1      H1      11s  11s     1.000
 47  N_10_10_A
                N       N       10   10      1.000
 48  N_10_21c_A
                N       N       10   21c     1.000
 49  N_10_21s_A
                N       N       10   21s     1.000
 50  N_11c_11c_A
                N       N       11c  11c     1.000
 51  N_11c_11s_A
                N       N       11c  11s     1.000
 52  N_11c_20_A
                N       N       11c  20      1.000
 53  N_11c_22c_A
                N       N       11c  22c     1.000
 54  N_11c_22s_A
                N       N       11c  22s     1.000
 55  N_11s_11s_A
                N       N       11s  11s     1.000
 56  N_11s_20_A
                N       N       11s  20      1.000
 57  N_11s_22c_A
                N       N       11s  22c     1.000
 58  N_11s_22s_A
                N       N       11s  22s     1.000
 59  N_20_20_A
                N       N       20   20      1.000
 60  N_20_22c_A
                N       N       20   22c     1.000
 61  N_20_22s_A
                N       N       20   22s     1.000
 62  N_21c_21c_A
                N       N       21c  21c     1.000
 63  N_21c_21s_A
                N       N       21c  21s     1.000
 64  N_21s_21s_A
                N       N       21s  21s     1.000
 65  N_22c_22c_A
                N       N       22c  22c     1.000
 66  N_22c_22s_A
                N       N       22c  22s     1.000
 67  N_22s_22s_A
                N       N       22s  22s     1.000
 68  H2_10_10_A
                H2      H2      10   10      1.000
 69  H2_11c_11c_A
                H2      H2      11c  11c     1.000
 70  H2_11c_11s_A
                H2      H2      11c  11s     1.000
 71  H2_11s_11s_A
                H2      H2      11s  11s     1.000
 72  H3_10_10_A
                H3      H3      10   10      1.000
 73  H3_11c_11c_A
                H3      H3      11c  11c     1.000
 74  H3_11c_11s_A
                H3      H3      11c  11s     1.000
 75  H3_11s_11s_A
                H3      H3      11s  11s     1.000
Reading penalties


Static polarizabilities

Response values:
Maximum          0.0170789513
Minimum         -0.0090614979
Range            0.0261404492
Min. magnitude   0.0000000344

Parameter values: 
  1            5.08215445     C_10_10_A
  2            3.25668957     C_10_21c_A
  3           -7.32810540     C_10_21s_A
  4           11.65335372     C_11c_11c_A
  5            1.84219695     C_11c_11s_A
  6           -4.17987517     C_11c_20_A
  7           26.22594765     C_11c_22c_A
  8           -8.80845050     C_11c_22s_A
  9            9.56501005     C_11s_11s_A
 10           -0.28421170     C_11s_20_A
 11            6.96884239     C_11s_22c_A
 12          -12.15642158     C_11s_22s_A
 13            4.88041866     C_20_20_A
 14            7.45874086     C_20_22c_A
 15            6.07729304     C_20_22s_A
 16           55.09108975     C_21c_21c_A
 17            6.30361379     C_21c_21s_A
 18           51.14884340     C_21s_21s_A
 19           41.57068503     C_22c_22c_A
 20           -0.21474051     C_22c_22s_A
 21           50.51083018     C_22s_22s_A
 22            4.08210160     O_10_10_A
 23            1.82876864     O_10_21c_A
 24            2.38045206     O_10_21s_A
 25            6.31721113     O_11c_11c_A
 26            0.01298752     O_11c_11s_A
 27           -1.73701556     O_11c_20_A
 28           -0.89001015     O_11c_22c_A
 29            0.68600277     O_11c_22s_A
 30            4.43686298     O_11s_11s_A
 31           -0.06937915     O_11s_20_A
 32            0.65015300     O_11s_22c_A
 33            5.63528977     O_11s_22s_A
 34           13.19052969     O_20_20_A
 35            2.29265776     O_20_22c_A
 36            0.99085620     O_20_22s_A
 37           31.98077489     O_21c_21c_A
 38           -3.95005183     O_21c_21s_A
 39           15.67878228     O_21s_21s_A
 40           25.76780562     O_22c_22c_A
 41          -10.85391021     O_22c_22s_A
 42            8.93805995     O_22s_22s_A
 43            2.12722778     H1_10_10_A
 44            3.23831522     H1_11c_11c_A
 45            0.58492602     H1_11c_11s_A
 46            3.04379303     H1_11s_11s_A
 47            5.42812982     N_10_10_A
 48           -2.31722945     N_10_21c_A
 49            3.15168322     N_10_21s_A
 50            8.43685689     N_11c_11c_A
 51            1.36978817     N_11c_11s_A
 52            0.55843871     N_11c_20_A
 53           -7.61950019     N_11c_22c_A
 54            8.61143467     N_11c_22s_A
 55            8.73212193     N_11s_11s_A
 56           -2.93910347     N_11s_20_A
 57           -0.60680323     N_11s_22c_A
 58           10.53811087     N_11s_22s_A
 59           31.31159471     N_20_20_A
 60           -0.83729383     N_20_22c_A
 61            5.32622133     N_20_22s_A
 62           40.08298087     N_21c_21c_A
 63            8.48184759     N_21c_21s_A
 64           52.28454154     N_21s_21s_A
 65           42.57423263     N_22c_22c_A
 66          -12.59030867     N_22c_22s_A
 67           23.13881150     N_22s_22s_A
 68            1.24295683     H2_10_10_A
 69            1.41837217     H2_11c_11c_A
 70            0.46700535     H2_11c_11s_A
 71            1.91469729     H2_11s_11s_A
 72            1.46879975     H3_10_10_A
 73            1.99819434     H3_11c_11c_A
 74           -0.29292801     H3_11c_11s_A
 75            1.66412973     H3_11s_11s_A
Residuals               per cent of range
Maximum      0.00035439       1.356
Minimum     -0.00037513      -1.435
R.m.s.       0.00001533       0.059
Sum of squared residuals =         0.00003

Parameter                Fitted      Anchor    Difference   Penalty
C_10_10_A                5.08215     4.94360     0.13856    1.91979E-07
C_10_21c_A               3.25669     2.81892     0.43777    0.00000E+00
C_10_21s_A              -7.32811     0.00911    -7.33721    0.00000E+00
C_11c_11c_A             11.65335    11.59447     0.05888    3.46682E-08
C_11c_11s_A              1.84220     1.87129    -0.02910    8.46685E-09
C_11c_20_A              -4.17988    -4.19852     0.01865    0.00000E+00
C_11c_22c_A             26.22595    25.83188     0.39407    0.00000E+00
C_11c_22s_A             -8.80845    -5.65394    -3.15451    0.00000E+00
C_11s_11s_A              9.56501     9.55264     0.01237    1.53003E-09
C_11s_20_A              -0.28421    -2.25483     1.97062    0.00000E+00
C_11s_22c_A              6.96884     7.94083    -0.97198    0.00000E+00
C_11s_22s_A            -12.15642    -8.29531    -3.86111    0.00000E+00
C_20_20_A                4.88042     0.40538     4.47503    0.00000E+00
C_20_22c_A               7.45874    -2.58719    10.04593    0.00000E+00
C_20_22s_A               6.07729     9.35148    -3.27419    0.00000E+00
C_21c_21c_A             55.09109    68.34255   -13.25146    0.00000E+00
C_21c_21s_A              6.30361    10.45997    -4.15635    0.00000E+00
C_21s_21s_A             51.14884    32.10606    19.04278    0.00000E+00
C_22c_22c_A             41.57069    96.87458   -55.30390    0.00000E+00
C_22c_22s_A             -0.21474    -8.82778     8.61304    0.00000E+00
C_22s_22s_A             50.51083    72.72680   -22.21597    0.00000E+00
O_10_10_A                4.08210     3.98412     0.09798    9.59967E-08
O_10_21c_A               1.82877     1.44463     0.38414    0.00000E+00
O_10_21s_A               2.38045    -0.89944     3.27989    0.00000E+00
O_11c_11c_A              6.31721     6.25333     0.06388    4.08113E-08
O_11c_11s_A              0.01299     0.03610    -0.02311    5.33978E-09
O_11c_20_A              -1.73702    -1.39742    -0.33959    0.00000E+00
O_11c_22c_A             -0.89001    -3.71149     2.82148    0.00000E+00
O_11c_22s_A              0.68600    -1.47868     2.16468    0.00000E+00
O_11s_11s_A              4.43686     4.38519     0.05167    2.66965E-08
O_11s_20_A              -0.06938     0.80019    -0.86957    0.00000E+00
O_11s_22c_A              0.65015     0.27034     0.37981    0.00000E+00
O_11s_22s_A              5.63529     0.98572     4.64957    0.00000E+00
O_20_20_A               13.19053    13.75668    -0.56616    0.00000E+00
O_20_22c_A               2.29266     5.47755    -3.18490    0.00000E+00
O_20_22s_A               0.99086    -3.69538     4.68623    0.00000E+00
O_21c_21c_A             31.98077    26.27930     5.70147    0.00000E+00
O_21c_21s_A             -3.95005     3.24662    -7.19668    0.00000E+00
O_21s_21s_A             15.67878    24.60271    -8.92393    0.00000E+00
O_22c_22c_A             25.76781    28.11898    -2.35118    0.00000E+00
O_22c_22s_A            -10.85391     5.14731   -16.00122    0.00000E+00
O_22s_22s_A              8.93806    26.17610   -17.23804    0.00000E+00
H1_10_10_A               2.12723     2.04308     0.08415    7.08088E-08
H1_11c_11c_A             3.23832     3.02419     0.21413    4.58498E-07
H1_11c_11s_A             0.58493     0.53200     0.05292    2.80085E-08
H1_11s_11s_A             3.04379     3.07729    -0.03350    1.12226E-08
N_10_10_A                5.42813     5.30814     0.11999    1.43971E-07
N_10_21c_A              -2.31723    -0.83651    -1.48072    0.00000E+00
N_10_21s_A               3.15168     0.47299     2.67870    0.00000E+00
N_11c_11c_A              8.43686     8.37337     0.06349    4.03104E-08
N_11c_11s_A              1.36979     1.34348     0.02631    6.92067E-09
N_11c_20_A               0.55844    -0.12900     0.68744    0.00000E+00
N_11c_22c_A             -7.61950    -0.50325    -7.11626    0.00000E+00
N_11c_22s_A              8.61143     9.56553    -0.95410    0.00000E+00
N_11s_11s_A              8.73212     8.72851     0.00362    1.30713E-10
N_11s_20_A              -2.93910    -1.37813    -1.56097    0.00000E+00
N_11s_22c_A             -0.60680    -3.50512     2.89831    0.00000E+00
N_11s_22s_A             10.53811     9.71819     0.81992    0.00000E+00
N_20_20_A               31.31159    33.70101    -2.38942    0.00000E+00
N_20_22c_A              -0.83729    -6.59411     5.75681    0.00000E+00
N_20_22s_A               5.32622    -3.11716     8.44338    0.00000E+00
N_21c_21c_A             40.08298    41.72515    -1.64217    0.00000E+00
N_21c_21s_A              8.48185     7.45179     1.03006    0.00000E+00
N_21s_21s_A             52.28454    43.97372     8.31082    0.00000E+00
N_22c_22c_A             42.57423    49.08349    -6.50925    0.00000E+00
N_22c_22s_A            -12.59031     3.06710   -15.65741    0.00000E+00
N_22s_22s_A             23.13881    41.81973   -18.68092    0.00000E+00
H2_10_10_A               1.24296     1.49648    -0.25352    6.42742E-07
H2_11c_11c_A             1.41837     1.60756    -0.18919    3.57930E-07
H2_11c_11s_A             0.46701     0.50184    -0.03483    1.21327E-08
H2_11s_11s_A             1.91470     2.06571    -0.15102    2.28062E-07
H3_10_10_A               1.46880     1.75310    -0.28430    8.08246E-07
H3_11c_11c_A             1.99819     2.22123    -0.22303    4.97441E-07
H3_11c_11s_A            -0.29293    -0.41281     0.11988    1.43723E-07
H3_11s_11s_A             1.66413     1.68006    -0.01593    2.53684E-09

Sum of penalties =     3.85817E-06
Polarizability array for site C is not positive definite
Negative eigenvalues and corresponding eigenvectors:
   -8.610728
  0.0000  0.0000  0.7308  0.1799  0.4475  0.0000  0.0000 -0.4730  0.0982
Polarizability array for site O is not positive definite
Negative eigenvalues and corresponding eigenvectors:
   -1.531609
  0.0000  0.0000  0.0468  0.6696  0.0994  0.0000  0.0000 -0.2909 -0.6745
WARNING: string truncated

Total molecular polarizability
      00          z           x           y           20          21c         21s         22c         22s
     0.00000     0.00000     0.00000     0.00000     0.00000     0.00000     0.00000     0.00000     0.00000
     0.00000    19.43137     0.00000     0.00000     0.00000    -7.53895   -28.85206     0.00000     0.00000
     0.00000     0.00000    33.69017     3.08118     6.17004     0.00000     0.00000    10.19133   -41.33642
     0.00000     0.00000     3.08118    28.72875    23.14440     0.00000     0.00000    44.36443   -24.27554
     0.00000     0.00000     6.17004    23.14440   212.61173     0.00000     0.00000    -4.84445   -88.43559
     0.00000    -7.53895     0.00000     0.00000     0.00000   304.62300    92.76313     0.00000     0.00000
     0.00000   -28.85206     0.00000     0.00000     0.00000    92.76313   264.57174     0.00000     0.00000
     0.00000     0.00000    10.19133    44.36443    -4.84445     0.00000     0.00000   551.54562    12.86352
     0.00000     0.00000   -41.33642   -24.27554   -88.43559     0.00000     0.00000    12.86352   502.49699
Mean polarizability       =  27.28343
Polarizability anisotropy =  13.62594
Finished
