Batch  1:   500 points

Sites
C             0.000000    0.000000    0.000000
*** Warning: type C was not defined

O             2.290632    0.000000    0.000000
*** Warning: type O was not defined

H1           -1.139082    1.772468    0.000000
*** Warning: type H1 was not defined

N            -1.459853   -2.102051    0.000000
*** Warning: type N was not defined

H2           -3.362090   -1.984186    0.000000
*** Warning: type H2 was not defined

H3           -0.627102   -3.821892    0.000000
*** Warning: type H3 was not defined


Polarizability parameters
                  Sites       Components  Coefficient
  1  C_10_10_A
                C       C       10   10      1.000
  2  C_10_21c_A
                C       C       10   21c     1.000
  3  C_10_21s_A
                C       C       10   21s     1.000
  4  C_11c_11c_A
                C       C       11c  11c     1.000
  5  C_11c_11s_A
                C       C       11c  11s     1.000
  6  C_11c_20_A
                C       C       11c  20      1.000
  7  C_11c_22c_A
                C       C       11c  22c     1.000
  8  C_11c_22s_A
                C       C       11c  22s     1.000
  9  C_11s_11s_A
                C       C       11s  11s     1.000
 10  C_11s_20_A
                C       C       11s  20      1.000
 11  C_11s_22c_A
                C       C       11s  22c     1.000
 12  C_11s_22s_A
                C       C       11s  22s     1.000
 13  C_20_20_A
                C       C       20   20      1.000
 14  C_20_22c_A
                C       C       20   22c     1.000
 15  C_20_22s_A
                C       C       20   22s     1.000
 16  C_21c_21c_A
                C       C       21c  21c     1.000
 17  C_21c_21s_A
                C       C       21c  21s     1.000
 18  C_21s_21s_A
                C       C       21s  21s     1.000
 19  C_22c_22c_A
                C       C       22c  22c     1.000
 20  C_22c_22s_A
                C       C       22c  22s     1.000
 21  C_22s_22s_A
                C       C       22s  22s     1.000
 22  O_10_10_A
                O       O       10   10      1.000
 23  O_10_21c_A
                O       O       10   21c     1.000
 24  O_10_21s_A
                O       O       10   21s     1.000
 25  O_11c_11c_A
                O       O       11c  11c     1.000
 26  O_11c_11s_A
                O       O       11c  11s     1.000
 27  O_11c_20_A
                O       O       11c  20      1.000
 28  O_11c_22c_A
                O       O       11c  22c     1.000
 29  O_11c_22s_A
                O       O       11c  22s     1.000
 30  O_11s_11s_A
                O       O       11s  11s     1.000
 31  O_11s_20_A
                O       O       11s  20      1.000
 32  O_11s_22c_A
                O       O       11s  22c     1.000
 33  O_11s_22s_A
                O       O       11s  22s     1.000
 34  O_20_20_A
                O       O       20   20      1.000
 35  O_20_22c_A
                O       O       20   22c     1.000
 36  O_20_22s_A
                O       O       20   22s     1.000
 37  O_21c_21c_A
                O       O       21c  21c     1.000
 38  O_21c_21s_A
                O       O       21c  21s     1.000
 39  O_21s_21s_A
                O       O       21s  21s     1.000
 40  O_22c_22c_A
                O       O       22c  22c     1.000
 41  O_22c_22s_A
                O       O       22c  22s     1.000
 42  O_22s_22s_A
                O       O       22s  22s     1.000
 43  H1_10_10_A
                H1      H1      10   10      1.000
 44  H1_11c_11c_A
                H1      H1      11c  11c     1.000
 45  H1_11c_11s_A
                H1      H1      11c  11s     1.000
 46  H1_11s_11s_A
                H1      H1      11s  11s     1.000
 47  N_10_10_A
                N       N       10   10      1.000
 48  N_10_21c_A
                N       N       10   21c     1.000
 49  N_10_21s_A
                N       N       10   21s     1.000
 50  N_11c_11c_A
                N       N       11c  11c     1.000
 51  N_11c_11s_A
                N       N       11c  11s     1.000
 52  N_11c_20_A
                N       N       11c  20      1.000
 53  N_11c_22c_A
                N       N       11c  22c     1.000
 54  N_11c_22s_A
                N       N       11c  22s     1.000
 55  N_11s_11s_A
                N       N       11s  11s     1.000
 56  N_11s_20_A
                N       N       11s  20      1.000
 57  N_11s_22c_A
                N       N       11s  22c     1.000
 58  N_11s_22s_A
                N       N       11s  22s     1.000
 59  N_20_20_A
                N       N       20   20      1.000
 60  N_20_22c_A
                N       N       20   22c     1.000
 61  N_20_22s_A
                N       N       20   22s     1.000
 62  N_21c_21c_A
                N       N       21c  21c     1.000
 63  N_21c_21s_A
                N       N       21c  21s     1.000
 64  N_21s_21s_A
                N       N       21s  21s     1.000
 65  N_22c_22c_A
                N       N       22c  22c     1.000
 66  N_22c_22s_A
                N       N       22c  22s     1.000
 67  N_22s_22s_A
                N       N       22s  22s     1.000
 68  H2_10_10_A
                H2      H2      10   10      1.000
 69  H2_11c_11c_A
                H2      H2      11c  11c     1.000
 70  H2_11c_11s_A
                H2      H2      11c  11s     1.000
 71  H2_11s_11s_A
                H2      H2      11s  11s     1.000
 72  H3_10_10_A
                H3      H3      10   10      1.000
 73  H3_11c_11c_A
                H3      H3      11c  11c     1.000
 74  H3_11c_11s_A
                H3      H3      11c  11s     1.000
 75  H3_11s_11s_A
                H3      H3      11s  11s     1.000
Reading penalties


Static polarizabilities

Response values:
Maximum          0.0002101138
Minimum         -0.0001118541
Range            0.0003219679
Min. magnitude   0.0000000002

Parameter values: 
  1            0.11254992     C_10_10_A
  2            0.11437350     C_10_21c_A
  3           -0.10653548     C_10_21s_A
  4            0.13386483     C_11c_11c_A
  5            0.01041011     C_11c_11s_A
  6           -0.09116271     C_11c_20_A
  7            0.16148249     C_11c_22c_A
  8           -0.08747944     C_11c_22s_A
  9            0.12629499     C_11s_11s_A
 10            0.01730713     C_11s_20_A
 11            0.07969692     C_11s_22c_A
 12            0.13597097     C_11s_22s_A
 13            0.43701647     C_20_20_A
 14           -0.05406634     C_20_22c_A
 15           -0.10002956     C_20_22s_A
 16            0.48348361     C_21c_21c_A
 17            0.06205423     C_21c_21s_A
 18            0.42727611     C_21s_21s_A
 19            0.70484318     C_22c_22c_A
 20            0.06149481     C_22c_22s_A
 21            0.65831863     C_22s_22s_A
 22            0.07964962     O_10_10_A
 23            0.05826204     O_10_21c_A
 24            0.02241152     O_10_21s_A
 25            0.06763863     O_11c_11c_A
 26           -0.00902153     O_11c_11s_A
 27           -0.05167776     O_11c_20_A
 28            0.07865655     O_11c_22c_A
 29            0.03185352     O_11c_22s_A
 30            0.06917770     O_11s_11s_A
 31           -0.01766989     O_11s_20_A
 32            0.00119562     O_11s_22c_A
 33            0.07931028     O_11s_22s_A
 34            0.28235796     O_20_20_A
 35           -0.06997469     O_20_22c_A
 36            0.04116735     O_20_22s_A
 37            0.41486659     O_21c_21c_A
 38           -0.02844411     O_21c_21s_A
 39            0.26717240     O_21s_21s_A
 40            0.36966067     O_22c_22c_A
 41           -0.03522652     O_22c_22s_A
 42            0.37930186     O_22s_22s_A
 43            0.02898510     H1_10_10_A
 44            0.02756678     H1_11c_11c_A
 45            0.00277554     H1_11c_11s_A
 46            0.02686888     H1_11s_11s_A
 47            0.08425726     N_10_10_A
 48           -0.04724303     N_10_21c_A
 49            0.02425856     N_10_21s_A
 50            0.09220393     N_11c_11c_A
 51           -0.00295500     N_11c_11s_A
 52            0.04559745     N_11c_20_A
 53           -0.09529531     N_11c_22c_A
 54            0.02864354     N_11c_22s_A
 55            0.09916137     N_11s_11s_A
 56           -0.00190742     N_11s_20_A
 57           -0.01664018     N_11s_22c_A
 58           -0.00487986     N_11s_22s_A
 59            0.61091548     N_20_20_A
 60            0.00950413     N_20_22c_A
 61            0.04714095     N_20_22s_A
 62            0.55597516     N_21c_21c_A
 63           -0.00023062     N_21c_21s_A
 64            0.60964274     N_21s_21s_A
 65            0.60583334     N_22c_22c_A
 66           -0.02785383     N_22c_22s_A
 67            0.63783499     N_22s_22s_A
 68            0.01487658     H2_10_10_A
 69            0.00894621     H2_11c_11c_A
 70            0.00135977     H2_11c_11s_A
 71            0.01612430     H2_11s_11s_A
 72            0.02150970     H3_10_10_A
 73            0.01686998     H3_11c_11c_A
 74           -0.00169828     H3_11c_11s_A
 75            0.02275904     H3_11s_11s_A
Residuals               per cent of range
Maximum      0.00000200       0.623
Minimum     -0.00000378      -1.173
R.m.s.       0.00000011       0.034
Sum of squared residuals =         0.00000

Parameter                Fitted      Anchor    Difference   Penalty
C_10_10_A                0.11255     0.10227     0.01028    2.16542E-11
C_10_21c_A               0.11437     0.12646    -0.01209    0.00000E+00
C_10_21s_A              -0.10654     0.02173    -0.12827    0.00000E+00
C_11c_11c_A              0.13386     0.13113     0.00274    1.53648E-12
C_11c_11s_A              0.01041     0.01288    -0.00247    1.24979E-12
C_11c_20_A              -0.09116    -0.07804    -0.01312    0.00000E+00
C_11c_22c_A              0.16148     0.18698    -0.02550    0.00000E+00
C_11c_22s_A             -0.08748    -0.06237    -0.02511    0.00000E+00
C_11s_11s_A              0.12629     0.12677    -0.00048    4.64213E-14
C_11s_20_A               0.01731    -0.07174     0.08905    0.00000E+00
C_11s_22c_A              0.07970     0.09347    -0.01377    0.00000E+00
C_11s_22s_A              0.13597     0.09272     0.04325    0.00000E+00
C_20_20_A                0.43702     0.30270     0.13431    0.00000E+00
C_20_22c_A              -0.05407    -0.32096     0.26690    0.00000E+00
C_20_22s_A              -0.10003    -0.24082     0.14079    0.00000E+00
C_21c_21c_A              0.48348     0.92677    -0.44329    0.00000E+00
C_21c_21s_A              0.06205     0.16034    -0.09828    0.00000E+00
C_21s_21s_A              0.42728     0.34267     0.08460    0.00000E+00
C_22c_22c_A              0.70484     1.51994    -0.81509    0.00000E+00
C_22c_22s_A              0.06149     0.37251    -0.31102    0.00000E+00
C_22s_22s_A              0.65832     1.38034    -0.72202    0.00000E+00
O_10_10_A                0.07965     0.06679     0.01286    3.38985E-11
O_10_21c_A               0.05826     0.04646     0.01181    0.00000E+00
O_10_21s_A               0.02241    -0.01677     0.03918    0.00000E+00
O_11c_11c_A              0.06764     0.05647     0.01117    2.55781E-11
O_11c_11s_A             -0.00902    -0.01139     0.00237    1.15345E-12
O_11c_20_A              -0.05168    -0.08098     0.02930    0.00000E+00
O_11c_22c_A              0.07866     0.02981     0.04885    0.00000E+00
O_11c_22s_A              0.03185     0.00336     0.02849    0.00000E+00
O_11s_11s_A              0.06918     0.05857     0.01061    2.30896E-11
O_11s_20_A              -0.01767    -0.00509    -0.01258    0.00000E+00
O_11s_22c_A              0.00120     0.03710    -0.03591    0.00000E+00
O_11s_22s_A              0.07931     0.02416     0.05515    0.00000E+00
O_20_20_A                0.28236     0.21160     0.07075    0.00000E+00
O_20_22c_A              -0.06997     0.00225    -0.07223    0.00000E+00
O_20_22s_A               0.04117     0.00696     0.03420    0.00000E+00
O_21c_21c_A              0.41487     0.42785    -0.01298    0.00000E+00
O_21c_21s_A             -0.02844     0.06735    -0.09580    0.00000E+00
O_21s_21s_A              0.26717     0.28293    -0.01576    0.00000E+00
O_22c_22c_A              0.36966     0.47363    -0.10397    0.00000E+00
O_22c_22s_A             -0.03523     0.05026    -0.08548    0.00000E+00
O_22s_22s_A              0.37930     0.38715    -0.00784    0.00000E+00
H1_10_10_A               0.02899     0.02966    -0.00068    9.35450E-14
H1_11c_11c_A             0.02757     0.01928     0.00829    1.40890E-11
H1_11c_11s_A             0.00278     0.00378    -0.00101    2.07793E-13
H1_11s_11s_A             0.02687     0.03718    -0.01031    2.17927E-11
N_10_10_A                0.08426     0.06885     0.01541    4.87078E-11
N_10_21c_A              -0.04724     0.08001    -0.12725    0.00000E+00
N_10_21s_A               0.02426     0.05037    -0.02611    0.00000E+00
N_11c_11c_A              0.09220     0.08837     0.00384    3.02180E-12
N_11c_11s_A             -0.00295    -0.00685     0.00389    3.10959E-12
N_11c_20_A               0.04560     0.02498     0.02062    0.00000E+00
N_11c_22c_A             -0.09530     0.11155    -0.20685    0.00000E+00
N_11c_22s_A              0.02864     0.09872    -0.07007    0.00000E+00
N_11s_11s_A              0.09916     0.09806     0.00111    2.50452E-13
N_11s_20_A              -0.00191     0.04082    -0.04272    0.00000E+00
N_11s_22c_A             -0.01664    -0.09204     0.07540    0.00000E+00
N_11s_22s_A             -0.00488     0.08967    -0.09455    0.00000E+00
N_20_20_A                0.61092     0.48136     0.12956    0.00000E+00
N_20_22c_A               0.00950    -0.05455     0.06405    0.00000E+00
N_20_22s_A               0.04714    -0.25803     0.30517    0.00000E+00
N_21c_21c_A              0.55598     0.70683    -0.15086    0.00000E+00
N_21c_21s_A             -0.00023     0.14089    -0.14112    0.00000E+00
N_21s_21s_A              0.60964     0.52250     0.08715    0.00000E+00
N_22c_22c_A              0.60583     1.21356    -0.60773    0.00000E+00
N_22c_22s_A             -0.02785    -0.28068     0.25282    0.00000E+00
N_22s_22s_A              0.63783     0.98305    -0.34522    0.00000E+00
H2_10_10_A               0.01488     0.03831    -0.02344    1.12636E-10
H2_11c_11c_A             0.00895     0.01512    -0.00618    7.82728E-12
H2_11c_11s_A             0.00136     0.00515    -0.00379    2.95042E-12
H2_11s_11s_A             0.01612     0.03243    -0.01631    5.45555E-11
H3_10_10_A               0.02151     0.03620    -0.01469    4.42814E-11
H3_11c_11c_A             0.01687     0.02331    -0.00644    8.49342E-12
H3_11c_11s_A            -0.00170    -0.00965     0.00795    1.29658E-11
H3_11s_11s_A             0.02276     0.02063     0.00213    9.29757E-13

Sum of penalties =     4.44119E-10
WARNING: string truncated

Total molecular polarizability
      00          z           x           y           20          21c         21s         22c         22s
     0.00000     0.00000     0.00000     0.00000     0.00000     0.00000     0.00000     0.00000     0.00000
     0.00000     0.34183     0.00000     0.00000     0.00000     0.06321    -0.46755     0.00000     0.00000
     0.00000     0.00000     0.35500     0.00059    -0.03365     0.00000     0.00000     0.05941    -0.47831
     0.00000     0.00000     0.00059     0.35247     0.27707     0.00000     0.00000     0.48336     0.06218
     0.00000     0.00000    -0.03365     0.27707     3.22299     0.00000     0.00000    -0.56817    -1.49792
     0.00000     0.06321     0.00000     0.00000     0.00000     4.58069     1.27310     0.00000     0.00000
     0.00000    -0.46755     0.00000     0.00000     0.00000     1.27310     3.60923     0.00000     0.00000
     0.00000     0.00000     0.05941     0.48336    -0.56817     0.00000     0.00000     7.19383     0.04080
     0.00000     0.00000    -0.47831     0.06218    -1.49792     0.00000     0.00000     0.04080     7.08538
Mean polarizability       =   0.34977
Polarizability anisotropy =   0.01215
Finished
