Batch  1:   500 points

Sites
C             0.000000    0.000000    0.000000
*** Warning: type C was not defined

O             2.290632    0.000000    0.000000
*** Warning: type O was not defined

H1           -1.139082    1.772468    0.000000
*** Warning: type H1 was not defined

N            -1.459853   -2.102051    0.000000
*** Warning: type N was not defined

H2           -3.362090   -1.984186    0.000000
*** Warning: type H2 was not defined

H3           -0.627102   -3.821892    0.000000
*** Warning: type H3 was not defined


Polarizability parameters
                  Sites       Components  Coefficient
  1  C_10_10_A
                C       C       10   10      1.000
  2  C_10_21c_A
                C       C       10   21c     1.000
  3  C_10_21s_A
                C       C       10   21s     1.000
  4  C_11c_11c_A
                C       C       11c  11c     1.000
  5  C_11c_11s_A
                C       C       11c  11s     1.000
  6  C_11c_20_A
                C       C       11c  20      1.000
  7  C_11c_22c_A
                C       C       11c  22c     1.000
  8  C_11c_22s_A
                C       C       11c  22s     1.000
  9  C_11s_11s_A
                C       C       11s  11s     1.000
 10  C_11s_20_A
                C       C       11s  20      1.000
 11  C_11s_22c_A
                C       C       11s  22c     1.000
 12  C_11s_22s_A
                C       C       11s  22s     1.000
 13  C_20_20_A
                C       C       20   20      1.000
 14  C_20_22c_A
                C       C       20   22c     1.000
 15  C_20_22s_A
                C       C       20   22s     1.000
 16  C_21c_21c_A
                C       C       21c  21c     1.000
 17  C_21c_21s_A
                C       C       21c  21s     1.000
 18  C_21s_21s_A
                C       C       21s  21s     1.000
 19  C_22c_22c_A
                C       C       22c  22c     1.000
 20  C_22c_22s_A
                C       C       22c  22s     1.000
 21  C_22s_22s_A
                C       C       22s  22s     1.000
 22  O_10_10_A
                O       O       10   10      1.000
 23  O_10_21c_A
                O       O       10   21c     1.000
 24  O_10_21s_A
                O       O       10   21s     1.000
 25  O_11c_11c_A
                O       O       11c  11c     1.000
 26  O_11c_11s_A
                O       O       11c  11s     1.000
 27  O_11c_20_A
                O       O       11c  20      1.000
 28  O_11c_22c_A
                O       O       11c  22c     1.000
 29  O_11c_22s_A
                O       O       11c  22s     1.000
 30  O_11s_11s_A
                O       O       11s  11s     1.000
 31  O_11s_20_A
                O       O       11s  20      1.000
 32  O_11s_22c_A
                O       O       11s  22c     1.000
 33  O_11s_22s_A
                O       O       11s  22s     1.000
 34  O_20_20_A
                O       O       20   20      1.000
 35  O_20_22c_A
                O       O       20   22c     1.000
 36  O_20_22s_A
                O       O       20   22s     1.000
 37  O_21c_21c_A
                O       O       21c  21c     1.000
 38  O_21c_21s_A
                O       O       21c  21s     1.000
 39  O_21s_21s_A
                O       O       21s  21s     1.000
 40  O_22c_22c_A
                O       O       22c  22c     1.000
 41  O_22c_22s_A
                O       O       22c  22s     1.000
 42  O_22s_22s_A
                O       O       22s  22s     1.000
 43  H1_10_10_A
                H1      H1      10   10      1.000
 44  H1_11c_11c_A
                H1      H1      11c  11c     1.000
 45  H1_11c_11s_A
                H1      H1      11c  11s     1.000
 46  H1_11s_11s_A
                H1      H1      11s  11s     1.000
 47  N_10_10_A
                N       N       10   10      1.000
 48  N_10_21c_A
                N       N       10   21c     1.000
 49  N_10_21s_A
                N       N       10   21s     1.000
 50  N_11c_11c_A
                N       N       11c  11c     1.000
 51  N_11c_11s_A
                N       N       11c  11s     1.000
 52  N_11c_20_A
                N       N       11c  20      1.000
 53  N_11c_22c_A
                N       N       11c  22c     1.000
 54  N_11c_22s_A
                N       N       11c  22s     1.000
 55  N_11s_11s_A
                N       N       11s  11s     1.000
 56  N_11s_20_A
                N       N       11s  20      1.000
 57  N_11s_22c_A
                N       N       11s  22c     1.000
 58  N_11s_22s_A
                N       N       11s  22s     1.000
 59  N_20_20_A
                N       N       20   20      1.000
 60  N_20_22c_A
                N       N       20   22c     1.000
 61  N_20_22s_A
                N       N       20   22s     1.000
 62  N_21c_21c_A
                N       N       21c  21c     1.000
 63  N_21c_21s_A
                N       N       21c  21s     1.000
 64  N_21s_21s_A
                N       N       21s  21s     1.000
 65  N_22c_22c_A
                N       N       22c  22c     1.000
 66  N_22c_22s_A
                N       N       22c  22s     1.000
 67  N_22s_22s_A
                N       N       22s  22s     1.000
 68  H2_10_10_A
                H2      H2      10   10      1.000
 69  H2_11c_11c_A
                H2      H2      11c  11c     1.000
 70  H2_11c_11s_A
                H2      H2      11c  11s     1.000
 71  H2_11s_11s_A
                H2      H2      11s  11s     1.000
 72  H3_10_10_A
                H3      H3      10   10      1.000
 73  H3_11c_11c_A
                H3      H3      11c  11c     1.000
 74  H3_11c_11s_A
                H3      H3      11c  11s     1.000
 75  H3_11s_11s_A
                H3      H3      11s  11s     1.000
Reading penalties


Static polarizabilities

Response values:
Maximum          0.0144667510
Minimum         -0.0078004356
Range            0.0222671866
Min. magnitude   0.0000000056

Parameter values: 
  1            4.55286547     C_10_10_A
  2            3.50572651     C_10_21c_A
  3           -6.18303387     C_10_21s_A
  4            9.74440117     C_11c_11c_A
  5            1.35382186     C_11c_11s_A
  6           -4.04829671     C_11c_20_A
  7           20.70512691     C_11c_22c_A
  8           -7.20646867     C_11c_22s_A
  9            8.08646384     C_11s_11s_A
 10            0.10375893     C_11s_20_A
 11            4.44333343     C_11s_22c_A
 12           -8.68532814     C_11s_22s_A
 13            9.32153623     C_20_20_A
 14            6.18194440     C_20_22c_A
 15            4.65160062     C_20_22s_A
 16           43.51727247     C_21c_21c_A
 17            4.61420382     C_21c_21s_A
 18           40.98131749     C_21s_21s_A
 19           32.14491607     C_22c_22c_A
 20            3.78254263     C_22c_22s_A
 21           40.17987621     C_22s_22s_A
 22            3.71338758     O_10_10_A
 23            1.70468983     O_10_21c_A
 24            2.00111026     O_10_21s_A
 25            5.33398232     O_11c_11c_A
 26           -0.03924740     O_11c_11s_A
 27           -1.74760874     O_11c_20_A
 28            0.21573812     O_11c_22c_A
 29            0.89555151     O_11c_22s_A
 30            3.92455197     O_11s_11s_A
 31           -0.38460617     O_11s_20_A
 32            0.37999599     O_11s_22c_A
 33            4.67252433     O_11s_22s_A
 34           11.91159313     O_20_20_A
 35            1.02915822     O_20_22c_A
 36            2.03841542     O_20_22s_A
 37           28.05886458     O_21c_21c_A
 38           -3.13892775     O_21c_21s_A
 39           13.36284081     O_21s_21s_A
 40           21.39266420     O_22c_22c_A
 41           -8.82085991     O_22c_22s_A
 42            9.46783920     O_22s_22s_A
 43            1.89273425     H1_10_10_A
 44            2.66920762     H1_11c_11c_A
 45            0.46084201     H1_11c_11s_A
 46            2.61524555     H1_11s_11s_A
 47            4.66743447     N_10_10_A
 48           -1.49798078     N_10_21c_A
 49            3.12064241     N_10_21s_A
 50            7.16838320     N_11c_11c_A
 51            0.89969912     N_11c_11s_A
 52            1.40123412     N_11c_20_A
 53           -7.10188787     N_11c_22c_A
 54            6.51971014     N_11c_22s_A
 55            7.34075938     N_11s_11s_A
 56           -1.82289730     N_11s_20_A
 57           -0.05775723     N_11s_22c_A
 58            8.22570740     N_11s_22s_A
 59           26.47875741     N_20_20_A
 60           -0.41928470     N_20_22c_A
 61            5.09138888     N_20_22s_A
 62           33.42757369     N_21c_21c_A
 63            6.87229747     N_21c_21s_A
 64           43.30655621     N_21s_21s_A
 65           36.22117104     N_22c_22c_A
 66           -9.17264665     N_22c_22s_A
 67           19.70921735     N_22s_22s_A
 68            1.16171191     H2_10_10_A
 69            1.20996932     H2_11c_11c_A
 70            0.37156756     H2_11c_11s_A
 71            1.68865534     H2_11s_11s_A
 72            1.34346745     H3_10_10_A
 73            1.73230560     H3_11c_11c_A
 74           -0.26445560     H3_11c_11s_A
 75            1.47631620     H3_11s_11s_A
Residuals               per cent of range
Maximum      0.00025276       1.135
Minimum     -0.00035788      -1.607
R.m.s.       0.00001295       0.058
Sum of squared residuals =         0.00002

Parameter                Fitted      Anchor    Difference   Penalty
C_10_10_A                4.55287     4.42092     0.13194    1.67547E-07
C_10_21c_A               3.50573     3.05257     0.45315    0.00000E+00
C_10_21s_A              -6.18303     0.31668    -6.49971    0.00000E+00
C_11c_11c_A              9.74440     9.68870     0.05570    2.98568E-08
C_11c_11s_A              1.35382     1.38571    -0.03189    9.78582E-09
C_11c_20_A              -4.04830    -3.77675    -0.27155    0.00000E+00
C_11c_22c_A             20.70513    20.10334     0.60179    0.00000E+00
C_11c_22s_A             -7.20647    -4.39661    -2.80986    0.00000E+00
C_11s_11s_A              8.08646     8.07477     0.01169    1.31578E-09
C_11s_20_A               0.10376    -1.83643     1.94019    0.00000E+00
C_11s_22c_A              4.44333     5.51088    -1.06755    0.00000E+00
C_11s_22s_A             -8.68533    -5.77417    -2.91115    0.00000E+00
C_20_20_A                9.32154     3.63479     5.68674    0.00000E+00
C_20_22c_A               6.18194    -3.59784     9.77978    0.00000E+00
C_20_22s_A               4.65160     6.92711    -2.27551    0.00000E+00
C_21c_21c_A             43.51727    55.40537   -11.88810    0.00000E+00
C_21c_21s_A              4.61420     6.70458    -2.09038    0.00000E+00
C_21s_21s_A             40.98132    25.27328    15.70804    0.00000E+00
C_22c_22c_A             32.14492    81.68856   -49.54364    0.00000E+00
C_22c_22s_A              3.78254    -1.59412     5.37666    0.00000E+00
C_22s_22s_A             40.17988    59.03196   -18.85208    0.00000E+00
O_10_10_A                3.71339     3.61974     0.09365    8.44091E-08
O_10_21c_A               1.70469     1.37742     0.32727    0.00000E+00
O_10_21s_A               2.00111    -0.83065     2.83176    0.00000E+00
O_11c_11c_A              5.33398     5.27657     0.05741    3.17234E-08
O_11c_11s_A             -0.03925    -0.01601    -0.02324    5.19587E-09
O_11c_20_A              -1.74761    -1.64151    -0.10610    0.00000E+00
O_11c_22c_A              0.21574    -2.26237     2.47811    0.00000E+00
O_11c_22s_A              0.89555    -1.12516     2.02072    0.00000E+00
O_11s_11s_A              3.92455     3.88096     0.04359    1.82865E-08
O_11s_20_A              -0.38461     0.49314    -0.87775    0.00000E+00
O_11s_22c_A              0.38000     0.14313     0.23687    0.00000E+00
O_11s_22s_A              4.67252     0.88559     3.78694    0.00000E+00
O_20_20_A               11.91159    12.35416    -0.44257    0.00000E+00
O_20_22c_A               1.02916     4.65722    -3.62806    0.00000E+00
O_20_22s_A               2.03842    -2.74379     4.78221    0.00000E+00
O_21c_21c_A             28.05886    23.56674     4.49212    0.00000E+00
O_21c_21s_A             -3.13893     3.57638    -6.71530    0.00000E+00
O_21s_21s_A             13.36284    20.02074    -6.65790    0.00000E+00
O_22c_22c_A             21.39266    23.03188    -1.63922    0.00000E+00
O_22c_22s_A             -8.82086     4.75690   -13.57776    0.00000E+00
O_22s_22s_A              9.46784    23.33952   -13.87168    0.00000E+00
H1_10_10_A               1.89273     1.81513     0.07761    5.79629E-08
H1_11c_11c_A             2.66921     2.48909     0.18012    3.12235E-07
H1_11c_11s_A             0.46084     0.42262     0.03822    1.40591E-08
H1_11s_11s_A             2.61525     2.65086    -0.03562    1.22081E-08
N_10_10_A                4.66743     4.55487     0.11257    1.21951E-07
N_10_21c_A              -1.49798    -0.09091    -1.40708    0.00000E+00
N_10_21s_A               3.12064     0.75082     2.36982    0.00000E+00
N_11c_11c_A              7.16838     7.10623     0.06215    3.71771E-08
N_11c_11s_A              0.89970     0.88624     0.01346    1.74383E-09
N_11c_20_A               1.40123     0.69324     0.70800    0.00000E+00
N_11c_22c_A             -7.10189    -0.61690    -6.48499    0.00000E+00
N_11c_22s_A              6.51971     7.31990    -0.80019    0.00000E+00
N_11s_11s_A              7.34076     7.33646     0.00430    1.77856E-10
N_11s_20_A              -1.82290    -0.38758    -1.43532    0.00000E+00
N_11s_22c_A             -0.05776    -2.76295     2.70519    0.00000E+00
N_11s_22s_A              8.22571     7.59104     0.63466    0.00000E+00
N_20_20_A               26.47876    29.08431    -2.60555    0.00000E+00
N_20_22c_A              -0.41928    -5.19337     4.77408    0.00000E+00
N_20_22s_A               5.09139    -2.57498     7.66637    0.00000E+00
N_21c_21c_A             33.42757    35.78633    -2.35876    0.00000E+00
N_21c_21s_A              6.87230     6.39822     0.47407    0.00000E+00
N_21s_21s_A             43.30656    36.84491     6.46165    0.00000E+00
N_22c_22c_A             36.22117    42.77336    -6.55219    0.00000E+00
N_22c_22s_A             -9.17265     2.90048   -12.07313    0.00000E+00
N_22s_22s_A             19.70922    35.30184   -15.59262    0.00000E+00
H2_10_10_A               1.16171     1.39969    -0.23798    5.45041E-07
H2_11c_11c_A             1.20997     1.36702    -0.15705    2.37376E-07
H2_11c_11s_A             0.37157     0.39214    -0.02057    4.07204E-09
H2_11s_11s_A             1.68866     1.81836    -0.12970    1.61900E-07
H3_10_10_A               1.34347     1.60709    -0.26363    6.68857E-07
H3_11c_11c_A             1.73231     1.92398    -0.19167    3.53572E-07
H3_11c_11s_A            -0.26446    -0.37379     0.10933    1.15040E-07
H3_11s_11s_A             1.47632     1.48032    -0.00401    1.54408E-10

Sum of penalties =     2.99165E-06
Polarizability array for site C is not positive definite
Negative eigenvalues and corresponding eigenvectors:
   -6.661149
  0.0000  0.0000  0.7651  0.1685  0.3396  0.0000  0.0000 -0.4968  0.1553
Polarizability array for site O is not positive definite
Negative eigenvalues and corresponding eigenvectors:
   -0.464987
  0.0000  0.0000  0.1614  0.6988  0.1691  0.0000  0.0000 -0.2716 -0.6191
WARNING: string truncated

Total molecular polarizability
      00          z           x           y           20          21c         21s         22c         22s
     0.00000     0.00000     0.00000     0.00000     0.00000     0.00000     0.00000     0.00000     0.00000
     0.00000    17.33160     0.00000     0.00000     0.00000    -5.06718   -25.02259     0.00000     0.00000
     0.00000     0.00000    28.42795     2.13461     4.75939     0.00000     0.00000     6.05578   -35.23611
     0.00000     0.00000     2.13461    24.56229    20.19893     0.00000     0.00000    37.23262   -18.25897
     0.00000     0.00000     4.75939    20.19893   191.01363     0.00000     0.00000    -7.39576   -81.08372
     0.00000    -5.06718     0.00000     0.00000     0.00000   262.62165    77.77438     0.00000     0.00000
     0.00000   -25.02259     0.00000     0.00000     0.00000    77.77438   225.31960     0.00000     0.00000
     0.00000     0.00000     6.05578    37.23262    -7.39576     0.00000     0.00000   486.77111    17.39639
     0.00000     0.00000   -35.23611   -18.25897   -81.08372     0.00000     0.00000    17.39639   433.89118
Mean polarizability       =  23.44061
Polarizability anisotropy =  10.43299
Finished
