Batch  1:   500 points

Sites
C             0.000000    0.000000    0.000000
*** Warning: type C was not defined

O             2.290632    0.000000    0.000000
*** Warning: type O was not defined

H1           -1.139082    1.772468    0.000000
*** Warning: type H1 was not defined

N            -1.459853   -2.102051    0.000000
*** Warning: type N was not defined

H2           -3.362090   -1.984186    0.000000
*** Warning: type H2 was not defined

H3           -0.627102   -3.821892    0.000000
*** Warning: type H3 was not defined


Polarizability parameters
                  Sites       Components  Coefficient
  1  C_10_10_A
                C       C       10   10      1.000
  2  C_10_21c_A
                C       C       10   21c     1.000
  3  C_10_21s_A
                C       C       10   21s     1.000
  4  C_11c_11c_A
                C       C       11c  11c     1.000
  5  C_11c_11s_A
                C       C       11c  11s     1.000
  6  C_11c_20_A
                C       C       11c  20      1.000
  7  C_11c_22c_A
                C       C       11c  22c     1.000
  8  C_11c_22s_A
                C       C       11c  22s     1.000
  9  C_11s_11s_A
                C       C       11s  11s     1.000
 10  C_11s_20_A
                C       C       11s  20      1.000
 11  C_11s_22c_A
                C       C       11s  22c     1.000
 12  C_11s_22s_A
                C       C       11s  22s     1.000
 13  C_20_20_A
                C       C       20   20      1.000
 14  C_20_22c_A
                C       C       20   22c     1.000
 15  C_20_22s_A
                C       C       20   22s     1.000
 16  C_21c_21c_A
                C       C       21c  21c     1.000
 17  C_21c_21s_A
                C       C       21c  21s     1.000
 18  C_21s_21s_A
                C       C       21s  21s     1.000
 19  C_22c_22c_A
                C       C       22c  22c     1.000
 20  C_22c_22s_A
                C       C       22c  22s     1.000
 21  C_22s_22s_A
                C       C       22s  22s     1.000
 22  O_10_10_A
                O       O       10   10      1.000
 23  O_10_21c_A
                O       O       10   21c     1.000
 24  O_10_21s_A
                O       O       10   21s     1.000
 25  O_11c_11c_A
                O       O       11c  11c     1.000
 26  O_11c_11s_A
                O       O       11c  11s     1.000
 27  O_11c_20_A
                O       O       11c  20      1.000
 28  O_11c_22c_A
                O       O       11c  22c     1.000
 29  O_11c_22s_A
                O       O       11c  22s     1.000
 30  O_11s_11s_A
                O       O       11s  11s     1.000
 31  O_11s_20_A
                O       O       11s  20      1.000
 32  O_11s_22c_A
                O       O       11s  22c     1.000
 33  O_11s_22s_A
                O       O       11s  22s     1.000
 34  O_20_20_A
                O       O       20   20      1.000
 35  O_20_22c_A
                O       O       20   22c     1.000
 36  O_20_22s_A
                O       O       20   22s     1.000
 37  O_21c_21c_A
                O       O       21c  21c     1.000
 38  O_21c_21s_A
                O       O       21c  21s     1.000
 39  O_21s_21s_A
                O       O       21s  21s     1.000
 40  O_22c_22c_A
                O       O       22c  22c     1.000
 41  O_22c_22s_A
                O       O       22c  22s     1.000
 42  O_22s_22s_A
                O       O       22s  22s     1.000
 43  H1_10_10_A
                H1      H1      10   10      1.000
 44  H1_11c_11c_A
                H1      H1      11c  11c     1.000
 45  H1_11c_11s_A
                H1      H1      11c  11s     1.000
 46  H1_11s_11s_A
                H1      H1      11s  11s     1.000
 47  N_10_10_A
                N       N       10   10      1.000
 48  N_10_21c_A
                N       N       10   21c     1.000
 49  N_10_21s_A
                N       N       10   21s     1.000
 50  N_11c_11c_A
                N       N       11c  11c     1.000
 51  N_11c_11s_A
                N       N       11c  11s     1.000
 52  N_11c_20_A
                N       N       11c  20      1.000
 53  N_11c_22c_A
                N       N       11c  22c     1.000
 54  N_11c_22s_A
                N       N       11c  22s     1.000
 55  N_11s_11s_A
                N       N       11s  11s     1.000
 56  N_11s_20_A
                N       N       11s  20      1.000
 57  N_11s_22c_A
                N       N       11s  22c     1.000
 58  N_11s_22s_A
                N       N       11s  22s     1.000
 59  N_20_20_A
                N       N       20   20      1.000
 60  N_20_22c_A
                N       N       20   22c     1.000
 61  N_20_22s_A
                N       N       20   22s     1.000
 62  N_21c_21c_A
                N       N       21c  21c     1.000
 63  N_21c_21s_A
                N       N       21c  21s     1.000
 64  N_21s_21s_A
                N       N       21s  21s     1.000
 65  N_22c_22c_A
                N       N       22c  22c     1.000
 66  N_22c_22s_A
                N       N       22c  22s     1.000
 67  N_22s_22s_A
                N       N       22s  22s     1.000
 68  H2_10_10_A
                H2      H2      10   10      1.000
 69  H2_11c_11c_A
                H2      H2      11c  11c     1.000
 70  H2_11c_11s_A
                H2      H2      11c  11s     1.000
 71  H2_11s_11s_A
                H2      H2      11s  11s     1.000
 72  H3_10_10_A
                H3      H3      10   10      1.000
 73  H3_11c_11c_A
                H3      H3      11c  11c     1.000
 74  H3_11c_11s_A
                H3      H3      11c  11s     1.000
 75  H3_11s_11s_A
                H3      H3      11s  11s     1.000
Reading penalties


Static polarizabilities

Response values:
Maximum          0.0163068707
Minimum         -0.0087044343
Range            0.0250113051
Min. magnitude   0.0000000129

Parameter values: 
  1            4.93845804     C_10_10_A
  2            3.37245571     C_10_21c_A
  3           -7.00420800     C_10_21s_A
  4           11.10093819     C_11c_11c_A
  5            1.69318192     C_11c_11s_A
  6           -4.16850026     C_11c_20_A
  7           24.58177640     C_11c_22c_A
  8           -8.34436816     C_11c_22s_A
  9            9.13946606     C_11s_11s_A
 10           -0.14764568     C_11s_20_A
 11            6.17724337     C_11s_22c_A
 12          -11.12456656     C_11s_22s_A
 13            6.36709138     C_20_20_A
 14            7.13961936     C_20_22c_A
 15            5.66073985     C_20_22s_A
 16           51.56816660     C_21c_21c_A
 17            5.80096627     C_21c_21s_A
 18           48.04434276     C_21s_21s_A
 19           38.68563630     C_22c_22c_A
 20            1.23390311     C_22c_22s_A
 21           47.33869135     C_22s_22s_A
 22            3.98542771     O_10_10_A
 23            1.79370264     O_10_21c_A
 24            2.26996861     O_10_21s_A
 25            6.03770687     O_11c_11c_A
 26           -0.00382563     O_11c_11s_A
 27           -1.74133494     O_11c_20_A
 28           -0.54127075     O_11c_22c_A
 29            0.75706188     O_11c_22s_A
 30            4.29582843     O_11s_11s_A
 31           -0.18056570     O_11s_20_A
 32            0.55823847     O_11s_22c_A
 33            5.34787785     O_11s_22s_A
 34           12.85320342     O_20_20_A
 35            1.89347826     O_20_22c_A
 36            1.37230192     O_20_22s_A
 37           30.90489682     O_21c_21c_A
 38           -3.67993876     O_21c_21s_A
 39           14.96779556     O_21s_21s_A
 40           24.46518487     O_22c_22c_A
 41          -10.26286905     O_22c_22s_A
 42            9.14920002     O_22s_22s_A
 43            2.06136874     H1_10_10_A
 44            3.07252175     H1_11c_11c_A
 45            0.54715830     H1_11c_11s_A
 46            2.92251821     H1_11s_11s_A
 47            5.21646684     N_10_10_A
 48           -2.06070950     N_10_21c_A
 49            3.17999941     N_10_21s_A
 50            8.07766122     N_11c_11c_A
 51            1.22282457     N_11c_11s_A
 52            0.83872982     N_11c_20_A
 53           -7.50932278     N_11c_22c_A
 54            7.98354846     N_11c_22s_A
 55            8.33064922     N_11s_11s_A
 56           -2.59180852     N_11s_20_A
 57           -0.44388493     N_11s_22c_A
 58            9.85916168     N_11s_22s_A
 59           29.89674726     N_20_20_A
 60           -0.69534236     N_20_22c_A
 61            5.32084988     N_20_22s_A
 62           38.17448601     N_21c_21c_A
 63            7.97715420     N_21c_21s_A
 64           49.63387809     N_21s_21s_A
 65           40.88590252     N_22c_22c_A
 66          -11.54664036     N_22c_22s_A
 67           22.24254633     N_22s_22s_A
 68            1.22049331     H2_10_10_A
 69            1.35746096     H2_11c_11c_A
 70            0.43954738     H2_11c_11s_A
 71            1.85129307     H2_11s_11s_A
 72            1.43551660     H3_10_10_A
 73            1.92269823     H3_11c_11c_A
 74           -0.28392740     H3_11c_11s_A
 75            1.61353717     H3_11s_11s_A
Residuals               per cent of range
Maximum      0.00032354       1.294
Minimum     -0.00037427      -1.496
R.m.s.       0.00001465       0.059
Sum of squared residuals =         0.00003

Parameter                Fitted      Anchor    Difference   Penalty
C_10_10_A                4.93846     4.80130     0.13716    1.86431E-07
C_10_21c_A               3.37246     2.92358     0.44887    0.00000E+00
C_10_21s_A              -7.00421     0.11940    -7.12361    0.00000E+00
C_11c_11c_A             11.10094    11.04281     0.05813    3.34815E-08
C_11c_11s_A              1.69318     1.72339    -0.03021    9.04577E-09
C_11c_20_A              -4.16850    -4.08764    -0.08086    0.00000E+00
C_11c_22c_A             24.58178    24.12752     0.45426    0.00000E+00
C_11c_22s_A             -8.34437    -5.27781    -3.06656    0.00000E+00
C_11s_11s_A              9.13947     9.12725     0.01221    1.47820E-09
C_11s_20_A              -0.14765    -2.12035     1.97271    0.00000E+00
C_11s_22c_A              6.17724     7.17807    -1.00083    0.00000E+00
C_11s_22s_A            -11.12457    -7.54010    -3.58447    0.00000E+00
C_20_20_A                6.36709     1.43458     4.93251    0.00000E+00
C_20_22c_A               7.13962    -2.90467    10.04429    0.00000E+00
C_20_22s_A               5.66074     8.66598    -3.00524    0.00000E+00
C_21c_21c_A             51.56817    64.48815   -12.91998    0.00000E+00
C_21c_21s_A              5.80097     9.26696    -3.46599    0.00000E+00
C_21s_21s_A             48.04434    29.96755    18.07679    0.00000E+00
C_22c_22c_A             38.68564    92.47639   -53.79075    0.00000E+00
C_22c_22s_A              1.23390    -6.44461     7.67851    0.00000E+00
C_22s_22s_A             47.33869    68.55561   -21.21692    0.00000E+00
O_10_10_A                3.98543     3.88836     0.09707    9.33775E-08
O_10_21c_A               1.79370     1.42737     0.36633    0.00000E+00
O_10_21s_A               2.26997    -0.88983     3.15979    0.00000E+00
O_11c_11c_A              6.03771     5.97565     0.06206    3.81649E-08
O_11c_11s_A             -0.00383     0.01957    -0.02340    5.42580E-09
O_11c_20_A              -1.74133    -1.48048    -0.26086    0.00000E+00
O_11c_22c_A             -0.54127    -3.27211     2.73084    0.00000E+00
O_11c_22s_A              0.75706    -1.37253     2.12959    0.00000E+00
O_11s_11s_A              4.29583     4.24656     0.04927    2.40546E-08
O_11s_20_A              -0.18057     0.69732    -0.87788    0.00000E+00
O_11s_22c_A              0.55824     0.22404     0.33420    0.00000E+00
O_11s_22s_A              5.34788     0.95203     4.39585    0.00000E+00
O_20_20_A               12.85320    13.39043    -0.53722    0.00000E+00
O_20_22c_A               1.89348     5.28793    -3.39445    0.00000E+00
O_20_22s_A               1.37230    -3.39386     4.76616    0.00000E+00
O_21c_21c_A             30.90490    25.54883     5.35607    0.00000E+00
O_21c_21s_A             -3.67994     3.43570    -7.11563    0.00000E+00
O_21s_21s_A             14.96780    23.19562    -8.22783    0.00000E+00
O_22c_22c_A             24.46518    26.60335    -2.13816    0.00000E+00
O_22c_22s_A            -10.26287     5.04219   -15.30506    0.00000E+00
O_22s_22s_A              9.14920    25.42029   -16.27109    0.00000E+00
H1_10_10_A               2.06137     1.97880     0.08257    6.75570E-08
H1_11c_11c_A             3.07252     2.86825     0.20428    4.13522E-07
H1_11c_11s_A             0.54716     0.49839     0.04877    2.35703E-08
H1_11s_11s_A             2.92252     2.95688    -0.03436    1.17000E-08
N_10_10_A                5.21647     5.09824     0.11823    1.38516E-07
N_10_21c_A              -2.06071    -0.59394    -1.46677    0.00000E+00
N_10_21s_A               3.18000     0.57484     2.60516    0.00000E+00
N_11c_11c_A              8.07766     8.01429     0.06337    3.97996E-08
N_11c_11s_A              1.22282     1.20060     0.02222    4.89419E-09
N_11c_20_A               0.83873     0.14307     0.69566    0.00000E+00
N_11c_22c_A             -7.50932    -0.56592    -6.94340    0.00000E+00
N_11c_22s_A              7.98355     8.88439    -0.90085    0.00000E+00
N_11s_11s_A              8.33065     8.32677     0.00388    1.49202E-10
N_11s_20_A              -2.59181    -1.06288    -1.52893    0.00000E+00
N_11s_22c_A             -0.44388    -3.28580     2.84191    0.00000E+00
N_11s_22s_A              9.85916     9.08528     0.77388    0.00000E+00
N_20_20_A               29.89675    32.36344    -2.46669    0.00000E+00
N_20_22c_A              -0.69534    -6.18276     5.48741    0.00000E+00
N_20_22s_A               5.32085    -2.90462     8.22547    0.00000E+00
N_21c_21c_A             38.17449    40.02426    -1.84977    0.00000E+00
N_21c_21s_A              7.97715     7.12634     0.85081    0.00000E+00
N_21s_21s_A             49.63388    41.86964     7.76424    0.00000E+00
N_22c_22c_A             40.88590    47.35525    -6.46935    0.00000E+00
N_22c_22s_A            -11.54664     3.08396   -14.63060    0.00000E+00
N_22s_22s_A             22.24255    39.91955   -17.67701    0.00000E+00
H2_10_10_A               1.22049     1.47047    -0.24998    6.19267E-07
H2_11c_11c_A             1.35746     1.53730    -0.17984    3.20513E-07
H2_11c_11s_A             0.43955     0.46963    -0.03008    8.96582E-09
H2_11s_11s_A             1.85129     1.99586    -0.14456    2.07102E-07
H3_10_10_A               1.43552     1.71491    -0.27940    7.73579E-07
H3_11c_11c_A             1.92270     2.13668    -0.21398    4.53762E-07
H3_11c_11s_A            -0.28393    -0.40114     0.11722    1.36157E-07
H3_11s_11s_A             1.61354     1.62580    -0.01227    1.49121E-09

Sum of penalties =     3.61200E-06
Polarizability array for site C is not positive definite
Negative eigenvalues and corresponding eigenvectors:
   -8.005783
  0.0000  0.0000  0.7441  0.1794  0.4107  0.0000  0.0000 -0.4814  0.1170
Polarizability array for site O is not positive definite
Negative eigenvalues and corresponding eigenvectors:
   -1.160404
  0.0000  0.0000  0.0776  0.6798  0.1217  0.0000  0.0000 -0.2863 -0.6596
WARNING: string truncated

Total molecular polarizability
      00          z           x           y           20          21c         21s         22c         22s
     0.00000     0.00000     0.00000     0.00000     0.00000     0.00000     0.00000     0.00000     0.00000
     0.00000    18.85773     0.00000     0.00000     0.00000    -6.75175   -27.76445     0.00000     0.00000
     0.00000     0.00000    32.18061     2.79078     5.74684     0.00000     0.00000     8.90069   -39.60216
     0.00000     0.00000     2.79078    27.54167    22.32639     0.00000     0.00000    42.27400   -22.48245
     0.00000     0.00000     5.74684    22.32639   206.81410     0.00000     0.00000    -5.62561   -86.51493
     0.00000    -6.75175     0.00000     0.00000     0.00000   292.51763    88.33750     0.00000     0.00000
     0.00000   -27.76445     0.00000     0.00000     0.00000    88.33750   252.97833     0.00000     0.00000
     0.00000     0.00000     8.90069    42.27400    -5.62561     0.00000     0.00000   533.75187    14.62642
     0.00000     0.00000   -39.60216   -22.48245   -86.51493     0.00000     0.00000    14.62642   482.89412
Mean polarizability       =  26.19334
Polarizability anisotropy =  12.67202
Finished
