Batch  1:   500 points

Sites
C             0.000000    0.000000    0.000000
*** Warning: type C was not defined

O             2.290632    0.000000    0.000000
*** Warning: type O was not defined

H1           -1.139082    1.772468    0.000000
*** Warning: type H1 was not defined

N            -1.459853   -2.102051    0.000000
*** Warning: type N was not defined

H2           -3.362090   -1.984186    0.000000
*** Warning: type H2 was not defined

H3           -0.627102   -3.821892    0.000000
*** Warning: type H3 was not defined


Polarizability parameters
                  Sites       Components  Coefficient
  1  C_10_10_A
                C       C       10   10      1.000
  2  C_10_21c_A
                C       C       10   21c     1.000
  3  C_10_21s_A
                C       C       10   21s     1.000
  4  C_11c_11c_A
                C       C       11c  11c     1.000
  5  C_11c_11s_A
                C       C       11c  11s     1.000
  6  C_11c_20_A
                C       C       11c  20      1.000
  7  C_11c_22c_A
                C       C       11c  22c     1.000
  8  C_11c_22s_A
                C       C       11c  22s     1.000
  9  C_11s_11s_A
                C       C       11s  11s     1.000
 10  C_11s_20_A
                C       C       11s  20      1.000
 11  C_11s_22c_A
                C       C       11s  22c     1.000
 12  C_11s_22s_A
                C       C       11s  22s     1.000
 13  C_20_20_A
                C       C       20   20      1.000
 14  C_20_22c_A
                C       C       20   22c     1.000
 15  C_20_22s_A
                C       C       20   22s     1.000
 16  C_21c_21c_A
                C       C       21c  21c     1.000
 17  C_21c_21s_A
                C       C       21c  21s     1.000
 18  C_21s_21s_A
                C       C       21s  21s     1.000
 19  C_22c_22c_A
                C       C       22c  22c     1.000
 20  C_22c_22s_A
                C       C       22c  22s     1.000
 21  C_22s_22s_A
                C       C       22s  22s     1.000
 22  O_10_10_A
                O       O       10   10      1.000
 23  O_10_21c_A
                O       O       10   21c     1.000
 24  O_10_21s_A
                O       O       10   21s     1.000
 25  O_11c_11c_A
                O       O       11c  11c     1.000
 26  O_11c_11s_A
                O       O       11c  11s     1.000
 27  O_11c_20_A
                O       O       11c  20      1.000
 28  O_11c_22c_A
                O       O       11c  22c     1.000
 29  O_11c_22s_A
                O       O       11c  22s     1.000
 30  O_11s_11s_A
                O       O       11s  11s     1.000
 31  O_11s_20_A
                O       O       11s  20      1.000
 32  O_11s_22c_A
                O       O       11s  22c     1.000
 33  O_11s_22s_A
                O       O       11s  22s     1.000
 34  O_20_20_A
                O       O       20   20      1.000
 35  O_20_22c_A
                O       O       20   22c     1.000
 36  O_20_22s_A
                O       O       20   22s     1.000
 37  O_21c_21c_A
                O       O       21c  21c     1.000
 38  O_21c_21s_A
                O       O       21c  21s     1.000
 39  O_21s_21s_A
                O       O       21s  21s     1.000
 40  O_22c_22c_A
                O       O       22c  22c     1.000
 41  O_22c_22s_A
                O       O       22c  22s     1.000
 42  O_22s_22s_A
                O       O       22s  22s     1.000
 43  H1_10_10_A
                H1      H1      10   10      1.000
 44  H1_11c_11c_A
                H1      H1      11c  11c     1.000
 45  H1_11c_11s_A
                H1      H1      11c  11s     1.000
 46  H1_11s_11s_A
                H1      H1      11s  11s     1.000
 47  N_10_10_A
                N       N       10   10      1.000
 48  N_10_21c_A
                N       N       10   21c     1.000
 49  N_10_21s_A
                N       N       10   21s     1.000
 50  N_11c_11c_A
                N       N       11c  11c     1.000
 51  N_11c_11s_A
                N       N       11c  11s     1.000
 52  N_11c_20_A
                N       N       11c  20      1.000
 53  N_11c_22c_A
                N       N       11c  22c     1.000
 54  N_11c_22s_A
                N       N       11c  22s     1.000
 55  N_11s_11s_A
                N       N       11s  11s     1.000
 56  N_11s_20_A
                N       N       11s  20      1.000
 57  N_11s_22c_A
                N       N       11s  22c     1.000
 58  N_11s_22s_A
                N       N       11s  22s     1.000
 59  N_20_20_A
                N       N       20   20      1.000
 60  N_20_22c_A
                N       N       20   22c     1.000
 61  N_20_22s_A
                N       N       20   22s     1.000
 62  N_21c_21c_A
                N       N       21c  21c     1.000
 63  N_21c_21s_A
                N       N       21c  21s     1.000
 64  N_21s_21s_A
                N       N       21s  21s     1.000
 65  N_22c_22c_A
                N       N       22c  22c     1.000
 66  N_22c_22s_A
                N       N       22c  22s     1.000
 67  N_22s_22s_A
                N       N       22s  22s     1.000
 68  H2_10_10_A
                H2      H2      10   10      1.000
 69  H2_11c_11c_A
                H2      H2      11c  11c     1.000
 70  H2_11c_11s_A
                H2      H2      11c  11s     1.000
 71  H2_11s_11s_A
                H2      H2      11s  11s     1.000
 72  H3_10_10_A
                H3      H3      10   10      1.000
 73  H3_11c_11c_A
                H3      H3      11c  11c     1.000
 74  H3_11c_11s_A
                H3      H3      11c  11s     1.000
 75  H3_11s_11s_A
                H3      H3      11s  11s     1.000
Reading penalties


Static polarizabilities

Response values:
Maximum          0.0011773125
Minimum         -0.0006264325
Range            0.0018037450
Min. magnitude   0.0000000021

Parameter values: 
  1            0.57466070     C_10_10_A
  2            0.54133906     C_10_21c_A
  3           -0.59617106     C_10_21s_A
  4            0.75019757     C_11c_11c_A
  5            0.06219365     C_11c_11s_A
  6           -0.51869506     C_11c_20_A
  7            1.13185840     C_11c_22c_A
  8           -0.51033503     C_11c_22s_A
  9            0.69062357     C_11s_11s_A
 10            0.08834381     C_11s_20_A
 11            0.32419307     C_11s_22c_A
 12            0.43654718     C_11s_22s_A
 13            2.74198656     C_20_20_A
 14           -0.21855900     C_20_22c_A
 15           -0.42944238     C_20_22s_A
 16            2.71996587     C_21c_21c_A
 17            0.35064296     C_21c_21s_A
 18            2.36789244     C_21s_21s_A
 19            3.37497255     C_22c_22c_A
 20            0.55845647     C_22c_22s_A
 21            3.78451176     C_22s_22s_A
 22            0.41929842     O_10_10_A
 23            0.28673643     O_10_21c_A
 24            0.15261501     O_10_21s_A
 25            0.36557097     O_11c_11c_A
 26           -0.04650584     O_11c_11s_A
 27           -0.28246464     O_11c_20_A
 28            0.40287836     O_11c_22c_A
 29            0.18635907     O_11c_22s_A
 30            0.36156868     O_11s_11s_A
 31           -0.10608403     O_11s_20_A
 32            0.01350691     O_11s_22c_A
 33            0.47353731     O_11s_22s_A
 34            1.50800134     O_20_20_A
 35           -0.43803710     O_20_22c_A
 36            0.26502562     O_20_22s_A
 37            2.47861554     O_21c_21c_A
 38           -0.23812087     O_21c_21s_A
 39            1.48981702     O_21s_21s_A
 40            2.16952103     O_22c_22c_A
 41           -0.29973208     O_22c_22s_A
 42            1.80737176     O_22s_22s_A
 43            0.17760333     H1_10_10_A
 44            0.15855760     H1_11c_11c_A
 45            0.02184401     H1_11c_11s_A
 46            0.18341045     H1_11s_11s_A
 47            0.42525325     N_10_10_A
 48           -0.12390137     N_10_21c_A
 49            0.16230359     N_10_21s_A
 50            0.53972650     N_11c_11c_A
 51           -0.01399888     N_11c_11s_A
 52            0.27323545     N_11c_20_A
 53           -0.55723744     N_11c_22c_A
 54            0.26586602     N_11c_22s_A
 55            0.56002883     N_11s_11s_A
 56           -0.03831911     N_11s_20_A
 57            0.00900361     N_11s_22c_A
 58            0.17643738     N_11s_22s_A
 59            3.37052211     N_20_20_A
 60            0.15646101     N_20_22c_A
 61            0.17608298     N_20_22s_A
 62            2.91013914     N_21c_21c_A
 63            0.17128099     N_21c_21s_A
 64            3.52392068     N_21s_21s_A
 65            3.47450762     N_22c_22c_A
 66           -0.26672427     N_22c_22s_A
 67            3.05151225     N_22s_22s_A
 68            0.11952101     H2_10_10_A
 69            0.06750815     H2_11c_11c_A
 70            0.01481890     H2_11c_11s_A
 71            0.12738220     H2_11s_11s_A
 72            0.13148284     H3_10_10_A
 73            0.11131913     H3_11c_11c_A
 74           -0.02285665     H3_11c_11s_A
 75            0.13247482     H3_11s_11s_A
Residuals               per cent of range
Maximum      0.00001372       0.761
Minimum     -0.00002068      -1.146
R.m.s.       0.00000073       0.040
Sum of squared residuals =         0.00000

Parameter                Fitted      Anchor    Difference   Penalty
C_10_10_A                0.57466     0.52734     0.04732    2.84850E-09
C_10_21c_A               0.54134     0.54876    -0.00742    0.00000E+00
C_10_21s_A              -0.59617     0.08438    -0.68055    0.00000E+00
C_11c_11c_A              0.75020     0.73483     0.01537    3.00631E-10
C_11c_11s_A              0.06219     0.06925    -0.00706    6.33673E-11
C_11c_20_A              -0.51870    -0.41669    -0.10201    0.00000E+00
C_11c_22c_A              1.13186     1.03999     0.09186    0.00000E+00
C_11c_22s_A             -0.51034    -0.36605    -0.14429    0.00000E+00
C_11s_11s_A              0.69062     0.68531     0.00531    3.58528E-11
C_11s_20_A               0.08834    -0.28950     0.37785    0.00000E+00
C_11s_22c_A              0.32419     0.43979    -0.11560    0.00000E+00
C_11s_22s_A              0.43655     0.29500     0.14155    0.00000E+00
C_20_20_A                2.74199     1.96405     0.77794    0.00000E+00
C_20_22c_A              -0.21856    -1.43374     1.21518    0.00000E+00
C_20_22s_A              -0.42944    -1.08275     0.65331    0.00000E+00
C_21c_21c_A              2.71997     4.74718    -2.02721    0.00000E+00
C_21c_21s_A              0.35064     0.56329    -0.21264    0.00000E+00
C_21s_21s_A              2.36789     1.95563     0.41227    0.00000E+00
C_22c_22c_A              3.37497     8.15422    -4.77925    0.00000E+00
C_22c_22s_A              0.55846     1.71438    -1.15592    0.00000E+00
C_22s_22s_A              3.78451     7.06881    -3.28429    0.00000E+00
O_10_10_A                0.41930     0.38078     0.03852    1.88769E-09
O_10_21c_A               0.28674     0.20713     0.07961    0.00000E+00
O_10_21s_A               0.15262    -0.08115     0.23377    0.00000E+00
O_11c_11c_A              0.36557     0.34572     0.01985    5.01256E-10
O_11c_11s_A             -0.04651    -0.04763     0.00112    1.59571E-12
O_11c_20_A              -0.28246    -0.36915     0.08668    0.00000E+00
O_11c_22c_A              0.40288     0.12662     0.27626    0.00000E+00
O_11c_22s_A              0.18636    -0.01431     0.20067    0.00000E+00
O_11s_11s_A              0.36157     0.34278     0.01879    4.49142E-10
O_11s_20_A              -0.10608    -0.00561    -0.10048    0.00000E+00
O_11s_22c_A              0.01351     0.13969    -0.12618    0.00000E+00
O_11s_22s_A              0.47354     0.13430     0.33924    0.00000E+00
O_20_20_A                1.50800     1.29423     0.21377    0.00000E+00
O_20_22c_A              -0.43804    -0.12263    -0.31541    0.00000E+00
O_20_22s_A               0.26503    -0.07895     0.34397    0.00000E+00
O_21c_21c_A              2.47862     2.44095     0.03766    0.00000E+00
O_21c_21s_A             -0.23812     0.35783    -0.59595    0.00000E+00
O_21s_21s_A              1.48982     1.59733    -0.10751    0.00000E+00
O_22c_22c_A              2.16952     2.60291    -0.43339    0.00000E+00
O_22c_22s_A             -0.29973     0.41525    -0.71498    0.00000E+00
O_22s_22s_A              1.80737     2.26444    -0.45707    0.00000E+00
H1_10_10_A               0.17760     0.16845     0.00915    1.06555E-10
H1_11c_11c_A             0.15856     0.12452     0.03404    1.47431E-09
H1_11c_11s_A             0.02184     0.02572    -0.00388    1.91461E-11
H1_11s_11s_A             0.18341     0.20994    -0.02652    8.95078E-10
N_10_10_A                0.42525     0.38267     0.04258    2.30689E-09
N_10_21c_A              -0.12390     0.31864    -0.44254    0.00000E+00
N_10_21s_A               0.16230     0.21317    -0.05087    0.00000E+00
N_11c_11c_A              0.53973     0.52069     0.01903    4.60812E-10
N_11c_11s_A             -0.01400    -0.01799     0.00399    2.03005E-11
N_11c_20_A               0.27324     0.17050     0.10273    0.00000E+00
N_11c_22c_A             -0.55724     0.43365    -0.99089    0.00000E+00
N_11c_22s_A              0.26587     0.53394    -0.26808    0.00000E+00
N_11s_11s_A              0.56003     0.55719     0.00284    1.02270E-11
N_11s_20_A              -0.03832     0.17326    -0.21158    0.00000E+00
N_11s_22c_A              0.00900    -0.39639     0.40539    0.00000E+00
N_11s_22s_A              0.17644     0.44903    -0.27259    0.00000E+00
N_20_20_A                3.37052     2.93757     0.43296    0.00000E+00
N_20_22c_A               0.15646    -0.12735     0.28381    0.00000E+00
N_20_22s_A               0.17608    -1.27079     1.44688    0.00000E+00
N_21c_21c_A              2.91014     3.58961    -0.67947    0.00000E+00
N_21c_21s_A              0.17128     0.81591    -0.64463    0.00000E+00
N_21s_21s_A              3.52392     3.06671     0.45721    0.00000E+00
N_22c_22c_A              3.47451     5.84449    -2.36999    0.00000E+00
N_22c_22s_A             -0.26672    -0.94577     0.67905    0.00000E+00
N_22s_22s_A              3.05151     4.90927    -1.85776    0.00000E+00
H2_10_10_A               0.11952     0.19830    -0.07878    7.89578E-09
H2_11c_11c_A             0.06751     0.09211    -0.02460    7.70102E-10
H2_11c_11s_A             0.01482     0.02515    -0.01033    1.35863E-10
H2_11s_11s_A             0.12738     0.17610    -0.04872    3.01977E-09
H3_10_10_A               0.13148     0.19343    -0.06195    4.88165E-09
H3_11c_11c_A             0.11132     0.14381    -0.03249    1.34289E-09
H3_11c_11s_A            -0.02286    -0.05252     0.02966    1.11944E-09
H3_11s_11s_A             0.13247     0.11635     0.01612    3.30692E-10

Sum of penalties =     3.08775E-08
WARNING: string truncated

Total molecular polarizability
      00          z           x           y           20          21c         21s         22c         22s
     0.00000     0.00000     0.00000     0.00000     0.00000     0.00000     0.00000     0.00000     0.00000
     0.00000     1.84782     0.00000     0.00000     0.00000     0.11627    -2.55627     0.00000     0.00000
     0.00000     0.00000     2.06541     0.01819    -0.05089     0.00000     0.00000     0.14291    -2.78495
     0.00000     0.00000     0.01819     1.98296     1.61589     0.00000     0.00000     2.82879    -0.02795
     0.00000     0.00000    -0.05089     1.61589    18.60479     0.00000     0.00000    -2.78773    -8.56190
     0.00000     0.11627     0.00000     0.00000     0.00000    25.19355     7.08155     0.00000     0.00000
     0.00000    -2.55627     0.00000     0.00000     0.00000     7.08155    20.58699     0.00000     0.00000
     0.00000     0.00000     0.14291     2.82879    -2.78773     0.00000     0.00000    41.89142     0.69791
     0.00000     0.00000    -2.78495    -0.02795    -8.56190     0.00000     0.00000     0.69791    39.95412
Mean polarizability       =   1.96540
Polarizability anisotropy =   0.19286
Finished
