Batch  1:   500 points

Sites
C             0.000000    0.000000    0.000000
*** Warning: type C was not defined

O             2.290632    0.000000    0.000000
*** Warning: type O was not defined

H1           -1.139082    1.772468    0.000000
*** Warning: type H1 was not defined

N            -1.459853   -2.102051    0.000000
*** Warning: type N was not defined

H2           -3.362090   -1.984186    0.000000
*** Warning: type H2 was not defined

H3           -0.627102   -3.821892    0.000000
*** Warning: type H3 was not defined


Polarizability parameters
                  Sites       Components  Coefficient
  1  C_10_10_A
                C       C       10   10      1.000
  2  C_10_21c_A
                C       C       10   21c     1.000
  3  C_10_21s_A
                C       C       10   21s     1.000
  4  C_11c_11c_A
                C       C       11c  11c     1.000
  5  C_11c_11s_A
                C       C       11c  11s     1.000
  6  C_11c_20_A
                C       C       11c  20      1.000
  7  C_11c_22c_A
                C       C       11c  22c     1.000
  8  C_11c_22s_A
                C       C       11c  22s     1.000
  9  C_11s_11s_A
                C       C       11s  11s     1.000
 10  C_11s_20_A
                C       C       11s  20      1.000
 11  C_11s_22c_A
                C       C       11s  22c     1.000
 12  C_11s_22s_A
                C       C       11s  22s     1.000
 13  C_20_20_A
                C       C       20   20      1.000
 14  C_20_22c_A
                C       C       20   22c     1.000
 15  C_20_22s_A
                C       C       20   22s     1.000
 16  C_21c_21c_A
                C       C       21c  21c     1.000
 17  C_21c_21s_A
                C       C       21c  21s     1.000
 18  C_21s_21s_A
                C       C       21s  21s     1.000
 19  C_22c_22c_A
                C       C       22c  22c     1.000
 20  C_22c_22s_A
                C       C       22c  22s     1.000
 21  C_22s_22s_A
                C       C       22s  22s     1.000
 22  O_10_10_A
                O       O       10   10      1.000
 23  O_10_21c_A
                O       O       10   21c     1.000
 24  O_10_21s_A
                O       O       10   21s     1.000
 25  O_11c_11c_A
                O       O       11c  11c     1.000
 26  O_11c_11s_A
                O       O       11c  11s     1.000
 27  O_11c_20_A
                O       O       11c  20      1.000
 28  O_11c_22c_A
                O       O       11c  22c     1.000
 29  O_11c_22s_A
                O       O       11c  22s     1.000
 30  O_11s_11s_A
                O       O       11s  11s     1.000
 31  O_11s_20_A
                O       O       11s  20      1.000
 32  O_11s_22c_A
                O       O       11s  22c     1.000
 33  O_11s_22s_A
                O       O       11s  22s     1.000
 34  O_20_20_A
                O       O       20   20      1.000
 35  O_20_22c_A
                O       O       20   22c     1.000
 36  O_20_22s_A
                O       O       20   22s     1.000
 37  O_21c_21c_A
                O       O       21c  21c     1.000
 38  O_21c_21s_A
                O       O       21c  21s     1.000
 39  O_21s_21s_A
                O       O       21s  21s     1.000
 40  O_22c_22c_A
                O       O       22c  22c     1.000
 41  O_22c_22s_A
                O       O       22c  22s     1.000
 42  O_22s_22s_A
                O       O       22s  22s     1.000
 43  H1_10_10_A
                H1      H1      10   10      1.000
 44  H1_11c_11c_A
                H1      H1      11c  11c     1.000
 45  H1_11c_11s_A
                H1      H1      11c  11s     1.000
 46  H1_11s_11s_A
                H1      H1      11s  11s     1.000
 47  N_10_10_A
                N       N       10   10      1.000
 48  N_10_21c_A
                N       N       10   21c     1.000
 49  N_10_21s_A
                N       N       10   21s     1.000
 50  N_11c_11c_A
                N       N       11c  11c     1.000
 51  N_11c_11s_A
                N       N       11c  11s     1.000
 52  N_11c_20_A
                N       N       11c  20      1.000
 53  N_11c_22c_A
                N       N       11c  22c     1.000
 54  N_11c_22s_A
                N       N       11c  22s     1.000
 55  N_11s_11s_A
                N       N       11s  11s     1.000
 56  N_11s_20_A
                N       N       11s  20      1.000
 57  N_11s_22c_A
                N       N       11s  22c     1.000
 58  N_11s_22s_A
                N       N       11s  22s     1.000
 59  N_20_20_A
                N       N       20   20      1.000
 60  N_20_22c_A
                N       N       20   22c     1.000
 61  N_20_22s_A
                N       N       20   22s     1.000
 62  N_21c_21c_A
                N       N       21c  21c     1.000
 63  N_21c_21s_A
                N       N       21c  21s     1.000
 64  N_21s_21s_A
                N       N       21s  21s     1.000
 65  N_22c_22c_A
                N       N       22c  22c     1.000
 66  N_22c_22s_A
                N       N       22c  22s     1.000
 67  N_22s_22s_A
                N       N       22s  22s     1.000
 68  H2_10_10_A
                H2      H2      10   10      1.000
 69  H2_11c_11c_A
                H2      H2      11c  11c     1.000
 70  H2_11c_11s_A
                H2      H2      11c  11s     1.000
 71  H2_11s_11s_A
                H2      H2      11s  11s     1.000
 72  H3_10_10_A
                H3      H3      10   10      1.000
 73  H3_11c_11c_A
                H3      H3      11c  11c     1.000
 74  H3_11c_11s_A
                H3      H3      11c  11s     1.000
 75  H3_11s_11s_A
                H3      H3      11s  11s     1.000
Reading penalties


Static polarizabilities

Response values:
Maximum          0.0112532578
Minimum         -0.0061010556
Range            0.0173543134
Min. magnitude   0.0000000008

Parameter values: 
  1            3.75814201     C_10_10_A
  2            3.27945348     C_10_21c_A
  3           -4.66415180     C_10_21s_A
  4            7.37575651     C_11c_11c_A
  5            0.86489420     C_11c_11s_A
  6           -3.52951618     C_11c_20_A
  7           14.55212423     C_11c_22c_A
  8           -5.33020893     C_11c_22s_A
  9            6.21394958     C_11s_11s_A
 10            0.28970589     C_11s_20_A
 11            2.25663609     C_11s_22c_A
 12           -4.89618499     C_11s_22s_A
 13           12.22600986     C_20_20_A
 14            4.08071677     C_20_22c_A
 15            2.86264633     C_20_22s_A
 16           31.00134742     C_21c_21c_A
 17            3.01094875     C_21c_21s_A
 18           29.39308997     C_21s_21s_A
 19           22.83284972     C_22c_22c_A
 20            5.28984916     C_22c_22s_A
 21           29.67870047     C_22s_22s_A
 22            3.10380719     O_10_10_A
 23            1.54217286     O_10_21c_A
 24            1.50060889     O_10_21s_A
 25            4.04645271     O_11c_11c_A
 26           -0.08351067     O_11c_11s_A
 27           -1.67996243     O_11c_20_A
 28            1.12726577     O_11c_22c_A
 29            0.99681934     O_11c_22s_A
 30            3.17505902     O_11s_11s_A
 31           -0.52431401     O_11s_20_A
 32            0.20506803     O_11s_22c_A
 33            3.60298543     O_11s_22s_A
 34            9.88949603     O_20_20_A
 35           -0.15907934     O_20_22c_A
 36            2.34856852     O_20_22s_A
 37           22.27216778     O_21c_21c_A
 38           -2.30017023     O_21c_21s_A
 39           10.70179905     O_21s_21s_A
 40           16.43394289     O_22c_22c_A
 41           -6.35295188     O_22c_22s_A
 42            9.15570379     O_22s_22s_A
 43            1.54852274     H1_10_10_A
 44            1.96668430     H1_11c_11c_A
 45            0.32794557     H1_11c_11s_A
 46            2.03819348     H1_11s_11s_A
 47            3.61004695     N_10_10_A
 48           -0.74114579     N_10_21c_A
 49            2.60295293     N_10_21s_A
 50            5.49257296     N_11c_11c_A
 51            0.47472804     N_11c_11s_A
 52            1.87111811     N_11c_20_A
 53           -5.89033691     N_11c_22c_A
 54            4.30936996     N_11c_22s_A
 55            5.59040123     N_11s_11s_A
 56           -0.83992561     N_11s_20_A
 57            0.46926377     N_11s_22c_A
 58            5.55198130     N_11s_22s_A
 59           20.87687322     N_20_20_A
 60           -0.00633839     N_20_22c_A
 61            3.89107821     N_20_22s_A
 62           24.95765452     N_21c_21c_A
 63            5.09901618     N_21c_21s_A
 64           32.41126106     N_21s_21s_A
 65           27.25551293     N_22c_22c_A
 66           -5.67359744     N_22c_22s_A
 67           14.97381409     N_22s_22s_A
 68            1.02672917     H2_10_10_A
 69            0.94534176     H2_11c_11c_A
 70            0.25601489     H2_11c_11s_A
 71            1.36899294     H2_11s_11s_A
 72            1.13661258     H3_10_10_A
 73            1.36887631     H3_11c_11c_A
 74           -0.23342463     H3_11c_11s_A
 75            1.18922193     H3_11s_11s_A
Residuals               per cent of range
Maximum      0.00016192       0.933
Minimum     -0.00028768      -1.658
R.m.s.       0.00000977       0.056
Sum of squared residuals =         0.00001

Parameter                Fitted      Anchor    Difference   Penalty
C_10_10_A                3.75814     3.64075     0.11739    1.21174E-07
C_10_21c_A               3.27945     2.89591     0.38355    0.00000E+00
C_10_21s_A              -4.66415     0.43011    -5.09426    0.00000E+00
C_11c_11c_A              7.37576     7.32619     0.04957    2.16067E-08
C_11c_11s_A              0.86489     0.89619    -0.03130    8.61517E-09
C_11c_20_A              -3.52952    -3.09509    -0.43442    0.00000E+00
C_11c_22c_A             14.55212    13.72735     0.82478    0.00000E+00
C_11c_22s_A             -5.33021    -3.10517    -2.22504    0.00000E+00
C_11s_11s_A              6.21395     6.20325     0.01070    1.00695E-09
C_11s_20_A               0.28971    -1.45756     1.74727    0.00000E+00
C_11s_22c_A              2.25664     3.36929    -1.11265    0.00000E+00
C_11s_22s_A             -4.89618    -3.09532    -1.80087    0.00000E+00
C_20_20_A               12.22601     6.34046     5.88555    0.00000E+00
C_20_22c_A               4.08072    -4.32320     8.40392    0.00000E+00
C_20_22s_A               2.86265     3.59899    -0.73634    0.00000E+00
C_21c_21c_A             31.00135    40.64720    -9.64586    0.00000E+00
C_21c_21s_A              3.01095     3.50761    -0.49666    0.00000E+00
C_21s_21s_A             29.39309    18.26647    11.12662    0.00000E+00
C_22c_22c_A             22.83285    63.16914   -40.33629    0.00000E+00
C_22c_22s_A              5.28985     3.62984     1.66001    0.00000E+00
C_22s_22s_A             29.67870    44.73006   -15.05135    0.00000E+00
O_10_10_A                3.10381     3.01964     0.08417    6.22931E-08
O_10_21c_A               1.54217     1.25860     0.28357    0.00000E+00
O_10_21s_A               1.50061    -0.65636     2.15697    0.00000E+00
O_11c_11c_A              4.04645     3.99772     0.04873    2.08796E-08
O_11c_11s_A             -0.08351    -0.06338    -0.02013    3.56462E-09
O_11c_20_A              -1.67996    -1.72912     0.04915    0.00000E+00
O_11c_22c_A              1.12727    -0.81825     1.94552    0.00000E+00
O_11c_22s_A              0.99682    -0.74982     1.74664    0.00000E+00
O_11s_11s_A              3.17506     3.14013     0.03493    1.07288E-08
O_11s_20_A              -0.52431     0.27799    -0.80230    0.00000E+00
O_11s_22c_A              0.20507     0.10766     0.09741    0.00000E+00
O_11s_22s_A              3.60299     0.80917     2.79381    0.00000E+00
O_20_20_A                9.88950    10.14267    -0.25317    0.00000E+00
O_20_22c_A              -0.15908     3.04201    -3.20109    0.00000E+00
O_20_22s_A               2.34857    -1.90931     4.25788    0.00000E+00
O_21c_21c_A             22.27217    19.29904     2.97313    0.00000E+00
O_21c_21s_A             -2.30017     3.15205    -5.45222    0.00000E+00
O_21s_21s_A             10.70180    14.84761    -4.14581    0.00000E+00
O_22c_22c_A             16.43394    17.36513    -0.93119    0.00000E+00
O_22c_22s_A             -6.35295     4.12307   -10.47602    0.00000E+00
O_22s_22s_A              9.15570    18.93713    -9.78143    0.00000E+00
H1_10_10_A               1.54852     1.48247     0.06605    3.83637E-08
H1_11c_11c_A             1.96668     1.82759     0.13910    1.70133E-07
H1_11c_11s_A             0.32795     0.30823     0.01972    3.41827E-09
H1_11s_11s_A             2.03819     2.07383    -0.03564    1.11668E-08
N_10_10_A                3.61005     3.51130     0.09875    8.57471E-08
N_10_21c_A              -0.74115     0.48500    -1.22615    0.00000E+00
N_10_21s_A               2.60295     0.83053     1.77242    0.00000E+00
N_11c_11c_A              5.49257     5.43556     0.05701    2.85835E-08
N_11c_11s_A              0.47473     0.47196     0.00277    6.75523E-11
N_11c_20_A               1.87112     1.18090     0.69022    0.00000E+00
N_11c_22c_A             -5.89034    -0.35339    -5.53695    0.00000E+00
N_11c_22s_A              4.30937     5.02091    -0.71154    0.00000E+00
N_11s_11s_A              5.59040     5.58586     0.00454    1.81186E-10
N_11s_20_A              -0.83993     0.37630    -1.21623    0.00000E+00
N_11s_22c_A              0.46926    -1.96261     2.43188    0.00000E+00
N_11s_22s_A              5.55198     5.23031     0.32167    0.00000E+00
N_20_20_A               20.87687    23.43687    -2.56000    0.00000E+00
N_20_22c_A              -0.00634    -3.47565     3.46931    0.00000E+00
N_20_22s_A               3.89108    -2.67652     6.56760    0.00000E+00
N_21c_21c_A             24.95765    27.96233    -3.00468    0.00000E+00
N_21c_21s_A              5.09902     5.24786    -0.14884    0.00000E+00
N_21s_21s_A             32.41126    28.16556     4.24570    0.00000E+00
N_22c_22c_A             27.25551    34.16840    -6.91289    0.00000E+00
N_22c_22s_A             -5.67360     1.95665    -7.63024    0.00000E+00
N_22s_22s_A             14.97381    27.78650   -12.81269    0.00000E+00
H2_10_10_A               1.02673     1.23371    -0.20698    3.76735E-07
H2_11c_11c_A             0.94534     1.06377    -0.11843    1.23326E-07
H2_11c_11s_A             0.25601     0.26682    -0.01081    1.02682E-09
H2_11s_11s_A             1.36899     1.47630    -0.10731    1.01259E-07
H3_10_10_A               1.13661     1.36168    -0.22507    4.45434E-07
H3_11c_11c_A             1.36888     1.52198    -0.15310    2.06116E-07
H3_11c_11s_A            -0.23342    -0.32517     0.09174    7.40135E-08
H3_11s_11s_A             1.18922     1.18160     0.00763    5.11341E-10

Sum of penalties =     1.91595E-06
Polarizability array for site C is not positive definite
Negative eigenvalues and corresponding eigenvectors:
   -4.382009
  0.0000  0.0000  0.7871  0.1292  0.2557  0.0000  0.0000 -0.5086  0.1993
WARNING: string truncated

Total molecular polarizability
      00          z           x           y           20          21c         21s         22c         22s
     0.00000     0.00000     0.00000     0.00000     0.00000     0.00000     0.00000     0.00000     0.00000
     0.00000    14.18386     0.00000     0.00000     0.00000    -2.79682   -19.95304     0.00000     0.00000
     0.00000     0.00000    21.68980     1.21921     3.17716     0.00000     0.00000     2.42467   -27.31726
     0.00000     0.00000     1.21921    19.08170    16.01070     0.00000     0.00000    28.56715   -11.60592
     0.00000     0.00000     3.17716    16.01070   157.33661     0.00000     0.00000    -9.56878   -68.65504
     0.00000    -2.79682     0.00000     0.00000     0.00000   208.14042    60.09970     0.00000     0.00000
     0.00000   -19.95304     0.00000     0.00000     0.00000    60.09970   176.73379     0.00000     0.00000
     0.00000     0.00000     2.42467    28.56715    -9.56878     0.00000     0.00000   391.69339    17.15912
     0.00000     0.00000   -27.31726   -11.60592   -68.65504     0.00000     0.00000    17.15912   344.00685
Mean polarizability       =  18.31845
Polarizability anisotropy =   6.92997
Finished
