Batch  1:   500 points

Sites
C             0.000000    0.000000    0.000000
*** Warning: type C was not defined

O             2.290632    0.000000    0.000000
*** Warning: type O was not defined

H1           -1.139082    1.772468    0.000000
*** Warning: type H1 was not defined

N            -1.459853   -2.102051    0.000000
*** Warning: type N was not defined

H2           -3.362090   -1.984186    0.000000
*** Warning: type H2 was not defined

H3           -0.627102   -3.821892    0.000000
*** Warning: type H3 was not defined


Polarizability parameters
                  Sites       Components  Coefficient
  1  C_10_10_A
                C       C       10   10      1.000
  2  C_10_21c_A
                C       C       10   21c     1.000
  3  C_10_21s_A
                C       C       10   21s     1.000
  4  C_11c_11c_A
                C       C       11c  11c     1.000
  5  C_11c_11s_A
                C       C       11c  11s     1.000
  6  C_11c_20_A
                C       C       11c  20      1.000
  7  C_11c_22c_A
                C       C       11c  22c     1.000
  8  C_11c_22s_A
                C       C       11c  22s     1.000
  9  C_11s_11s_A
                C       C       11s  11s     1.000
 10  C_11s_20_A
                C       C       11s  20      1.000
 11  C_11s_22c_A
                C       C       11s  22c     1.000
 12  C_11s_22s_A
                C       C       11s  22s     1.000
 13  C_20_20_A
                C       C       20   20      1.000
 14  C_20_22c_A
                C       C       20   22c     1.000
 15  C_20_22s_A
                C       C       20   22s     1.000
 16  C_21c_21c_A
                C       C       21c  21c     1.000
 17  C_21c_21s_A
                C       C       21c  21s     1.000
 18  C_21s_21s_A
                C       C       21s  21s     1.000
 19  C_22c_22c_A
                C       C       22c  22c     1.000
 20  C_22c_22s_A
                C       C       22c  22s     1.000
 21  C_22s_22s_A
                C       C       22s  22s     1.000
 22  O_10_10_A
                O       O       10   10      1.000
 23  O_10_21c_A
                O       O       10   21c     1.000
 24  O_10_21s_A
                O       O       10   21s     1.000
 25  O_11c_11c_A
                O       O       11c  11c     1.000
 26  O_11c_11s_A
                O       O       11c  11s     1.000
 27  O_11c_20_A
                O       O       11c  20      1.000
 28  O_11c_22c_A
                O       O       11c  22c     1.000
 29  O_11c_22s_A
                O       O       11c  22s     1.000
 30  O_11s_11s_A
                O       O       11s  11s     1.000
 31  O_11s_20_A
                O       O       11s  20      1.000
 32  O_11s_22c_A
                O       O       11s  22c     1.000
 33  O_11s_22s_A
                O       O       11s  22s     1.000
 34  O_20_20_A
                O       O       20   20      1.000
 35  O_20_22c_A
                O       O       20   22c     1.000
 36  O_20_22s_A
                O       O       20   22s     1.000
 37  O_21c_21c_A
                O       O       21c  21c     1.000
 38  O_21c_21s_A
                O       O       21c  21s     1.000
 39  O_21s_21s_A
                O       O       21s  21s     1.000
 40  O_22c_22c_A
                O       O       22c  22c     1.000
 41  O_22c_22s_A
                O       O       22c  22s     1.000
 42  O_22s_22s_A
                O       O       22s  22s     1.000
 43  H1_10_10_A
                H1      H1      10   10      1.000
 44  H1_11c_11c_A
                H1      H1      11c  11c     1.000
 45  H1_11c_11s_A
                H1      H1      11c  11s     1.000
 46  H1_11s_11s_A
                H1      H1      11s  11s     1.000
 47  N_10_10_A
                N       N       10   10      1.000
 48  N_10_21c_A
                N       N       10   21c     1.000
 49  N_10_21s_A
                N       N       10   21s     1.000
 50  N_11c_11c_A
                N       N       11c  11c     1.000
 51  N_11c_11s_A
                N       N       11c  11s     1.000
 52  N_11c_20_A
                N       N       11c  20      1.000
 53  N_11c_22c_A
                N       N       11c  22c     1.000
 54  N_11c_22s_A
                N       N       11c  22s     1.000
 55  N_11s_11s_A
                N       N       11s  11s     1.000
 56  N_11s_20_A
                N       N       11s  20      1.000
 57  N_11s_22c_A
                N       N       11s  22c     1.000
 58  N_11s_22s_A
                N       N       11s  22s     1.000
 59  N_20_20_A
                N       N       20   20      1.000
 60  N_20_22c_A
                N       N       20   22c     1.000
 61  N_20_22s_A
                N       N       20   22s     1.000
 62  N_21c_21c_A
                N       N       21c  21c     1.000
 63  N_21c_21s_A
                N       N       21c  21s     1.000
 64  N_21s_21s_A
                N       N       21s  21s     1.000
 65  N_22c_22c_A
                N       N       22c  22c     1.000
 66  N_22c_22s_A
                N       N       22c  22s     1.000
 67  N_22s_22s_A
                N       N       22s  22s     1.000
 68  H2_10_10_A
                H2      H2      10   10      1.000
 69  H2_11c_11c_A
                H2      H2      11c  11c     1.000
 70  H2_11c_11s_A
                H2      H2      11c  11s     1.000
 71  H2_11s_11s_A
                H2      H2      11s  11s     1.000
 72  H3_10_10_A
                H3      H3      10   10      1.000
 73  H3_11c_11c_A
                H3      H3      11c  11c     1.000
 74  H3_11c_11s_A
                H3      H3      11c  11s     1.000
 75  H3_11s_11s_A
                H3      H3      11s  11s     1.000
Reading penalties


Static polarizabilities

Response values:
Maximum          0.0034745076
Minimum         -0.0018964678
Range            0.0053709754
Min. magnitude   0.0000000045

Parameter values: 
  1            1.46553303     C_10_10_A
  2            1.32495848     C_10_21c_A
  3           -1.50763114     C_10_21s_A
  4            2.23529166     C_11c_11c_A
  5            0.19414415     C_11c_11s_A
  6           -1.36759890     C_11c_20_A
  7            3.72806155     C_11c_22c_A
  8           -1.60506061     C_11c_22s_A
  9            1.97557903     C_11s_11s_A
 10            0.20879748     C_11s_20_A
 11            0.58674486     C_11s_22c_A
 12            0.10249491     C_11s_22s_A
 13            7.68208173     C_20_20_A
 14            0.05629440     C_20_22c_A
 15           -0.43867756     C_20_22s_A
 16            8.35204512     C_21c_21c_A
 17            0.85191872     C_21c_21s_A
 18            7.37996831     C_21s_21s_A
 19            8.27239565     C_22c_22c_A
 20            1.96160819     C_22c_22s_A
 21           10.63075882     C_22s_22s_A
 22            1.14910175     O_10_10_A
 23            0.74109718     O_10_21c_A
 24            0.44369805     O_10_21s_A
 25            1.15248110     O_11c_11c_A
 26           -0.09430399     O_11c_11s_A
 27           -0.76182879     O_11c_20_A
 28            0.95632389     O_11c_22c_A
 29            0.51377900     O_11c_22s_A
 30            1.06256854     O_11s_11s_A
 31           -0.27387843     O_11s_20_A
 32            0.05296769     O_11s_22c_A
 33            1.32206863     O_11s_22s_A
 34            3.95897450     O_20_20_A
 35           -1.10799648     O_20_22c_A
 36            0.84785719     O_20_22s_A
 37            7.28272588     O_21c_21c_A
 38           -0.67899282     O_21c_21s_A
 39            4.04824466     O_21s_21s_A
 40            6.11757461     O_22c_22c_A
 41           -1.33807617     O_22c_22s_A
 42            4.38231701     O_22s_22s_A
 43            0.52634462     H1_10_10_A
 44            0.50596591     H1_11c_11c_A
 45            0.08222004     H1_11c_11s_A
 46            0.60613667     H1_11s_11s_A
 47            1.15479689     N_10_10_A
 48           -0.10930284     N_10_21c_A
 49            0.62912753     N_10_21s_A
 50            1.64765055     N_11c_11c_A
 51            0.01898015     N_11c_11s_A
 52            0.83736752     N_11c_20_A
 53           -1.73886560     N_11c_22c_A
 54            0.98883986     N_11c_22s_A
 55            1.68470900     N_11s_11s_A
 56           -0.12755787     N_11s_20_A
 57            0.29596144     N_11s_22c_A
 58            1.00695148     N_11s_22s_A
 59            8.73783577     N_20_20_A
 60            0.44138982     N_20_22c_A
 61            0.43151029     N_20_22s_A
 62            7.81831796     N_21c_21c_A
 63            1.11820261     N_21c_21s_A
 64           10.03493147     N_21s_21s_A
 65            9.44511143     N_22c_22c_A
 66           -1.03093976     N_22c_22s_A
 67            6.78756953     N_22s_22s_A
 68            0.39915299     H2_10_10_A
 69            0.26058536     H2_11c_11c_A
 70            0.05683049     H2_11c_11s_A
 71            0.43750431     H2_11s_11s_A
 72            0.40583864     H3_10_10_A
 73            0.39541986     H3_11c_11c_A
 74           -0.09179738     H3_11c_11s_A
 75            0.38557928     H3_11s_11s_A
Residuals               per cent of range
Maximum      0.00004372       0.814
Minimum     -0.00007184      -1.338
R.m.s.       0.00000257       0.048
Sum of squared residuals =         0.00000

Parameter                Fitted      Anchor    Difference   Penalty
C_10_10_A                1.46553     1.39147     0.07407    2.10997E-08
C_10_21c_A               1.32496     1.26330     0.06166    0.00000E+00
C_10_21s_A              -1.50763     0.16531    -1.67295    0.00000E+00
C_11c_11c_A              2.23529     2.20656     0.02873    3.17432E-09
C_11c_11s_A              0.19414     0.21128    -0.01713    1.12922E-09
C_11c_20_A              -1.36760    -1.12413    -0.24347    0.00000E+00
C_11c_22c_A              3.72806     3.23842     0.48964    0.00000E+00
C_11c_22s_A             -1.60506    -1.03727    -0.56779    0.00000E+00
C_11s_11s_A              1.97558     1.96705     0.00853    2.79802E-10
C_11s_20_A               0.20880    -0.60368     0.81247    0.00000E+00
C_11s_22c_A              0.58674     1.04975    -0.46301    0.00000E+00
C_11s_22s_A              0.10249     0.16716    -0.06467    0.00000E+00
C_20_20_A                7.68208     5.28941     2.39267    0.00000E+00
C_20_22c_A               0.05629    -3.00160     3.05789    0.00000E+00
C_20_22s_A              -0.43868    -1.81589     1.37721    0.00000E+00
C_21c_21c_A              8.35205    12.75755    -4.40551    0.00000E+00
C_21c_21s_A              0.85192     0.91324    -0.06132    0.00000E+00
C_21s_21s_A              7.37997     5.61405     1.76592    0.00000E+00
C_22c_22c_A              8.27240    22.29139   -14.01899    0.00000E+00
C_22c_22s_A              1.96161     3.92820    -1.96659    0.00000E+00
C_22s_22s_A             10.63076    17.75240    -7.12164    0.00000E+00
O_10_10_A                1.14910     1.09300     0.05610    1.21043E-08
O_10_21c_A               0.74110     0.54680     0.19430    0.00000E+00
O_10_21s_A               0.44370    -0.20310     0.64680    0.00000E+00
O_11c_11c_A              1.15248     1.12399     0.02849    3.12158E-09
O_11c_11s_A             -0.09430    -0.08895    -0.00536    1.10353E-10
O_11c_20_A              -0.76183    -0.88139     0.11956    0.00000E+00
O_11c_22c_A              0.95632     0.27961     0.67671    0.00000E+00
O_11c_22s_A              0.51378    -0.14284     0.65662    0.00000E+00
O_11s_11s_A              1.06257     1.03966     0.02290    2.01777E-09
O_11s_20_A              -0.27388     0.04649    -0.32037    0.00000E+00
O_11s_22c_A              0.05297     0.21674    -0.16377    0.00000E+00
O_11s_22s_A              1.32207     0.38948     0.93259    0.00000E+00
O_20_20_A                3.95897     3.78335     0.17562    0.00000E+00
O_20_22c_A              -1.10800    -0.23000    -0.87800    0.00000E+00
O_20_22s_A               0.84786    -0.52699     1.37485    0.00000E+00
O_21c_21c_A              7.28273     6.87927     0.40345    0.00000E+00
O_21c_21s_A             -0.67899     0.96471    -1.64371    0.00000E+00
O_21s_21s_A              4.04824     4.54041    -0.49217    0.00000E+00
O_22c_22c_A              6.11757     6.72153    -0.60396    0.00000E+00
O_22c_22s_A             -1.33808     1.50710    -2.84518    0.00000E+00
O_22s_22s_A              4.38232     6.65563    -2.27332    0.00000E+00
H1_10_10_A               0.52634     0.49566     0.03069    3.62196E-09
H1_11c_11c_A             0.50597     0.44324     0.06272    1.51312E-08
H1_11c_11s_A             0.08222     0.08820    -0.00598    1.37440E-10
H1_11s_11s_A             0.60614     0.63942    -0.03328    4.26109E-09
N_10_10_A                1.15480     1.09256     0.06223    1.48967E-08
N_10_21c_A              -0.10930     0.57640    -0.68571    0.00000E+00
N_10_21s_A               0.62913     0.41969     0.20944    0.00000E+00
N_11c_11c_A              1.64765     1.61265     0.03500    4.71171E-09
N_11c_11s_A              0.01898     0.01986    -0.00088    2.98741E-12
N_11c_20_A               0.83737     0.53790     0.29947    0.00000E+00
N_11c_22c_A             -1.73887     0.65016    -2.38903    0.00000E+00
N_11c_22s_A              0.98884     1.50354    -0.51470    0.00000E+00
N_11s_11s_A              1.68471     1.68059     0.00412    6.53471E-11
N_11s_20_A              -0.12756     0.37671    -0.50427    0.00000E+00
N_11s_22c_A              0.29596    -0.83297     1.12893    0.00000E+00
N_11s_22s_A              1.00695     1.28411    -0.27716    0.00000E+00
N_20_20_A                8.73784     8.85244    -0.11461    0.00000E+00
N_20_22c_A               0.44139    -0.35638     0.79777    0.00000E+00
N_20_22s_A               0.43151    -2.75214     3.18365    0.00000E+00
N_21c_21c_A              7.81832     9.42977    -1.61145    0.00000E+00
N_21c_21s_A              1.11820     2.19656    -1.07835    0.00000E+00
N_21s_21s_A             10.03493     9.01469     1.02024    0.00000E+00
N_22c_22c_A              9.44511    14.03050    -4.58539    0.00000E+00
N_22c_22s_A             -1.03094    -0.92889    -0.10205    0.00000E+00
N_22s_22s_A              6.78757    11.95410    -5.16653    0.00000E+00
H2_10_10_A               0.39915     0.52035    -0.12120    5.64980E-08
H2_11c_11c_A             0.26059     0.30754    -0.04695    8.47951E-09
H2_11c_11s_A             0.05683     0.06565    -0.00882    2.99294E-10
H2_11s_11s_A             0.43750     0.50702    -0.06952    1.85890E-08
H3_10_10_A               0.40584     0.52221    -0.11637    5.20867E-08
H3_11c_11c_A             0.39542     0.46618    -0.07076    1.92593E-08
H3_11c_11s_A            -0.09180    -0.14156     0.04976    9.52405E-09
H3_11s_11s_A             0.38558     0.36449     0.02109    1.71034E-09

Sum of penalties =     2.52312E-07
Polarizability array for site C is not positive definite
Negative eigenvalues and corresponding eigenvectors:
   -0.258704
  0.0000  0.0000  0.8636  0.0124  0.1631  0.0000  0.0000 -0.4278  0.2108
WARNING: string truncated

Total molecular polarizability
      00          z           x           y           20          21c         21s         22c         22s
     0.00000     0.00000     0.00000     0.00000     0.00000     0.00000     0.00000     0.00000     0.00000
     0.00000     5.10077     0.00000     0.00000     0.00000    -0.15842    -7.07508     0.00000     0.00000
     0.00000     0.00000     6.41799     0.13940     0.32438     0.00000     0.00000     0.08412    -8.52465
     0.00000     0.00000     0.13940     5.93149     4.99148     0.00000     0.00000     8.74612    -1.39627
     0.00000     0.00000     0.32438     4.99148    55.05120     0.00000     0.00000    -6.73315   -25.11119
     0.00000    -0.15842     0.00000     0.00000     0.00000    71.35847    20.17025     0.00000     0.00000
     0.00000    -7.07508     0.00000     0.00000     0.00000    20.17025    59.41365     0.00000     0.00000
     0.00000     0.00000     0.08412     8.74612    -6.73315     0.00000     0.00000   127.48553     4.05317
     0.00000     0.00000    -8.52465    -1.39627   -25.11119     0.00000     0.00000     4.05317   116.41999
Mean polarizability       =   5.81675
Polarizability anisotropy =   1.17865
Finished
