Batch  1:   500 points

Sites
C             0.000000    0.000000    0.000000
*** Warning: type C was not defined

O             2.290632    0.000000    0.000000
*** Warning: type O was not defined

H1           -1.139082    1.772468    0.000000
*** Warning: type H1 was not defined

N            -1.459853   -2.102051    0.000000
*** Warning: type N was not defined

H2           -3.362090   -1.984186    0.000000
*** Warning: type H2 was not defined

H3           -0.627102   -3.821892    0.000000
*** Warning: type H3 was not defined


Polarizability parameters
                  Sites       Components  Coefficient
  1  C_10_10_A
                C       C       10   10      1.000
  2  C_10_21c_A
                C       C       10   21c     1.000
  3  C_10_21s_A
                C       C       10   21s     1.000
  4  C_11c_11c_A
                C       C       11c  11c     1.000
  5  C_11c_11s_A
                C       C       11c  11s     1.000
  6  C_11c_20_A
                C       C       11c  20      1.000
  7  C_11c_22c_A
                C       C       11c  22c     1.000
  8  C_11c_22s_A
                C       C       11c  22s     1.000
  9  C_11s_11s_A
                C       C       11s  11s     1.000
 10  C_11s_20_A
                C       C       11s  20      1.000
 11  C_11s_22c_A
                C       C       11s  22c     1.000
 12  C_11s_22s_A
                C       C       11s  22s     1.000
 13  C_20_20_A
                C       C       20   20      1.000
 14  C_20_22c_A
                C       C       20   22c     1.000
 15  C_20_22s_A
                C       C       20   22s     1.000
 16  C_21c_21c_A
                C       C       21c  21c     1.000
 17  C_21c_21s_A
                C       C       21c  21s     1.000
 18  C_21s_21s_A
                C       C       21s  21s     1.000
 19  C_22c_22c_A
                C       C       22c  22c     1.000
 20  C_22c_22s_A
                C       C       22c  22s     1.000
 21  C_22s_22s_A
                C       C       22s  22s     1.000
 22  O_10_10_A
                O       O       10   10      1.000
 23  O_10_21c_A
                O       O       10   21c     1.000
 24  O_10_21s_A
                O       O       10   21s     1.000
 25  O_11c_11c_A
                O       O       11c  11c     1.000
 26  O_11c_11s_A
                O       O       11c  11s     1.000
 27  O_11c_20_A
                O       O       11c  20      1.000
 28  O_11c_22c_A
                O       O       11c  22c     1.000
 29  O_11c_22s_A
                O       O       11c  22s     1.000
 30  O_11s_11s_A
                O       O       11s  11s     1.000
 31  O_11s_20_A
                O       O       11s  20      1.000
 32  O_11s_22c_A
                O       O       11s  22c     1.000
 33  O_11s_22s_A
                O       O       11s  22s     1.000
 34  O_20_20_A
                O       O       20   20      1.000
 35  O_20_22c_A
                O       O       20   22c     1.000
 36  O_20_22s_A
                O       O       20   22s     1.000
 37  O_21c_21c_A
                O       O       21c  21c     1.000
 38  O_21c_21s_A
                O       O       21c  21s     1.000
 39  O_21s_21s_A
                O       O       21s  21s     1.000
 40  O_22c_22c_A
                O       O       22c  22c     1.000
 41  O_22c_22s_A
                O       O       22c  22s     1.000
 42  O_22s_22s_A
                O       O       22s  22s     1.000
 43  H1_10_10_A
                H1      H1      10   10      1.000
 44  H1_11c_11c_A
                H1      H1      11c  11c     1.000
 45  H1_11c_11s_A
                H1      H1      11c  11s     1.000
 46  H1_11s_11s_A
                H1      H1      11s  11s     1.000
 47  N_10_10_A
                N       N       10   10      1.000
 48  N_10_21c_A
                N       N       10   21c     1.000
 49  N_10_21s_A
                N       N       10   21s     1.000
 50  N_11c_11c_A
                N       N       11c  11c     1.000
 51  N_11c_11s_A
                N       N       11c  11s     1.000
 52  N_11c_20_A
                N       N       11c  20      1.000
 53  N_11c_22c_A
                N       N       11c  22c     1.000
 54  N_11c_22s_A
                N       N       11c  22s     1.000
 55  N_11s_11s_A
                N       N       11s  11s     1.000
 56  N_11s_20_A
                N       N       11s  20      1.000
 57  N_11s_22c_A
                N       N       11s  22c     1.000
 58  N_11s_22s_A
                N       N       11s  22s     1.000
 59  N_20_20_A
                N       N       20   20      1.000
 60  N_20_22c_A
                N       N       20   22c     1.000
 61  N_20_22s_A
                N       N       20   22s     1.000
 62  N_21c_21c_A
                N       N       21c  21c     1.000
 63  N_21c_21s_A
                N       N       21c  21s     1.000
 64  N_21s_21s_A
                N       N       21s  21s     1.000
 65  N_22c_22c_A
                N       N       22c  22c     1.000
 66  N_22c_22s_A
                N       N       22c  22s     1.000
 67  N_22s_22s_A
                N       N       22s  22s     1.000
 68  H2_10_10_A
                H2      H2      10   10      1.000
 69  H2_11c_11c_A
                H2      H2      11c  11c     1.000
 70  H2_11c_11s_A
                H2      H2      11c  11s     1.000
 71  H2_11s_11s_A
                H2      H2      11s  11s     1.000
 72  H3_10_10_A
                H3      H3      10   10      1.000
 73  H3_11c_11c_A
                H3      H3      11c  11c     1.000
 74  H3_11c_11s_A
                H3      H3      11c  11s     1.000
 75  H3_11s_11s_A
                H3      H3      11s  11s     1.000
Reading penalties


Static polarizabilities

Response values:
Maximum          0.0071811700
Minimum         -0.0039072566
Range            0.0110884266
Min. magnitude   0.0000000028

Parameter values: 
  1            2.63301643     C_10_10_A
  2            2.40673574     C_10_21c_A
  3           -2.89415432     C_10_21s_A
  4            4.61352259     C_11c_11c_A
  5            0.45315327     C_11c_11s_A
  6           -2.51032379     C_11c_20_A
  7            8.36319346     C_11c_22c_A
  8           -3.32658598     C_11c_22s_A
  9            3.96635399     C_11s_11s_A
 10            0.28443399     C_11s_20_A
 11            1.00148104     C_11s_22c_A
 12           -1.58614339     C_11s_22s_A
 13           11.94035429     C_20_20_A
 14            1.57028025     C_20_22c_A
 15            0.80568603     C_20_22s_A
 16           18.23268694     C_21c_21c_A
 17            1.72537770     C_21c_21s_A
 18           16.75895991     C_21s_21s_A
 19           14.72474540     C_22c_22c_A
 20            4.03169795     C_22c_22s_A
 21           19.60528123     C_22s_22s_A
 22            2.15765915     O_10_10_A
 23            1.24923362     O_10_21c_A
 24            0.90502799     O_10_21s_A
 25            2.48352102     O_11c_11c_A
 26           -0.10949510     O_11c_11s_A
 27           -1.33938026     O_11c_20_A
 28            1.40210222     O_11c_22c_A
 29            0.86368443     O_11c_22s_A
 30            2.11702833     O_11s_11s_A
 31           -0.44887305     O_11s_20_A
 32            0.11771970     O_11s_22c_A
 33            2.44661179     O_11s_22s_A
 34            6.99851570     O_20_20_A
 35           -1.09291845     O_20_22c_A
 36            1.73594949     O_20_22s_A
 37           14.45341151     O_21c_21c_A
 38           -1.36351749     O_21c_21s_A
 39            7.39564272     O_21s_21s_A
 40           11.08411280     O_22c_22c_A
 41           -3.55097604     O_22c_22s_A
 42            7.25310396     O_22s_22s_A
 43            1.04040877     H1_10_10_A
 44            1.15209306     H1_11c_11c_A
 45            0.19118968     H1_11c_11s_A
 46            1.29188430     H1_11s_11s_A
 47            2.28626015     N_10_10_A
 48           -0.23162544     N_10_21c_A
 49            1.55436364     N_10_21s_A
 50            3.43868198     N_11c_11c_A
 51            0.16945661     N_11c_11s_A
 52            1.58697953     N_11c_20_A
 53           -3.78547934     N_11c_22c_A
 54            2.32669287     N_11c_22s_A
 55            3.50202760     N_11s_11s_A
 56           -0.28830090     N_11s_20_A
 57            0.60903807     N_11s_22c_A
 58            2.84854032     N_11s_22s_A
 59           14.83987892     N_20_20_A
 60            0.42517380     N_20_22c_A
 61            1.74441713     N_20_22s_A
 62           15.38112725     N_21c_21c_A
 63            2.95341632     N_21c_21s_A
 64           20.05762038     N_21s_21s_A
 65           17.43682262     N_22c_22c_A
 66           -2.70037056     N_22c_22s_A
 67           10.43644856     N_22s_22s_A
 68            0.76037811     H2_10_10_A
 69            0.59485257     H2_11c_11c_A
 70            0.13738834     H2_11c_11s_A
 71            0.90998615     H2_11s_11s_A
 72            0.79442922     H3_10_10_A
 73            0.87250401     H3_11c_11c_A
 74           -0.17798556     H3_11c_11s_A
 75            0.78096800     H3_11s_11s_A
Residuals               per cent of range
Maximum      0.00009025       0.814
Minimum     -0.00016973      -1.531
R.m.s.       0.00000585       0.053
Sum of squared residuals =         0.00000

Parameter                Fitted      Anchor    Difference   Penalty
C_10_10_A                2.63302     2.53778     0.09523    6.23105E-08
C_10_21c_A               2.40674     2.19740     0.20933    0.00000E+00
C_10_21s_A              -2.89415     0.30830    -3.20246    0.00000E+00
C_11c_11c_A              4.61352     4.57344     0.04009    1.10404E-08
C_11c_11s_A              0.45315     0.47904    -0.02589    4.60447E-09
C_11c_20_A              -2.51032    -2.10789    -0.40244    0.00000E+00
C_11c_22c_A              8.36319     7.50313     0.86007    0.00000E+00
C_11c_22s_A             -3.32659    -1.96061    -1.36598    0.00000E+00
C_11s_11s_A              3.96635     3.95651     0.00984    6.65396E-10
C_11s_20_A               0.28443    -1.03825     1.32268    0.00000E+00
C_11s_22c_A              1.00148     1.91017    -0.90869    0.00000E+00
C_11s_22s_A             -1.58614    -0.85954    -0.72661    0.00000E+00
C_20_20_A               11.94035     7.35451     4.58584    0.00000E+00
C_20_22c_A               1.57028    -4.16376     5.73404    0.00000E+00
C_20_22s_A               0.80569    -0.19283     0.99852    0.00000E+00
C_21c_21c_A             18.23269    25.13513    -6.90245    0.00000E+00
C_21c_21s_A              1.72538     1.57572     0.14966    0.00000E+00
C_21s_21s_A             16.75896    11.22187     5.53709    0.00000E+00
C_22c_22c_A             14.72475    41.86962   -27.14487    0.00000E+00
C_22c_22s_A              4.03170     5.36737    -1.33567    0.00000E+00
C_22s_22s_A             19.60528    30.64152   -11.03624    0.00000E+00
O_10_10_A                2.15766     2.08784     0.06982    3.34937E-08
O_10_21c_A               1.24923     0.98802     0.26121    0.00000E+00
O_10_21s_A               0.90503    -0.40676     1.31179    0.00000E+00
O_11c_11c_A              2.48352     2.44532     0.03820    1.00261E-08
O_11c_11s_A             -0.10950    -0.09631    -0.01319    1.19463E-09
O_11c_20_A              -1.33938    -1.45138     0.11200    0.00000E+00
O_11c_22c_A              1.40210     0.14684     1.25527    0.00000E+00
O_11c_22s_A              0.86368    -0.39913     1.26281    0.00000E+00
O_11s_11s_A              2.11703     2.08947     0.02756    5.21962E-09
O_11s_20_A              -0.44887     0.14821    -0.59708    0.00000E+00
O_11s_22c_A              0.11772     0.17831    -0.06059    0.00000E+00
O_11s_22s_A              2.44661     0.67625     1.77036    0.00000E+00
O_20_20_A                6.99852     7.03643    -0.03792    0.00000E+00
O_20_22c_A              -1.09292     0.86534    -1.95826    0.00000E+00
O_20_22s_A               1.73595    -1.20401     2.93996    0.00000E+00
O_21c_21c_A             14.45341    13.07562     1.37779    0.00000E+00
O_21c_21s_A             -1.36352     2.03714    -3.40066    0.00000E+00
O_21s_21s_A              7.39564     9.13816    -1.74252    0.00000E+00
O_22c_22c_A             11.08411    11.65501    -0.57089    0.00000E+00
O_22c_22s_A             -3.55098     2.98746    -6.53844    0.00000E+00
O_22s_22s_A              7.25310    12.76960    -5.51649    0.00000E+00
H1_10_10_A               1.04041     0.99092     0.04948    1.68236E-08
H1_11c_11c_A             1.15209     1.05607     0.09602    6.33495E-08
H1_11c_11s_A             0.19119     0.18944     0.00175    2.10148E-11
H1_11s_11s_A             1.29188     1.32671    -0.03482    8.33096E-09
N_10_10_A                2.28626     2.20686     0.07940    4.33136E-08
N_10_21c_A              -0.23163     0.70586    -0.93748    0.00000E+00
N_10_21s_A               1.55436     0.65779     0.89657    0.00000E+00
N_11c_11c_A              3.43868     3.39126     0.04742    1.54517E-08
N_11c_11s_A              0.16946     0.17190    -0.00244    4.10393E-11
N_11c_20_A               1.58698     1.03300     0.55398    0.00000E+00
N_11c_22c_A             -3.78548     0.30179    -4.08727    0.00000E+00
N_11c_22s_A              2.32669     2.98890    -0.66221    0.00000E+00
N_11s_11s_A              3.50203     3.49752     0.00450    1.39405E-10
N_11s_20_A              -0.28830     0.58400    -0.87230    0.00000E+00
N_11s_22c_A              0.60904    -1.30223     1.91126    0.00000E+00
N_11s_22s_A              2.84854     2.90639    -0.05785    0.00000E+00
N_20_20_A               14.83988    16.46944    -1.62956    0.00000E+00
N_20_22c_A               0.42517    -1.53324     1.95842    0.00000E+00
N_20_22s_A               1.74442    -3.25215     4.99657    0.00000E+00
N_21c_21c_A             15.38113    18.15120    -2.77007    0.00000E+00
N_21c_21s_A              2.95342     3.80558    -0.85216    0.00000E+00
N_21s_21s_A             20.05762    17.95772     2.09990    0.00000E+00
N_22c_22c_A             17.43682    23.92993    -6.49311    0.00000E+00
N_22c_22s_A             -2.70037     0.30781    -3.00818    0.00000E+00
N_22s_22s_A             10.43645    19.87650    -9.44005    0.00000E+00
H2_10_10_A               0.76038     0.92212    -0.16175    1.79742E-07
H2_11c_11c_A             0.59485     0.67263    -0.07778    4.15619E-08
H2_11c_11s_A             0.13739     0.14480    -0.00741    3.77095E-10
H2_11s_11s_A             0.90999     0.99642    -0.08643    5.13227E-08
H3_10_10_A               0.79443     0.96404    -0.16961    1.97645E-07
H3_11c_11c_A             0.87250     0.98256    -0.11006    8.32205E-08
H3_11c_11s_A            -0.17799    -0.24706     0.06907    3.27796E-08
H3_11s_11s_A             0.78097     0.76405     0.01692    1.96680E-09

Sum of penalties =     8.64641E-07
Polarizability array for site C is not positive definite
Negative eigenvalues and corresponding eigenvectors:
   -1.815127
  0.0000  0.0000  0.8193  0.0709  0.1912  0.0000  0.0000 -0.4897  0.2175
WARNING: string truncated

Total molecular polarizability
      00          z           x           y           20          21c         21s         22c         22s
     0.00000     0.00000     0.00000     0.00000     0.00000     0.00000     0.00000     0.00000     0.00000
     0.00000     9.67215     0.00000     0.00000     0.00000    -1.01765   -13.42342     0.00000     0.00000
     0.00000     0.00000    13.53839     0.50964     1.49283     0.00000     0.00000     0.41333   -17.51842
     0.00000     0.00000     0.50964    12.18504    10.34389     0.00000     0.00000    18.16253    -5.26590
     0.00000     0.00000     1.49283    10.34389   107.32213     0.00000     0.00000    -9.73225   -48.20856
     0.00000    -1.01765     0.00000     0.00000     0.00000   138.37547    39.34437     0.00000     0.00000
     0.00000   -13.42342     0.00000     0.00000     0.00000    39.34437   116.21444     0.00000     0.00000
     0.00000     0.00000     0.41333    18.16253    -9.73225     0.00000     0.00000   258.24317    10.96471
     0.00000     0.00000   -17.51842    -5.26590   -48.20856     0.00000     0.00000    10.96471   228.43818
Mean polarizability       =  11.79853
Polarizability anisotropy =   3.51086
Finished
