Batch  1:   500 points

Sites
C             0.000000    0.000000    0.000000
*** Warning: type C was not defined

O             2.290632    0.000000    0.000000
*** Warning: type O was not defined

H1           -1.139082    1.772468    0.000000
*** Warning: type H1 was not defined

N            -1.459853   -2.102051    0.000000
*** Warning: type N was not defined

H2           -3.362090   -1.984186    0.000000
*** Warning: type H2 was not defined

H3           -0.627102   -3.821892    0.000000
*** Warning: type H3 was not defined


Polarizability parameters
                  Sites       Components  Coefficient
  1  C_10_10_A
                C       C       10   10      1.000
  2  C_10_21c_A
                C       C       10   21c     1.000
  3  C_10_21s_A
                C       C       10   21s     1.000
  4  C_11c_11c_A
                C       C       11c  11c     1.000
  5  C_11c_11s_A
                C       C       11c  11s     1.000
  6  C_11c_20_A
                C       C       11c  20      1.000
  7  C_11c_22c_A
                C       C       11c  22c     1.000
  8  C_11c_22s_A
                C       C       11c  22s     1.000
  9  C_11s_11s_A
                C       C       11s  11s     1.000
 10  C_11s_20_A
                C       C       11s  20      1.000
 11  C_11s_22c_A
                C       C       11s  22c     1.000
 12  C_11s_22s_A
                C       C       11s  22s     1.000
 13  C_20_20_A
                C       C       20   20      1.000
 14  C_20_22c_A
                C       C       20   22c     1.000
 15  C_20_22s_A
                C       C       20   22s     1.000
 16  C_21c_21c_A
                C       C       21c  21c     1.000
 17  C_21c_21s_A
                C       C       21c  21s     1.000
 18  C_21s_21s_A
                C       C       21s  21s     1.000
 19  C_22c_22c_A
                C       C       22c  22c     1.000
 20  C_22c_22s_A
                C       C       22c  22s     1.000
 21  C_22s_22s_A
                C       C       22s  22s     1.000
 22  O_10_10_A
                O       O       10   10      1.000
 23  O_10_21c_A
                O       O       10   21c     1.000
 24  O_10_21s_A
                O       O       10   21s     1.000
 25  O_11c_11c_A
                O       O       11c  11c     1.000
 26  O_11c_11s_A
                O       O       11c  11s     1.000
 27  O_11c_20_A
                O       O       11c  20      1.000
 28  O_11c_22c_A
                O       O       11c  22c     1.000
 29  O_11c_22s_A
                O       O       11c  22s     1.000
 30  O_11s_11s_A
                O       O       11s  11s     1.000
 31  O_11s_20_A
                O       O       11s  20      1.000
 32  O_11s_22c_A
                O       O       11s  22c     1.000
 33  O_11s_22s_A
                O       O       11s  22s     1.000
 34  O_20_20_A
                O       O       20   20      1.000
 35  O_20_22c_A
                O       O       20   22c     1.000
 36  O_20_22s_A
                O       O       20   22s     1.000
 37  O_21c_21c_A
                O       O       21c  21c     1.000
 38  O_21c_21s_A
                O       O       21c  21s     1.000
 39  O_21s_21s_A
                O       O       21s  21s     1.000
 40  O_22c_22c_A
                O       O       22c  22c     1.000
 41  O_22c_22s_A
                O       O       22c  22s     1.000
 42  O_22s_22s_A
                O       O       22s  22s     1.000
 43  H1_10_10_A
                H1      H1      10   10      1.000
 44  H1_11c_11c_A
                H1      H1      11c  11c     1.000
 45  H1_11c_11s_A
                H1      H1      11c  11s     1.000
 46  H1_11s_11s_A
                H1      H1      11s  11s     1.000
 47  N_10_10_A
                N       N       10   10      1.000
 48  N_10_21c_A
                N       N       10   21c     1.000
 49  N_10_21s_A
                N       N       10   21s     1.000
 50  N_11c_11c_A
                N       N       11c  11c     1.000
 51  N_11c_11s_A
                N       N       11c  11s     1.000
 52  N_11c_20_A
                N       N       11c  20      1.000
 53  N_11c_22c_A
                N       N       11c  22c     1.000
 54  N_11c_22s_A
                N       N       11c  22s     1.000
 55  N_11s_11s_A
                N       N       11s  11s     1.000
 56  N_11s_20_A
                N       N       11s  20      1.000
 57  N_11s_22c_A
                N       N       11s  22c     1.000
 58  N_11s_22s_A
                N       N       11s  22s     1.000
 59  N_20_20_A
                N       N       20   20      1.000
 60  N_20_22c_A
                N       N       20   22c     1.000
 61  N_20_22s_A
                N       N       20   22s     1.000
 62  N_21c_21c_A
                N       N       21c  21c     1.000
 63  N_21c_21s_A
                N       N       21c  21s     1.000
 64  N_21s_21s_A
                N       N       21s  21s     1.000
 65  N_22c_22c_A
                N       N       22c  22c     1.000
 66  N_22c_22s_A
                N       N       22c  22s     1.000
 67  N_22s_22s_A
                N       N       22s  22s     1.000
 68  H2_10_10_A
                H2      H2      10   10      1.000
 69  H2_11c_11c_A
                H2      H2      11c  11c     1.000
 70  H2_11c_11s_A
                H2      H2      11c  11s     1.000
 71  H2_11s_11s_A
                H2      H2      11s  11s     1.000
 72  H3_10_10_A
                H3      H3      10   10      1.000
 73  H3_11c_11c_A
                H3      H3      11c  11c     1.000
 74  H3_11c_11s_A
                H3      H3      11c  11s     1.000
 75  H3_11s_11s_A
                H3      H3      11s  11s     1.000
Reading penalties


Static polarizabilities

Response values:
Maximum          0.0169603400
Minimum         -0.0090069263
Range            0.0259672663
Min. magnitude   0.0000000044

Parameter values: 
  1            5.06051659     C_10_10_A
  2            3.27699899     C_10_21c_A
  3           -7.27860335     C_10_21s_A
  4           11.56837339     C_11c_11c_A
  5            1.81890593     C_11c_11s_A
  6           -4.17951551     C_11c_20_A
  7           25.97075619     C_11c_22c_A
  8           -8.73735870     C_11c_22s_A
  9            9.49965765     C_11s_11s_A
 10           -0.26192650     C_11s_20_A
 11            6.84423005     C_11s_22c_A
 12          -11.99648544     C_11s_22s_A
 13            5.12006597     C_20_20_A
 14            7.41246911     C_20_22c_A
 15            6.01268779     C_20_22s_A
 16           54.53820635     C_21c_21c_A
 17            6.22721997     C_21c_21s_A
 18           50.65815011     C_21s_21s_A
 19           41.11949083     C_22c_22c_A
 20            0.02424588     C_22c_22s_A
 21           50.01298382     C_22s_22s_A
 22            4.06772436     O_10_10_A
 23            1.82346351     O_10_21c_A
 24            2.36322133     O_10_21s_A
 25            6.27447217     O_11c_11c_A
 26            0.01030699     O_11c_11s_A
 27           -1.73762743     O_11c_20_A
 28           -0.83498020     O_11c_22c_A
 29            0.69744121     O_11c_22s_A
 30            4.41551521     O_11s_11s_A
 31           -0.08753870     O_11s_20_A
 32            0.63526023     O_11s_22c_A
 33            5.59064839     O_11s_22s_A
 34           13.14036111     O_20_20_A
 35            2.22934486     O_20_22c_A
 36            1.05371429     O_20_22s_A
 37           31.81786722     O_21c_21c_A
 38           -3.90542099     O_21c_21s_A
 39           15.56611987     O_21s_21s_A
 40           25.56549634     O_22c_22c_A
 41          -10.76290944     O_22c_22s_A
 42            8.97314767     O_22s_22s_A
 43            2.11712813     H1_10_10_A
 44            3.21272452     H1_11c_11c_A
 45            0.57901030     H1_11c_11s_A
 46            3.02526521     H1_11s_11s_A
 47            5.39599035     N_10_10_A
 48           -2.27672280     N_10_21c_A
 49            3.15800505     N_10_21s_A
 50            8.38201401     N_11c_11c_A
 51            1.34665026     N_11c_11s_A
 52            0.60325387     N_11c_20_A
 53           -7.60453062     N_11c_22c_A
 54            8.51384885     N_11c_22s_A
 55            8.67041239     N_11s_11s_A
 56           -2.88459035     N_11s_20_A
 57           -0.58166244     N_11s_22c_A
 58           10.43328440     N_11s_22s_A
 59           31.09343612     N_20_20_A
 60           -0.81385624     N_20_22c_A
 61            5.32828367     N_20_22s_A
 62           39.79000817     N_21c_21c_A
 63            8.40135998     N_21c_21s_A
 64           51.87203998     N_21s_21s_A
 65           42.32400009     N_22c_22c_A
 66          -12.42680143     N_22c_22s_A
 67           23.00746191     N_22s_22s_A
 68            1.23952709     H2_10_10_A
 69            1.40894622     H2_11c_11c_A
 70            0.46279989     H2_11c_11s_A
 71            1.90503156     H2_11s_11s_A
 72            1.46382301     H3_10_10_A
 73            1.98663087     H3_11c_11c_A
 74           -0.29149766     H3_11c_11s_A
 75            1.65653671     H3_11s_11s_A
Residuals               per cent of range
Maximum      0.00034957       1.346
Minimum     -0.00037522      -1.445
R.m.s.       0.00001522       0.059
Sum of squared residuals =         0.00003

Parameter                Fitted      Anchor    Difference   Penalty
C_10_10_A                5.06052     4.92215     0.13837    1.91210E-07
C_10_21c_A               3.27700     2.83716     0.43984    0.00000E+00
C_10_21s_A              -7.27860     0.02722    -7.30582    0.00000E+00
C_11c_11c_A             11.56837    11.50960     0.05877    3.44968E-08
C_11c_11s_A              1.81891     1.84819    -0.02929    8.56530E-09
C_11c_20_A              -4.17952    -4.18202     0.00250    0.00000E+00
C_11c_22c_A             25.97076    25.56745     0.40330    0.00000E+00
C_11c_22s_A             -8.73736    -5.59576    -3.14160    0.00000E+00
C_11s_11s_A              9.49966     9.48731     0.01235    1.52285E-09
C_11s_20_A              -0.26193    -2.23341     1.97148    0.00000E+00
C_11s_22c_A              6.84423     7.82062    -0.97639    0.00000E+00
C_11s_22s_A            -11.99649    -8.17796    -3.81853    0.00000E+00
C_20_20_A                5.12007     0.56870     4.55136    0.00000E+00
C_20_22c_A               7.41247    -2.63691    10.04938    0.00000E+00
C_20_22s_A               6.01269     9.24632    -3.23363    0.00000E+00
C_21c_21c_A             54.53821    67.74272   -13.20451    0.00000E+00
C_21c_21s_A              6.22722    10.27111    -4.04389    0.00000E+00
C_21s_21s_A             50.65815    31.76618    18.89197    0.00000E+00
C_22c_22c_A             41.11949    96.19861   -55.07912    0.00000E+00
C_22c_22s_A              0.02425    -8.44572     8.46997    0.00000E+00
C_22s_22s_A             50.01298    72.07394   -22.06096    0.00000E+00
O_10_10_A                4.06772     3.96987     0.09786    9.56353E-08
O_10_21c_A               1.82346     1.44211     0.38135    0.00000E+00
O_10_21s_A               2.36322    -0.89867     3.26189    0.00000E+00
O_11c_11c_A              6.27447     6.21087     0.06361    4.04032E-08
O_11c_11s_A              0.01031     0.03347    -0.02317    5.35981E-09
O_11c_20_A              -1.73763    -1.41075    -0.32688    0.00000E+00
O_11c_22c_A             -0.83498    -3.64298     2.80799    0.00000E+00
O_11c_22s_A              0.69744    -1.46218     2.15962    0.00000E+00
O_11s_11s_A              4.41552     4.36422     0.05130    2.62796E-08
O_11s_20_A              -0.08754     0.78361    -0.87115    0.00000E+00
O_11s_22c_A              0.63526     0.26272     0.37254    0.00000E+00
O_11s_22s_A              5.59065     0.98028     4.61036    0.00000E+00
O_20_20_A               13.14036    13.70256    -0.56220    0.00000E+00
O_20_22c_A               2.22934     5.45085    -3.22150    0.00000E+00
O_20_22s_A               1.05371    -3.64770     4.70142    0.00000E+00
O_21c_21c_A             31.81787    26.16925     5.64862    0.00000E+00
O_21c_21s_A             -3.90542     3.28230    -7.18772    0.00000E+00
O_21s_21s_A             15.56612    24.37964    -8.81352    0.00000E+00
O_22c_22c_A             25.56550    27.88364    -2.31814    0.00000E+00
O_22c_22s_A            -10.76291     5.13154   -15.89445    0.00000E+00
O_22s_22s_A              8.97315    26.06315   -17.09000    0.00000E+00
H1_10_10_A               2.11713     2.03321     0.08392    7.03382E-08
H1_11c_11c_A             3.21272     3.00011     0.21261    4.51447E-07
H1_11c_11s_A             0.57901     0.52672     0.05229    2.73080E-08
H1_11s_11s_A             3.02527     3.05891    -0.03365    1.13057E-08
N_10_10_A                5.39599     5.27625     0.11974    1.43184E-07
N_10_21c_A              -2.27672    -0.79773    -1.47899    0.00000E+00
N_10_21s_A               3.15801     0.48983     2.66817    0.00000E+00
N_11c_11c_A              8.38201     8.31853     0.06349    4.02527E-08
N_11c_11s_A              1.34665     1.32099     0.02566    6.57593E-09
N_11c_20_A               0.60325    -0.08556     0.68882    0.00000E+00
N_11c_22c_A             -7.60453    -0.51440    -7.09013    0.00000E+00
N_11c_22s_A              8.51385     9.45927    -0.94543    0.00000E+00
N_11s_11s_A              8.67041     8.66675     0.00366    1.33810E-10
N_11s_20_A              -2.88459    -1.32833    -1.55626    0.00000E+00
N_11s_22c_A             -0.58166    -3.47123     2.88956    0.00000E+00
N_11s_22s_A             10.43328     9.62003     0.81326    0.00000E+00
N_20_20_A               31.09344    33.49547    -2.40204    0.00000E+00
N_20_22c_A              -0.81386    -6.53036     5.71651    0.00000E+00
N_20_22s_A               5.32828    -3.08182     8.41011    0.00000E+00
N_21c_21c_A             39.79001    41.46378    -1.67377    0.00000E+00
N_21c_21s_A              8.40136     7.40049     1.00087    0.00000E+00
N_21s_21s_A             51.87204    43.64646     8.22558    0.00000E+00
N_22c_22c_A             42.32400    48.82379    -6.49979    0.00000E+00
N_22c_22s_A            -12.42680     3.07336   -15.50016    0.00000E+00
N_22s_22s_A             23.00746    41.52754   -18.52007    0.00000E+00
H2_10_10_A               1.23953     1.49256    -0.25303    6.39404E-07
H2_11c_11c_A             1.40895     1.59670    -0.18775    3.52040E-07
H2_11c_11s_A             0.46280     0.49687    -0.03407    1.15907E-08
H2_11s_11s_A             1.90503     2.05504    -0.15001    2.24736E-07
H3_10_10_A               1.46382     1.74743    -0.28360    8.03251E-07
H3_11c_11c_A             1.98663     2.20828    -0.22164    4.90621E-07
H3_11c_11s_A            -0.29150    -0.41099     0.11949    1.42603E-07
H3_11s_11s_A             1.65654     1.67189    -0.01535    2.35452E-09

Sum of penalties =     3.82062E-06
Polarizability array for site C is not positive definite
Negative eigenvalues and corresponding eigenvectors:
   -8.514041
  0.0000  0.0000  0.7331  0.1800  0.4415  0.0000  0.0000 -0.4744  0.1012
Polarizability array for site O is not positive definite
Negative eigenvalues and corresponding eigenvectors:
   -1.471084
  0.0000  0.0000  0.0514  0.6712  0.1029  0.0000  0.0000 -0.2903 -0.6723
WARNING: string truncated

Total molecular polarizability
      00          z           x           y           20          21c         21s         22c         22s
     0.00000     0.00000     0.00000     0.00000     0.00000     0.00000     0.00000     0.00000     0.00000
     0.00000    19.34471     0.00000     0.00000     0.00000    -7.41354   -28.68591     0.00000     0.00000
     0.00000     0.00000    33.45858     3.03575     6.10410     0.00000     0.00000     9.98842   -41.07159
     0.00000     0.00000     3.03575    28.54700    23.02020     0.00000     0.00000    44.04125   -23.99719
     0.00000     0.00000     6.10410    23.02020   211.74205     0.00000     0.00000    -4.96602   -88.15036
     0.00000    -7.41354     0.00000     0.00000     0.00000   302.75890    92.07830     0.00000     0.00000
     0.00000   -28.68591     0.00000     0.00000     0.00000    92.07830   262.76640     0.00000     0.00000
     0.00000     0.00000     9.98842    44.04125    -4.96602     0.00000     0.00000   548.85472    13.15840
     0.00000     0.00000   -41.07159   -23.99719   -88.15036     0.00000     0.00000    13.15840   499.49236
Mean polarizability       =  27.11676
Polarizability anisotropy =  13.47779
Finished
