WARNING: string truncated
Batch  1:  2000 points

Sites
C1            2.646232    0.000000    0.000000
*** Warning: type C was not defined

C2            1.323116    2.291705    0.000000
C3           -1.323116    2.291705    0.000000
C4           -2.646232    0.000000    0.000000
C5           -1.323116   -2.291705    0.000000
C6            1.323116   -2.291705    0.000000
H1            4.708300    0.000000    0.000000
*** Warning: type H was not defined

H2            2.354150    4.077507    0.000000
H3           -2.354150    4.077507    0.000000
H4           -4.708300    0.000000    0.000000
H5           -2.354150   -4.077507    0.000000
H6            2.354150   -4.077507    0.000000

Polarizability parameters
                  Sites       Components  Coefficient
  1  C1_10_10_A
                C6      C6      10   10      1.000
                C5      C5      10   10      1.000
                C4      C4      10   10      1.000
                C3      C3      10   10      1.000
                C2      C2      10   10      1.000
                C1      C1      10   10      1.000
  2  C1_10_20_A
                C6      C6      10   20      1.000
                C5      C5      10   20      1.000
                C4      C4      10   20      1.000
                C3      C3      10   20      1.000
                C2      C2      10   20      1.000
                C1      C1      10   20      1.000
  3  C1_10_21c_A
                C6      C6      10   21c     1.000
                C5      C5      10   21c     1.000
                C4      C4      10   21c     1.000
                C3      C3      10   21c     1.000
                C2      C2      10   21c     1.000
                C1      C1      10   21c     1.000
  4  C1_10_22c_A
                C6      C6      10   22c     1.000
                C5      C5      10   22c     1.000
                C4      C4      10   22c     1.000
                C3      C3      10   22c     1.000
                C2      C2      10   22c     1.000
                C1      C1      10   22c     1.000
  5  C1_11c_11c_A
                C6      C6      11c  11c     1.000
                C5      C5      11c  11c     1.000
                C4      C4      11c  11c     1.000
                C3      C3      11c  11c     1.000
                C2      C2      11c  11c     1.000
                C1      C1      11c  11c     1.000
  6  C1_11c_20_A
                C6      C6      11c  20      1.000
                C5      C5      11c  20      1.000
                C4      C4      11c  20      1.000
                C3      C3      11c  20      1.000
                C2      C2      11c  20      1.000
                C1      C1      11c  20      1.000
  7  C1_11c_21c_A
                C6      C6      11c  21c     1.000
                C5      C5      11c  21c     1.000
                C4      C4      11c  21c     1.000
                C3      C3      11c  21c     1.000
                C2      C2      11c  21c     1.000
                C1      C1      11c  21c     1.000
  8  C1_11c_22c_A
                C6      C6      11c  22c     1.000
                C5      C5      11c  22c     1.000
                C4      C4      11c  22c     1.000
                C3      C3      11c  22c     1.000
                C2      C2      11c  22c     1.000
                C1      C1      11c  22c     1.000
  9  C1_11s_11s_A
                C6      C6      11s  11s     1.000
                C5      C5      11s  11s     1.000
                C4      C4      11s  11s     1.000
                C3      C3      11s  11s     1.000
                C2      C2      11s  11s     1.000
                C1      C1      11s  11s     1.000
 10  C1_11s_21s_A
                C6      C6      11s  21s     1.000
                C5      C5      11s  21s     1.000
                C4      C4      11s  21s     1.000
                C3      C3      11s  21s     1.000
                C2      C2      11s  21s     1.000
                C1      C1      11s  21s     1.000
 11  C1_20_20_A
                C6      C6      20   20      1.000
                C5      C5      20   20      1.000
                C4      C4      20   20      1.000
                C3      C3      20   20      1.000
                C2      C2      20   20      1.000
                C1      C1      20   20      1.000
 12  C1_20_21c_A
                C6      C6      20   21c     1.000
                C5      C5      20   21c     1.000
                C4      C4      20   21c     1.000
                C3      C3      20   21c     1.000
                C2      C2      20   21c     1.000
                C1      C1      20   21c     1.000
 13  C1_20_22c_A
                C6      C6      20   22c     1.000
                C5      C5      20   22c     1.000
                C4      C4      20   22c     1.000
                C3      C3      20   22c     1.000
                C2      C2      20   22c     1.000
                C1      C1      20   22c     1.000
 14  C1_21c_21c_A
                C6      C6      21c  21c     1.000
                C5      C5      21c  21c     1.000
                C4      C4      21c  21c     1.000
                C3      C3      21c  21c     1.000
                C2      C2      21c  21c     1.000
                C1      C1      21c  21c     1.000
 15  C1_21c_22c_A
                C6      C6      21c  22c     1.000
                C5      C5      21c  22c     1.000
                C4      C4      21c  22c     1.000
                C3      C3      21c  22c     1.000
                C2      C2      21c  22c     1.000
                C1      C1      21c  22c     1.000
 16  C1_21s_21s_A
                C6      C6      21s  21s     1.000
                C5      C5      21s  21s     1.000
                C4      C4      21s  21s     1.000
                C3      C3      21s  21s     1.000
                C2      C2      21s  21s     1.000
                C1      C1      21s  21s     1.000
 17  C1_22c_22c_A
                C6      C6      22c  22c     1.000
                C5      C5      22c  22c     1.000
                C4      C4      22c  22c     1.000
                C3      C3      22c  22c     1.000
                C2      C2      22c  22c     1.000
                C1      C1      22c  22c     1.000
 18  C1_22s_22s_A
                C6      C6      22s  22s     1.000
                C5      C5      22s  22s     1.000
                C4      C4      22s  22s     1.000
                C3      C3      22s  22s     1.000
                C2      C2      22s  22s     1.000
                C1      C1      22s  22s     1.000
 19  H1_10_10_A
                H6      H6      10   10      1.000
                H5      H5      10   10      1.000
                H4      H4      10   10      1.000
                H3      H3      10   10      1.000
                H2      H2      10   10      1.000
                H1      H1      10   10      1.000
 20  H1_11c_11c_A
                H6      H6      11c  11c     1.000
                H5      H5      11c  11c     1.000
                H4      H4      11c  11c     1.000
                H3      H3      11c  11c     1.000
                H2      H2      11c  11c     1.000
                H1      H1      11c  11c     1.000
 21  H1_11s_11s_A
                H6      H6      11s  11s     1.000
                H5      H5      11s  11s     1.000
                H4      H4      11s  11s     1.000
                H3      H3      11s  11s     1.000
                H2      H2      11s  11s     1.000
                H1      H1      11s  11s     1.000
Reading penalties


Static polarizabilities

Response values:
Maximum          0.0189506778
Minimum         -0.0095859709
Range            0.0285366487
Min. magnitude   0.0000000005

Parameter values: 
  1            7.21226756     C1_10_10_A
  2           10.65092920     C1_10_20_A
  3            0.06240139     C1_10_21c_A
  4           -3.20679736     C1_10_22c_A
  5           10.33383911     C1_11c_11c_A
  6           -0.09044104     C1_11c_20_A
  7          -21.69444305     C1_11c_21c_A
  8            0.13646821     C1_11c_22c_A
  9            5.21764422     C1_11s_11s_A
 10            0.30168056     C1_11s_21s_A
 11           39.43720112     C1_20_20_A
 12            0.53242046     C1_20_21c_A
 13           -6.55976645     C1_20_22c_A
 14           58.71195042     C1_21c_21c_A
 15            1.03878463     C1_21c_22c_A
 16           56.85627934     C1_21s_21s_A
 17           10.61265334     C1_22c_22c_A
 18           64.66598234     C1_22s_22s_A
 19            1.86327340     H1_10_10_A
 20            2.28760146     H1_11c_11c_A
 21            1.04636353     H1_11s_11s_A
Residuals               per cent of range
Maximum      0.00043158       1.512
Minimum     -0.00048212      -1.689
R.m.s.       0.00001134       0.040
Sum of squared residuals =         0.00026

Parameter                Fitted      Anchor    Difference   Penalty
C1_10_10_A               7.21227     7.09394     0.11833    1.34745E-07
C1_10_20_A              10.65093    -3.25350    13.90442    0.00000E+00
C1_10_21c_A              0.06240    -0.00036     0.06276    0.00000E+00
C1_10_22c_A             -3.20680    12.33933   -15.54613    0.00000E+00
C1_11c_11c_A            10.33384    10.39381    -0.05997    3.46176E-08
C1_11c_20_A             -0.09044    -0.00031    -0.09013    0.00000E+00
C1_11c_21c_A           -21.69444   -22.53131     0.83687    0.00000E+00
C1_11c_22c_A             0.13647    -0.00011     0.13658    0.00000E+00
C1_11s_11s_A             5.21764     4.44088     0.77677    5.80685E-06
C1_11s_21s_A             0.30168    -1.18099     1.48267    0.00000E+00
C1_20_20_A              39.43720   164.25920  -124.82200    0.00000E+00
C1_20_21c_A              0.53242     0.00523     0.52719    0.00000E+00
C1_20_22c_A             -6.55977   -43.67276    37.11300    0.00000E+00
C1_21c_21c_A            58.71195   133.95759   -75.24564    0.00000E+00
C1_21c_22c_A             1.03878    -0.00204     1.04083    0.00000E+00
C1_21s_21s_A            56.85628    47.70839     9.14789    0.00000E+00
C1_22c_22c_A            10.61265   -37.68612    48.29877    0.00000E+00
C1_22s_22s_A            64.66598    54.61982    10.04616    0.00000E+00
H1_10_10_A               1.86327     1.74523     0.11805    1.34113E-07
H1_11c_11c_A             2.28760     2.47675    -0.18915    3.44315E-07
H1_11s_11s_A             1.04636     1.83508    -0.78872    5.98685E-06

Sum of penalties =     1.24415E-05
WARNING: string truncated

Total molecular polarizability
      00          z           x           y           20          21c         21s         22c         22s
     0.00000     0.00000     0.00000     0.00000     0.00000     0.00000     0.00000     0.00000     0.00000
     0.00000    37.58405     0.00000     0.00000     0.00000     0.00000     0.00000     0.00000     0.00000
     0.00000     0.00000    65.09094     0.00000     0.00000     0.00000     0.00000     0.00000     0.00000
     0.00000     0.00000     0.00000    65.09094     0.00000     0.00000     0.00000     0.00000     0.00000
     0.00000     0.00000     0.00000     0.00000   704.60445     0.00000     0.00000     0.00000     0.00000
     0.00000     0.00000     0.00000     0.00000     0.00000   910.45716     0.00000     0.00000     0.00000
     0.00000     0.00000     0.00000     0.00000     0.00000     0.00000   910.45716     0.00000     0.00000
     0.00000     0.00000     0.00000     0.00000     0.00000     0.00000     0.00000  1924.98177     0.00000
     0.00000     0.00000     0.00000     0.00000     0.00000     0.00000     0.00000     0.00000  1924.98177
Mean polarizability       =  55.92198
Polarizability anisotropy =  27.50690
Finished
