WARNING: string truncated
Batch  1:  2000 points

Sites
C1            2.646232    0.000000    0.000000
*** Warning: type C was not defined

C2            1.323116    2.291705    0.000000
C3           -1.323116    2.291705    0.000000
C4           -2.646232    0.000000    0.000000
C5           -1.323116   -2.291705    0.000000
C6            1.323116   -2.291705    0.000000
H1            4.708300    0.000000    0.000000
*** Warning: type H was not defined

H2            2.354150    4.077507    0.000000
H3           -2.354150    4.077507    0.000000
H4           -4.708300    0.000000    0.000000
H5           -2.354150   -4.077507    0.000000
H6            2.354150   -4.077507    0.000000

Polarizability parameters
                  Sites       Components  Coefficient
  1  C1_10_10_A
                C6      C6      10   10      1.000
                C5      C5      10   10      1.000
                C4      C4      10   10      1.000
                C3      C3      10   10      1.000
                C2      C2      10   10      1.000
                C1      C1      10   10      1.000
  2  C1_10_20_A
                C6      C6      10   20      1.000
                C5      C5      10   20      1.000
                C4      C4      10   20      1.000
                C3      C3      10   20      1.000
                C2      C2      10   20      1.000
                C1      C1      10   20      1.000
  3  C1_10_21c_A
                C6      C6      10   21c     1.000
                C5      C5      10   21c     1.000
                C4      C4      10   21c     1.000
                C3      C3      10   21c     1.000
                C2      C2      10   21c     1.000
                C1      C1      10   21c     1.000
  4  C1_10_22c_A
                C6      C6      10   22c     1.000
                C5      C5      10   22c     1.000
                C4      C4      10   22c     1.000
                C3      C3      10   22c     1.000
                C2      C2      10   22c     1.000
                C1      C1      10   22c     1.000
  5  C1_11c_11c_A
                C6      C6      11c  11c     1.000
                C5      C5      11c  11c     1.000
                C4      C4      11c  11c     1.000
                C3      C3      11c  11c     1.000
                C2      C2      11c  11c     1.000
                C1      C1      11c  11c     1.000
  6  C1_11c_20_A
                C6      C6      11c  20      1.000
                C5      C5      11c  20      1.000
                C4      C4      11c  20      1.000
                C3      C3      11c  20      1.000
                C2      C2      11c  20      1.000
                C1      C1      11c  20      1.000
  7  C1_11c_21c_A
                C6      C6      11c  21c     1.000
                C5      C5      11c  21c     1.000
                C4      C4      11c  21c     1.000
                C3      C3      11c  21c     1.000
                C2      C2      11c  21c     1.000
                C1      C1      11c  21c     1.000
  8  C1_11c_22c_A
                C6      C6      11c  22c     1.000
                C5      C5      11c  22c     1.000
                C4      C4      11c  22c     1.000
                C3      C3      11c  22c     1.000
                C2      C2      11c  22c     1.000
                C1      C1      11c  22c     1.000
  9  C1_11s_11s_A
                C6      C6      11s  11s     1.000
                C5      C5      11s  11s     1.000
                C4      C4      11s  11s     1.000
                C3      C3      11s  11s     1.000
                C2      C2      11s  11s     1.000
                C1      C1      11s  11s     1.000
 10  C1_11s_21s_A
                C6      C6      11s  21s     1.000
                C5      C5      11s  21s     1.000
                C4      C4      11s  21s     1.000
                C3      C3      11s  21s     1.000
                C2      C2      11s  21s     1.000
                C1      C1      11s  21s     1.000
 11  C1_20_20_A
                C6      C6      20   20      1.000
                C5      C5      20   20      1.000
                C4      C4      20   20      1.000
                C3      C3      20   20      1.000
                C2      C2      20   20      1.000
                C1      C1      20   20      1.000
 12  C1_20_21c_A
                C6      C6      20   21c     1.000
                C5      C5      20   21c     1.000
                C4      C4      20   21c     1.000
                C3      C3      20   21c     1.000
                C2      C2      20   21c     1.000
                C1      C1      20   21c     1.000
 13  C1_20_22c_A
                C6      C6      20   22c     1.000
                C5      C5      20   22c     1.000
                C4      C4      20   22c     1.000
                C3      C3      20   22c     1.000
                C2      C2      20   22c     1.000
                C1      C1      20   22c     1.000
 14  C1_21c_21c_A
                C6      C6      21c  21c     1.000
                C5      C5      21c  21c     1.000
                C4      C4      21c  21c     1.000
                C3      C3      21c  21c     1.000
                C2      C2      21c  21c     1.000
                C1      C1      21c  21c     1.000
 15  C1_21c_22c_A
                C6      C6      21c  22c     1.000
                C5      C5      21c  22c     1.000
                C4      C4      21c  22c     1.000
                C3      C3      21c  22c     1.000
                C2      C2      21c  22c     1.000
                C1      C1      21c  22c     1.000
 16  C1_21s_21s_A
                C6      C6      21s  21s     1.000
                C5      C5      21s  21s     1.000
                C4      C4      21s  21s     1.000
                C3      C3      21s  21s     1.000
                C2      C2      21s  21s     1.000
                C1      C1      21s  21s     1.000
 17  C1_22c_22c_A
                C6      C6      22c  22c     1.000
                C5      C5      22c  22c     1.000
                C4      C4      22c  22c     1.000
                C3      C3      22c  22c     1.000
                C2      C2      22c  22c     1.000
                C1      C1      22c  22c     1.000
 18  C1_22s_22s_A
                C6      C6      22s  22s     1.000
                C5      C5      22s  22s     1.000
                C4      C4      22s  22s     1.000
                C3      C3      22s  22s     1.000
                C2      C2      22s  22s     1.000
                C1      C1      22s  22s     1.000
 19  H1_10_10_A
                H6      H6      10   10      1.000
                H5      H5      10   10      1.000
                H4      H4      10   10      1.000
                H3      H3      10   10      1.000
                H2      H2      10   10      1.000
                H1      H1      10   10      1.000
 20  H1_11c_11c_A
                H6      H6      11c  11c     1.000
                H5      H5      11c  11c     1.000
                H4      H4      11c  11c     1.000
                H3      H3      11c  11c     1.000
                H2      H2      11c  11c     1.000
                H1      H1      11c  11c     1.000
 21  H1_11s_11s_A
                H6      H6      11s  11s     1.000
                H5      H5      11s  11s     1.000
                H4      H4      11s  11s     1.000
                H3      H3      11s  11s     1.000
                H2      H2      11s  11s     1.000
                H1      H1      11s  11s     1.000
Reading penalties


Static polarizabilities

Response values:
Maximum          0.0145580084
Minimum         -0.0069905303
Range            0.0215485387
Min. magnitude   0.0000000005

Parameter values: 
  1            5.03621741     C1_10_10_A
  2            8.54668599     C1_10_20_A
  3            0.03152728     C1_10_21c_A
  4           -1.25683575     C1_10_22c_A
  5            7.53521566     C1_11c_11c_A
  6           -0.06026570     C1_11c_20_A
  7          -13.58182243     C1_11c_21c_A
  8            0.08746617     C1_11c_22c_A
  9            3.96764238     C1_11s_11s_A
 10           -0.24889019     C1_11s_21s_A
 11           29.15783198     C1_20_20_A
 12            0.38704354     C1_20_21c_A
 13           -5.64780265     C1_20_22c_A
 14           40.03747410     C1_21c_21c_A
 15            0.70176931     C1_21c_22c_A
 16           41.66065482     C1_21s_21s_A
 17           11.23198621     C1_22c_22c_A
 18           44.96420047     C1_22s_22s_A
 19            1.46851654     H1_10_10_A
 20            1.80206525     H1_11c_11c_A
 21            1.00148694     H1_11s_11s_A
Residuals               per cent of range
Maximum      0.00024489       1.136
Minimum     -0.00038826      -1.802
R.m.s.       0.00000806       0.037
Sum of squared residuals =         0.00013

Parameter                Fitted      Anchor    Difference   Penalty
C1_10_10_A               5.03622     5.00474     0.03148    8.71535E-09
C1_10_20_A               8.54669    -1.82533    10.37202    0.00000E+00
C1_10_21c_A              0.03153    -0.00028     0.03180    0.00000E+00
C1_10_22c_A             -1.25684    10.70437   -11.96121    0.00000E+00
C1_11c_11c_A             7.53522     7.62025    -0.08504    6.35895E-08
C1_11c_20_A             -0.06027    -0.00024    -0.06002    0.00000E+00
C1_11c_21c_A           -13.58182   -16.09581     2.51399    0.00000E+00
C1_11c_22c_A             0.08747    -0.00009     0.08756    0.00000E+00
C1_11s_11s_A             3.96764     3.41398     0.55366    2.69559E-06
C1_11s_21s_A            -0.24889    -1.49905     1.25016    0.00000E+00
C1_20_20_A              29.15783   124.89117   -95.73334    0.00000E+00
C1_20_21c_A              0.38704     0.00402     0.38302    0.00000E+00
C1_20_22c_A             -5.64780   -38.31854    32.67074    0.00000E+00
C1_21c_21c_A            40.03747   111.60390   -71.56643    0.00000E+00
C1_21c_22c_A             0.70177    -0.00164     0.70341    0.00000E+00
C1_21s_21s_A            41.66065    38.53079     3.12987    0.00000E+00
C1_22c_22c_A            11.23199   -21.73611    32.96810    0.00000E+00
C1_22s_22s_A            44.96420    38.12121     6.84299    0.00000E+00
H1_10_10_A               1.46852     1.29638     0.17214    2.60565E-07
H1_11c_11c_A             1.80207     1.92480    -0.12274    1.32473E-07
H1_11s_11s_A             1.00149     1.56267    -0.56118    2.76927E-06

Sum of penalties =     5.93020E-06
WARNING: string truncated

Total molecular polarizability
      00          z           x           y           20          21c         21s         22c         22s
     0.00000     0.00000     0.00000     0.00000     0.00000     0.00000     0.00000     0.00000     0.00000
     0.00000    29.81478     0.00000     0.00000     0.00000     0.00000     0.00000     0.00000     0.00000
     0.00000     0.00000    47.52604     0.00000     0.00000     0.00000     0.00000     0.00000     0.00000
     0.00000     0.00000     0.00000    47.52604     0.00000     0.00000     0.00000     0.00000     0.00000
     0.00000     0.00000     0.00000     0.00000   572.99265     0.00000     0.00000     0.00000     0.00000
     0.00000     0.00000     0.00000     0.00000     0.00000   702.89179     0.00000     0.00000     0.00000
     0.00000     0.00000     0.00000     0.00000     0.00000     0.00000   702.89179     0.00000     0.00000
     0.00000     0.00000     0.00000     0.00000     0.00000     0.00000     0.00000  1500.95026     0.00000
     0.00000     0.00000     0.00000     0.00000     0.00000     0.00000     0.00000     0.00000  1500.95026
Mean polarizability       =  41.62229
Polarizability anisotropy =  17.71127
Finished
