WARNING: string truncated
Batch  1:  2000 points

Sites
C1            2.646232    0.000000    0.000000
*** Warning: type C was not defined

C2            1.323116    2.291705    0.000000
C3           -1.323116    2.291705    0.000000
C4           -2.646232    0.000000    0.000000
C5           -1.323116   -2.291705    0.000000
C6            1.323116   -2.291705    0.000000
H1            4.708300    0.000000    0.000000
*** Warning: type H was not defined

H2            2.354150    4.077507    0.000000
H3           -2.354150    4.077507    0.000000
H4           -4.708300    0.000000    0.000000
H5           -2.354150   -4.077507    0.000000
H6            2.354150   -4.077507    0.000000

Polarizability parameters
                  Sites       Components  Coefficient
  1  C1_10_10_A
                C6      C6      10   10      1.000
                C5      C5      10   10      1.000
                C4      C4      10   10      1.000
                C3      C3      10   10      1.000
                C2      C2      10   10      1.000
                C1      C1      10   10      1.000
  2  C1_10_20_A
                C6      C6      10   20      1.000
                C5      C5      10   20      1.000
                C4      C4      10   20      1.000
                C3      C3      10   20      1.000
                C2      C2      10   20      1.000
                C1      C1      10   20      1.000
  3  C1_10_21c_A
                C6      C6      10   21c     1.000
                C5      C5      10   21c     1.000
                C4      C4      10   21c     1.000
                C3      C3      10   21c     1.000
                C2      C2      10   21c     1.000
                C1      C1      10   21c     1.000
  4  C1_10_22c_A
                C6      C6      10   22c     1.000
                C5      C5      10   22c     1.000
                C4      C4      10   22c     1.000
                C3      C3      10   22c     1.000
                C2      C2      10   22c     1.000
                C1      C1      10   22c     1.000
  5  C1_11c_11c_A
                C6      C6      11c  11c     1.000
                C5      C5      11c  11c     1.000
                C4      C4      11c  11c     1.000
                C3      C3      11c  11c     1.000
                C2      C2      11c  11c     1.000
                C1      C1      11c  11c     1.000
  6  C1_11c_20_A
                C6      C6      11c  20      1.000
                C5      C5      11c  20      1.000
                C4      C4      11c  20      1.000
                C3      C3      11c  20      1.000
                C2      C2      11c  20      1.000
                C1      C1      11c  20      1.000
  7  C1_11c_21c_A
                C6      C6      11c  21c     1.000
                C5      C5      11c  21c     1.000
                C4      C4      11c  21c     1.000
                C3      C3      11c  21c     1.000
                C2      C2      11c  21c     1.000
                C1      C1      11c  21c     1.000
  8  C1_11c_22c_A
                C6      C6      11c  22c     1.000
                C5      C5      11c  22c     1.000
                C4      C4      11c  22c     1.000
                C3      C3      11c  22c     1.000
                C2      C2      11c  22c     1.000
                C1      C1      11c  22c     1.000
  9  C1_11s_11s_A
                C6      C6      11s  11s     1.000
                C5      C5      11s  11s     1.000
                C4      C4      11s  11s     1.000
                C3      C3      11s  11s     1.000
                C2      C2      11s  11s     1.000
                C1      C1      11s  11s     1.000
 10  C1_11s_21s_A
                C6      C6      11s  21s     1.000
                C5      C5      11s  21s     1.000
                C4      C4      11s  21s     1.000
                C3      C3      11s  21s     1.000
                C2      C2      11s  21s     1.000
                C1      C1      11s  21s     1.000
 11  C1_20_20_A
                C6      C6      20   20      1.000
                C5      C5      20   20      1.000
                C4      C4      20   20      1.000
                C3      C3      20   20      1.000
                C2      C2      20   20      1.000
                C1      C1      20   20      1.000
 12  C1_20_21c_A
                C6      C6      20   21c     1.000
                C5      C5      20   21c     1.000
                C4      C4      20   21c     1.000
                C3      C3      20   21c     1.000
                C2      C2      20   21c     1.000
                C1      C1      20   21c     1.000
 13  C1_20_22c_A
                C6      C6      20   22c     1.000
                C5      C5      20   22c     1.000
                C4      C4      20   22c     1.000
                C3      C3      20   22c     1.000
                C2      C2      20   22c     1.000
                C1      C1      20   22c     1.000
 14  C1_21c_21c_A
                C6      C6      21c  21c     1.000
                C5      C5      21c  21c     1.000
                C4      C4      21c  21c     1.000
                C3      C3      21c  21c     1.000
                C2      C2      21c  21c     1.000
                C1      C1      21c  21c     1.000
 15  C1_21c_22c_A
                C6      C6      21c  22c     1.000
                C5      C5      21c  22c     1.000
                C4      C4      21c  22c     1.000
                C3      C3      21c  22c     1.000
                C2      C2      21c  22c     1.000
                C1      C1      21c  22c     1.000
 16  C1_21s_21s_A
                C6      C6      21s  21s     1.000
                C5      C5      21s  21s     1.000
                C4      C4      21s  21s     1.000
                C3      C3      21s  21s     1.000
                C2      C2      21s  21s     1.000
                C1      C1      21s  21s     1.000
 17  C1_22c_22c_A
                C6      C6      22c  22c     1.000
                C5      C5      22c  22c     1.000
                C4      C4      22c  22c     1.000
                C3      C3      22c  22c     1.000
                C2      C2      22c  22c     1.000
                C1      C1      22c  22c     1.000
 18  C1_22s_22s_A
                C6      C6      22s  22s     1.000
                C5      C5      22s  22s     1.000
                C4      C4      22s  22s     1.000
                C3      C3      22s  22s     1.000
                C2      C2      22s  22s     1.000
                C1      C1      22s  22s     1.000
 19  H1_10_10_A
                H6      H6      10   10      1.000
                H5      H5      10   10      1.000
                H4      H4      10   10      1.000
                H3      H3      10   10      1.000
                H2      H2      10   10      1.000
                H1      H1      10   10      1.000
 20  H1_11c_11c_A
                H6      H6      11c  11c     1.000
                H5      H5      11c  11c     1.000
                H4      H4      11c  11c     1.000
                H3      H3      11c  11c     1.000
                H2      H2      11c  11c     1.000
                H1      H1      11c  11c     1.000
 21  H1_11s_11s_A
                H6      H6      11s  11s     1.000
                H5      H5      11s  11s     1.000
                H4      H4      11s  11s     1.000
                H3      H3      11s  11s     1.000
                H2      H2      11s  11s     1.000
                H1      H1      11s  11s     1.000
Reading penalties


Static polarizabilities

Response values:
Maximum          0.0213903914
Minimum         -0.0111891775
Range            0.0325795690
Min. magnitude   0.0000000032

Parameter values: 
  1            8.65943829     C1_10_10_A
  2           10.87162947     C1_10_20_A
  3            0.09321543     C1_10_21c_A
  4           -4.49130274     C1_10_22c_A
  5           12.09511037     C1_11c_11c_A
  6           -0.11292073     C1_11c_20_A
  7          -28.03422877     C1_11c_21c_A
  8            0.17498970     C1_11c_22c_A
  9            5.90338749     C1_11s_11s_A
 10            0.81373938     C1_11s_21s_A
 11           49.51774025     C1_20_20_A
 12            0.61385556     C1_20_21c_A
 13           -7.40894110     C1_20_22c_A
 14           75.41286393     C1_21c_21c_A
 15            1.27749890     C1_21c_22c_A
 16           65.04117098     C1_21s_21s_A
 17            9.97570288     C1_22c_22c_A
 18           77.37475371     C1_22s_22s_A
 19            2.02972510     H1_10_10_A
 20            2.53766469     H1_11c_11c_A
 21            1.02512474     H1_11s_11s_A
Residuals               per cent of range
Maximum      0.00056190       1.725
Minimum     -0.00052715      -1.618
R.m.s.       0.00001334       0.041
Sum of squared residuals =         0.00036

Parameter                Fitted      Anchor    Difference   Penalty
C1_10_10_A               8.65944     8.47554     0.18390    3.35147E-07
C1_10_20_A              10.87163    -4.80894    15.68057    0.00000E+00
C1_10_21c_A              0.09322    -0.00041     0.09362    0.00000E+00
C1_10_22c_A             -4.49130    12.76619   -17.25749    0.00000E+00
C1_11c_11c_A            12.09511    12.13158    -0.03647    1.31810E-08
C1_11c_20_A             -0.11292    -0.00034    -0.11258    0.00000E+00
C1_11c_21c_A           -28.03423   -27.13043    -0.90380    0.00000E+00
C1_11c_22c_A             0.17499    -0.00011     0.17510    0.00000E+00
C1_11s_11s_A             5.90339     4.99834     0.90505    8.11716E-06
C1_11s_21s_A             0.81374    -0.83651     1.65025    0.00000E+00
C1_20_20_A              49.51774   186.51004  -136.99230    0.00000E+00
C1_20_21c_A              0.61386     0.00589     0.60796    0.00000E+00
C1_20_22c_A             -7.40894   -44.62875    37.21981    0.00000E+00
C1_21c_21c_A            75.41286   146.44228   -71.02942    0.00000E+00
C1_21c_22c_A             1.27750    -0.00222     1.27972    0.00000E+00
C1_21s_21s_A            65.04117    51.21292    13.82825    0.00000E+00
C1_22c_22c_A             9.97570   -46.98727    56.96298    0.00000E+00
C1_22s_22s_A            77.37475    66.54667    10.82808    0.00000E+00
H1_10_10_A               2.02973     1.95600     0.07372    5.38590E-08
H1_11c_11c_A             2.53766     2.77849    -0.24082    5.74713E-07
H1_11s_11s_A             1.02512     1.94501    -0.91989    8.38556E-06

Sum of penalties =     1.74796E-05
WARNING: string truncated

Total molecular polarizability
      00          z           x           y           20          21c         21s         22c         22s
     0.00000     0.00000     0.00000     0.00000     0.00000     0.00000     0.00000     0.00000     0.00000
     0.00000    41.57107     0.00000     0.00000     0.00000     0.00000     0.00000     0.00000     0.00000
     0.00000     0.00000    75.96582     0.00000     0.00000     0.00000     0.00000     0.00000     0.00000
     0.00000     0.00000     0.00000    75.96582     0.00000     0.00000     0.00000     0.00000     0.00000
     0.00000     0.00000     0.00000     0.00000   763.56897     0.00000     0.00000     0.00000     0.00000
     0.00000     0.00000     0.00000     0.00000     0.00000  1026.20013     0.00000     0.00000     0.00000
     0.00000     0.00000     0.00000     0.00000     0.00000     0.00000  1026.20013     0.00000     0.00000
     0.00000     0.00000     0.00000     0.00000     0.00000     0.00000     0.00000  2133.37111     0.00000
     0.00000     0.00000     0.00000     0.00000     0.00000     0.00000     0.00000     0.00000  2133.37111
Mean polarizability       =  64.50090
Polarizability anisotropy =  34.39474
Finished
