WARNING: string truncated
Batch  1:  2000 points

Sites
C1            2.646232    0.000000    0.000000
*** Warning: type C was not defined

C2            1.323116    2.291705    0.000000
C3           -1.323116    2.291705    0.000000
C4           -2.646232    0.000000    0.000000
C5           -1.323116   -2.291705    0.000000
C6            1.323116   -2.291705    0.000000
H1            4.708300    0.000000    0.000000
*** Warning: type H was not defined

H2            2.354150    4.077507    0.000000
H3           -2.354150    4.077507    0.000000
H4           -4.708300    0.000000    0.000000
H5           -2.354150   -4.077507    0.000000
H6            2.354150   -4.077507    0.000000

Polarizability parameters
                  Sites       Components  Coefficient
  1  C1_10_10_A
                C6      C6      10   10      1.000
                C5      C5      10   10      1.000
                C4      C4      10   10      1.000
                C3      C3      10   10      1.000
                C2      C2      10   10      1.000
                C1      C1      10   10      1.000
  2  C1_10_20_A
                C6      C6      10   20      1.000
                C5      C5      10   20      1.000
                C4      C4      10   20      1.000
                C3      C3      10   20      1.000
                C2      C2      10   20      1.000
                C1      C1      10   20      1.000
  3  C1_10_21c_A
                C6      C6      10   21c     1.000
                C5      C5      10   21c     1.000
                C4      C4      10   21c     1.000
                C3      C3      10   21c     1.000
                C2      C2      10   21c     1.000
                C1      C1      10   21c     1.000
  4  C1_10_22c_A
                C6      C6      10   22c     1.000
                C5      C5      10   22c     1.000
                C4      C4      10   22c     1.000
                C3      C3      10   22c     1.000
                C2      C2      10   22c     1.000
                C1      C1      10   22c     1.000
  5  C1_11c_11c_A
                C6      C6      11c  11c     1.000
                C5      C5      11c  11c     1.000
                C4      C4      11c  11c     1.000
                C3      C3      11c  11c     1.000
                C2      C2      11c  11c     1.000
                C1      C1      11c  11c     1.000
  6  C1_11c_20_A
                C6      C6      11c  20      1.000
                C5      C5      11c  20      1.000
                C4      C4      11c  20      1.000
                C3      C3      11c  20      1.000
                C2      C2      11c  20      1.000
                C1      C1      11c  20      1.000
  7  C1_11c_21c_A
                C6      C6      11c  21c     1.000
                C5      C5      11c  21c     1.000
                C4      C4      11c  21c     1.000
                C3      C3      11c  21c     1.000
                C2      C2      11c  21c     1.000
                C1      C1      11c  21c     1.000
  8  C1_11c_22c_A
                C6      C6      11c  22c     1.000
                C5      C5      11c  22c     1.000
                C4      C4      11c  22c     1.000
                C3      C3      11c  22c     1.000
                C2      C2      11c  22c     1.000
                C1      C1      11c  22c     1.000
  9  C1_11s_11s_A
                C6      C6      11s  11s     1.000
                C5      C5      11s  11s     1.000
                C4      C4      11s  11s     1.000
                C3      C3      11s  11s     1.000
                C2      C2      11s  11s     1.000
                C1      C1      11s  11s     1.000
 10  C1_11s_21s_A
                C6      C6      11s  21s     1.000
                C5      C5      11s  21s     1.000
                C4      C4      11s  21s     1.000
                C3      C3      11s  21s     1.000
                C2      C2      11s  21s     1.000
                C1      C1      11s  21s     1.000
 11  C1_20_20_A
                C6      C6      20   20      1.000
                C5      C5      20   20      1.000
                C4      C4      20   20      1.000
                C3      C3      20   20      1.000
                C2      C2      20   20      1.000
                C1      C1      20   20      1.000
 12  C1_20_21c_A
                C6      C6      20   21c     1.000
                C5      C5      20   21c     1.000
                C4      C4      20   21c     1.000
                C3      C3      20   21c     1.000
                C2      C2      20   21c     1.000
                C1      C1      20   21c     1.000
 13  C1_20_22c_A
                C6      C6      20   22c     1.000
                C5      C5      20   22c     1.000
                C4      C4      20   22c     1.000
                C3      C3      20   22c     1.000
                C2      C2      20   22c     1.000
                C1      C1      20   22c     1.000
 14  C1_21c_21c_A
                C6      C6      21c  21c     1.000
                C5      C5      21c  21c     1.000
                C4      C4      21c  21c     1.000
                C3      C3      21c  21c     1.000
                C2      C2      21c  21c     1.000
                C1      C1      21c  21c     1.000
 15  C1_21c_22c_A
                C6      C6      21c  22c     1.000
                C5      C5      21c  22c     1.000
                C4      C4      21c  22c     1.000
                C3      C3      21c  22c     1.000
                C2      C2      21c  22c     1.000
                C1      C1      21c  22c     1.000
 16  C1_21s_21s_A
                C6      C6      21s  21s     1.000
                C5      C5      21s  21s     1.000
                C4      C4      21s  21s     1.000
                C3      C3      21s  21s     1.000
                C2      C2      21s  21s     1.000
                C1      C1      21s  21s     1.000
 17  C1_22c_22c_A
                C6      C6      22c  22c     1.000
                C5      C5      22c  22c     1.000
                C4      C4      22c  22c     1.000
                C3      C3      22c  22c     1.000
                C2      C2      22c  22c     1.000
                C1      C1      22c  22c     1.000
 18  C1_22s_22s_A
                C6      C6      22s  22s     1.000
                C5      C5      22s  22s     1.000
                C4      C4      22s  22s     1.000
                C3      C3      22s  22s     1.000
                C2      C2      22s  22s     1.000
                C1      C1      22s  22s     1.000
 19  H1_10_10_A
                H6      H6      10   10      1.000
                H5      H5      10   10      1.000
                H4      H4      10   10      1.000
                H3      H3      10   10      1.000
                H2      H2      10   10      1.000
                H1      H1      10   10      1.000
 20  H1_11c_11c_A
                H6      H6      11c  11c     1.000
                H5      H5      11c  11c     1.000
                H4      H4      11c  11c     1.000
                H3      H3      11c  11c     1.000
                H2      H2      11c  11c     1.000
                H1      H1      11c  11c     1.000
 21  H1_11s_11s_A
                H6      H6      11s  11s     1.000
                H5      H5      11s  11s     1.000
                H4      H4      11s  11s     1.000
                H3      H3      11s  11s     1.000
                H2      H2      11s  11s     1.000
                H1      H1      11s  11s     1.000
Reading penalties


Static polarizabilities

Response values:
Maximum          0.0222340876
Minimum         -0.0117740361
Range            0.0340081237
Min. magnitude   0.0000000030

Parameter values: 
  1            9.20150373     C1_10_10_A
  2           10.71940736     C1_10_20_A
  3            0.10852941     C1_10_21c_A
  4           -4.91311831     C1_10_22c_A
  5           12.74195978     C1_11c_11c_A
  6           -0.12285204     C1_11c_20_A
  7          -30.61958973     C1_11c_21c_A
  8            0.19231852     C1_11c_22c_A
  9            6.13298477     C1_11s_11s_A
 10            1.02683901     C1_11s_21s_A
 11           54.07090361     C1_20_20_A
 12            0.64153329     C1_20_21c_A
 13           -7.97192809     C1_20_22c_A
 14           82.71386666     C1_21c_21c_A
 15            1.37268674     C1_21c_22c_A
 16           67.73659500     C1_21s_21s_A
 17            9.70001087     C1_22c_22c_A
 18           82.11343122     C1_22s_22s_A
 19            2.07740368     H1_10_10_A
 20            2.62217914     H1_11c_11c_A
 21            1.01222261     H1_11s_11s_A
Residuals               per cent of range
Maximum      0.00061199       1.800
Minimum     -0.00054376      -1.599
R.m.s.       0.00001407       0.041
Sum of squared residuals =         0.00040

Parameter                Fitted      Anchor    Difference   Penalty
C1_10_10_A               9.20150     8.99344     0.20807    4.32358E-07
C1_10_20_A              10.71941    -5.50112    16.22053    0.00000E+00
C1_10_21c_A              0.10853    -0.00042     0.10895    0.00000E+00
C1_10_22c_A             -4.91312    12.82865   -17.74177    0.00000E+00
C1_11c_11c_A            12.74196    12.76931    -0.02735    7.47057E-09
C1_11c_20_A             -0.12285    -0.00036    -0.12250    0.00000E+00
C1_11c_21c_A           -30.61959   -28.91905    -1.70054    0.00000E+00
C1_11c_22c_A             0.19232    -0.00012     0.19243    0.00000E+00
C1_11s_11s_A             6.13298     5.18352     0.94947    9.00314E-06
C1_11s_21s_A             1.02684    -0.69264     1.71948    0.00000E+00
C1_20_20_A              54.07090   194.09775  -140.02685    0.00000E+00
C1_20_21c_A              0.64153     0.00611     0.63543    0.00000E+00
C1_20_22c_A             -7.97193   -44.50053    36.52861    0.00000E+00
C1_21c_21c_A            82.71387   150.81728   -68.10341    0.00000E+00
C1_21c_22c_A             1.37269    -0.00227     1.37496    0.00000E+00
C1_21s_21s_A            67.73659    52.12686    15.60974    0.00000E+00
C1_22c_22c_A             9.70001   -50.25226    59.95227    0.00000E+00
C1_22s_22s_A            82.11343    71.21821    10.89523    0.00000E+00
H1_10_10_A               2.07740     2.02014     0.05726    3.27461E-08
H1_11c_11c_A             2.62218     2.88259    -0.26041    6.77258E-07
H1_11s_11s_A             1.01222     1.97756    -0.96534    9.30661E-06

Sum of penalties =     1.94596E-05
WARNING: string truncated

Total molecular polarizability
      00          z           x           y           20          21c         21s         22c         22s
     0.00000     0.00000     0.00000     0.00000     0.00000     0.00000     0.00000     0.00000     0.00000
     0.00000    42.87124     0.00000     0.00000     0.00000     0.00000     0.00000     0.00000     0.00000
     0.00000     0.00000    79.92914     0.00000     0.00000     0.00000     0.00000     0.00000     0.00000
     0.00000     0.00000     0.00000    79.92914     0.00000     0.00000     0.00000     0.00000     0.00000
     0.00000     0.00000     0.00000     0.00000   781.33241     0.00000     0.00000     0.00000     0.00000
     0.00000     0.00000     0.00000     0.00000     0.00000  1066.25852     0.00000     0.00000     0.00000
     0.00000     0.00000     0.00000     0.00000     0.00000     0.00000  1066.25852     0.00000     0.00000
     0.00000     0.00000     0.00000     0.00000     0.00000     0.00000     0.00000  2199.15386     0.00000
     0.00000     0.00000     0.00000     0.00000     0.00000     0.00000     0.00000     0.00000  2199.15385
Mean polarizability       =  67.57651
Polarizability anisotropy =  37.05789
Finished
