WARNING: string truncated
Batch  1:  2000 points

Sites
C1            2.646232    0.000000    0.000000
*** Warning: type C was not defined

C2            1.323116    2.291705    0.000000
C3           -1.323116    2.291705    0.000000
C4           -2.646232    0.000000    0.000000
C5           -1.323116   -2.291705    0.000000
C6            1.323116   -2.291705    0.000000
H1            4.708300    0.000000    0.000000
*** Warning: type H was not defined

H2            2.354150    4.077507    0.000000
H3           -2.354150    4.077507    0.000000
H4           -4.708300    0.000000    0.000000
H5           -2.354150   -4.077507    0.000000
H6            2.354150   -4.077507    0.000000

Polarizability parameters
                  Sites       Components  Coefficient
  1  C1_10_10_A
                C6      C6      10   10      1.000
                C5      C5      10   10      1.000
                C4      C4      10   10      1.000
                C3      C3      10   10      1.000
                C2      C2      10   10      1.000
                C1      C1      10   10      1.000
  2  C1_10_20_A
                C6      C6      10   20      1.000
                C5      C5      10   20      1.000
                C4      C4      10   20      1.000
                C3      C3      10   20      1.000
                C2      C2      10   20      1.000
                C1      C1      10   20      1.000
  3  C1_10_21c_A
                C6      C6      10   21c     1.000
                C5      C5      10   21c     1.000
                C4      C4      10   21c     1.000
                C3      C3      10   21c     1.000
                C2      C2      10   21c     1.000
                C1      C1      10   21c     1.000
  4  C1_10_22c_A
                C6      C6      10   22c     1.000
                C5      C5      10   22c     1.000
                C4      C4      10   22c     1.000
                C3      C3      10   22c     1.000
                C2      C2      10   22c     1.000
                C1      C1      10   22c     1.000
  5  C1_11c_11c_A
                C6      C6      11c  11c     1.000
                C5      C5      11c  11c     1.000
                C4      C4      11c  11c     1.000
                C3      C3      11c  11c     1.000
                C2      C2      11c  11c     1.000
                C1      C1      11c  11c     1.000
  6  C1_11c_20_A
                C6      C6      11c  20      1.000
                C5      C5      11c  20      1.000
                C4      C4      11c  20      1.000
                C3      C3      11c  20      1.000
                C2      C2      11c  20      1.000
                C1      C1      11c  20      1.000
  7  C1_11c_21c_A
                C6      C6      11c  21c     1.000
                C5      C5      11c  21c     1.000
                C4      C4      11c  21c     1.000
                C3      C3      11c  21c     1.000
                C2      C2      11c  21c     1.000
                C1      C1      11c  21c     1.000
  8  C1_11c_22c_A
                C6      C6      11c  22c     1.000
                C5      C5      11c  22c     1.000
                C4      C4      11c  22c     1.000
                C3      C3      11c  22c     1.000
                C2      C2      11c  22c     1.000
                C1      C1      11c  22c     1.000
  9  C1_11s_11s_A
                C6      C6      11s  11s     1.000
                C5      C5      11s  11s     1.000
                C4      C4      11s  11s     1.000
                C3      C3      11s  11s     1.000
                C2      C2      11s  11s     1.000
                C1      C1      11s  11s     1.000
 10  C1_11s_21s_A
                C6      C6      11s  21s     1.000
                C5      C5      11s  21s     1.000
                C4      C4      11s  21s     1.000
                C3      C3      11s  21s     1.000
                C2      C2      11s  21s     1.000
                C1      C1      11s  21s     1.000
 11  C1_20_20_A
                C6      C6      20   20      1.000
                C5      C5      20   20      1.000
                C4      C4      20   20      1.000
                C3      C3      20   20      1.000
                C2      C2      20   20      1.000
                C1      C1      20   20      1.000
 12  C1_20_21c_A
                C6      C6      20   21c     1.000
                C5      C5      20   21c     1.000
                C4      C4      20   21c     1.000
                C3      C3      20   21c     1.000
                C2      C2      20   21c     1.000
                C1      C1      20   21c     1.000
 13  C1_20_22c_A
                C6      C6      20   22c     1.000
                C5      C5      20   22c     1.000
                C4      C4      20   22c     1.000
                C3      C3      20   22c     1.000
                C2      C2      20   22c     1.000
                C1      C1      20   22c     1.000
 14  C1_21c_21c_A
                C6      C6      21c  21c     1.000
                C5      C5      21c  21c     1.000
                C4      C4      21c  21c     1.000
                C3      C3      21c  21c     1.000
                C2      C2      21c  21c     1.000
                C1      C1      21c  21c     1.000
 15  C1_21c_22c_A
                C6      C6      21c  22c     1.000
                C5      C5      21c  22c     1.000
                C4      C4      21c  22c     1.000
                C3      C3      21c  22c     1.000
                C2      C2      21c  22c     1.000
                C1      C1      21c  22c     1.000
 16  C1_21s_21s_A
                C6      C6      21s  21s     1.000
                C5      C5      21s  21s     1.000
                C4      C4      21s  21s     1.000
                C3      C3      21s  21s     1.000
                C2      C2      21s  21s     1.000
                C1      C1      21s  21s     1.000
 17  C1_22c_22c_A
                C6      C6      22c  22c     1.000
                C5      C5      22c  22c     1.000
                C4      C4      22c  22c     1.000
                C3      C3      22c  22c     1.000
                C2      C2      22c  22c     1.000
                C1      C1      22c  22c     1.000
 18  C1_22s_22s_A
                C6      C6      22s  22s     1.000
                C5      C5      22s  22s     1.000
                C4      C4      22s  22s     1.000
                C3      C3      22s  22s     1.000
                C2      C2      22s  22s     1.000
                C1      C1      22s  22s     1.000
 19  H1_10_10_A
                H6      H6      10   10      1.000
                H5      H5      10   10      1.000
                H4      H4      10   10      1.000
                H3      H3      10   10      1.000
                H2      H2      10   10      1.000
                H1      H1      10   10      1.000
 20  H1_11c_11c_A
                H6      H6      11c  11c     1.000
                H5      H5      11c  11c     1.000
                H4      H4      11c  11c     1.000
                H3      H3      11c  11c     1.000
                H2      H2      11c  11c     1.000
                H1      H1      11c  11c     1.000
 21  H1_11s_11s_A
                H6      H6      11s  11s     1.000
                H5      H5      11s  11s     1.000
                H4      H4      11s  11s     1.000
                H3      H3      11s  11s     1.000
                H2      H2      11s  11s     1.000
                H1      H1      11s  11s     1.000
Reading penalties


Static polarizabilities

Response values:
Maximum          0.0090620793
Minimum         -0.0041196842
Range            0.0131817635
Min. magnitude   0.0000000006

Parameter values: 
  1            2.88246298     C1_10_10_A
  2            4.76046301     C1_10_20_A
  3            0.00925676     C1_10_21c_A
  4           -0.02654573     C1_10_22c_A
  5            4.49283687     C1_11c_11c_A
  6           -0.03031205     C1_11c_20_A
  7           -6.87188024     C1_11c_21c_A
  8            0.04153927     C1_11c_22c_A
  9            2.50569055     C1_11s_11s_A
 10           -0.42211689     C1_11s_21s_A
 11           21.21993404     C1_20_20_A
 12            0.21905007     C1_20_21c_A
 13           -3.76921742     C1_20_22c_A
 14           25.55792062     C1_21c_21c_A
 15            0.37155705     C1_21c_22c_A
 16           24.59471675     C1_21s_21s_A
 17           10.80408036     C1_22c_22c_A
 18           24.93254230     C1_22s_22s_A
 19            0.88802431     H1_10_10_A
 20            1.12915228     H1_11c_11c_A
 21            0.75898183     H1_11s_11s_A
Residuals               per cent of range
Maximum      0.00009672       0.734
Minimum     -0.00025052      -1.901
R.m.s.       0.00000459       0.035
Sum of squared residuals =         0.00004

Parameter                Fitted      Anchor    Difference   Penalty
C1_10_10_A               2.88246     2.89564    -0.01317    1.19227E-09
C1_10_20_A               4.76046    -1.27438     6.03485    0.00000E+00
C1_10_21c_A              0.00926    -0.00017     0.00943    0.00000E+00
C1_10_22c_A             -0.02655     7.44537    -7.47191    0.00000E+00
C1_11c_11c_A             4.49284     4.57664    -0.08381    4.82547E-08
C1_11c_20_A             -0.03031    -0.00016    -0.03016    0.00000E+00
C1_11c_21c_A            -6.87188    -9.96001     3.08813    0.00000E+00
C1_11c_22c_A             0.04154    -0.00006     0.04160    0.00000E+00
C1_11s_11s_A             2.50569     2.19510     0.31059    6.62754E-07
C1_11s_21s_A            -0.42212    -1.38049     0.95837    0.00000E+00
C1_20_20_A              21.21993    78.00715   -56.78722    0.00000E+00
C1_20_21c_A              0.21905     0.00257     0.21648    0.00000E+00
C1_20_22c_A             -3.76922   -28.01609    24.24687    0.00000E+00
C1_21c_21c_A            25.55792    80.08848   -54.53056    0.00000E+00
C1_21c_22c_A             0.37156    -0.00107     0.37262    0.00000E+00
C1_21s_21s_A            24.59472    24.58652     0.00820    0.00000E+00
C1_22c_22c_A            10.80408    -5.12564    15.92972    0.00000E+00
C1_22s_22s_A            24.93254    23.21318     1.71936    0.00000E+00
H1_10_10_A               0.88802     0.70918     0.17884    2.19747E-07
H1_11c_11c_A             1.12915     1.21013    -0.08098    4.50500E-08
H1_11s_11s_A             0.75898     1.07333    -0.31435    6.78892E-07

Sum of penalties =     1.65589E-06
WARNING: string truncated

Total molecular polarizability
      00          z           x           y           20          21c         21s         22c         22s
     0.00000     0.00000     0.00000     0.00000     0.00000     0.00000     0.00000     0.00000     0.00000
     0.00000    19.58803     0.00000     0.00000     0.00000     0.00000     0.00000     0.00000     0.00000
     0.00000     0.00000    28.17743     0.00000     0.00000     0.00000     0.00000     0.00000     0.00000
     0.00000     0.00000     0.00000    28.17743     0.00000     0.00000     0.00000     0.00000     0.00000
     0.00000     0.00000     0.00000     0.00000   374.93883     0.00000     0.00000     0.00000     0.00000
     0.00000     0.00000     0.00000     0.00000     0.00000   446.31585     0.00000     0.00000     0.00000
     0.00000     0.00000     0.00000     0.00000     0.00000     0.00000   446.31585     0.00000     0.00000
     0.00000     0.00000     0.00000     0.00000     0.00000     0.00000     0.00000   934.34056     0.00000
     0.00000     0.00000     0.00000     0.00000     0.00000     0.00000     0.00000     0.00000   934.34056
Mean polarizability       =  25.31430
Polarizability anisotropy =   8.58940
Finished
