WARNING: string truncated
Batch  1:  2000 points

Sites
C1            2.646232    0.000000    0.000000
*** Warning: type C was not defined

C2            1.323116    2.291705    0.000000
C3           -1.323116    2.291705    0.000000
C4           -2.646232    0.000000    0.000000
C5           -1.323116   -2.291705    0.000000
C6            1.323116   -2.291705    0.000000
H1            4.708300    0.000000    0.000000
*** Warning: type H was not defined

H2            2.354150    4.077507    0.000000
H3           -2.354150    4.077507    0.000000
H4           -4.708300    0.000000    0.000000
H5           -2.354150   -4.077507    0.000000
H6            2.354150   -4.077507    0.000000

Polarizability parameters
                  Sites       Components  Coefficient
  1  C1_10_10_A
                C6      C6      10   10      1.000
                C5      C5      10   10      1.000
                C4      C4      10   10      1.000
                C3      C3      10   10      1.000
                C2      C2      10   10      1.000
                C1      C1      10   10      1.000
  2  C1_10_20_A
                C6      C6      10   20      1.000
                C5      C5      10   20      1.000
                C4      C4      10   20      1.000
                C3      C3      10   20      1.000
                C2      C2      10   20      1.000
                C1      C1      10   20      1.000
  3  C1_10_21c_A
                C6      C6      10   21c     1.000
                C5      C5      10   21c     1.000
                C4      C4      10   21c     1.000
                C3      C3      10   21c     1.000
                C2      C2      10   21c     1.000
                C1      C1      10   21c     1.000
  4  C1_10_22c_A
                C6      C6      10   22c     1.000
                C5      C5      10   22c     1.000
                C4      C4      10   22c     1.000
                C3      C3      10   22c     1.000
                C2      C2      10   22c     1.000
                C1      C1      10   22c     1.000
  5  C1_11c_11c_A
                C6      C6      11c  11c     1.000
                C5      C5      11c  11c     1.000
                C4      C4      11c  11c     1.000
                C3      C3      11c  11c     1.000
                C2      C2      11c  11c     1.000
                C1      C1      11c  11c     1.000
  6  C1_11c_20_A
                C6      C6      11c  20      1.000
                C5      C5      11c  20      1.000
                C4      C4      11c  20      1.000
                C3      C3      11c  20      1.000
                C2      C2      11c  20      1.000
                C1      C1      11c  20      1.000
  7  C1_11c_21c_A
                C6      C6      11c  21c     1.000
                C5      C5      11c  21c     1.000
                C4      C4      11c  21c     1.000
                C3      C3      11c  21c     1.000
                C2      C2      11c  21c     1.000
                C1      C1      11c  21c     1.000
  8  C1_11c_22c_A
                C6      C6      11c  22c     1.000
                C5      C5      11c  22c     1.000
                C4      C4      11c  22c     1.000
                C3      C3      11c  22c     1.000
                C2      C2      11c  22c     1.000
                C1      C1      11c  22c     1.000
  9  C1_11s_11s_A
                C6      C6      11s  11s     1.000
                C5      C5      11s  11s     1.000
                C4      C4      11s  11s     1.000
                C3      C3      11s  11s     1.000
                C2      C2      11s  11s     1.000
                C1      C1      11s  11s     1.000
 10  C1_11s_21s_A
                C6      C6      11s  21s     1.000
                C5      C5      11s  21s     1.000
                C4      C4      11s  21s     1.000
                C3      C3      11s  21s     1.000
                C2      C2      11s  21s     1.000
                C1      C1      11s  21s     1.000
 11  C1_20_20_A
                C6      C6      20   20      1.000
                C5      C5      20   20      1.000
                C4      C4      20   20      1.000
                C3      C3      20   20      1.000
                C2      C2      20   20      1.000
                C1      C1      20   20      1.000
 12  C1_20_21c_A
                C6      C6      20   21c     1.000
                C5      C5      20   21c     1.000
                C4      C4      20   21c     1.000
                C3      C3      20   21c     1.000
                C2      C2      20   21c     1.000
                C1      C1      20   21c     1.000
 13  C1_20_22c_A
                C6      C6      20   22c     1.000
                C5      C5      20   22c     1.000
                C4      C4      20   22c     1.000
                C3      C3      20   22c     1.000
                C2      C2      20   22c     1.000
                C1      C1      20   22c     1.000
 14  C1_21c_21c_A
                C6      C6      21c  21c     1.000
                C5      C5      21c  21c     1.000
                C4      C4      21c  21c     1.000
                C3      C3      21c  21c     1.000
                C2      C2      21c  21c     1.000
                C1      C1      21c  21c     1.000
 15  C1_21c_22c_A
                C6      C6      21c  22c     1.000
                C5      C5      21c  22c     1.000
                C4      C4      21c  22c     1.000
                C3      C3      21c  22c     1.000
                C2      C2      21c  22c     1.000
                C1      C1      21c  22c     1.000
 16  C1_21s_21s_A
                C6      C6      21s  21s     1.000
                C5      C5      21s  21s     1.000
                C4      C4      21s  21s     1.000
                C3      C3      21s  21s     1.000
                C2      C2      21s  21s     1.000
                C1      C1      21s  21s     1.000
 17  C1_22c_22c_A
                C6      C6      22c  22c     1.000
                C5      C5      22c  22c     1.000
                C4      C4      22c  22c     1.000
                C3      C3      22c  22c     1.000
                C2      C2      22c  22c     1.000
                C1      C1      22c  22c     1.000
 18  C1_22s_22s_A
                C6      C6      22s  22s     1.000
                C5      C5      22s  22s     1.000
                C4      C4      22s  22s     1.000
                C3      C3      22s  22s     1.000
                C2      C2      22s  22s     1.000
                C1      C1      22s  22s     1.000
 19  H1_10_10_A
                H6      H6      10   10      1.000
                H5      H5      10   10      1.000
                H4      H4      10   10      1.000
                H3      H3      10   10      1.000
                H2      H2      10   10      1.000
                H1      H1      10   10      1.000
 20  H1_11c_11c_A
                H6      H6      11c  11c     1.000
                H5      H5      11c  11c     1.000
                H4      H4      11c  11c     1.000
                H3      H3      11c  11c     1.000
                H2      H2      11c  11c     1.000
                H1      H1      11c  11c     1.000
 21  H1_11s_11s_A
                H6      H6      11s  11s     1.000
                H5      H5      11s  11s     1.000
                H4      H4      11s  11s     1.000
                H3      H3      11s  11s     1.000
                H2      H2      11s  11s     1.000
                H1      H1      11s  11s     1.000
Reading penalties


Static polarizabilities

Response values:
Maximum          0.0223881476
Minimum         -0.0118825471
Range            0.0342706947
Min. magnitude   0.0000000005

Parameter values: 
  1            9.30270970     C1_10_10_A
  2           10.67728061     C1_10_20_A
  3            0.11168682     C1_10_21c_A
  4           -4.98684893     C1_10_22c_A
  5           12.86214262     C1_11c_11c_A
  6           -0.12484143     C1_11c_20_A
  7          -31.11529780     C1_11c_21c_A
  8            0.19580154     C1_11c_22c_A
  9            6.17435955     C1_11s_11s_A
 10            1.06771724     C1_11s_21s_A
 11           54.96978033     C1_20_20_A
 12            0.64653474     C1_20_21c_A
 13           -8.09873370     C1_20_22c_A
 14           84.14440325     C1_21c_21c_A
 15            1.39089599     C1_21c_22c_A
 16           68.22003363     C1_21s_21s_A
 17            9.64728046     C1_22c_22c_A
 18           82.99942840     C1_22s_22s_A
 19            2.08558455     H1_10_10_A
 20            2.63754735     H1_11c_11c_A
 21            1.00961013     H1_11s_11s_A
Residuals               per cent of range
Maximum      0.00062146       1.813
Minimum     -0.00054673      -1.595
R.m.s.       0.00001421       0.041
Sum of squared residuals =         0.00040

Parameter                Fitted      Anchor    Difference   Penalty
C1_10_10_A               9.30271     9.09020     0.21251    4.51588E-07
C1_10_20_A              10.67728    -5.63629    16.31357    0.00000E+00
C1_10_21c_A              0.11169    -0.00043     0.11211    0.00000E+00
C1_10_22c_A             -4.98685    12.83541   -17.82226    0.00000E+00
C1_11c_11c_A            12.86214    12.88780    -0.02565    6.58096E-09
C1_11c_20_A             -0.12484    -0.00036    -0.12448    0.00000E+00
C1_11c_21c_A           -31.11530   -29.25674    -1.85856    0.00000E+00
C1_11c_22c_A             0.19580    -0.00012     0.19592    0.00000E+00
C1_11s_11s_A             6.17436     5.21678     0.95758    9.16954E-06
C1_11s_21s_A             1.06772    -0.66515     1.73287    0.00000E+00
C1_20_20_A              54.96978   195.47201  -140.50223    0.00000E+00
C1_20_21c_A              0.64653     0.00615     0.64039    0.00000E+00
C1_20_22c_A             -8.09873   -44.44941    36.35068    0.00000E+00
C1_21c_21c_A            84.14440   151.61913   -67.47473    0.00000E+00
C1_21c_22c_A             1.39090    -0.00228     1.39318    0.00000E+00
C1_21s_21s_A            68.22003    52.27797    15.94206    0.00000E+00
C1_22c_22c_A             9.64728   -50.85102    60.49830    0.00000E+00
C1_22s_22s_A            82.99943    72.10346    10.89597    0.00000E+00
H1_10_10_A               2.08558     2.03134     0.05424    2.94230E-08
H1_11c_11c_A             2.63755     2.90160    -0.26405    6.97243E-07
H1_11s_11s_A             1.00961     1.98324    -0.97363    9.47964E-06

Sum of penalties =     1.98340E-05
WARNING: string truncated

Total molecular polarizability
      00          z           x           y           20          21c         21s         22c         22s
     0.00000     0.00000     0.00000     0.00000     0.00000     0.00000     0.00000     0.00000     0.00000
     0.00000    43.10382     0.00000     0.00000     0.00000     0.00000     0.00000     0.00000     0.00000
     0.00000     0.00000    80.66395     0.00000     0.00000     0.00000     0.00000     0.00000     0.00000
     0.00000     0.00000     0.00000    80.66395     0.00000     0.00000     0.00000     0.00000     0.00000
     0.00000     0.00000     0.00000     0.00000   784.42837     0.00000     0.00000     0.00000     0.00000
     0.00000     0.00000     0.00000     0.00000     0.00000  1073.57734     0.00000     0.00000     0.00000
     0.00000     0.00000     0.00000     0.00000     0.00000     0.00000  1073.57733     0.00000     0.00000
     0.00000     0.00000     0.00000     0.00000     0.00000     0.00000     0.00000  2210.78707     0.00000
     0.00000     0.00000     0.00000     0.00000     0.00000     0.00000     0.00000     0.00000  2210.78707
Mean polarizability       =  68.14391
Polarizability anisotropy =  37.56013
Finished
