WARNING: string truncated
Batch  1:  2000 points

Sites
C1            2.646232    0.000000    0.000000
*** Warning: type C was not defined

C2            1.323116    2.291705    0.000000
C3           -1.323116    2.291705    0.000000
C4           -2.646232    0.000000    0.000000
C5           -1.323116   -2.291705    0.000000
C6            1.323116   -2.291705    0.000000
H1            4.708300    0.000000    0.000000
*** Warning: type H was not defined

H2            2.354150    4.077507    0.000000
H3           -2.354150    4.077507    0.000000
H4           -4.708300    0.000000    0.000000
H5           -2.354150   -4.077507    0.000000
H6            2.354150   -4.077507    0.000000

Polarizability parameters
                  Sites       Components  Coefficient
  1  C1_10_10_A
                C6      C6      10   10      1.000
                C5      C5      10   10      1.000
                C4      C4      10   10      1.000
                C3      C3      10   10      1.000
                C2      C2      10   10      1.000
                C1      C1      10   10      1.000
  2  C1_10_20_A
                C6      C6      10   20      1.000
                C5      C5      10   20      1.000
                C4      C4      10   20      1.000
                C3      C3      10   20      1.000
                C2      C2      10   20      1.000
                C1      C1      10   20      1.000
  3  C1_10_21c_A
                C6      C6      10   21c     1.000
                C5      C5      10   21c     1.000
                C4      C4      10   21c     1.000
                C3      C3      10   21c     1.000
                C2      C2      10   21c     1.000
                C1      C1      10   21c     1.000
  4  C1_10_22c_A
                C6      C6      10   22c     1.000
                C5      C5      10   22c     1.000
                C4      C4      10   22c     1.000
                C3      C3      10   22c     1.000
                C2      C2      10   22c     1.000
                C1      C1      10   22c     1.000
  5  C1_11c_11c_A
                C6      C6      11c  11c     1.000
                C5      C5      11c  11c     1.000
                C4      C4      11c  11c     1.000
                C3      C3      11c  11c     1.000
                C2      C2      11c  11c     1.000
                C1      C1      11c  11c     1.000
  6  C1_11c_20_A
                C6      C6      11c  20      1.000
                C5      C5      11c  20      1.000
                C4      C4      11c  20      1.000
                C3      C3      11c  20      1.000
                C2      C2      11c  20      1.000
                C1      C1      11c  20      1.000
  7  C1_11c_21c_A
                C6      C6      11c  21c     1.000
                C5      C5      11c  21c     1.000
                C4      C4      11c  21c     1.000
                C3      C3      11c  21c     1.000
                C2      C2      11c  21c     1.000
                C1      C1      11c  21c     1.000
  8  C1_11c_22c_A
                C6      C6      11c  22c     1.000
                C5      C5      11c  22c     1.000
                C4      C4      11c  22c     1.000
                C3      C3      11c  22c     1.000
                C2      C2      11c  22c     1.000
                C1      C1      11c  22c     1.000
  9  C1_11s_11s_A
                C6      C6      11s  11s     1.000
                C5      C5      11s  11s     1.000
                C4      C4      11s  11s     1.000
                C3      C3      11s  11s     1.000
                C2      C2      11s  11s     1.000
                C1      C1      11s  11s     1.000
 10  C1_11s_21s_A
                C6      C6      11s  21s     1.000
                C5      C5      11s  21s     1.000
                C4      C4      11s  21s     1.000
                C3      C3      11s  21s     1.000
                C2      C2      11s  21s     1.000
                C1      C1      11s  21s     1.000
 11  C1_20_20_A
                C6      C6      20   20      1.000
                C5      C5      20   20      1.000
                C4      C4      20   20      1.000
                C3      C3      20   20      1.000
                C2      C2      20   20      1.000
                C1      C1      20   20      1.000
 12  C1_20_21c_A
                C6      C6      20   21c     1.000
                C5      C5      20   21c     1.000
                C4      C4      20   21c     1.000
                C3      C3      20   21c     1.000
                C2      C2      20   21c     1.000
                C1      C1      20   21c     1.000
 13  C1_20_22c_A
                C6      C6      20   22c     1.000
                C5      C5      20   22c     1.000
                C4      C4      20   22c     1.000
                C3      C3      20   22c     1.000
                C2      C2      20   22c     1.000
                C1      C1      20   22c     1.000
 14  C1_21c_21c_A
                C6      C6      21c  21c     1.000
                C5      C5      21c  21c     1.000
                C4      C4      21c  21c     1.000
                C3      C3      21c  21c     1.000
                C2      C2      21c  21c     1.000
                C1      C1      21c  21c     1.000
 15  C1_21c_22c_A
                C6      C6      21c  22c     1.000
                C5      C5      21c  22c     1.000
                C4      C4      21c  22c     1.000
                C3      C3      21c  22c     1.000
                C2      C2      21c  22c     1.000
                C1      C1      21c  22c     1.000
 16  C1_21s_21s_A
                C6      C6      21s  21s     1.000
                C5      C5      21s  21s     1.000
                C4      C4      21s  21s     1.000
                C3      C3      21s  21s     1.000
                C2      C2      21s  21s     1.000
                C1      C1      21s  21s     1.000
 17  C1_22c_22c_A
                C6      C6      22c  22c     1.000
                C5      C5      22c  22c     1.000
                C4      C4      22c  22c     1.000
                C3      C3      22c  22c     1.000
                C2      C2      22c  22c     1.000
                C1      C1      22c  22c     1.000
 18  C1_22s_22s_A
                C6      C6      22s  22s     1.000
                C5      C5      22s  22s     1.000
                C4      C4      22s  22s     1.000
                C3      C3      22s  22s     1.000
                C2      C2      22s  22s     1.000
                C1      C1      22s  22s     1.000
 19  H1_10_10_A
                H6      H6      10   10      1.000
                H5      H5      10   10      1.000
                H4      H4      10   10      1.000
                H3      H3      10   10      1.000
                H2      H2      10   10      1.000
                H1      H1      10   10      1.000
 20  H1_11c_11c_A
                H6      H6      11c  11c     1.000
                H5      H5      11c  11c     1.000
                H4      H4      11c  11c     1.000
                H3      H3      11c  11c     1.000
                H2      H2      11c  11c     1.000
                H1      H1      11c  11c     1.000
 21  H1_11s_11s_A
                H6      H6      11s  11s     1.000
                H5      H5      11s  11s     1.000
                H4      H4      11s  11s     1.000
                H3      H3      11s  11s     1.000
                H2      H2      11s  11s     1.000
                H1      H1      11s  11s     1.000
Reading penalties


Static polarizabilities

Response values:
Maximum          0.0002524990
Minimum         -0.0001361098
Range            0.0003886089
Min. magnitude   0.0000000000

Parameter values: 
  1            0.07773634     C1_10_10_A
  2            0.01027814     C1_10_20_A
  3            0.00061008     C1_10_21c_A
  4            0.01210287     C1_10_22c_A
  5            0.08678993     C1_11c_11c_A
  6           -0.00083280     C1_11c_20_A
  7           -0.07307569     C1_11c_21c_A
  8            0.00114236     C1_11c_22c_A
  9            0.08006782     C1_11s_11s_A
 10           -0.01623584     C1_11s_21s_A
 11            0.70654750     C1_20_20_A
 12            0.00356243     C1_20_21c_A
 13           -0.05744492     C1_20_22c_A
 14            0.71094392     C1_21c_21c_A
 15            0.00460006     C1_21c_22c_A
 16            0.69327842     C1_21s_21s_A
 17            0.50120127     C1_22c_22c_A
 18            0.45083670     C1_22s_22s_A
 19            0.01907456     H1_10_10_A
 20            0.02523350     H1_11c_11c_A
 21            0.01969803     H1_11s_11s_A
Residuals               per cent of range
Maximum      0.00000214       0.549
Minimum     -0.00000608      -1.566
R.m.s.       0.00000011       0.027
Sum of squared residuals =         0.00000

Parameter                Fitted      Anchor    Difference   Penalty
C1_10_10_A               0.07774     0.06209     0.01565    5.02106E-11
C1_10_20_A               0.01028    -0.04500     0.05528    0.00000E+00
C1_10_21c_A              0.00061    -0.00000     0.00061    0.00000E+00
C1_10_22c_A              0.01210     0.19570    -0.18360    0.00000E+00
C1_11c_11c_A             0.08679     0.10669    -0.01990    8.12271E-11
C1_11c_20_A             -0.00083    -0.00000    -0.00083    0.00000E+00
C1_11c_21c_A            -0.07308    -0.28027     0.20719    0.00000E+00
C1_11c_22c_A             0.00114    -0.00000     0.00114    0.00000E+00
C1_11s_11s_A             0.08007     0.07167     0.00840    1.44695E-11
C1_11s_21s_A            -0.01624    -0.06890     0.05266    0.00000E+00
C1_20_20_A               0.70655     1.57193    -0.86538    0.00000E+00
C1_20_21c_A              0.00356     0.00006     0.00350    0.00000E+00
C1_20_22c_A             -0.05744    -0.98841     0.93096    0.00000E+00
C1_21c_21c_A             0.71094     2.49083    -1.77989    0.00000E+00
C1_21c_22c_A             0.00460    -0.00002     0.00462    0.00000E+00
C1_21s_21s_A             0.69328     0.80494    -0.11166    0.00000E+00
C1_22c_22c_A             0.50120     0.57031    -0.06911    0.00000E+00
C1_22s_22s_A             0.45084     0.68203    -0.23119    0.00000E+00
H1_10_10_A               0.01907     0.00914     0.00993    2.02293E-11
H1_11c_11c_A             0.02523     0.03076    -0.00552    6.25674E-12
H1_11s_11s_A             0.01970     0.02817    -0.00847    1.47301E-11

Sum of penalties =     1.87123E-10
WARNING: string truncated

Total molecular polarizability
      00          z           x           y           20          21c         21s         22c         22s
     0.00000     0.00000     0.00000     0.00000     0.00000     0.00000     0.00000     0.00000     0.00000
     0.00000     0.59860     0.00000     0.00000     0.00000     0.00000     0.00000     0.00000     0.00000
     0.00000     0.00000     0.62650     0.00000     0.00000     0.00000     0.00000     0.00000     0.00000
     0.00000     0.00000     0.00000     0.62650     0.00000     0.00000     0.00000     0.00000     0.00000
     0.00000     0.00000     0.00000     0.00000     9.31595     0.00000     0.00000     0.00000     0.00000
     0.00000     0.00000     0.00000     0.00000     0.00000    11.96197     0.00000     0.00000     0.00000
     0.00000     0.00000     0.00000     0.00000     0.00000     0.00000    11.96197     0.00000     0.00000
     0.00000     0.00000     0.00000     0.00000     0.00000     0.00000     0.00000    21.52541     0.00000
     0.00000     0.00000     0.00000     0.00000     0.00000     0.00000     0.00000     0.00000    21.52541
Mean polarizability       =   0.61720
Polarizability anisotropy =   0.02791
Finished
