WARNING: string truncated
Batch  1:  2000 points

Sites
C1            2.646232    0.000000    0.000000
*** Warning: type C was not defined

C2            1.323116    2.291705    0.000000
C3           -1.323116    2.291705    0.000000
C4           -2.646232    0.000000    0.000000
C5           -1.323116   -2.291705    0.000000
C6            1.323116   -2.291705    0.000000
H1            4.708300    0.000000    0.000000
*** Warning: type H was not defined

H2            2.354150    4.077507    0.000000
H3           -2.354150    4.077507    0.000000
H4           -4.708300    0.000000    0.000000
H5           -2.354150   -4.077507    0.000000
H6            2.354150   -4.077507    0.000000

Polarizability parameters
                  Sites       Components  Coefficient
  1  C1_10_10_A
                C6      C6      10   10      1.000
                C5      C5      10   10      1.000
                C4      C4      10   10      1.000
                C3      C3      10   10      1.000
                C2      C2      10   10      1.000
                C1      C1      10   10      1.000
  2  C1_10_20_A
                C6      C6      10   20      1.000
                C5      C5      10   20      1.000
                C4      C4      10   20      1.000
                C3      C3      10   20      1.000
                C2      C2      10   20      1.000
                C1      C1      10   20      1.000
  3  C1_10_21c_A
                C6      C6      10   21c     1.000
                C5      C5      10   21c     1.000
                C4      C4      10   21c     1.000
                C3      C3      10   21c     1.000
                C2      C2      10   21c     1.000
                C1      C1      10   21c     1.000
  4  C1_10_22c_A
                C6      C6      10   22c     1.000
                C5      C5      10   22c     1.000
                C4      C4      10   22c     1.000
                C3      C3      10   22c     1.000
                C2      C2      10   22c     1.000
                C1      C1      10   22c     1.000
  5  C1_11c_11c_A
                C6      C6      11c  11c     1.000
                C5      C5      11c  11c     1.000
                C4      C4      11c  11c     1.000
                C3      C3      11c  11c     1.000
                C2      C2      11c  11c     1.000
                C1      C1      11c  11c     1.000
  6  C1_11c_20_A
                C6      C6      11c  20      1.000
                C5      C5      11c  20      1.000
                C4      C4      11c  20      1.000
                C3      C3      11c  20      1.000
                C2      C2      11c  20      1.000
                C1      C1      11c  20      1.000
  7  C1_11c_21c_A
                C6      C6      11c  21c     1.000
                C5      C5      11c  21c     1.000
                C4      C4      11c  21c     1.000
                C3      C3      11c  21c     1.000
                C2      C2      11c  21c     1.000
                C1      C1      11c  21c     1.000
  8  C1_11c_22c_A
                C6      C6      11c  22c     1.000
                C5      C5      11c  22c     1.000
                C4      C4      11c  22c     1.000
                C3      C3      11c  22c     1.000
                C2      C2      11c  22c     1.000
                C1      C1      11c  22c     1.000
  9  C1_11s_11s_A
                C6      C6      11s  11s     1.000
                C5      C5      11s  11s     1.000
                C4      C4      11s  11s     1.000
                C3      C3      11s  11s     1.000
                C2      C2      11s  11s     1.000
                C1      C1      11s  11s     1.000
 10  C1_11s_21s_A
                C6      C6      11s  21s     1.000
                C5      C5      11s  21s     1.000
                C4      C4      11s  21s     1.000
                C3      C3      11s  21s     1.000
                C2      C2      11s  21s     1.000
                C1      C1      11s  21s     1.000
 11  C1_20_20_A
                C6      C6      20   20      1.000
                C5      C5      20   20      1.000
                C4      C4      20   20      1.000
                C3      C3      20   20      1.000
                C2      C2      20   20      1.000
                C1      C1      20   20      1.000
 12  C1_20_21c_A
                C6      C6      20   21c     1.000
                C5      C5      20   21c     1.000
                C4      C4      20   21c     1.000
                C3      C3      20   21c     1.000
                C2      C2      20   21c     1.000
                C1      C1      20   21c     1.000
 13  C1_20_22c_A
                C6      C6      20   22c     1.000
                C5      C5      20   22c     1.000
                C4      C4      20   22c     1.000
                C3      C3      20   22c     1.000
                C2      C2      20   22c     1.000
                C1      C1      20   22c     1.000
 14  C1_21c_21c_A
                C6      C6      21c  21c     1.000
                C5      C5      21c  21c     1.000
                C4      C4      21c  21c     1.000
                C3      C3      21c  21c     1.000
                C2      C2      21c  21c     1.000
                C1      C1      21c  21c     1.000
 15  C1_21c_22c_A
                C6      C6      21c  22c     1.000
                C5      C5      21c  22c     1.000
                C4      C4      21c  22c     1.000
                C3      C3      21c  22c     1.000
                C2      C2      21c  22c     1.000
                C1      C1      21c  22c     1.000
 16  C1_21s_21s_A
                C6      C6      21s  21s     1.000
                C5      C5      21s  21s     1.000
                C4      C4      21s  21s     1.000
                C3      C3      21s  21s     1.000
                C2      C2      21s  21s     1.000
                C1      C1      21s  21s     1.000
 17  C1_22c_22c_A
                C6      C6      22c  22c     1.000
                C5      C5      22c  22c     1.000
                C4      C4      22c  22c     1.000
                C3      C3      22c  22c     1.000
                C2      C2      22c  22c     1.000
                C1      C1      22c  22c     1.000
 18  C1_22s_22s_A
                C6      C6      22s  22s     1.000
                C5      C5      22s  22s     1.000
                C4      C4      22s  22s     1.000
                C3      C3      22s  22s     1.000
                C2      C2      22s  22s     1.000
                C1      C1      22s  22s     1.000
 19  H1_10_10_A
                H6      H6      10   10      1.000
                H5      H5      10   10      1.000
                H4      H4      10   10      1.000
                H3      H3      10   10      1.000
                H2      H2      10   10      1.000
                H1      H1      10   10      1.000
 20  H1_11c_11c_A
                H6      H6      11c  11c     1.000
                H5      H5      11c  11c     1.000
                H4      H4      11c  11c     1.000
                H3      H3      11c  11c     1.000
                H2      H2      11c  11c     1.000
                H1      H1      11c  11c     1.000
 21  H1_11s_11s_A
                H6      H6      11s  11s     1.000
                H5      H5      11s  11s     1.000
                H4      H4      11s  11s     1.000
                H3      H3      11s  11s     1.000
                H2      H2      11s  11s     1.000
                H1      H1      11s  11s     1.000
Reading penalties


Static polarizabilities

Response values:
Maximum          0.0000092512
Minimum         -0.0000050330
Range            0.0000142842
Min. magnitude   0.0000000000

Parameter values: 
  1            0.00339580     C1_10_10_A
  2           -0.00069434     C1_10_20_A
  3            0.00003517     C1_10_21c_A
  4            0.00000169     C1_10_22c_A
  5            0.00274347     C1_11c_11c_A
  6           -0.00003169     C1_11c_20_A
  7           -0.00177715     C1_11c_21c_A
  8            0.00004847     C1_11c_22c_A
  9            0.00298605     C1_11s_11s_A
 10           -0.00053608     C1_11s_21s_A
 11            0.02388524     C1_20_20_A
 12            0.00010974     C1_20_21c_A
 13           -0.00061082     C1_20_22c_A
 14            0.02304194     C1_21c_21c_A
 15            0.00017367     C1_21c_22c_A
 16            0.02414137     C1_21s_21s_A
 17            0.01683398     C1_22c_22c_A
 18            0.01517920     C1_22s_22s_A
 19            0.00069017     H1_10_10_A
 20            0.00088364     H1_11c_11c_A
 21            0.00066928     H1_11s_11s_A
Residuals               per cent of range
Maximum      0.00000008       0.529
Minimum     -0.00000021      -1.483
R.m.s.       0.00000000       0.025
Sum of squared residuals =         0.00000

Parameter                Fitted      Anchor    Difference   Penalty
C1_10_10_A               0.00340     0.00229     0.00110    8.52771E-15
C1_10_20_A              -0.00069    -0.00260     0.00190    0.00000E+00
C1_10_21c_A              0.00004     0.00000     0.00004    0.00000E+00
C1_10_22c_A              0.00000     0.00681    -0.00681    0.00000E+00
C1_11c_11c_A             0.00274     0.00387    -0.00112    8.81413E-15
C1_11c_20_A             -0.00003    -0.00000    -0.00003    0.00000E+00
C1_11c_21c_A            -0.00178    -0.00994     0.00816    0.00000E+00
C1_11c_22c_A             0.00005    -0.00000     0.00005    0.00000E+00
C1_11s_11s_A             0.00299     0.00260     0.00039    1.04984E-15
C1_11s_21s_A            -0.00054    -0.00290     0.00236    0.00000E+00
C1_20_20_A               0.02389     0.05264    -0.02875    0.00000E+00
C1_20_21c_A              0.00011     0.00000     0.00011    0.00000E+00
C1_20_22c_A             -0.00061    -0.03684     0.03623    0.00000E+00
C1_21c_21c_A             0.02304     0.08734    -0.06430    0.00000E+00
C1_21c_22c_A             0.00017    -0.00000     0.00017    0.00000E+00
C1_21s_21s_A             0.02414     0.03085    -0.00671    0.00000E+00
C1_22c_22c_A             0.01683     0.02551    -0.00868    0.00000E+00
C1_22s_22s_A             0.01518     0.02388    -0.00870    0.00000E+00
H1_10_10_A               0.00069     0.00037     0.00032    7.01102E-16
H1_11c_11c_A             0.00088     0.00118    -0.00029    6.05893E-16
H1_11s_11s_A             0.00067     0.00106    -0.00039    1.06257E-15

Sum of penalties =     2.07613E-14
WARNING: string truncated

Total molecular polarizability
      00          z           x           y           20          21c         21s         22c         22s
     0.00000     0.00000     0.00000     0.00000     0.00000     0.00000     0.00000     0.00000     0.00000
     0.00000     0.02193     0.00000     0.00000     0.00000     0.00000     0.00000     0.00000     0.00000
     0.00000     0.00000     0.02314     0.00000     0.00000     0.00000     0.00000     0.00000     0.00000
     0.00000     0.00000     0.00000     0.02314     0.00000     0.00000     0.00000     0.00000     0.00000
     0.00000     0.00000     0.00000     0.00000     0.33190     0.00000     0.00000     0.00000     0.00000
     0.00000     0.00000     0.00000     0.00000     0.00000     0.42494     0.00000     0.00000     0.00000
     0.00000     0.00000     0.00000     0.00000     0.00000     0.00000     0.42494     0.00000     0.00000
     0.00000     0.00000     0.00000     0.00000     0.00000     0.00000     0.00000     0.77256     0.00000
     0.00000     0.00000     0.00000     0.00000     0.00000     0.00000     0.00000     0.00000     0.77256
Mean polarizability       =   0.02274
Polarizability anisotropy =   0.00121
Finished
