WARNING: string truncated
Batch  1:  2000 points

Sites
C1            2.646232    0.000000    0.000000
*** Warning: type C was not defined

C2            1.323116    2.291705    0.000000
C3           -1.323116    2.291705    0.000000
C4           -2.646232    0.000000    0.000000
C5           -1.323116   -2.291705    0.000000
C6            1.323116   -2.291705    0.000000
H1            4.708300    0.000000    0.000000
*** Warning: type H was not defined

H2            2.354150    4.077507    0.000000
H3           -2.354150    4.077507    0.000000
H4           -4.708300    0.000000    0.000000
H5           -2.354150   -4.077507    0.000000
H6            2.354150   -4.077507    0.000000

Polarizability parameters
                  Sites       Components  Coefficient
  1  C1_10_10_A
                C6      C6      10   10      1.000
                C5      C5      10   10      1.000
                C4      C4      10   10      1.000
                C3      C3      10   10      1.000
                C2      C2      10   10      1.000
                C1      C1      10   10      1.000
  2  C1_10_20_A
                C6      C6      10   20      1.000
                C5      C5      10   20      1.000
                C4      C4      10   20      1.000
                C3      C3      10   20      1.000
                C2      C2      10   20      1.000
                C1      C1      10   20      1.000
  3  C1_10_21c_A
                C6      C6      10   21c     1.000
                C5      C5      10   21c     1.000
                C4      C4      10   21c     1.000
                C3      C3      10   21c     1.000
                C2      C2      10   21c     1.000
                C1      C1      10   21c     1.000
  4  C1_10_22c_A
                C6      C6      10   22c     1.000
                C5      C5      10   22c     1.000
                C4      C4      10   22c     1.000
                C3      C3      10   22c     1.000
                C2      C2      10   22c     1.000
                C1      C1      10   22c     1.000
  5  C1_11c_11c_A
                C6      C6      11c  11c     1.000
                C5      C5      11c  11c     1.000
                C4      C4      11c  11c     1.000
                C3      C3      11c  11c     1.000
                C2      C2      11c  11c     1.000
                C1      C1      11c  11c     1.000
  6  C1_11c_20_A
                C6      C6      11c  20      1.000
                C5      C5      11c  20      1.000
                C4      C4      11c  20      1.000
                C3      C3      11c  20      1.000
                C2      C2      11c  20      1.000
                C1      C1      11c  20      1.000
  7  C1_11c_21c_A
                C6      C6      11c  21c     1.000
                C5      C5      11c  21c     1.000
                C4      C4      11c  21c     1.000
                C3      C3      11c  21c     1.000
                C2      C2      11c  21c     1.000
                C1      C1      11c  21c     1.000
  8  C1_11c_22c_A
                C6      C6      11c  22c     1.000
                C5      C5      11c  22c     1.000
                C4      C4      11c  22c     1.000
                C3      C3      11c  22c     1.000
                C2      C2      11c  22c     1.000
                C1      C1      11c  22c     1.000
  9  C1_11s_11s_A
                C6      C6      11s  11s     1.000
                C5      C5      11s  11s     1.000
                C4      C4      11s  11s     1.000
                C3      C3      11s  11s     1.000
                C2      C2      11s  11s     1.000
                C1      C1      11s  11s     1.000
 10  C1_11s_21s_A
                C6      C6      11s  21s     1.000
                C5      C5      11s  21s     1.000
                C4      C4      11s  21s     1.000
                C3      C3      11s  21s     1.000
                C2      C2      11s  21s     1.000
                C1      C1      11s  21s     1.000
 11  C1_20_20_A
                C6      C6      20   20      1.000
                C5      C5      20   20      1.000
                C4      C4      20   20      1.000
                C3      C3      20   20      1.000
                C2      C2      20   20      1.000
                C1      C1      20   20      1.000
 12  C1_20_21c_A
                C6      C6      20   21c     1.000
                C5      C5      20   21c     1.000
                C4      C4      20   21c     1.000
                C3      C3      20   21c     1.000
                C2      C2      20   21c     1.000
                C1      C1      20   21c     1.000
 13  C1_20_22c_A
                C6      C6      20   22c     1.000
                C5      C5      20   22c     1.000
                C4      C4      20   22c     1.000
                C3      C3      20   22c     1.000
                C2      C2      20   22c     1.000
                C1      C1      20   22c     1.000
 14  C1_21c_21c_A
                C6      C6      21c  21c     1.000
                C5      C5      21c  21c     1.000
                C4      C4      21c  21c     1.000
                C3      C3      21c  21c     1.000
                C2      C2      21c  21c     1.000
                C1      C1      21c  21c     1.000
 15  C1_21c_22c_A
                C6      C6      21c  22c     1.000
                C5      C5      21c  22c     1.000
                C4      C4      21c  22c     1.000
                C3      C3      21c  22c     1.000
                C2      C2      21c  22c     1.000
                C1      C1      21c  22c     1.000
 16  C1_21s_21s_A
                C6      C6      21s  21s     1.000
                C5      C5      21s  21s     1.000
                C4      C4      21s  21s     1.000
                C3      C3      21s  21s     1.000
                C2      C2      21s  21s     1.000
                C1      C1      21s  21s     1.000
 17  C1_22c_22c_A
                C6      C6      22c  22c     1.000
                C5      C5      22c  22c     1.000
                C4      C4      22c  22c     1.000
                C3      C3      22c  22c     1.000
                C2      C2      22c  22c     1.000
                C1      C1      22c  22c     1.000
 18  C1_22s_22s_A
                C6      C6      22s  22s     1.000
                C5      C5      22s  22s     1.000
                C4      C4      22s  22s     1.000
                C3      C3      22s  22s     1.000
                C2      C2      22s  22s     1.000
                C1      C1      22s  22s     1.000
 19  H1_10_10_A
                H6      H6      10   10      1.000
                H5      H5      10   10      1.000
                H4      H4      10   10      1.000
                H3      H3      10   10      1.000
                H2      H2      10   10      1.000
                H1      H1      10   10      1.000
 20  H1_11c_11c_A
                H6      H6      11c  11c     1.000
                H5      H5      11c  11c     1.000
                H4      H4      11c  11c     1.000
                H3      H3      11c  11c     1.000
                H2      H2      11c  11c     1.000
                H1      H1      11c  11c     1.000
 21  H1_11s_11s_A
                H6      H6      11s  11s     1.000
                H5      H5      11s  11s     1.000
                H4      H4      11s  11s     1.000
                H3      H3      11s  11s     1.000
                H2      H2      11s  11s     1.000
                H1      H1      11s  11s     1.000
Reading penalties


Static polarizabilities

Response values:
Maximum          0.0042357386
Minimum         -0.0021152791
Range            0.0063510178
Min. magnitude   0.0000000001

Parameter values: 
  1            1.27291035     C1_10_10_A
  2            1.64066528     C1_10_20_A
  3            0.00090757     C1_10_21c_A
  4            0.22045957     C1_10_22c_A
  5            2.01825974     C1_11c_11c_A
  6           -0.01186336     C1_11c_20_A
  7           -2.57045150     C1_11c_21c_A
  8            0.01479974     C1_11c_22c_A
  9            1.27474688     C1_11s_11s_A
 10           -0.27290379     C1_11s_21s_A
 11           12.09483501     C1_20_20_A
 12            0.09044504     C1_20_21c_A
 13           -1.79702466     C1_20_22c_A
 14           13.32075379     C1_21c_21c_A
 15            0.13645674     C1_21c_22c_A
 16           11.78766179     C1_21s_21s_A
 17            7.51347178     C1_22c_22c_A
 18           10.37267506     C1_22s_22s_A
 19            0.38653328     H1_10_10_A
 20            0.51029365     H1_11c_11c_A
 21            0.38879008     H1_11s_11s_A
Residuals               per cent of range
Maximum      0.00003909       0.616
Minimum     -0.00011796      -1.857
R.m.s.       0.00000206       0.032
Sum of squared residuals =         0.00001

Parameter                Fitted      Anchor    Difference   Penalty
C1_10_10_A               1.27291     1.28048    -0.00756    2.20101E-10
C1_10_20_A               1.64067    -0.79815     2.43881    0.00000E+00
C1_10_21c_A              0.00091    -0.00008     0.00099    0.00000E+00
C1_10_22c_A              0.22046     3.73578    -3.51532    0.00000E+00
C1_11c_11c_A             2.01826     2.08147    -0.06321    1.53670E-08
C1_11c_20_A             -0.01186    -0.00008    -0.01179    0.00000E+00
C1_11c_21c_A            -2.57045    -4.91057     2.34011    0.00000E+00
C1_11c_22c_A             0.01480    -0.00003     0.01483    0.00000E+00
C1_11s_11s_A             1.27475     1.13884     0.13590    7.10382E-08
C1_11s_21s_A            -0.27290    -0.86568     0.59278    0.00000E+00
C1_20_20_A              12.09484    36.12821   -24.03337    0.00000E+00
C1_20_21c_A              0.09045     0.00127     0.08918    0.00000E+00
C1_20_22c_A             -1.79702   -15.65820    13.86117    0.00000E+00
C1_21c_21c_A            13.32075    43.28983   -29.96907    0.00000E+00
C1_21c_22c_A             0.13646    -0.00050     0.13696    0.00000E+00
C1_21s_21s_A            11.78766    12.17673    -0.38907    0.00000E+00
C1_22c_22c_A             7.51347     2.97099     4.54248    0.00000E+00
C1_22s_22s_A            10.37268    11.61881    -1.24613    0.00000E+00
H1_10_10_A               0.38653     0.26200     0.12454    5.96517E-08
H1_11c_11c_A             0.51029     0.56238    -0.05208    1.04330E-08
H1_11s_11s_A             0.38879     0.52627    -0.13748    7.26970E-08

Sum of penalties =     2.29407E-07
WARNING: string truncated

Total molecular polarizability
      00          z           x           y           20          21c         21s         22c         22s
     0.00000     0.00000     0.00000     0.00000     0.00000     0.00000     0.00000     0.00000     0.00000
     0.00000     9.98122     0.00000     0.00000     0.00000     0.00000     0.00000     0.00000     0.00000
     0.00000     0.00000    12.56399     0.00000     0.00000     0.00000     0.00000     0.00000     0.00000
     0.00000     0.00000     0.00000    12.56399     0.00000     0.00000     0.00000     0.00000     0.00000
     0.00000     0.00000     0.00000     0.00000   179.62138     0.00000     0.00000     0.00000     0.00000
     0.00000     0.00000     0.00000     0.00000     0.00000   216.88288     0.00000     0.00000     0.00000
     0.00000     0.00000     0.00000     0.00000     0.00000     0.00000   216.88288     0.00000     0.00000
     0.00000     0.00000     0.00000     0.00000     0.00000     0.00000     0.00000   429.18138     0.00000
     0.00000     0.00000     0.00000     0.00000     0.00000     0.00000     0.00000     0.00000   429.18138
Mean polarizability       =  11.70307
Polarizability anisotropy =   2.58277
Finished
