WARNING: string truncated
Batch  1:  2000 points

Sites
C1            2.646232    0.000000    0.000000
*** Warning: type C was not defined

C2            1.323116    2.291705    0.000000
C3           -1.323116    2.291705    0.000000
C4           -2.646232    0.000000    0.000000
C5           -1.323116   -2.291705    0.000000
C6            1.323116   -2.291705    0.000000
H1            4.708300    0.000000    0.000000
*** Warning: type H was not defined

H2            2.354150    4.077507    0.000000
H3           -2.354150    4.077507    0.000000
H4           -4.708300    0.000000    0.000000
H5           -2.354150   -4.077507    0.000000
H6            2.354150   -4.077507    0.000000

Polarizability parameters
                  Sites       Components  Coefficient
  1  C1_10_10_A
                C6      C6      10   10      1.000
                C5      C5      10   10      1.000
                C4      C4      10   10      1.000
                C3      C3      10   10      1.000
                C2      C2      10   10      1.000
                C1      C1      10   10      1.000
  2  C1_10_20_A
                C6      C6      10   20      1.000
                C5      C5      10   20      1.000
                C4      C4      10   20      1.000
                C3      C3      10   20      1.000
                C2      C2      10   20      1.000
                C1      C1      10   20      1.000
  3  C1_10_21c_A
                C6      C6      10   21c     1.000
                C5      C5      10   21c     1.000
                C4      C4      10   21c     1.000
                C3      C3      10   21c     1.000
                C2      C2      10   21c     1.000
                C1      C1      10   21c     1.000
  4  C1_10_22c_A
                C6      C6      10   22c     1.000
                C5      C5      10   22c     1.000
                C4      C4      10   22c     1.000
                C3      C3      10   22c     1.000
                C2      C2      10   22c     1.000
                C1      C1      10   22c     1.000
  5  C1_11c_11c_A
                C6      C6      11c  11c     1.000
                C5      C5      11c  11c     1.000
                C4      C4      11c  11c     1.000
                C3      C3      11c  11c     1.000
                C2      C2      11c  11c     1.000
                C1      C1      11c  11c     1.000
  6  C1_11c_20_A
                C6      C6      11c  20      1.000
                C5      C5      11c  20      1.000
                C4      C4      11c  20      1.000
                C3      C3      11c  20      1.000
                C2      C2      11c  20      1.000
                C1      C1      11c  20      1.000
  7  C1_11c_21c_A
                C6      C6      11c  21c     1.000
                C5      C5      11c  21c     1.000
                C4      C4      11c  21c     1.000
                C3      C3      11c  21c     1.000
                C2      C2      11c  21c     1.000
                C1      C1      11c  21c     1.000
  8  C1_11c_22c_A
                C6      C6      11c  22c     1.000
                C5      C5      11c  22c     1.000
                C4      C4      11c  22c     1.000
                C3      C3      11c  22c     1.000
                C2      C2      11c  22c     1.000
                C1      C1      11c  22c     1.000
  9  C1_11s_11s_A
                C6      C6      11s  11s     1.000
                C5      C5      11s  11s     1.000
                C4      C4      11s  11s     1.000
                C3      C3      11s  11s     1.000
                C2      C2      11s  11s     1.000
                C1      C1      11s  11s     1.000
 10  C1_11s_21s_A
                C6      C6      11s  21s     1.000
                C5      C5      11s  21s     1.000
                C4      C4      11s  21s     1.000
                C3      C3      11s  21s     1.000
                C2      C2      11s  21s     1.000
                C1      C1      11s  21s     1.000
 11  C1_20_20_A
                C6      C6      20   20      1.000
                C5      C5      20   20      1.000
                C4      C4      20   20      1.000
                C3      C3      20   20      1.000
                C2      C2      20   20      1.000
                C1      C1      20   20      1.000
 12  C1_20_21c_A
                C6      C6      20   21c     1.000
                C5      C5      20   21c     1.000
                C4      C4      20   21c     1.000
                C3      C3      20   21c     1.000
                C2      C2      20   21c     1.000
                C1      C1      20   21c     1.000
 13  C1_20_22c_A
                C6      C6      20   22c     1.000
                C5      C5      20   22c     1.000
                C4      C4      20   22c     1.000
                C3      C3      20   22c     1.000
                C2      C2      20   22c     1.000
                C1      C1      20   22c     1.000
 14  C1_21c_21c_A
                C6      C6      21c  21c     1.000
                C5      C5      21c  21c     1.000
                C4      C4      21c  21c     1.000
                C3      C3      21c  21c     1.000
                C2      C2      21c  21c     1.000
                C1      C1      21c  21c     1.000
 15  C1_21c_22c_A
                C6      C6      21c  22c     1.000
                C5      C5      21c  22c     1.000
                C4      C4      21c  22c     1.000
                C3      C3      21c  22c     1.000
                C2      C2      21c  22c     1.000
                C1      C1      21c  22c     1.000
 16  C1_21s_21s_A
                C6      C6      21s  21s     1.000
                C5      C5      21s  21s     1.000
                C4      C4      21s  21s     1.000
                C3      C3      21s  21s     1.000
                C2      C2      21s  21s     1.000
                C1      C1      21s  21s     1.000
 17  C1_22c_22c_A
                C6      C6      22c  22c     1.000
                C5      C5      22c  22c     1.000
                C4      C4      22c  22c     1.000
                C3      C3      22c  22c     1.000
                C2      C2      22c  22c     1.000
                C1      C1      22c  22c     1.000
 18  C1_22s_22s_A
                C6      C6      22s  22s     1.000
                C5      C5      22s  22s     1.000
                C4      C4      22s  22s     1.000
                C3      C3      22s  22s     1.000
                C2      C2      22s  22s     1.000
                C1      C1      22s  22s     1.000
 19  H1_10_10_A
                H6      H6      10   10      1.000
                H5      H5      10   10      1.000
                H4      H4      10   10      1.000
                H3      H3      10   10      1.000
                H2      H2      10   10      1.000
                H1      H1      10   10      1.000
 20  H1_11c_11c_A
                H6      H6      11c  11c     1.000
                H5      H5      11c  11c     1.000
                H4      H4      11c  11c     1.000
                H3      H3      11c  11c     1.000
                H2      H2      11c  11c     1.000
                H1      H1      11c  11c     1.000
 21  H1_11s_11s_A
                H6      H6      11s  11s     1.000
                H5      H5      11s  11s     1.000
                H4      H4      11s  11s     1.000
                H3      H3      11s  11s     1.000
                H2      H2      11s  11s     1.000
                H1      H1      11s  11s     1.000
Reading penalties


Static polarizabilities

Response values:
Maximum          0.0014500656
Minimum         -0.0007615307
Range            0.0022115963
Min. magnitude   0.0000000000

Parameter values: 
  1            0.39733933     C1_10_10_A
  2            0.30171746     C1_10_20_A
  3            0.00101471     C1_10_21c_A
  4            0.11052826     C1_10_22c_A
  5            0.59986370     C1_11c_11c_A
  6           -0.00415482     C1_11c_20_A
  7           -0.62514309     C1_11c_21c_A
  8            0.00506145     C1_11c_22c_A
  9            0.44957200     C1_11s_11s_A
 10           -0.09660368     C1_11s_21s_A
 11            4.23329205     C1_20_20_A
 12            0.02493327     C1_20_21c_A
 13           -0.54335554     C1_20_22c_A
 14            4.46582783     C1_21c_21c_A
 15            0.03133637     C1_21c_22c_A
 16            4.02510650     C1_21s_21s_A
 17            2.93514687     C1_22c_22c_A
 18            2.91437827     C1_22s_22s_A
 19            0.11476435     H1_10_10_A
 20            0.15426673     H1_11c_11c_A
 21            0.12288359     H1_11s_11s_A
Residuals               per cent of range
Maximum      0.00001222       0.553
Minimum     -0.00003701      -1.673
R.m.s.       0.00000064       0.029
Sum of squared residuals =         0.00000

Parameter                Fitted      Anchor    Difference   Penalty
C1_10_10_A               0.39734     0.38308     0.01425    2.58500E-10
C1_10_20_A               0.30172    -0.26252     0.56424    0.00000E+00
C1_10_21c_A              0.00101    -0.00003     0.00104    0.00000E+00
C1_10_22c_A              0.11053     1.19867    -1.08814    0.00000E+00
C1_11c_11c_A             0.59986     0.64248    -0.04262    2.31043E-09
C1_11c_20_A             -0.00415    -0.00002    -0.00413    0.00000E+00
C1_11c_21c_A            -0.62514    -1.63651     1.01136    0.00000E+00
C1_11c_22c_A             0.00506    -0.00001     0.00507    0.00000E+00
C1_11s_11s_A             0.44957     0.40589     0.04368    2.42755E-09
C1_11s_21s_A            -0.09660    -0.34568     0.24907    0.00000E+00
C1_20_20_A               4.23329    10.56641    -6.33312    0.00000E+00
C1_20_21c_A              0.02493     0.00041     0.02453    0.00000E+00
C1_20_22c_A             -0.54336    -5.60718     5.06383    0.00000E+00
C1_21c_21c_A             4.46583    14.78440   -10.31858    0.00000E+00
C1_21c_22c_A             0.03134    -0.00014     0.03147    0.00000E+00
C1_21s_21s_A             4.02511     4.34526    -0.32016    0.00000E+00
C1_22c_22c_A             2.93515     2.44303     0.49212    0.00000E+00
C1_22s_22s_A             2.91438     3.95684    -1.04247    0.00000E+00
H1_10_10_A               0.11476     0.06270     0.05207    3.44887E-09
H1_11c_11c_A             0.15427     0.17714    -0.02288    6.65797E-10
H1_11s_11s_A             0.12288     0.16705    -0.04416    2.48143E-09

Sum of penalties =     1.15926E-08
WARNING: string truncated

Total molecular polarizability
      00          z           x           y           20          21c         21s         22c         22s
     0.00000     0.00000     0.00000     0.00000     0.00000     0.00000     0.00000     0.00000     0.00000
     0.00000     3.43473     0.00000     0.00000     0.00000     0.00000     0.00000     0.00000     0.00000
     0.00000     0.00000     3.79870     0.00000     0.00000     0.00000     0.00000     0.00000     0.00000
     0.00000     0.00000     0.00000     3.79870     0.00000     0.00000     0.00000     0.00000     0.00000
     0.00000     0.00000     0.00000     0.00000    56.52376     0.00000     0.00000     0.00000     0.00000
     0.00000     0.00000     0.00000     0.00000     0.00000    71.01199     0.00000     0.00000     0.00000
     0.00000     0.00000     0.00000     0.00000     0.00000     0.00000    71.01199     0.00000     0.00000
     0.00000     0.00000     0.00000     0.00000     0.00000     0.00000     0.00000   131.53143     0.00000
     0.00000     0.00000     0.00000     0.00000     0.00000     0.00000     0.00000     0.00000   131.53143
Mean polarizability       =   3.67738
Polarizability anisotropy =   0.36397
Finished
