WARNING: string truncated
Batch  1:  2000 points

Sites
C1            2.646232    0.000000    0.000000
*** Warning: type C was not defined

C2            1.323116    2.291705    0.000000
C3           -1.323116    2.291705    0.000000
C4           -2.646232    0.000000    0.000000
C5           -1.323116   -2.291705    0.000000
C6            1.323116   -2.291705    0.000000
H1            4.708300    0.000000    0.000000
*** Warning: type H was not defined

H2            2.354150    4.077507    0.000000
H3           -2.354150    4.077507    0.000000
H4           -4.708300    0.000000    0.000000
H5           -2.354150   -4.077507    0.000000
H6            2.354150   -4.077507    0.000000

Polarizability parameters
                  Sites       Components  Coefficient
  1  C1_10_10_A
                C6      C6      10   10      1.000
                C5      C5      10   10      1.000
                C4      C4      10   10      1.000
                C3      C3      10   10      1.000
                C2      C2      10   10      1.000
                C1      C1      10   10      1.000
  2  C1_10_20_A
                C6      C6      10   20      1.000
                C5      C5      10   20      1.000
                C4      C4      10   20      1.000
                C3      C3      10   20      1.000
                C2      C2      10   20      1.000
                C1      C1      10   20      1.000
  3  C1_10_21c_A
                C6      C6      10   21c     1.000
                C5      C5      10   21c     1.000
                C4      C4      10   21c     1.000
                C3      C3      10   21c     1.000
                C2      C2      10   21c     1.000
                C1      C1      10   21c     1.000
  4  C1_10_22c_A
                C6      C6      10   22c     1.000
                C5      C5      10   22c     1.000
                C4      C4      10   22c     1.000
                C3      C3      10   22c     1.000
                C2      C2      10   22c     1.000
                C1      C1      10   22c     1.000
  5  C1_11c_11c_A
                C6      C6      11c  11c     1.000
                C5      C5      11c  11c     1.000
                C4      C4      11c  11c     1.000
                C3      C3      11c  11c     1.000
                C2      C2      11c  11c     1.000
                C1      C1      11c  11c     1.000
  6  C1_11c_20_A
                C6      C6      11c  20      1.000
                C5      C5      11c  20      1.000
                C4      C4      11c  20      1.000
                C3      C3      11c  20      1.000
                C2      C2      11c  20      1.000
                C1      C1      11c  20      1.000
  7  C1_11c_21c_A
                C6      C6      11c  21c     1.000
                C5      C5      11c  21c     1.000
                C4      C4      11c  21c     1.000
                C3      C3      11c  21c     1.000
                C2      C2      11c  21c     1.000
                C1      C1      11c  21c     1.000
  8  C1_11c_22c_A
                C6      C6      11c  22c     1.000
                C5      C5      11c  22c     1.000
                C4      C4      11c  22c     1.000
                C3      C3      11c  22c     1.000
                C2      C2      11c  22c     1.000
                C1      C1      11c  22c     1.000
  9  C1_11s_11s_A
                C6      C6      11s  11s     1.000
                C5      C5      11s  11s     1.000
                C4      C4      11s  11s     1.000
                C3      C3      11s  11s     1.000
                C2      C2      11s  11s     1.000
                C1      C1      11s  11s     1.000
 10  C1_11s_21s_A
                C6      C6      11s  21s     1.000
                C5      C5      11s  21s     1.000
                C4      C4      11s  21s     1.000
                C3      C3      11s  21s     1.000
                C2      C2      11s  21s     1.000
                C1      C1      11s  21s     1.000
 11  C1_20_20_A
                C6      C6      20   20      1.000
                C5      C5      20   20      1.000
                C4      C4      20   20      1.000
                C3      C3      20   20      1.000
                C2      C2      20   20      1.000
                C1      C1      20   20      1.000
 12  C1_20_21c_A
                C6      C6      20   21c     1.000
                C5      C5      20   21c     1.000
                C4      C4      20   21c     1.000
                C3      C3      20   21c     1.000
                C2      C2      20   21c     1.000
                C1      C1      20   21c     1.000
 13  C1_20_22c_A
                C6      C6      20   22c     1.000
                C5      C5      20   22c     1.000
                C4      C4      20   22c     1.000
                C3      C3      20   22c     1.000
                C2      C2      20   22c     1.000
                C1      C1      20   22c     1.000
 14  C1_21c_21c_A
                C6      C6      21c  21c     1.000
                C5      C5      21c  21c     1.000
                C4      C4      21c  21c     1.000
                C3      C3      21c  21c     1.000
                C2      C2      21c  21c     1.000
                C1      C1      21c  21c     1.000
 15  C1_21c_22c_A
                C6      C6      21c  22c     1.000
                C5      C5      21c  22c     1.000
                C4      C4      21c  22c     1.000
                C3      C3      21c  22c     1.000
                C2      C2      21c  22c     1.000
                C1      C1      21c  22c     1.000
 16  C1_21s_21s_A
                C6      C6      21s  21s     1.000
                C5      C5      21s  21s     1.000
                C4      C4      21s  21s     1.000
                C3      C3      21s  21s     1.000
                C2      C2      21s  21s     1.000
                C1      C1      21s  21s     1.000
 17  C1_22c_22c_A
                C6      C6      22c  22c     1.000
                C5      C5      22c  22c     1.000
                C4      C4      22c  22c     1.000
                C3      C3      22c  22c     1.000
                C2      C2      22c  22c     1.000
                C1      C1      22c  22c     1.000
 18  C1_22s_22s_A
                C6      C6      22s  22s     1.000
                C5      C5      22s  22s     1.000
                C4      C4      22s  22s     1.000
                C3      C3      22s  22s     1.000
                C2      C2      22s  22s     1.000
                C1      C1      22s  22s     1.000
 19  H1_10_10_A
                H6      H6      10   10      1.000
                H5      H5      10   10      1.000
                H4      H4      10   10      1.000
                H3      H3      10   10      1.000
                H2      H2      10   10      1.000
                H1      H1      10   10      1.000
 20  H1_11c_11c_A
                H6      H6      11c  11c     1.000
                H5      H5      11c  11c     1.000
                H4      H4      11c  11c     1.000
                H3      H3      11c  11c     1.000
                H2      H2      11c  11c     1.000
                H1      H1      11c  11c     1.000
 21  H1_11s_11s_A
                H6      H6      11s  11s     1.000
                H5      H5      11s  11s     1.000
                H4      H4      11s  11s     1.000
                H3      H3      11s  11s     1.000
                H2      H2      11s  11s     1.000
                H1      H1      11s  11s     1.000
Reading penalties


Static polarizabilities

Response values:
Maximum          0.0223829394
Minimum         -0.0118788702
Range            0.0342618096
Min. magnitude   0.0000000048

Parameter values: 
  1            9.29927746     C1_10_10_A
  2           10.67877919     C1_10_20_A
  3            0.11157807     C1_10_21c_A
  4           -4.98437674     C1_10_22c_A
  5           12.85806925     C1_11c_11c_A
  6           -0.12477318     C1_11c_20_A
  7          -31.09841858     C1_11c_21c_A
  8            0.19568201     C1_11c_22c_A
  9            6.17296375     C1_11s_11s_A
 10            1.06632542     C1_11s_21s_A
 11           54.93903948     C1_20_20_A
 12            0.64636598     C1_20_21c_A
 13           -8.09430877     C1_20_22c_A
 14           84.09553022     C1_21c_21c_A
 15            1.39027604     C1_21c_22c_A
 16           68.20373496     C1_21s_21s_A
 17            9.64907320     C1_22c_22c_A
 18           82.96936979     C1_22s_22s_A
 19            2.08531058     H1_10_10_A
 20            2.63702813     H1_11c_11c_A
 21            1.00969969     H1_11s_11s_A
Residuals               per cent of range
Maximum      0.00062114       1.813
Minimum     -0.00054663      -1.595
R.m.s.       0.00001421       0.041
Sum of squared residuals =         0.00040

Parameter                Fitted      Anchor    Difference   Penalty
C1_10_10_A               9.29928     9.08692     0.21236    4.50931E-07
C1_10_20_A              10.67878    -5.63167    16.31045    0.00000E+00
C1_10_21c_A              0.11158    -0.00043     0.11200    0.00000E+00
C1_10_22c_A             -4.98438    12.83521   -17.81958    0.00000E+00
C1_11c_11c_A            12.85807    12.88378    -0.02571    6.61014E-09
C1_11c_20_A             -0.12477    -0.00036    -0.12442    0.00000E+00
C1_11c_21c_A           -31.09842   -29.24527    -1.85315    0.00000E+00
C1_11c_22c_A             0.19568    -0.00012     0.19580    0.00000E+00
C1_11s_11s_A             6.17296     5.21566     0.95730    9.16389E-06
C1_11s_21s_A             1.06633    -0.66608     1.73241    0.00000E+00
C1_20_20_A              54.93904   195.42562  -140.48658    0.00000E+00
C1_20_21c_A              0.64637     0.00614     0.64022    0.00000E+00
C1_20_22c_A             -8.09431   -44.45128    36.35698    0.00000E+00
C1_21c_21c_A            84.09553   151.59201   -67.49648    0.00000E+00
C1_21c_22c_A             1.39028    -0.00228     1.39256    0.00000E+00
C1_21s_21s_A            68.20373    52.27294    15.93079    0.00000E+00
C1_22c_22c_A             9.64907   -50.83076    60.47984    0.00000E+00
C1_22s_22s_A            82.96937    72.07337    10.89600    0.00000E+00
H1_10_10_A               2.08531     2.03097     0.05434    2.95325E-08
H1_11c_11c_A             2.63703     2.90096    -0.26393    6.96561E-07
H1_11s_11s_A             1.00970     1.98305    -0.97335    9.47377E-06

Sum of penalties =     1.98213E-05
WARNING: string truncated

Total molecular polarizability
      00          z           x           y           20          21c         21s         22c         22s
     0.00000     0.00000     0.00000     0.00000     0.00000     0.00000     0.00000     0.00000     0.00000
     0.00000    43.09598     0.00000     0.00000     0.00000     0.00000     0.00000     0.00000     0.00000
     0.00000     0.00000    80.63906     0.00000     0.00000     0.00000     0.00000     0.00000     0.00000
     0.00000     0.00000     0.00000    80.63906     0.00000     0.00000     0.00000     0.00000     0.00000
     0.00000     0.00000     0.00000     0.00000   784.32446     0.00000     0.00000     0.00000     0.00000
     0.00000     0.00000     0.00000     0.00000     0.00000  1073.32989     0.00000     0.00000     0.00000
     0.00000     0.00000     0.00000     0.00000     0.00000     0.00000  1073.32989     0.00000     0.00000
     0.00000     0.00000     0.00000     0.00000     0.00000     0.00000     0.00000  2210.39574     0.00000
     0.00000     0.00000     0.00000     0.00000     0.00000     0.00000     0.00000     0.00000  2210.39574
Mean polarizability       =  68.12470
Polarizability anisotropy =  37.54308
Finished
